[1.317s] Invoking command in '/home/will/metr4202_ws/src/waypoint_commander': PYTHONPATH=/home/will/metr4202_ws/src/build/waypoint_commander/prefix_override:/usr/lib/python3/dist-packages/colcon_core/task/python/colcon_distutils_commands:/home/will/metr4202_ws/src/install/waypoint_commander/lib/python3.10/site-packages:${PYTHONPATH} /usr/bin/python3 -W ignore:setup.py install is deprecated -W ignore:easy_install command is deprecated setup.py egg_info --egg-base ../build/waypoint_commander build --build-base /home/will/metr4202_ws/src/build/waypoint_commander/build install --record /home/will/metr4202_ws/src/build/waypoint_commander/install.log --single-version-externally-managed install_data
[1.504s] running egg_info
[1.505s] writing ../build/waypoint_commander/waypoint_commander.egg-info/PKG-INFO
[1.506s] writing dependency_links to ../build/waypoint_commander/waypoint_commander.egg-info/dependency_links.txt
[1.506s] writing entry points to ../build/waypoint_commander/waypoint_commander.egg-info/entry_points.txt
[1.506s] writing requirements to ../build/waypoint_commander/waypoint_commander.egg-info/requires.txt
[1.506s] writing top-level names to ../build/waypoint_commander/waypoint_commander.egg-info/top_level.txt
[1.508s] reading manifest file '../build/waypoint_commander/waypoint_commander.egg-info/SOURCES.txt'
[1.508s] writing manifest file '../build/waypoint_commander/waypoint_commander.egg-info/SOURCES.txt'
[1.509s] running build
[1.509s] running build_py
[1.509s] running install
[1.510s] running install_lib
[1.511s] running install_data
[1.512s] running install_egg_info
[1.513s] removing '/home/will/metr4202_ws/src/install/waypoint_commander/lib/python3.10/site-packages/waypoint_commander-0.0.0-py3.10.egg-info' (and everything under it)
[1.514s] Copying ../build/waypoint_commander/waypoint_commander.egg-info to /home/will/metr4202_ws/src/install/waypoint_commander/lib/python3.10/site-packages/waypoint_commander-0.0.0-py3.10.egg-info
[1.515s] running install_scripts
[1.535s] Installing waypoint_cycler script to /home/will/metr4202_ws/src/install/waypoint_commander/lib/waypoint_commander
[1.536s] writing list of installed files to '/home/will/metr4202_ws/src/build/waypoint_commander/install.log'
[1.561s] Invoked command in '/home/will/metr4202_ws/src/waypoint_commander' returned '0': PYTHONPATH=/home/will/metr4202_ws/src/build/waypoint_commander/prefix_override:/usr/lib/python3/dist-packages/colcon_core/task/python/colcon_distutils_commands:/home/will/metr4202_ws/src/install/waypoint_commander/lib/python3.10/site-packages:${PYTHONPATH} /usr/bin/python3 -W ignore:setup.py install is deprecated -W ignore:easy_install command is deprecated setup.py egg_info --egg-base ../build/waypoint_commander build --build-base /home/will/metr4202_ws/src/build/waypoint_commander/build install --record /home/will/metr4202_ws/src/build/waypoint_commander/install.log --single-version-externally-managed install_data
