[1.232s] Invoking command in '/home/will/metr4202_ws/src/turtlebot3/turtlebot3_teleop': PYTHONPATH=/home/will/metr4202_ws/src/build/turtlebot3_teleop/prefix_override:/usr/lib/python3/dist-packages/colcon_core/task/python/colcon_distutils_commands:/home/will/metr4202_ws/src/install/turtlebot3_teleop/lib/python3.10/site-packages:${PYTHONPATH} /usr/bin/python3 -W ignore:setup.py install is deprecated -W ignore:easy_install command is deprecated setup.py egg_info --egg-base ../../build/turtlebot3_teleop build --build-base /home/will/metr4202_ws/src/build/turtlebot3_teleop/build install --record /home/will/metr4202_ws/src/build/turtlebot3_teleop/install.log --single-version-externally-managed install_data
[1.541s] running egg_info
[1.542s] creating ../../build/turtlebot3_teleop/turtlebot3_teleop.egg-info
[1.543s] writing ../../build/turtlebot3_teleop/turtlebot3_teleop.egg-info/PKG-INFO
[1.543s] writing dependency_links to ../../build/turtlebot3_teleop/turtlebot3_teleop.egg-info/dependency_links.txt
[1.544s] writing entry points to ../../build/turtlebot3_teleop/turtlebot3_teleop.egg-info/entry_points.txt
[1.544s] writing requirements to ../../build/turtlebot3_teleop/turtlebot3_teleop.egg-info/requires.txt
[1.544s] writing top-level names to ../../build/turtlebot3_teleop/turtlebot3_teleop.egg-info/top_level.txt
[1.544s] writing manifest file '../../build/turtlebot3_teleop/turtlebot3_teleop.egg-info/SOURCES.txt'
[1.548s] reading manifest file '../../build/turtlebot3_teleop/turtlebot3_teleop.egg-info/SOURCES.txt'
[1.548s] writing manifest file '../../build/turtlebot3_teleop/turtlebot3_teleop.egg-info/SOURCES.txt'
[1.548s] running build
[1.549s] running build_py
[1.549s] creating /home/will/metr4202_ws/src/build/turtlebot3_teleop/build
[1.549s] creating /home/will/metr4202_ws/src/build/turtlebot3_teleop/build/lib
[1.549s] creating /home/will/metr4202_ws/src/build/turtlebot3_teleop/build/lib/turtlebot3_teleop
[1.556s] copying turtlebot3_teleop/__init__.py -> /home/will/metr4202_ws/src/build/turtlebot3_teleop/build/lib/turtlebot3_teleop
[1.556s] creating /home/will/metr4202_ws/src/build/turtlebot3_teleop/build/lib/turtlebot3_teleop/script
[1.556s] copying turtlebot3_teleop/script/__init__.py -> /home/will/metr4202_ws/src/build/turtlebot3_teleop/build/lib/turtlebot3_teleop/script
[1.556s] copying turtlebot3_teleop/script/teleop_keyboard.py -> /home/will/metr4202_ws/src/build/turtlebot3_teleop/build/lib/turtlebot3_teleop/script
[1.556s] running install
[1.556s] running install_lib
[1.556s] creating /home/will/metr4202_ws/src/install/turtlebot3_teleop/lib/python3.10/site-packages/turtlebot3_teleop
[1.556s] creating /home/will/metr4202_ws/src/install/turtlebot3_teleop/lib/python3.10/site-packages/turtlebot3_teleop/script
[1.557s] copying /home/will/metr4202_ws/src/build/turtlebot3_teleop/build/lib/turtlebot3_teleop/script/__init__.py -> /home/will/metr4202_ws/src/install/turtlebot3_teleop/lib/python3.10/site-packages/turtlebot3_teleop/script
[1.557s] copying /home/will/metr4202_ws/src/build/turtlebot3_teleop/build/lib/turtlebot3_teleop/script/teleop_keyboard.py -> /home/will/metr4202_ws/src/install/turtlebot3_teleop/lib/python3.10/site-packages/turtlebot3_teleop/script
[1.557s] copying /home/will/metr4202_ws/src/build/turtlebot3_teleop/build/lib/turtlebot3_teleop/__init__.py -> /home/will/metr4202_ws/src/install/turtlebot3_teleop/lib/python3.10/site-packages/turtlebot3_teleop
[1.557s] byte-compiling /home/will/metr4202_ws/src/install/turtlebot3_teleop/lib/python3.10/site-packages/turtlebot3_teleop/script/__init__.py to __init__.cpython-310.pyc
[1.557s] byte-compiling /home/will/metr4202_ws/src/install/turtlebot3_teleop/lib/python3.10/site-packages/turtlebot3_teleop/script/teleop_keyboard.py to teleop_keyboard.cpython-310.pyc
[1.557s] byte-compiling /home/will/metr4202_ws/src/install/turtlebot3_teleop/lib/python3.10/site-packages/turtlebot3_teleop/__init__.py to __init__.cpython-310.pyc
[1.557s] running install_data
[1.558s] creating /home/will/metr4202_ws/src/install/turtlebot3_teleop/share/ament_index
[1.558s] creating /home/will/metr4202_ws/src/install/turtlebot3_teleop/share/ament_index/resource_index
[1.558s] creating /home/will/metr4202_ws/src/install/turtlebot3_teleop/share/ament_index/resource_index/packages
[1.559s] copying resource/turtlebot3_teleop -> /home/will/metr4202_ws/src/install/turtlebot3_teleop/share/ament_index/resource_index/packages
[1.559s] copying package.xml -> /home/will/metr4202_ws/src/install/turtlebot3_teleop/share/turtlebot3_teleop
[1.559s] running install_egg_info
[1.562s] Copying ../../build/turtlebot3_teleop/turtlebot3_teleop.egg-info to /home/will/metr4202_ws/src/install/turtlebot3_teleop/lib/python3.10/site-packages/turtlebot3_teleop-2.3.3-py3.10.egg-info
[1.562s] running install_scripts
[1.591s] Installing teleop_keyboard script to /home/will/metr4202_ws/src/install/turtlebot3_teleop/lib/turtlebot3_teleop
[1.592s] writing list of installed files to '/home/will/metr4202_ws/src/build/turtlebot3_teleop/install.log'
[1.628s] Invoked command in '/home/will/metr4202_ws/src/turtlebot3/turtlebot3_teleop' returned '0': PYTHONPATH=/home/will/metr4202_ws/src/build/turtlebot3_teleop/prefix_override:/usr/lib/python3/dist-packages/colcon_core/task/python/colcon_distutils_commands:/home/will/metr4202_ws/src/install/turtlebot3_teleop/lib/python3.10/site-packages:${PYTHONPATH} /usr/bin/python3 -W ignore:setup.py install is deprecated -W ignore:easy_install command is deprecated setup.py egg_info --egg-base ../../build/turtlebot3_teleop build --build-base /home/will/metr4202_ws/src/build/turtlebot3_teleop/build install --record /home/will/metr4202_ws/src/build/turtlebot3_teleop/install.log --single-version-externally-managed install_data
