running egg_info
writing ../build/aruco_detector_team21/aruco_detector_team21.egg-info/PKG-INFO
writing dependency_links to ../build/aruco_detector_team21/aruco_detector_team21.egg-info/dependency_links.txt
writing entry points to ../build/aruco_detector_team21/aruco_detector_team21.egg-info/entry_points.txt
writing requirements to ../build/aruco_detector_team21/aruco_detector_team21.egg-info/requires.txt
writing top-level names to ../build/aruco_detector_team21/aruco_detector_team21.egg-info/top_level.txt
reading manifest file '../build/aruco_detector_team21/aruco_detector_team21.egg-info/SOURCES.txt'
writing manifest file '../build/aruco_detector_team21/aruco_detector_team21.egg-info/SOURCES.txt'
running build
running build_py
copying aruco_detector_team21/aruco_detector_team21.py -> /home/will/metr4202_ws/src/Metr4202-Team21/build/aruco_detector_team21/build/lib/aruco_detector_team21
running install
running install_lib
copying /home/will/metr4202_ws/src/Metr4202-Team21/build/aruco_detector_team21/build/lib/aruco_detector_team21/aruco_detector_team21.py -> /home/will/metr4202_ws/src/Metr4202-Team21/install/aruco_detector_team21/lib/python3.10/site-packages/aruco_detector_team21
byte-compiling /home/will/metr4202_ws/src/Metr4202-Team21/install/aruco_detector_team21/lib/python3.10/site-packages/aruco_detector_team21/aruco_detector_team21.py to aruco_detector_team21.cpython-310.pyc
running install_data
running install_egg_info
removing '/home/will/metr4202_ws/src/Metr4202-Team21/install/aruco_detector_team21/lib/python3.10/site-packages/aruco_detector_team21-0.0.0-py3.10.egg-info' (and everything under it)
Copying ../build/aruco_detector_team21/aruco_detector_team21.egg-info to /home/will/metr4202_ws/src/Metr4202-Team21/install/aruco_detector_team21/lib/python3.10/site-packages/aruco_detector_team21-0.0.0-py3.10.egg-info
running install_scripts
Installing aruco_detector_team21 script to /home/will/metr4202_ws/src/Metr4202-Team21/install/aruco_detector_team21/lib/aruco_detector_team21
writing list of installed files to '/home/will/metr4202_ws/src/Metr4202-Team21/build/aruco_detector_team21/install.log'
