[1.212s] Invoking command in '/home/will/metr4202_ws/src/m4202_py_pkg': PYTHONPATH=/home/will/metr4202_ws/src/build/m4202_py_pkg/prefix_override:/usr/lib/python3/dist-packages/colcon_core/task/python/colcon_distutils_commands:/home/will/metr4202_ws/src/install/m4202_py_pkg/lib/python3.10/site-packages:${PYTHONPATH} /usr/bin/python3 -W ignore:setup.py install is deprecated -W ignore:easy_install command is deprecated setup.py egg_info --egg-base ../build/m4202_py_pkg build --build-base /home/will/metr4202_ws/src/build/m4202_py_pkg/build install --record /home/will/metr4202_ws/src/build/m4202_py_pkg/install.log --single-version-externally-managed install_data
[1.510s] running egg_info
[1.510s] creating ../build/m4202_py_pkg/m4202_py_pkg.egg-info
[1.511s] writing ../build/m4202_py_pkg/m4202_py_pkg.egg-info/PKG-INFO
[1.511s] writing dependency_links to ../build/m4202_py_pkg/m4202_py_pkg.egg-info/dependency_links.txt
[1.511s] writing entry points to ../build/m4202_py_pkg/m4202_py_pkg.egg-info/entry_points.txt
[1.511s] writing requirements to ../build/m4202_py_pkg/m4202_py_pkg.egg-info/requires.txt
[1.512s] writing top-level names to ../build/m4202_py_pkg/m4202_py_pkg.egg-info/top_level.txt
[1.512s] writing manifest file '../build/m4202_py_pkg/m4202_py_pkg.egg-info/SOURCES.txt'
[1.514s] reading manifest file '../build/m4202_py_pkg/m4202_py_pkg.egg-info/SOURCES.txt'
[1.514s] writing manifest file '../build/m4202_py_pkg/m4202_py_pkg.egg-info/SOURCES.txt'
[1.514s] running build
[1.515s] running build_py
[1.515s] creating /home/will/metr4202_ws/src/build/m4202_py_pkg/build
[1.515s] creating /home/will/metr4202_ws/src/build/m4202_py_pkg/build/lib
[1.515s] creating /home/will/metr4202_ws/src/build/m4202_py_pkg/build/lib/m4202_py_pkg
[1.515s] copying m4202_py_pkg/__init__.py -> /home/will/metr4202_ws/src/build/m4202_py_pkg/build/lib/m4202_py_pkg
[1.515s] running install
[1.516s] running install_lib
[1.517s] creating /home/will/metr4202_ws/src/install/m4202_py_pkg/lib/python3.10/site-packages/m4202_py_pkg
[1.517s] copying /home/will/metr4202_ws/src/build/m4202_py_pkg/build/lib/m4202_py_pkg/__init__.py -> /home/will/metr4202_ws/src/install/m4202_py_pkg/lib/python3.10/site-packages/m4202_py_pkg
[1.518s] byte-compiling /home/will/metr4202_ws/src/install/m4202_py_pkg/lib/python3.10/site-packages/m4202_py_pkg/__init__.py to __init__.cpython-310.pyc
[1.518s] running install_data
[1.519s] creating /home/will/metr4202_ws/src/install/m4202_py_pkg/share/ament_index
[1.519s] creating /home/will/metr4202_ws/src/install/m4202_py_pkg/share/ament_index/resource_index
[1.519s] creating /home/will/metr4202_ws/src/install/m4202_py_pkg/share/ament_index/resource_index/packages
[1.519s] copying resource/m4202_py_pkg -> /home/will/metr4202_ws/src/install/m4202_py_pkg/share/ament_index/resource_index/packages
[1.519s] copying package.xml -> /home/will/metr4202_ws/src/install/m4202_py_pkg/share/m4202_py_pkg
[1.519s] running install_egg_info
[1.522s] Copying ../build/m4202_py_pkg/m4202_py_pkg.egg-info to /home/will/metr4202_ws/src/install/m4202_py_pkg/lib/python3.10/site-packages/m4202_py_pkg-0.0.0-py3.10.egg-info
[1.523s] running install_scripts
[1.554s] writing list of installed files to '/home/will/metr4202_ws/src/build/m4202_py_pkg/install.log'
[1.598s] Invoked command in '/home/will/metr4202_ws/src/m4202_py_pkg' returned '0': PYTHONPATH=/home/will/metr4202_ws/src/build/m4202_py_pkg/prefix_override:/usr/lib/python3/dist-packages/colcon_core/task/python/colcon_distutils_commands:/home/will/metr4202_ws/src/install/m4202_py_pkg/lib/python3.10/site-packages:${PYTHONPATH} /usr/bin/python3 -W ignore:setup.py install is deprecated -W ignore:easy_install command is deprecated setup.py egg_info --egg-base ../build/m4202_py_pkg build --build-base /home/will/metr4202_ws/src/build/m4202_py_pkg/build install --record /home/will/metr4202_ws/src/build/m4202_py_pkg/install.log --single-version-externally-managed install_data
