[2.181s] Invoking command in '/home/will/metr4202_ws/src/Metr4202-Team21/my_world_launcher': PYTHONPATH=/home/will/metr4202_ws/src/Metr4202-Team21/build/my_world_launcher/prefix_override:/usr/lib/python3/dist-packages/colcon_core/task/python/colcon_distutils_commands:/home/will/metr4202_ws/src/Metr4202-Team21/install/my_world_launcher/lib/python3.10/site-packages:${PYTHONPATH} /usr/bin/python3 -W ignore:setup.py install is deprecated -W ignore:easy_install command is deprecated setup.py egg_info --egg-base ../build/my_world_launcher build --build-base /home/will/metr4202_ws/src/Metr4202-Team21/build/my_world_launcher/build install --record /home/will/metr4202_ws/src/Metr4202-Team21/build/my_world_launcher/install.log --single-version-externally-managed install_data
[2.667s] running egg_info
[2.669s] writing ../build/my_world_launcher/my_world_launcher.egg-info/PKG-INFO
[2.671s] writing dependency_links to ../build/my_world_launcher/my_world_launcher.egg-info/dependency_links.txt
[2.672s] writing entry points to ../build/my_world_launcher/my_world_launcher.egg-info/entry_points.txt
[2.672s] writing requirements to ../build/my_world_launcher/my_world_launcher.egg-info/requires.txt
[2.677s] writing top-level names to ../build/my_world_launcher/my_world_launcher.egg-info/top_level.txt
[2.681s] reading manifest file '../build/my_world_launcher/my_world_launcher.egg-info/SOURCES.txt'
[2.691s] writing manifest file '../build/my_world_launcher/my_world_launcher.egg-info/SOURCES.txt'
[2.691s] running build
[2.691s] running build_py
[2.691s] running install
[2.691s] running install_lib
[2.696s] running install_data
[2.696s] copying launch/test_world.launch.py -> /home/will/metr4202_ws/src/Metr4202-Team21/install/my_world_launcher/share/my_world_launcher/launch
[2.700s] copying worlds/testworld1.world -> /home/will/metr4202_ws/src/Metr4202-Team21/install/my_world_launcher/share/my_world_launcher/worlds
[2.705s] running install_egg_info
[2.708s] removing '/home/will/metr4202_ws/src/Metr4202-Team21/install/my_world_launcher/lib/python3.10/site-packages/my_world_launcher-0.0.0-py3.10.egg-info' (and everything under it)
[2.715s] Copying ../build/my_world_launcher/my_world_launcher.egg-info to /home/will/metr4202_ws/src/Metr4202-Team21/install/my_world_launcher/lib/python3.10/site-packages/my_world_launcher-0.0.0-py3.10.egg-info
[2.716s] running install_scripts
[2.770s] writing list of installed files to '/home/will/metr4202_ws/src/Metr4202-Team21/build/my_world_launcher/install.log'
[2.913s] Invoked command in '/home/will/metr4202_ws/src/Metr4202-Team21/my_world_launcher' returned '0': PYTHONPATH=/home/will/metr4202_ws/src/Metr4202-Team21/build/my_world_launcher/prefix_override:/usr/lib/python3/dist-packages/colcon_core/task/python/colcon_distutils_commands:/home/will/metr4202_ws/src/Metr4202-Team21/install/my_world_launcher/lib/python3.10/site-packages:${PYTHONPATH} /usr/bin/python3 -W ignore:setup.py install is deprecated -W ignore:easy_install command is deprecated setup.py egg_info --egg-base ../build/my_world_launcher build --build-base /home/will/metr4202_ws/src/Metr4202-Team21/build/my_world_launcher/build install --record /home/will/metr4202_ws/src/Metr4202-Team21/build/my_world_launcher/install.log --single-version-externally-managed install_data
