[0.060s] Invoking command in '/home/will/metr4202_ws/src/build/turtlebot3_cartographer': CMAKE_PREFIX_PATH=${CMAKE_PREFIX_PATH}:/home/will/metr4202_ws/install/waypoint_commander:/home/will/metr4202_ws/install/turtlebot3_teleop:/home/will/metr4202_ws/install/turtlebot3_example:/home/will/metr4202_ws/install/my_world_launcher:/home/will/metr4202_ws/install/m4202_py_pkg:/home/will/metr4202_ws/install/aruco_detector:/home/will/install/waypoint_commander:/home/will/install/turtlebot3_teleop:/home/will/install/turtlebot3_example:/home/will/install/my_world_launcher:/home/will/install/m4202_py_pkg:/home/will/install/aruco_detector:/opt/ros/humble /usr/bin/cmake --build /home/will/metr4202_ws/src/build/turtlebot3_cartographer -- -j20 -l20
[0.923s] Invoked command in '/home/will/metr4202_ws/src/build/turtlebot3_cartographer' returned '0': CMAKE_PREFIX_PATH=${CMAKE_PREFIX_PATH}:/home/will/metr4202_ws/install/waypoint_commander:/home/will/metr4202_ws/install/turtlebot3_teleop:/home/will/metr4202_ws/install/turtlebot3_example:/home/will/metr4202_ws/install/my_world_launcher:/home/will/metr4202_ws/install/m4202_py_pkg:/home/will/metr4202_ws/install/aruco_detector:/home/will/install/waypoint_commander:/home/will/install/turtlebot3_teleop:/home/will/install/turtlebot3_example:/home/will/install/my_world_launcher:/home/will/install/m4202_py_pkg:/home/will/install/aruco_detector:/opt/ros/humble /usr/bin/cmake --build /home/will/metr4202_ws/src/build/turtlebot3_cartographer -- -j20 -l20
[0.925s] Invoking command in '/home/will/metr4202_ws/src/build/turtlebot3_cartographer': CMAKE_PREFIX_PATH=${CMAKE_PREFIX_PATH}:/home/will/metr4202_ws/install/waypoint_commander:/home/will/metr4202_ws/install/turtlebot3_teleop:/home/will/metr4202_ws/install/turtlebot3_example:/home/will/metr4202_ws/install/my_world_launcher:/home/will/metr4202_ws/install/m4202_py_pkg:/home/will/metr4202_ws/install/aruco_detector:/home/will/install/waypoint_commander:/home/will/install/turtlebot3_teleop:/home/will/install/turtlebot3_example:/home/will/install/my_world_launcher:/home/will/install/m4202_py_pkg:/home/will/install/aruco_detector:/opt/ros/humble /usr/bin/cmake --install /home/will/metr4202_ws/src/build/turtlebot3_cartographer
[0.942s] -- Install configuration: ""
[0.943s] -- Up-to-date: /home/will/metr4202_ws/src/install/turtlebot3_cartographer/share/turtlebot3_cartographer/config
[0.943s] -- Up-to-date: /home/will/metr4202_ws/src/install/turtlebot3_cartographer/share/turtlebot3_cartographer/config/turtlebot3_lds_2d.lua
[0.944s] -- Up-to-date: /home/will/metr4202_ws/src/install/turtlebot3_cartographer/share/turtlebot3_cartographer/launch
[0.944s] -- Up-to-date: /home/will/metr4202_ws/src/install/turtlebot3_cartographer/share/turtlebot3_cartographer/launch/cartographer.launch.py
[0.944s] -- Up-to-date: /home/will/metr4202_ws/src/install/turtlebot3_cartographer/share/turtlebot3_cartographer/launch/occupancy_grid.launch.py
[0.945s] -- Up-to-date: /home/will/metr4202_ws/src/install/turtlebot3_cartographer/share/turtlebot3_cartographer/rviz
[0.945s] -- Up-to-date: /home/will/metr4202_ws/src/install/turtlebot3_cartographer/share/turtlebot3_cartographer/rviz/tb3_cartographer.rviz
[0.945s] -- Up-to-date: /home/will/metr4202_ws/src/install/turtlebot3_cartographer/share/ament_index/resource_index/package_run_dependencies/turtlebot3_cartographer
[0.946s] -- Up-to-date: /home/will/metr4202_ws/src/install/turtlebot3_cartographer/share/ament_index/resource_index/parent_prefix_path/turtlebot3_cartographer
[0.946s] -- Up-to-date: /home/will/metr4202_ws/src/install/turtlebot3_cartographer/share/turtlebot3_cartographer/environment/ament_prefix_path.sh
[0.946s] -- Up-to-date: /home/will/metr4202_ws/src/install/turtlebot3_cartographer/share/turtlebot3_cartographer/environment/ament_prefix_path.dsv
[0.946s] -- Up-to-date: /home/will/metr4202_ws/src/install/turtlebot3_cartographer/share/turtlebot3_cartographer/environment/path.sh
[0.947s] -- Up-to-date: /home/will/metr4202_ws/src/install/turtlebot3_cartographer/share/turtlebot3_cartographer/environment/path.dsv
[0.948s] -- Up-to-date: /home/will/metr4202_ws/src/install/turtlebot3_cartographer/share/turtlebot3_cartographer/local_setup.bash
[0.948s] -- Up-to-date: /home/will/metr4202_ws/src/install/turtlebot3_cartographer/share/turtlebot3_cartographer/local_setup.sh
[0.949s] -- Up-to-date: /home/will/metr4202_ws/src/install/turtlebot3_cartographer/share/turtlebot3_cartographer/local_setup.zsh
[0.949s] -- Up-to-date: /home/will/metr4202_ws/src/install/turtlebot3_cartographer/share/turtlebot3_cartographer/local_setup.dsv
[0.950s] -- Installing: /home/will/metr4202_ws/src/install/turtlebot3_cartographer/share/turtlebot3_cartographer/package.dsv
[0.950s] -- Up-to-date: /home/will/metr4202_ws/src/install/turtlebot3_cartographer/share/ament_index/resource_index/packages/turtlebot3_cartographer
[0.951s] -- Up-to-date: /home/will/metr4202_ws/src/install/turtlebot3_cartographer/share/turtlebot3_cartographer/cmake/turtlebot3_cartographerConfig.cmake
[0.952s] -- Up-to-date: /home/will/metr4202_ws/src/install/turtlebot3_cartographer/share/turtlebot3_cartographer/cmake/turtlebot3_cartographerConfig-version.cmake
[0.952s] -- Up-to-date: /home/will/metr4202_ws/src/install/turtlebot3_cartographer/share/turtlebot3_cartographer/package.xml
[1.064s] Invoked command in '/home/will/metr4202_ws/src/build/turtlebot3_cartographer' returned '0': CMAKE_PREFIX_PATH=${CMAKE_PREFIX_PATH}:/home/will/metr4202_ws/install/waypoint_commander:/home/will/metr4202_ws/install/turtlebot3_teleop:/home/will/metr4202_ws/install/turtlebot3_example:/home/will/metr4202_ws/install/my_world_launcher:/home/will/metr4202_ws/install/m4202_py_pkg:/home/will/metr4202_ws/install/aruco_detector:/home/will/install/waypoint_commander:/home/will/install/turtlebot3_teleop:/home/will/install/turtlebot3_example:/home/will/install/my_world_launcher:/home/will/install/m4202_py_pkg:/home/will/install/aruco_detector:/opt/ros/humble /usr/bin/cmake --install /home/will/metr4202_ws/src/build/turtlebot3_cartographer
