[1.190s] Invoking command in '/home/will/metr4202_ws/src/turtlebot3/turtlebot3_teleop': PYTHONPATH=/home/will/metr4202_ws/src/build/turtlebot3_teleop/prefix_override:/usr/lib/python3/dist-packages/colcon_core/task/python/colcon_distutils_commands:/home/will/metr4202_ws/src/install/turtlebot3_teleop/lib/python3.10/site-packages:${PYTHONPATH} /usr/bin/python3 -W ignore:setup.py install is deprecated -W ignore:easy_install command is deprecated setup.py egg_info --egg-base ../../build/turtlebot3_teleop build --build-base /home/will/metr4202_ws/src/build/turtlebot3_teleop/build install --record /home/will/metr4202_ws/src/build/turtlebot3_teleop/install.log --single-version-externally-managed install_data
[1.338s] running egg_info
[1.338s] writing ../../build/turtlebot3_teleop/turtlebot3_teleop.egg-info/PKG-INFO
[1.338s] writing dependency_links to ../../build/turtlebot3_teleop/turtlebot3_teleop.egg-info/dependency_links.txt
[1.339s] writing entry points to ../../build/turtlebot3_teleop/turtlebot3_teleop.egg-info/entry_points.txt
[1.339s] writing requirements to ../../build/turtlebot3_teleop/turtlebot3_teleop.egg-info/requires.txt
[1.339s] writing top-level names to ../../build/turtlebot3_teleop/turtlebot3_teleop.egg-info/top_level.txt
[1.340s] reading manifest file '../../build/turtlebot3_teleop/turtlebot3_teleop.egg-info/SOURCES.txt'
[1.340s] writing manifest file '../../build/turtlebot3_teleop/turtlebot3_teleop.egg-info/SOURCES.txt'
[1.341s] running build
[1.341s] running build_py
[1.342s] running install
[1.342s] running install_lib
[1.343s] running install_data
[1.344s] running install_egg_info
[1.345s] removing '/home/will/metr4202_ws/src/install/turtlebot3_teleop/lib/python3.10/site-packages/turtlebot3_teleop-2.3.3-py3.10.egg-info' (and everything under it)
[1.345s] Copying ../../build/turtlebot3_teleop/turtlebot3_teleop.egg-info to /home/will/metr4202_ws/src/install/turtlebot3_teleop/lib/python3.10/site-packages/turtlebot3_teleop-2.3.3-py3.10.egg-info
[1.346s] running install_scripts
[1.360s] Installing teleop_keyboard script to /home/will/metr4202_ws/src/install/turtlebot3_teleop/lib/turtlebot3_teleop
[1.360s] writing list of installed files to '/home/will/metr4202_ws/src/build/turtlebot3_teleop/install.log'
[1.383s] Invoked command in '/home/will/metr4202_ws/src/turtlebot3/turtlebot3_teleop' returned '0': PYTHONPATH=/home/will/metr4202_ws/src/build/turtlebot3_teleop/prefix_override:/usr/lib/python3/dist-packages/colcon_core/task/python/colcon_distutils_commands:/home/will/metr4202_ws/src/install/turtlebot3_teleop/lib/python3.10/site-packages:${PYTHONPATH} /usr/bin/python3 -W ignore:setup.py install is deprecated -W ignore:easy_install command is deprecated setup.py egg_info --egg-base ../../build/turtlebot3_teleop build --build-base /home/will/metr4202_ws/src/build/turtlebot3_teleop/build install --record /home/will/metr4202_ws/src/build/turtlebot3_teleop/install.log --single-version-externally-managed install_data
