[1.320s] Invoking command in '/home/will/metr4202_ws/src/my_world_launcher': PYTHONPATH=/home/will/metr4202_ws/src/build/my_world_launcher/prefix_override:/usr/lib/python3/dist-packages/colcon_core/task/python/colcon_distutils_commands:/home/will/metr4202_ws/src/install/my_world_launcher/lib/python3.10/site-packages:${PYTHONPATH} /usr/bin/python3 -W ignore:setup.py install is deprecated -W ignore:easy_install command is deprecated setup.py egg_info --egg-base ../build/my_world_launcher build --build-base /home/will/metr4202_ws/src/build/my_world_launcher/build install --record /home/will/metr4202_ws/src/build/my_world_launcher/install.log --single-version-externally-managed install_data
[1.501s] running egg_info
[1.501s] writing ../build/my_world_launcher/my_world_launcher.egg-info/PKG-INFO
[1.502s] writing dependency_links to ../build/my_world_launcher/my_world_launcher.egg-info/dependency_links.txt
[1.502s] writing entry points to ../build/my_world_launcher/my_world_launcher.egg-info/entry_points.txt
[1.503s] writing requirements to ../build/my_world_launcher/my_world_launcher.egg-info/requires.txt
[1.503s] writing top-level names to ../build/my_world_launcher/my_world_launcher.egg-info/top_level.txt
[1.503s] reading manifest file '../build/my_world_launcher/my_world_launcher.egg-info/SOURCES.txt'
[1.504s] writing manifest file '../build/my_world_launcher/my_world_launcher.egg-info/SOURCES.txt'
[1.504s] running build
[1.504s] running build_py
[1.505s] running install
[1.505s] running install_lib
[1.506s] running install_data
[1.507s] copying launch/test_world.launch.py -> /home/will/metr4202_ws/src/install/my_world_launcher/share/my_world_launcher/launch
[1.508s] running install_egg_info
[1.509s] removing '/home/will/metr4202_ws/src/install/my_world_launcher/lib/python3.10/site-packages/my_world_launcher-0.0.0-py3.10.egg-info' (and everything under it)
[1.509s] Copying ../build/my_world_launcher/my_world_launcher.egg-info to /home/will/metr4202_ws/src/install/my_world_launcher/lib/python3.10/site-packages/my_world_launcher-0.0.0-py3.10.egg-info
[1.510s] running install_scripts
[1.525s] writing list of installed files to '/home/will/metr4202_ws/src/build/my_world_launcher/install.log'
[1.555s] Invoked command in '/home/will/metr4202_ws/src/my_world_launcher' returned '0': PYTHONPATH=/home/will/metr4202_ws/src/build/my_world_launcher/prefix_override:/usr/lib/python3/dist-packages/colcon_core/task/python/colcon_distutils_commands:/home/will/metr4202_ws/src/install/my_world_launcher/lib/python3.10/site-packages:${PYTHONPATH} /usr/bin/python3 -W ignore:setup.py install is deprecated -W ignore:easy_install command is deprecated setup.py egg_info --egg-base ../build/my_world_launcher build --build-base /home/will/metr4202_ws/src/build/my_world_launcher/build install --record /home/will/metr4202_ws/src/build/my_world_launcher/install.log --single-version-externally-managed install_data
