[0.055s] Invoking command in '/home/will/metr4202_ws/src/build/turtlebot3_gazebo': CMAKE_PREFIX_PATH=${CMAKE_PREFIX_PATH}:/home/will/metr4202_ws/install/waypoint_commander:/home/will/metr4202_ws/install/turtlebot3_teleop:/home/will/metr4202_ws/install/turtlebot3_example:/home/will/metr4202_ws/install/my_world_launcher:/home/will/metr4202_ws/install/m4202_py_pkg:/home/will/metr4202_ws/install/aruco_detector:/home/will/install/waypoint_commander:/home/will/install/turtlebot3_teleop:/home/will/install/turtlebot3_example:/home/will/install/my_world_launcher:/home/will/install/m4202_py_pkg:/home/will/install/aruco_detector:/opt/ros/humble /usr/bin/cmake --build /home/will/metr4202_ws/src/build/turtlebot3_gazebo -- -j20 -l20
[0.916s] [35m[1mConsolidate compiler generated dependencies of target turtlebot3_drive[0m
[0.916s] [35m[1mConsolidate compiler generated dependencies of target traffic_bar_plugin[0m
[0.916s] [35m[1mConsolidate compiler generated dependencies of target obstacle1[0m
[0.916s] [35m[1mConsolidate compiler generated dependencies of target obstacle2[0m
[0.916s] [35m[1mConsolidate compiler generated dependencies of target traffic_light_plugin[0m
[0.916s] [35m[1mConsolidate compiler generated dependencies of target obstacles[0m
[0.916s] [ 16%] Built target turtlebot3_drive
[0.916s] [ 33%] Built target obstacle2
[0.916s] [ 66%] Built target traffic_bar_plugin
[0.916s] [ 66%] Built target obstacle1
[0.916s] [ 83%] Built target obstacles
[0.916s] [100%] Built target traffic_light_plugin
[0.933s] Invoked command in '/home/will/metr4202_ws/src/build/turtlebot3_gazebo' returned '0': CMAKE_PREFIX_PATH=${CMAKE_PREFIX_PATH}:/home/will/metr4202_ws/install/waypoint_commander:/home/will/metr4202_ws/install/turtlebot3_teleop:/home/will/metr4202_ws/install/turtlebot3_example:/home/will/metr4202_ws/install/my_world_launcher:/home/will/metr4202_ws/install/m4202_py_pkg:/home/will/metr4202_ws/install/aruco_detector:/home/will/install/waypoint_commander:/home/will/install/turtlebot3_teleop:/home/will/install/turtlebot3_example:/home/will/install/my_world_launcher:/home/will/install/m4202_py_pkg:/home/will/install/aruco_detector:/opt/ros/humble /usr/bin/cmake --build /home/will/metr4202_ws/src/build/turtlebot3_gazebo -- -j20 -l20
[0.934s] Invoking command in '/home/will/metr4202_ws/src/build/turtlebot3_gazebo': CMAKE_PREFIX_PATH=${CMAKE_PREFIX_PATH}:/home/will/metr4202_ws/install/waypoint_commander:/home/will/metr4202_ws/install/turtlebot3_teleop:/home/will/metr4202_ws/install/turtlebot3_example:/home/will/metr4202_ws/install/my_world_launcher:/home/will/metr4202_ws/install/m4202_py_pkg:/home/will/metr4202_ws/install/aruco_detector:/home/will/install/waypoint_commander:/home/will/install/turtlebot3_teleop:/home/will/install/turtlebot3_example:/home/will/install/my_world_launcher:/home/will/install/m4202_py_pkg:/home/will/install/aruco_detector:/opt/ros/humble /usr/bin/cmake --install /home/will/metr4202_ws/src/build/turtlebot3_gazebo
[0.967s] -- Install configuration: ""
[0.967s] -- Up-to-date: /home/will/metr4202_ws/src/install/turtlebot3_gazebo/lib/turtlebot3_gazebo/turtlebot3_drive
[0.967s] -- Up-to-date: /home/will/metr4202_ws/src/install/turtlebot3_gazebo/share/turtlebot3_gazebo//launch
[0.968s] -- Up-to-date: /home/will/metr4202_ws/src/install/turtlebot3_gazebo/share/turtlebot3_gazebo//launch/turtlebot3_dqn_stage2.launch.py
[0.968s] -- Up-to-date: /home/will/metr4202_ws/src/install/turtlebot3_gazebo/share/turtlebot3_gazebo//launch/turtlebot3_dqn_stage1.launch.py
[0.968s] -- Up-to-date: /home/will/metr4202_ws/src/install/turtlebot3_gazebo/share/turtlebot3_gazebo//launch/turtlebot3_dqn_stage4.launch.py
[0.968s] -- Up-to-date: /home/will/metr4202_ws/src/install/turtlebot3_gazebo/share/turtlebot3_gazebo//launch/multi_spawn_turtlebot3.launch.py
[0.968s] -- Up-to-date: /home/will/metr4202_ws/src/install/turtlebot3_gazebo/share/turtlebot3_gazebo//launch/turtlebot3_world.launch.py
[0.968s] -- Up-to-date: /home/will/metr4202_ws/src/install/turtlebot3_gazebo/share/turtlebot3_gazebo//launch/turtlebot3_house.launch.py
[0.968s] -- Up-to-date: /home/will/metr4202_ws/src/install/turtlebot3_gazebo/share/turtlebot3_gazebo//launch/turtlebot3_dqn_stage3.launch.py
[0.968s] -- Up-to-date: /home/will/metr4202_ws/src/install/turtlebot3_gazebo/share/turtlebot3_gazebo//launch/robot_state_publisher.launch.py
[0.968s] -- Up-to-date: /home/will/metr4202_ws/src/install/turtlebot3_gazebo/share/turtlebot3_gazebo//launch/multi_robot.launch.py
[0.968s] -- Up-to-date: /home/will/metr4202_ws/src/install/turtlebot3_gazebo/share/turtlebot3_gazebo//launch/empty_world.launch.py
[0.968s] -- Up-to-date: /home/will/metr4202_ws/src/install/turtlebot3_gazebo/share/turtlebot3_gazebo//launch/spawn_turtlebot3.launch.py
[0.968s] -- Up-to-date: /home/will/metr4202_ws/src/install/turtlebot3_gazebo/share/turtlebot3_gazebo//launch/turtlebot3_autorace_2020.launch.py
[0.969s] -- Up-to-date: /home/will/metr4202_ws/src/install/turtlebot3_gazebo/share/turtlebot3_gazebo//models
[0.969s] -- Up-to-date: /home/will/metr4202_ws/src/install/turtlebot3_gazebo/share/turtlebot3_gazebo//models/turtlebot3_autorace_2020
[0.969s] -- Up-to-date: /home/will/metr4202_ws/src/install/turtlebot3_gazebo/share/turtlebot3_gazebo//models/turtlebot3_autorace_2020/course
[0.970s] -- Up-to-date: /home/will/metr4202_ws/src/install/turtlebot3_gazebo/share/turtlebot3_gazebo//models/turtlebot3_autorace_2020/course/model.sdf
[0.970s] -- Up-to-date: /home/will/metr4202_ws/src/install/turtlebot3_gazebo/share/turtlebot3_gazebo//models/turtlebot3_autorace_2020/course/model.config
[0.970s] -- Up-to-date: /home/will/metr4202_ws/src/install/turtlebot3_gazebo/share/turtlebot3_gazebo//models/turtlebot3_autorace_2020/course/materials
[0.970s] -- Up-to-date: /home/will/metr4202_ws/src/install/turtlebot3_gazebo/share/turtlebot3_gazebo//models/turtlebot3_autorace_2020/course/materials/scripts
[0.970s] -- Up-to-date: /home/will/metr4202_ws/src/install/turtlebot3_gazebo/share/turtlebot3_gazebo//models/turtlebot3_autorace_2020/course/materials/scripts/course.material
[0.970s] -- Up-to-date: /home/will/metr4202_ws/src/install/turtlebot3_gazebo/share/turtlebot3_gazebo//models/turtlebot3_autorace_2020/course/materials/textures
[0.971s] -- Up-to-date: /home/will/metr4202_ws/src/install/turtlebot3_gazebo/share/turtlebot3_gazebo//models/turtlebot3_autorace_2020/course/materials/textures/course.png
[0.971s] -- Up-to-date: /home/will/metr4202_ws/src/install/turtlebot3_gazebo/share/turtlebot3_gazebo//models/turtlebot3_autorace_2020/traffic_construction
[0.971s] -- Up-to-date: /home/will/metr4202_ws/src/install/turtlebot3_gazebo/share/turtlebot3_gazebo//models/turtlebot3_autorace_2020/traffic_construction/model.sdf
[0.971s] -- Up-to-date: /home/will/metr4202_ws/src/install/turtlebot3_gazebo/share/turtlebot3_gazebo//models/turtlebot3_autorace_2020/traffic_construction/model.config
[0.971s] -- Up-to-date: /home/will/metr4202_ws/src/install/turtlebot3_gazebo/share/turtlebot3_gazebo//models/turtlebot3_autorace_2020/traffic_construction/materials
[0.971s] -- Up-to-date: /home/will/metr4202_ws/src/install/turtlebot3_gazebo/share/turtlebot3_gazebo//models/turtlebot3_autorace_2020/traffic_construction/materials/scripts
[0.979s] -- Up-to-date: /home/will/metr4202_ws/src/install/turtlebot3_gazebo/share/turtlebot3_gazebo//models/turtlebot3_autorace_2020/traffic_construction/materials/scripts/traffic_construction.material
[0.979s] -- Up-to-date: /home/will/metr4202_ws/src/install/turtlebot3_gazebo/share/turtlebot3_gazebo//models/turtlebot3_autorace_2020/traffic_construction/materials/textures
[0.979s] -- Up-to-date: /home/will/metr4202_ws/src/install/turtlebot3_gazebo/share/turtlebot3_gazebo//models/turtlebot3_autorace_2020/traffic_construction/materials/textures/traffic_construction.png
[0.979s] -- Up-to-date: /home/will/metr4202_ws/src/install/turtlebot3_gazebo/share/turtlebot3_gazebo//models/turtlebot3_autorace_2020/traffic_bar
[0.979s] -- Up-to-date: /home/will/metr4202_ws/src/install/turtlebot3_gazebo/share/turtlebot3_gazebo//models/turtlebot3_autorace_2020/traffic_bar/model.sdf
[0.979s] -- Up-to-date: /home/will/metr4202_ws/src/install/turtlebot3_gazebo/share/turtlebot3_gazebo//models/turtlebot3_autorace_2020/traffic_bar/model.config
[0.979s] -- Up-to-date: /home/will/metr4202_ws/src/install/turtlebot3_gazebo/share/turtlebot3_gazebo//models/turtlebot3_autorace_2020/traffic_bar/materials
[0.980s] -- Up-to-date: /home/will/metr4202_ws/src/install/turtlebot3_gazebo/share/turtlebot3_gazebo//models/turtlebot3_autorace_2020/traffic_bar/materials/scripts
[0.980s] -- Up-to-date: /home/will/metr4202_ws/src/install/turtlebot3_gazebo/share/turtlebot3_gazebo//models/turtlebot3_autorace_2020/traffic_bar/materials/scripts/traffic_bar.material
[0.980s] -- Up-to-date: /home/will/metr4202_ws/src/install/turtlebot3_gazebo/share/turtlebot3_gazebo//models/turtlebot3_autorace_2020/traffic_bar/materials/textures
[0.980s] -- Up-to-date: /home/will/metr4202_ws/src/install/turtlebot3_gazebo/share/turtlebot3_gazebo//models/turtlebot3_autorace_2020/traffic_bar/materials/textures/traffic_bar.png
[0.980s] -- Up-to-date: /home/will/metr4202_ws/src/install/turtlebot3_gazebo/share/turtlebot3_gazebo//models/turtlebot3_autorace_2020/traffic_right
[0.980s] -- Up-to-date: /home/will/metr4202_ws/src/install/turtlebot3_gazebo/share/turtlebot3_gazebo//models/turtlebot3_autorace_2020/traffic_right/model.sdf
[0.980s] -- Up-to-date: /home/will/metr4202_ws/src/install/turtlebot3_gazebo/share/turtlebot3_gazebo//models/turtlebot3_autorace_2020/traffic_right/model.config
[0.980s] -- Up-to-date: /home/will/metr4202_ws/src/install/turtlebot3_gazebo/share/turtlebot3_gazebo//models/turtlebot3_autorace_2020/traffic_right/materials
[0.980s] -- Up-to-date: /home/will/metr4202_ws/src/install/turtlebot3_gazebo/share/turtlebot3_gazebo//models/turtlebot3_autorace_2020/traffic_right/materials/scripts
[0.981s] -- Up-to-date: /home/will/metr4202_ws/src/install/turtlebot3_gazebo/share/turtlebot3_gazebo//models/turtlebot3_autorace_2020/traffic_right/materials/scripts/traffic_right.material
[0.981s] -- Up-to-date: /home/will/metr4202_ws/src/install/turtlebot3_gazebo/share/turtlebot3_gazebo//models/turtlebot3_autorace_2020/traffic_right/materials/textures
[0.981s] -- Up-to-date: /home/will/metr4202_ws/src/install/turtlebot3_gazebo/share/turtlebot3_gazebo//models/turtlebot3_autorace_2020/traffic_right/materials/textures/traffic_right.png
[0.981s] -- Up-to-date: /home/will/metr4202_ws/src/install/turtlebot3_gazebo/share/turtlebot3_gazebo//models/turtlebot3_autorace_2020/traffic_noentry
[0.981s] -- Up-to-date: /home/will/metr4202_ws/src/install/turtlebot3_gazebo/share/turtlebot3_gazebo//models/turtlebot3_autorace_2020/traffic_noentry/model.sdf
[0.981s] -- Up-to-date: /home/will/metr4202_ws/src/install/turtlebot3_gazebo/share/turtlebot3_gazebo//models/turtlebot3_autorace_2020/traffic_noentry/model.config
[0.981s] -- Up-to-date: /home/will/metr4202_ws/src/install/turtlebot3_gazebo/share/turtlebot3_gazebo//models/turtlebot3_autorace_2020/traffic_noentry/materials
[0.981s] -- Up-to-date: /home/will/metr4202_ws/src/install/turtlebot3_gazebo/share/turtlebot3_gazebo//models/turtlebot3_autorace_2020/traffic_noentry/materials/scripts
[0.981s] -- Up-to-date: /home/will/metr4202_ws/src/install/turtlebot3_gazebo/share/turtlebot3_gazebo//models/turtlebot3_autorace_2020/traffic_noentry/materials/scripts/traffic_noentry.material
[0.981s] -- Up-to-date: /home/will/metr4202_ws/src/install/turtlebot3_gazebo/share/turtlebot3_gazebo//models/turtlebot3_autorace_2020/traffic_noentry/materials/textures
[0.981s] -- Up-to-date: /home/will/metr4202_ws/src/install/turtlebot3_gazebo/share/turtlebot3_gazebo//models/turtlebot3_autorace_2020/traffic_noentry/materials/textures/traffic_noentry.png
[0.981s] -- Up-to-date: /home/will/metr4202_ws/src/install/turtlebot3_gazebo/share/turtlebot3_gazebo//models/turtlebot3_autorace_2020/traffic_left
[0.981s] -- Up-to-date: /home/will/metr4202_ws/src/install/turtlebot3_gazebo/share/turtlebot3_gazebo//models/turtlebot3_autorace_2020/traffic_left/model.sdf
[0.981s] -- Up-to-date: /home/will/metr4202_ws/src/install/turtlebot3_gazebo/share/turtlebot3_gazebo//models/turtlebot3_autorace_2020/traffic_left/model.config
[0.981s] -- Up-to-date: /home/will/metr4202_ws/src/install/turtlebot3_gazebo/share/turtlebot3_gazebo//models/turtlebot3_autorace_2020/traffic_left/materials
[0.981s] -- Up-to-date: /home/will/metr4202_ws/src/install/turtlebot3_gazebo/share/turtlebot3_gazebo//models/turtlebot3_autorace_2020/traffic_left/materials/scripts
[0.981s] -- Up-to-date: /home/will/metr4202_ws/src/install/turtlebot3_gazebo/share/turtlebot3_gazebo//models/turtlebot3_autorace_2020/traffic_left/materials/scripts/traffic_is_left.material
[0.982s] -- Up-to-date: /home/will/metr4202_ws/src/install/turtlebot3_gazebo/share/turtlebot3_gazebo//models/turtlebot3_autorace_2020/traffic_left/materials/textures
[0.983s] -- Up-to-date: /home/will/metr4202_ws/src/install/turtlebot3_gazebo/share/turtlebot3_gazebo//models/turtlebot3_autorace_2020/traffic_left/materials/textures/traffic_left.png
[0.983s] -- Up-to-date: /home/will/metr4202_ws/src/install/turtlebot3_gazebo/share/turtlebot3_gazebo//models/turtlebot3_autorace_2020/traffic_pl_left
[0.983s] -- Up-to-date: /home/will/metr4202_ws/src/install/turtlebot3_gazebo/share/turtlebot3_gazebo//models/turtlebot3_autorace_2020/traffic_pl_left/model.sdf
[0.983s] -- Up-to-date: /home/will/metr4202_ws/src/install/turtlebot3_gazebo/share/turtlebot3_gazebo//models/turtlebot3_autorace_2020/traffic_pl_left/model.config
[0.983s] -- Up-to-date: /home/will/metr4202_ws/src/install/turtlebot3_gazebo/share/turtlebot3_gazebo//models/turtlebot3_autorace_2020/traffic_pl_left/materials
[0.983s] -- Up-to-date: /home/will/metr4202_ws/src/install/turtlebot3_gazebo/share/turtlebot3_gazebo//models/turtlebot3_autorace_2020/traffic_pl_left/materials/scripts
[0.983s] -- Up-to-date: /home/will/metr4202_ws/src/install/turtlebot3_gazebo/share/turtlebot3_gazebo//models/turtlebot3_autorace_2020/traffic_pl_left/materials/scripts/traffic_pl_left.material
[0.983s] -- Up-to-date: /home/will/metr4202_ws/src/install/turtlebot3_gazebo/share/turtlebot3_gazebo//models/turtlebot3_autorace_2020/traffic_pl_left/materials/textures
[0.983s] -- Up-to-date: /home/will/metr4202_ws/src/install/turtlebot3_gazebo/share/turtlebot3_gazebo//models/turtlebot3_autorace_2020/traffic_pl_left/materials/textures/traffic_pl_left.png
[0.983s] -- Up-to-date: /home/will/metr4202_ws/src/install/turtlebot3_gazebo/share/turtlebot3_gazebo//models/turtlebot3_autorace_2020/traffic_tunnel
[0.983s] -- Up-to-date: /home/will/metr4202_ws/src/install/turtlebot3_gazebo/share/turtlebot3_gazebo//models/turtlebot3_autorace_2020/traffic_tunnel/model.sdf
[0.983s] -- Up-to-date: /home/will/metr4202_ws/src/install/turtlebot3_gazebo/share/turtlebot3_gazebo//models/turtlebot3_autorace_2020/traffic_tunnel/model.config
[0.984s] -- Up-to-date: /home/will/metr4202_ws/src/install/turtlebot3_gazebo/share/turtlebot3_gazebo//models/turtlebot3_autorace_2020/traffic_tunnel/materials
[0.987s] -- Up-to-date: /home/will/metr4202_ws/src/install/turtlebot3_gazebo/share/turtlebot3_gazebo//models/turtlebot3_autorace_2020/traffic_tunnel/materials/scripts
[0.987s] -- Up-to-date: /home/will/metr4202_ws/src/install/turtlebot3_gazebo/share/turtlebot3_gazebo//models/turtlebot3_autorace_2020/traffic_tunnel/materials/scripts/tunnel.material
[0.987s] -- Up-to-date: /home/will/metr4202_ws/src/install/turtlebot3_gazebo/share/turtlebot3_gazebo//models/turtlebot3_autorace_2020/traffic_tunnel/materials/textures
[0.993s] -- Up-to-date: /home/will/metr4202_ws/src/install/turtlebot3_gazebo/share/turtlebot3_gazebo//models/turtlebot3_autorace_2020/traffic_tunnel/materials/textures/tunnel.png
[0.993s] -- Up-to-date: /home/will/metr4202_ws/src/install/turtlebot3_gazebo/share/turtlebot3_gazebo//models/turtlebot3_autorace_2020/traffic_parking
[0.994s] -- Up-to-date: /home/will/metr4202_ws/src/install/turtlebot3_gazebo/share/turtlebot3_gazebo//models/turtlebot3_autorace_2020/traffic_parking/model.sdf
[0.994s] -- Up-to-date: /home/will/metr4202_ws/src/install/turtlebot3_gazebo/share/turtlebot3_gazebo//models/turtlebot3_autorace_2020/traffic_parking/model.config
[0.995s] -- Up-to-date: /home/will/metr4202_ws/src/install/turtlebot3_gazebo/share/turtlebot3_gazebo//models/turtlebot3_autorace_2020/traffic_parking/materials
[0.995s] -- Up-to-date: /home/will/metr4202_ws/src/install/turtlebot3_gazebo/share/turtlebot3_gazebo//models/turtlebot3_autorace_2020/traffic_parking/materials/scripts
[0.995s] -- Up-to-date: /home/will/metr4202_ws/src/install/turtlebot3_gazebo/share/turtlebot3_gazebo//models/turtlebot3_autorace_2020/traffic_parking/materials/scripts/traffic_parking.material
[0.995s] -- Up-to-date: /home/will/metr4202_ws/src/install/turtlebot3_gazebo/share/turtlebot3_gazebo//models/turtlebot3_autorace_2020/traffic_parking/materials/textures
[0.995s] -- Up-to-date: /home/will/metr4202_ws/src/install/turtlebot3_gazebo/share/turtlebot3_gazebo//models/turtlebot3_autorace_2020/traffic_parking/materials/textures/traffic_parking.png
[0.995s] -- Up-to-date: /home/will/metr4202_ws/src/install/turtlebot3_gazebo/share/turtlebot3_gazebo//models/turtlebot3_autorace_2020/traffic_stop
[1.000s] -- Up-to-date: /home/will/metr4202_ws/src/install/turtlebot3_gazebo/share/turtlebot3_gazebo//models/turtlebot3_autorace_2020/traffic_stop/model.sdf
[1.001s] -- Up-to-date: /home/will/metr4202_ws/src/install/turtlebot3_gazebo/share/turtlebot3_gazebo//models/turtlebot3_autorace_2020/traffic_stop/model.config
[1.001s] -- Up-to-date: /home/will/metr4202_ws/src/install/turtlebot3_gazebo/share/turtlebot3_gazebo//models/turtlebot3_autorace_2020/traffic_stop/materials
[1.001s] -- Up-to-date: /home/will/metr4202_ws/src/install/turtlebot3_gazebo/share/turtlebot3_gazebo//models/turtlebot3_autorace_2020/traffic_stop/materials/scripts
[1.008s] -- Up-to-date: /home/will/metr4202_ws/src/install/turtlebot3_gazebo/share/turtlebot3_gazebo//models/turtlebot3_autorace_2020/traffic_stop/materials/scripts/traffic_stop.material
[1.008s] -- Up-to-date: /home/will/metr4202_ws/src/install/turtlebot3_gazebo/share/turtlebot3_gazebo//models/turtlebot3_autorace_2020/traffic_stop/materials/textures
[1.008s] -- Up-to-date: /home/will/metr4202_ws/src/install/turtlebot3_gazebo/share/turtlebot3_gazebo//models/turtlebot3_autorace_2020/traffic_stop/materials/textures/traffic_stop.png
[1.008s] -- Up-to-date: /home/will/metr4202_ws/src/install/turtlebot3_gazebo/share/turtlebot3_gazebo//models/turtlebot3_autorace_2020/traffic_light
[1.011s] -- Up-to-date: /home/will/metr4202_ws/src/install/turtlebot3_gazebo/share/turtlebot3_gazebo//models/turtlebot3_autorace_2020/traffic_light/model.sdf
[1.011s] -- Up-to-date: /home/will/metr4202_ws/src/install/turtlebot3_gazebo/share/turtlebot3_gazebo//models/turtlebot3_autorace_2020/traffic_light/model.config
[1.011s] -- Up-to-date: /home/will/metr4202_ws/src/install/turtlebot3_gazebo/share/turtlebot3_gazebo//models/turtlebot3_autorace_2020/traffic_light/materials
[1.011s] -- Up-to-date: /home/will/metr4202_ws/src/install/turtlebot3_gazebo/share/turtlebot3_gazebo//models/turtlebot3_autorace_2020/traffic_light/materials/scripts
[1.011s] -- Up-to-date: /home/will/metr4202_ws/src/install/turtlebot3_gazebo/share/turtlebot3_gazebo//models/turtlebot3_autorace_2020/traffic_light/materials/scripts/traffic_light.material
[1.011s] -- Up-to-date: /home/will/metr4202_ws/src/install/turtlebot3_gazebo/share/turtlebot3_gazebo//models/turtlebot3_autorace_2020/traffic_light/materials/textures
[1.014s] -- Up-to-date: /home/will/metr4202_ws/src/install/turtlebot3_gazebo/share/turtlebot3_gazebo//models/turtlebot3_autorace_2020/traffic_light/materials/textures/traffic_light.png
[1.014s] -- Up-to-date: /home/will/metr4202_ws/src/install/turtlebot3_gazebo/share/turtlebot3_gazebo//models/turtlebot3_autorace_2020/traffic_light/materials/textures/traffic_light_green.png
[1.014s] -- Up-to-date: /home/will/metr4202_ws/src/install/turtlebot3_gazebo/share/turtlebot3_gazebo//models/turtlebot3_autorace_2020/traffic_light/materials/textures/traffic_light_yellow.png
[1.014s] -- Up-to-date: /home/will/metr4202_ws/src/install/turtlebot3_gazebo/share/turtlebot3_gazebo//models/turtlebot3_autorace_2020/traffic_light/materials/textures/traffic_light_red.png
[1.014s] -- Up-to-date: /home/will/metr4202_ws/src/install/turtlebot3_gazebo/share/turtlebot3_gazebo//models/turtlebot3_autorace_2020/traffic_intersection
[1.015s] -- Up-to-date: /home/will/metr4202_ws/src/install/turtlebot3_gazebo/share/turtlebot3_gazebo//models/turtlebot3_autorace_2020/traffic_intersection/model.sdf
[1.015s] -- Up-to-date: /home/will/metr4202_ws/src/install/turtlebot3_gazebo/share/turtlebot3_gazebo//models/turtlebot3_autorace_2020/traffic_intersection/model.config
[1.015s] -- Up-to-date: /home/will/metr4202_ws/src/install/turtlebot3_gazebo/share/turtlebot3_gazebo//models/turtlebot3_autorace_2020/traffic_intersection/materials
[1.015s] -- Up-to-date: /home/will/metr4202_ws/src/install/turtlebot3_gazebo/share/turtlebot3_gazebo//models/turtlebot3_autorace_2020/traffic_intersection/materials/scripts
[1.015s] -- Up-to-date: /home/will/metr4202_ws/src/install/turtlebot3_gazebo/share/turtlebot3_gazebo//models/turtlebot3_autorace_2020/traffic_intersection/materials/scripts/traffic_intersection.material
[1.015s] -- Up-to-date: /home/will/metr4202_ws/src/install/turtlebot3_gazebo/share/turtlebot3_gazebo//models/turtlebot3_autorace_2020/traffic_intersection/materials/textures
[1.019s] -- Up-to-date: /home/will/metr4202_ws/src/install/turtlebot3_gazebo/share/turtlebot3_gazebo//models/turtlebot3_autorace_2020/traffic_intersection/materials/textures/traffic_intersection.png
[1.019s] -- Up-to-date: /home/will/metr4202_ws/src/install/turtlebot3_gazebo/share/turtlebot3_gazebo//models/turtlebot3_autorace_2020/checker
[1.019s] -- Up-to-date: /home/will/metr4202_ws/src/install/turtlebot3_gazebo/share/turtlebot3_gazebo//models/turtlebot3_autorace_2020/checker/model.sdf
[1.021s] -- Up-to-date: /home/will/metr4202_ws/src/install/turtlebot3_gazebo/share/turtlebot3_gazebo//models/turtlebot3_autorace_2020/checker/model.config
[1.022s] -- Up-to-date: /home/will/metr4202_ws/src/install/turtlebot3_gazebo/share/turtlebot3_gazebo//models/turtlebot3_autorace_2020/checker/materials
[1.022s] -- Up-to-date: /home/will/metr4202_ws/src/install/turtlebot3_gazebo/share/turtlebot3_gazebo//models/turtlebot3_autorace_2020/checker/materials/checker.png
[1.022s] -- Up-to-date: /home/will/metr4202_ws/src/install/turtlebot3_gazebo/share/turtlebot3_gazebo//models/turtlebot3_autorace_2020/checker/materials/scripts
[1.022s] -- Up-to-date: /home/will/metr4202_ws/src/install/turtlebot3_gazebo/share/turtlebot3_gazebo//models/turtlebot3_autorace_2020/checker/materials/scripts/checker.material
[1.022s] -- Up-to-date: /home/will/metr4202_ws/src/install/turtlebot3_gazebo/share/turtlebot3_gazebo//models/turtlebot3_autorace_2020/checker/materials/textures
[1.026s] -- Up-to-date: /home/will/metr4202_ws/src/install/turtlebot3_gazebo/share/turtlebot3_gazebo//models/turtlebot3_autorace_2020/checker/materials/textures/checker.png
[1.026s] -- Up-to-date: /home/will/metr4202_ws/src/install/turtlebot3_gazebo/share/turtlebot3_gazebo//models/turtlebot3_common
[1.026s] -- Up-to-date: /home/will/metr4202_ws/src/install/turtlebot3_gazebo/share/turtlebot3_gazebo//models/turtlebot3_common/model.config
[1.026s] -- Up-to-date: /home/will/metr4202_ws/src/install/turtlebot3_gazebo/share/turtlebot3_gazebo//models/turtlebot3_common/meshes
[1.026s] -- Up-to-date: /home/will/metr4202_ws/src/install/turtlebot3_gazebo/share/turtlebot3_gazebo//models/turtlebot3_common/meshes/waffle_pi_base.dae
[1.026s] -- Up-to-date: /home/will/metr4202_ws/src/install/turtlebot3_gazebo/share/turtlebot3_gazebo//models/turtlebot3_common/meshes/lds.dae
[1.026s] -- Up-to-date: /home/will/metr4202_ws/src/install/turtlebot3_gazebo/share/turtlebot3_gazebo//models/turtlebot3_common/meshes/waffle_base.dae
[1.026s] -- Up-to-date: /home/will/metr4202_ws/src/install/turtlebot3_gazebo/share/turtlebot3_gazebo//models/turtlebot3_common/meshes/bases
[1.026s] -- Up-to-date: /home/will/metr4202_ws/src/install/turtlebot3_gazebo/share/turtlebot3_gazebo//models/turtlebot3_common/meshes/bases/waffle_pi_base.stl
[1.027s] -- Up-to-date: /home/will/metr4202_ws/src/install/turtlebot3_gazebo/share/turtlebot3_gazebo//models/turtlebot3_common/meshes/bases/burger_base.stl
[1.027s] -- Up-to-date: /home/will/metr4202_ws/src/install/turtlebot3_gazebo/share/turtlebot3_gazebo//models/turtlebot3_common/meshes/bases/waffle_base.stl
[1.027s] -- Up-to-date: /home/will/metr4202_ws/src/install/turtlebot3_gazebo/share/turtlebot3_gazebo//models/turtlebot3_common/meshes/tire.dae
[1.027s] -- Up-to-date: /home/will/metr4202_ws/src/install/turtlebot3_gazebo/share/turtlebot3_gazebo//models/turtlebot3_common/meshes/wheels
[1.027s] -- Up-to-date: /home/will/metr4202_ws/src/install/turtlebot3_gazebo/share/turtlebot3_gazebo//models/turtlebot3_common/meshes/wheels/left_tire.stl
[1.027s] -- Up-to-date: /home/will/metr4202_ws/src/install/turtlebot3_gazebo/share/turtlebot3_gazebo//models/turtlebot3_common/meshes/wheels/right_tire.stl
[1.027s] -- Up-to-date: /home/will/metr4202_ws/src/install/turtlebot3_gazebo/share/turtlebot3_gazebo//models/turtlebot3_common/meshes/burger_base.dae
[1.027s] -- Up-to-date: /home/will/metr4202_ws/src/install/turtlebot3_gazebo/share/turtlebot3_gazebo//models/turtlebot3_common/meshes/sensors
[1.027s] -- Up-to-date: /home/will/metr4202_ws/src/install/turtlebot3_gazebo/share/turtlebot3_gazebo//models/turtlebot3_common/meshes/sensors/astra.jpg
[1.027s] -- Up-to-date: /home/will/metr4202_ws/src/install/turtlebot3_gazebo/share/turtlebot3_gazebo//models/turtlebot3_common/meshes/sensors/lds.stl
[1.027s] -- Up-to-date: /home/will/metr4202_ws/src/install/turtlebot3_gazebo/share/turtlebot3_gazebo//models/turtlebot3_common/meshes/sensors/astra.dae
[1.027s] -- Up-to-date: /home/will/metr4202_ws/src/install/turtlebot3_gazebo/share/turtlebot3_gazebo//models/turtlebot3_common/meshes/sensors/r200.jpg
[1.027s] -- Up-to-date: /home/will/metr4202_ws/src/install/turtlebot3_gazebo/share/turtlebot3_gazebo//models/turtlebot3_common/meshes/sensors/r200.dae
[1.028s] -- Up-to-date: /home/will/metr4202_ws/src/install/turtlebot3_gazebo/share/turtlebot3_gazebo//models/turtlebot3_common/meshes/r200.dae
[1.028s] -- Up-to-date: /home/will/metr4202_ws/src/install/turtlebot3_gazebo/share/turtlebot3_gazebo//models/turtlebot3_waffle
[1.028s] -- Up-to-date: /home/will/metr4202_ws/src/install/turtlebot3_gazebo/share/turtlebot3_gazebo//models/turtlebot3_waffle/model.sdf
[1.028s] -- Up-to-date: /home/will/metr4202_ws/src/install/turtlebot3_gazebo/share/turtlebot3_gazebo//models/turtlebot3_waffle/model.config
[1.028s] -- Up-to-date: /home/will/metr4202_ws/src/install/turtlebot3_gazebo/share/turtlebot3_gazebo//models/turtlebot3_waffle/model-1_4.sdf
[1.028s] -- Up-to-date: /home/will/metr4202_ws/src/install/turtlebot3_gazebo/share/turtlebot3_gazebo//models/turtlebot3_burger_cam
[1.029s] -- Up-to-date: /home/will/metr4202_ws/src/install/turtlebot3_gazebo/share/turtlebot3_gazebo//models/turtlebot3_burger_cam/model.sdf
[1.029s] -- Up-to-date: /home/will/metr4202_ws/src/install/turtlebot3_gazebo/share/turtlebot3_gazebo//models/turtlebot3_burger_cam/model.config
[1.029s] -- Up-to-date: /home/will/metr4202_ws/src/install/turtlebot3_gazebo/share/turtlebot3_gazebo//models/turtlebot3_burger_cam/model-1_4.sdf
[1.029s] -- Up-to-date: /home/will/metr4202_ws/src/install/turtlebot3_gazebo/share/turtlebot3_gazebo//models/turtlebot3_world
[1.029s] -- Up-to-date: /home/will/metr4202_ws/src/install/turtlebot3_gazebo/share/turtlebot3_gazebo//models/turtlebot3_world/model.sdf
[1.029s] -- Up-to-date: /home/will/metr4202_ws/src/install/turtlebot3_gazebo/share/turtlebot3_gazebo//models/turtlebot3_world/model.config
[1.030s] -- Up-to-date: /home/will/metr4202_ws/src/install/turtlebot3_gazebo/share/turtlebot3_gazebo//models/turtlebot3_world/model-1_4.sdf
[1.030s] -- Up-to-date: /home/will/metr4202_ws/src/install/turtlebot3_gazebo/share/turtlebot3_gazebo//models/turtlebot3_world/meshes
[1.030s] -- Up-to-date: /home/will/metr4202_ws/src/install/turtlebot3_gazebo/share/turtlebot3_gazebo//models/turtlebot3_world/meshes/hexagon.dae
[1.030s] -- Up-to-date: /home/will/metr4202_ws/src/install/turtlebot3_gazebo/share/turtlebot3_gazebo//models/turtlebot3_world/meshes/wall.dae
[1.030s] -- Up-to-date: /home/will/metr4202_ws/src/install/turtlebot3_gazebo/share/turtlebot3_gazebo//models/turtlebot3_house
[1.030s] -- Up-to-date: /home/will/metr4202_ws/src/install/turtlebot3_gazebo/share/turtlebot3_gazebo//models/turtlebot3_house/model.sdf
[1.030s] -- Up-to-date: /home/will/metr4202_ws/src/install/turtlebot3_gazebo/share/turtlebot3_gazebo//models/turtlebot3_house/model.config
[1.030s] -- Up-to-date: /home/will/metr4202_ws/src/install/turtlebot3_gazebo/share/turtlebot3_gazebo//models/turtlebot3_burger
[1.034s] -- Up-to-date: /home/will/metr4202_ws/src/install/turtlebot3_gazebo/share/turtlebot3_gazebo//models/turtlebot3_burger/model.sdf
[1.034s] -- Up-to-date: /home/will/metr4202_ws/src/install/turtlebot3_gazebo/share/turtlebot3_gazebo//models/turtlebot3_burger/model.config
[1.034s] -- Up-to-date: /home/will/metr4202_ws/src/install/turtlebot3_gazebo/share/turtlebot3_gazebo//models/turtlebot3_burger/model-1_4.sdf
[1.035s] -- Up-to-date: /home/will/metr4202_ws/src/install/turtlebot3_gazebo/share/turtlebot3_gazebo//models/turtlebot3_dqn_world
[1.035s] -- Up-to-date: /home/will/metr4202_ws/src/install/turtlebot3_gazebo/share/turtlebot3_gazebo//models/turtlebot3_dqn_world/model.sdf
[1.035s] -- Up-to-date: /home/will/metr4202_ws/src/install/turtlebot3_gazebo/share/turtlebot3_gazebo//models/turtlebot3_dqn_world/model.config
[1.035s] -- Up-to-date: /home/will/metr4202_ws/src/install/turtlebot3_gazebo/share/turtlebot3_gazebo//models/turtlebot3_dqn_world/inner_walls
[1.035s] -- Up-to-date: /home/will/metr4202_ws/src/install/turtlebot3_gazebo/share/turtlebot3_gazebo//models/turtlebot3_dqn_world/inner_walls/model.sdf
[1.035s] -- Up-to-date: /home/will/metr4202_ws/src/install/turtlebot3_gazebo/share/turtlebot3_gazebo//models/turtlebot3_dqn_world/inner_walls/model.config
[1.036s] -- Up-to-date: /home/will/metr4202_ws/src/install/turtlebot3_gazebo/share/turtlebot3_gazebo//models/turtlebot3_dqn_world/goal_box
[1.036s] -- Up-to-date: /home/will/metr4202_ws/src/install/turtlebot3_gazebo/share/turtlebot3_gazebo//models/turtlebot3_dqn_world/goal_box/model.sdf
[1.036s] -- Up-to-date: /home/will/metr4202_ws/src/install/turtlebot3_gazebo/share/turtlebot3_gazebo//models/turtlebot3_dqn_world/goal_box/model.config
[1.036s] -- Up-to-date: /home/will/metr4202_ws/src/install/turtlebot3_gazebo/share/turtlebot3_gazebo//models/turtlebot3_dqn_world/obstacle1
[1.036s] -- Up-to-date: /home/will/metr4202_ws/src/install/turtlebot3_gazebo/share/turtlebot3_gazebo//models/turtlebot3_dqn_world/obstacle1/model.sdf
[1.036s] -- Up-to-date: /home/will/metr4202_ws/src/install/turtlebot3_gazebo/share/turtlebot3_gazebo//models/turtlebot3_dqn_world/obstacle1/model.config
[1.036s] -- Up-to-date: /home/will/metr4202_ws/src/install/turtlebot3_gazebo/share/turtlebot3_gazebo//models/turtlebot3_dqn_world/obstacle2
[1.036s] -- Up-to-date: /home/will/metr4202_ws/src/install/turtlebot3_gazebo/share/turtlebot3_gazebo//models/turtlebot3_dqn_world/obstacle2/model.sdf
[1.036s] -- Up-to-date: /home/will/metr4202_ws/src/install/turtlebot3_gazebo/share/turtlebot3_gazebo//models/turtlebot3_dqn_world/obstacle2/model.config
[1.036s] -- Up-to-date: /home/will/metr4202_ws/src/install/turtlebot3_gazebo/share/turtlebot3_gazebo//models/turtlebot3_dqn_world/obstacles
[1.036s] -- Up-to-date: /home/will/metr4202_ws/src/install/turtlebot3_gazebo/share/turtlebot3_gazebo//models/turtlebot3_dqn_world/obstacles/model.sdf
[1.036s] -- Up-to-date: /home/will/metr4202_ws/src/install/turtlebot3_gazebo/share/turtlebot3_gazebo//models/turtlebot3_dqn_world/obstacles/model.config
[1.036s] -- Up-to-date: /home/will/metr4202_ws/src/install/turtlebot3_gazebo/share/turtlebot3_gazebo//models/turtlebot3_waffle_pi
[1.036s] -- Up-to-date: /home/will/metr4202_ws/src/install/turtlebot3_gazebo/share/turtlebot3_gazebo//models/turtlebot3_waffle_pi/model.sdf
[1.037s] -- Up-to-date: /home/will/metr4202_ws/src/install/turtlebot3_gazebo/share/turtlebot3_gazebo//models/turtlebot3_waffle_pi/model-1_4_.sdf
[1.037s] -- Up-to-date: /home/will/metr4202_ws/src/install/turtlebot3_gazebo/share/turtlebot3_gazebo//models/turtlebot3_waffle_pi/model.config
[1.037s] -- Up-to-date: /home/will/metr4202_ws/src/install/turtlebot3_gazebo/share/turtlebot3_gazebo//rviz
[1.037s] -- Up-to-date: /home/will/metr4202_ws/src/install/turtlebot3_gazebo/share/turtlebot3_gazebo//rviz/tb3_gazebo.rviz
[1.037s] -- Up-to-date: /home/will/metr4202_ws/src/install/turtlebot3_gazebo/share/turtlebot3_gazebo//urdf
[1.038s] -- Up-to-date: /home/will/metr4202_ws/src/install/turtlebot3_gazebo/share/turtlebot3_gazebo//urdf/turtlebot3_waffle_pi.urdf
[1.038s] -- Up-to-date: /home/will/metr4202_ws/src/install/turtlebot3_gazebo/share/turtlebot3_gazebo//urdf/turtlebot3_burger.urdf
[1.038s] -- Up-to-date: /home/will/metr4202_ws/src/install/turtlebot3_gazebo/share/turtlebot3_gazebo//urdf/turtlebot3_burger_cam.urdf
[1.039s] -- Up-to-date: /home/will/metr4202_ws/src/install/turtlebot3_gazebo/share/turtlebot3_gazebo//urdf/common_properties.urdf
[1.039s] -- Up-to-date: /home/will/metr4202_ws/src/install/turtlebot3_gazebo/share/turtlebot3_gazebo//urdf/turtlebot3_waffle.urdf
[1.039s] -- Up-to-date: /home/will/metr4202_ws/src/install/turtlebot3_gazebo/share/turtlebot3_gazebo//worlds
[1.039s] -- Up-to-date: /home/will/metr4202_ws/src/install/turtlebot3_gazebo/share/turtlebot3_gazebo//worlds/turtlebot3_autorace_2020.world
[1.039s] -- Up-to-date: /home/will/metr4202_ws/src/install/turtlebot3_gazebo/share/turtlebot3_gazebo//worlds/turtlebot3_dqn_stage4.world
[1.039s] -- Up-to-date: /home/will/metr4202_ws/src/install/turtlebot3_gazebo/share/turtlebot3_gazebo//worlds/turtlebot3_dqn_stage1.world
[1.039s] -- Up-to-date: /home/will/metr4202_ws/src/install/turtlebot3_gazebo/share/turtlebot3_gazebo//worlds/turtlebot3_house.world
[1.039s] -- Up-to-date: /home/will/metr4202_ws/src/install/turtlebot3_gazebo/share/turtlebot3_gazebo//worlds/turtlebot3_dqn_stage3.world
[1.039s] -- Up-to-date: /home/will/metr4202_ws/src/install/turtlebot3_gazebo/share/turtlebot3_gazebo//worlds/turtlebot3_dqn_stage2.world
[1.039s] -- Up-to-date: /home/will/metr4202_ws/src/install/turtlebot3_gazebo/share/turtlebot3_gazebo//worlds/empty_world.world
[1.039s] -- Up-to-date: /home/will/metr4202_ws/src/install/turtlebot3_gazebo/share/turtlebot3_gazebo//worlds/turtlebot3_world.world
[1.039s] -- Up-to-date: /home/will/metr4202_ws/src/install/turtlebot3_gazebo/include/
[1.040s] -- Up-to-date: /home/will/metr4202_ws/src/install/turtlebot3_gazebo/include//turtlebot3_gazebo
[1.040s] -- Up-to-date: /home/will/metr4202_ws/src/install/turtlebot3_gazebo/include//turtlebot3_gazebo/traffic_bar_plugin.hpp
[1.040s] -- Up-to-date: /home/will/metr4202_ws/src/install/turtlebot3_gazebo/include//turtlebot3_gazebo/obstacle1.hpp
[1.041s] -- Up-to-date: /home/will/metr4202_ws/src/install/turtlebot3_gazebo/include//turtlebot3_gazebo/obstacles.hpp
[1.041s] -- Up-to-date: /home/will/metr4202_ws/src/install/turtlebot3_gazebo/include//turtlebot3_gazebo/obstacle2.hpp
[1.041s] -- Up-to-date: /home/will/metr4202_ws/src/install/turtlebot3_gazebo/include//turtlebot3_gazebo/traffic_light_plugin.hpp
[1.041s] -- Up-to-date: /home/will/metr4202_ws/src/install/turtlebot3_gazebo/include//turtlebot3_gazebo/turtlebot3_drive.hpp
[1.041s] -- Up-to-date: /home/will/metr4202_ws/src/install/turtlebot3_gazebo/share/ament_index/resource_index/package_run_dependencies/turtlebot3_gazebo
[1.041s] -- Up-to-date: /home/will/metr4202_ws/src/install/turtlebot3_gazebo/share/ament_index/resource_index/parent_prefix_path/turtlebot3_gazebo
[1.041s] -- Up-to-date: /home/will/metr4202_ws/src/install/turtlebot3_gazebo/share/turtlebot3_gazebo/environment/ament_prefix_path.sh
[1.041s] -- Up-to-date: /home/will/metr4202_ws/src/install/turtlebot3_gazebo/share/turtlebot3_gazebo/environment/ament_prefix_path.dsv
[1.042s] -- Up-to-date: /home/will/metr4202_ws/src/install/turtlebot3_gazebo/share/turtlebot3_gazebo/environment/path.sh
[1.042s] -- Up-to-date: /home/will/metr4202_ws/src/install/turtlebot3_gazebo/share/turtlebot3_gazebo/environment/path.dsv
[1.042s] -- Up-to-date: /home/will/metr4202_ws/src/install/turtlebot3_gazebo/share/turtlebot3_gazebo/local_setup.bash
[1.042s] -- Up-to-date: /home/will/metr4202_ws/src/install/turtlebot3_gazebo/share/turtlebot3_gazebo/local_setup.sh
[1.042s] -- Up-to-date: /home/will/metr4202_ws/src/install/turtlebot3_gazebo/share/turtlebot3_gazebo/local_setup.zsh
[1.042s] -- Up-to-date: /home/will/metr4202_ws/src/install/turtlebot3_gazebo/share/turtlebot3_gazebo/local_setup.dsv
[1.042s] -- Installing: /home/will/metr4202_ws/src/install/turtlebot3_gazebo/share/turtlebot3_gazebo/package.dsv
[1.043s] -- Up-to-date: /home/will/metr4202_ws/src/install/turtlebot3_gazebo/share/ament_index/resource_index/packages/turtlebot3_gazebo
[1.043s] -- Up-to-date: /home/will/metr4202_ws/src/install/turtlebot3_gazebo/share/turtlebot3_gazebo/cmake/ament_cmake_export_include_directories-extras.cmake
[1.043s] -- Up-to-date: /home/will/metr4202_ws/src/install/turtlebot3_gazebo/share/turtlebot3_gazebo/cmake/ament_cmake_export_dependencies-extras.cmake
[1.043s] -- Up-to-date: /home/will/metr4202_ws/src/install/turtlebot3_gazebo/share/turtlebot3_gazebo/cmake/turtlebot3_gazeboConfig.cmake
[1.043s] -- Up-to-date: /home/will/metr4202_ws/src/install/turtlebot3_gazebo/share/turtlebot3_gazebo/cmake/turtlebot3_gazeboConfig-version.cmake
[1.043s] -- Up-to-date: /home/will/metr4202_ws/src/install/turtlebot3_gazebo/share/turtlebot3_gazebo/package.xml
[1.095s] Invoked command in '/home/will/metr4202_ws/src/build/turtlebot3_gazebo' returned '0': CMAKE_PREFIX_PATH=${CMAKE_PREFIX_PATH}:/home/will/metr4202_ws/install/waypoint_commander:/home/will/metr4202_ws/install/turtlebot3_teleop:/home/will/metr4202_ws/install/turtlebot3_example:/home/will/metr4202_ws/install/my_world_launcher:/home/will/metr4202_ws/install/m4202_py_pkg:/home/will/metr4202_ws/install/aruco_detector:/home/will/install/waypoint_commander:/home/will/install/turtlebot3_teleop:/home/will/install/turtlebot3_example:/home/will/install/my_world_launcher:/home/will/install/m4202_py_pkg:/home/will/install/aruco_detector:/opt/ros/humble /usr/bin/cmake --install /home/will/metr4202_ws/src/build/turtlebot3_gazebo
