running egg_info
creating ../build/my_world_launcher/my_world_launcher.egg-info
writing ../build/my_world_launcher/my_world_launcher.egg-info/PKG-INFO
writing dependency_links to ../build/my_world_launcher/my_world_launcher.egg-info/dependency_links.txt
writing entry points to ../build/my_world_launcher/my_world_launcher.egg-info/entry_points.txt
writing requirements to ../build/my_world_launcher/my_world_launcher.egg-info/requires.txt
writing top-level names to ../build/my_world_launcher/my_world_launcher.egg-info/top_level.txt
writing manifest file '../build/my_world_launcher/my_world_launcher.egg-info/SOURCES.txt'
reading manifest file '../build/my_world_launcher/my_world_launcher.egg-info/SOURCES.txt'
writing manifest file '../build/my_world_launcher/my_world_launcher.egg-info/SOURCES.txt'
running build
running build_py
creating /home/will/metr4202_ws/src/build/my_world_launcher/build
creating /home/will/metr4202_ws/src/build/my_world_launcher/build/lib
creating /home/will/metr4202_ws/src/build/my_world_launcher/build/lib/my_world_launcher
copying my_world_launcher/__init__.py -> /home/will/metr4202_ws/src/build/my_world_launcher/build/lib/my_world_launcher
running install
running install_lib
creating /home/will/metr4202_ws/src/install/my_world_launcher/lib/python3.10/site-packages/my_world_launcher
copying /home/will/metr4202_ws/src/build/my_world_launcher/build/lib/my_world_launcher/__init__.py -> /home/will/metr4202_ws/src/install/my_world_launcher/lib/python3.10/site-packages/my_world_launcher
byte-compiling /home/will/metr4202_ws/src/install/my_world_launcher/lib/python3.10/site-packages/my_world_launcher/__init__.py to __init__.cpython-310.pyc
running install_data
creating /home/will/metr4202_ws/src/install/my_world_launcher/share/ament_index
creating /home/will/metr4202_ws/src/install/my_world_launcher/share/ament_index/resource_index
creating /home/will/metr4202_ws/src/install/my_world_launcher/share/ament_index/resource_index/packages
copying resource/my_world_launcher -> /home/will/metr4202_ws/src/install/my_world_launcher/share/ament_index/resource_index/packages
copying package.xml -> /home/will/metr4202_ws/src/install/my_world_launcher/share/my_world_launcher
creating /home/will/metr4202_ws/src/install/my_world_launcher/share/my_world_launcher/launch
copying launch/test_world.launch.py -> /home/will/metr4202_ws/src/install/my_world_launcher/share/my_world_launcher/launch
creating /home/will/metr4202_ws/src/install/my_world_launcher/share/my_world_launcher/worlds
copying worlds/testworld.world -> /home/will/metr4202_ws/src/install/my_world_launcher/share/my_world_launcher/worlds
running install_egg_info
Copying ../build/my_world_launcher/my_world_launcher.egg-info to /home/will/metr4202_ws/src/install/my_world_launcher/lib/python3.10/site-packages/my_world_launcher-0.0.0-py3.10.egg-info
running install_scripts
writing list of installed files to '/home/will/metr4202_ws/src/build/my_world_launcher/install.log'
