[1.352s] Invoking command in '/home/will/metr4202_ws/src/my_world_launcher': PYTHONPATH=/home/will/metr4202_ws/src/build/my_world_launcher/prefix_override:/usr/lib/python3/dist-packages/colcon_core/task/python/colcon_distutils_commands:/home/will/metr4202_ws/src/install/my_world_launcher/lib/python3.10/site-packages:${PYTHONPATH} /usr/bin/python3 -W ignore:setup.py install is deprecated -W ignore:easy_install command is deprecated setup.py egg_info --egg-base ../build/my_world_launcher build --build-base /home/will/metr4202_ws/src/build/my_world_launcher/build install --record /home/will/metr4202_ws/src/build/my_world_launcher/install.log --single-version-externally-managed install_data
[1.521s] running egg_info
[1.522s] creating ../build/my_world_launcher/my_world_launcher.egg-info
[1.522s] writing ../build/my_world_launcher/my_world_launcher.egg-info/PKG-INFO
[1.522s] writing dependency_links to ../build/my_world_launcher/my_world_launcher.egg-info/dependency_links.txt
[1.522s] writing entry points to ../build/my_world_launcher/my_world_launcher.egg-info/entry_points.txt
[1.523s] writing requirements to ../build/my_world_launcher/my_world_launcher.egg-info/requires.txt
[1.523s] writing top-level names to ../build/my_world_launcher/my_world_launcher.egg-info/top_level.txt
[1.523s] writing manifest file '../build/my_world_launcher/my_world_launcher.egg-info/SOURCES.txt'
[1.524s] reading manifest file '../build/my_world_launcher/my_world_launcher.egg-info/SOURCES.txt'
[1.524s] writing manifest file '../build/my_world_launcher/my_world_launcher.egg-info/SOURCES.txt'
[1.524s] running build
[1.524s] running build_py
[1.524s] creating /home/will/metr4202_ws/src/build/my_world_launcher/build
[1.524s] creating /home/will/metr4202_ws/src/build/my_world_launcher/build/lib
[1.525s] creating /home/will/metr4202_ws/src/build/my_world_launcher/build/lib/my_world_launcher
[1.525s] copying my_world_launcher/__init__.py -> /home/will/metr4202_ws/src/build/my_world_launcher/build/lib/my_world_launcher
[1.525s] running install
[1.525s] running install_lib
[1.526s] creating /home/will/metr4202_ws/src/install/my_world_launcher/lib/python3.10/site-packages/my_world_launcher
[1.526s] copying /home/will/metr4202_ws/src/build/my_world_launcher/build/lib/my_world_launcher/__init__.py -> /home/will/metr4202_ws/src/install/my_world_launcher/lib/python3.10/site-packages/my_world_launcher
[1.526s] byte-compiling /home/will/metr4202_ws/src/install/my_world_launcher/lib/python3.10/site-packages/my_world_launcher/__init__.py to __init__.cpython-310.pyc
[1.526s] running install_data
[1.527s] creating /home/will/metr4202_ws/src/install/my_world_launcher/share/ament_index
[1.527s] creating /home/will/metr4202_ws/src/install/my_world_launcher/share/ament_index/resource_index
[1.527s] creating /home/will/metr4202_ws/src/install/my_world_launcher/share/ament_index/resource_index/packages
[1.527s] copying resource/my_world_launcher -> /home/will/metr4202_ws/src/install/my_world_launcher/share/ament_index/resource_index/packages
[1.527s] copying package.xml -> /home/will/metr4202_ws/src/install/my_world_launcher/share/my_world_launcher
[1.527s] creating /home/will/metr4202_ws/src/install/my_world_launcher/share/my_world_launcher/launch
[1.527s] copying launch/test_world.launch.py -> /home/will/metr4202_ws/src/install/my_world_launcher/share/my_world_launcher/launch
[1.527s] creating /home/will/metr4202_ws/src/install/my_world_launcher/share/my_world_launcher/worlds
[1.528s] copying worlds/testworld.world -> /home/will/metr4202_ws/src/install/my_world_launcher/share/my_world_launcher/worlds
[1.528s] running install_egg_info
[1.529s] Copying ../build/my_world_launcher/my_world_launcher.egg-info to /home/will/metr4202_ws/src/install/my_world_launcher/lib/python3.10/site-packages/my_world_launcher-0.0.0-py3.10.egg-info
[1.530s] running install_scripts
[1.549s] writing list of installed files to '/home/will/metr4202_ws/src/build/my_world_launcher/install.log'
[1.570s] Invoked command in '/home/will/metr4202_ws/src/my_world_launcher' returned '0': PYTHONPATH=/home/will/metr4202_ws/src/build/my_world_launcher/prefix_override:/usr/lib/python3/dist-packages/colcon_core/task/python/colcon_distutils_commands:/home/will/metr4202_ws/src/install/my_world_launcher/lib/python3.10/site-packages:${PYTHONPATH} /usr/bin/python3 -W ignore:setup.py install is deprecated -W ignore:easy_install command is deprecated setup.py egg_info --egg-base ../build/my_world_launcher build --build-base /home/will/metr4202_ws/src/build/my_world_launcher/build install --record /home/will/metr4202_ws/src/build/my_world_launcher/install.log --single-version-externally-managed install_data
