[0.149s] Invoking command in '/home/will/metr4202_ws/src/build/dynamixel_sdk_examples': AMENT_PREFIX_PATH=/home/will/metr4202_ws/src/install/dynamixel_sdk_custom_interfaces:/home/will/metr4202_ws/src/install/dynamixel_sdk:${AMENT_PREFIX_PATH} CMAKE_PREFIX_PATH=/home/will/metr4202_ws/src/install/dynamixel_sdk_custom_interfaces:/home/will/metr4202_ws/src/install/dynamixel_sdk:/home/will/metr4202_ws/install/turtlebot3:/home/will/metr4202_ws/install/turtlebot3_simulations:/home/will/metr4202_ws/install/turtlebot3_bringup:/home/will/metr4202_ws/install/turtlebot3_node:/home/will/metr4202_ws/install/turtlebot3_navigation2:/home/will/metr4202_ws/install/turtlebot3_fake_node:/home/will/metr4202_ws/install/turtlebot3_msgs:/home/will/metr4202_ws/install/turtlebot3_manipulation_gazebo:/home/will/metr4202_ws/install/turtlebot3_gazebo:/home/will/metr4202_ws/install/turtlebot3_description:/home/will/metr4202_ws/install/turtlebot3_cartographer:/home/will/metr4202_ws/install/dynamixel_sdk_examples:/home/will/metr4202_ws/install/dynamixel_sdk_custom_interfaces:/home/will/metr4202_ws/install/dynamixel_sdk:/home/will/metr4202_ws/install/waypoint_commander:/home/will/metr4202_ws/install/turtlebot3_teleop:/home/will/metr4202_ws/install/turtlebot3_example:/home/will/metr4202_ws/install/m4202_py_pkg:/opt/ros/humble LD_LIBRARY_PATH=/home/will/metr4202_ws/src/install/dynamixel_sdk_custom_interfaces/lib:/home/will/metr4202_ws/src/install/dynamixel_sdk/lib:/home/will/metr4202_ws/install/turtlebot3_msgs/lib:/home/will/metr4202_ws/install/dynamixel_sdk_custom_interfaces/lib:/home/will/metr4202_ws/install/dynamixel_sdk/lib:/usr/lib/x86_64-linux-gnu/gazebo-11/plugins:/opt/ros/humble/opt/rviz_ogre_vendor/lib:/opt/ros/humble/lib/x86_64-linux-gnu:/opt/ros/humble/lib:/usr/lib/x86_64-linux-gnu/gazebo-11/plugins PYTHONPATH=/home/will/metr4202_ws/src/install/dynamixel_sdk_custom_interfaces/local/lib/python3.10/dist-packages:/home/will/metr4202_ws/src/install/dynamixel_sdk/local/lib/python3.10/dist-packages:${PYTHONPATH} /usr/bin/cmake /home/will/metr4202_ws/src/DynamixelSDK/ros/dynamixel_sdk_examples -DCMAKE_INSTALL_PREFIX=/home/will/metr4202_ws/src/install/dynamixel_sdk_examples
[0.247s] -- The C compiler identification is GNU 11.4.0
[0.481s] -- The CXX compiler identification is GNU 11.4.0
[0.634s] -- Detecting C compiler ABI info
[0.705s] -- Detecting C compiler ABI info - done
[0.709s] -- Check for working C compiler: /usr/bin/cc - skipped
[0.709s] -- Detecting C compile features
[0.709s] -- Detecting C compile features - done
[0.711s] -- Detecting CXX compiler ABI info
[0.795s] -- Detecting CXX compiler ABI info - done
[0.799s] -- Check for working CXX compiler: /usr/bin/c++ - skipped
[0.800s] -- Detecting CXX compile features
[0.800s] -- Detecting CXX compile features - done
[0.802s] -- Found ament_cmake: 1.3.12 (/opt/ros/humble/share/ament_cmake/cmake)
[0.906s] -- Found Python3: /usr/bin/python3 (found version "3.10.12") found components: Interpreter 
[0.975s] -- Found dynamixel_sdk: 3.8.4 (/home/will/metr4202_ws/src/install/dynamixel_sdk/share/dynamixel_sdk/cmake)
[0.976s] -- Found dynamixel_sdk_custom_interfaces: 3.8.4 (/home/will/metr4202_ws/src/install/dynamixel_sdk_custom_interfaces/share/dynamixel_sdk_custom_interfaces/cmake)
[1.058s] -- Found rosidl_generator_c: 3.1.7 (/opt/ros/humble/share/rosidl_generator_c/cmake)
[1.062s] -- Found rosidl_adapter: 3.1.7 (/opt/ros/humble/share/rosidl_adapter/cmake)
[1.068s] -- Found rosidl_generator_cpp: 3.1.7 (/opt/ros/humble/share/rosidl_generator_cpp/cmake)
[1.076s] -- Using all available rosidl_typesupport_c: rosidl_typesupport_fastrtps_c;rosidl_typesupport_introspection_c
[1.088s] -- Using all available rosidl_typesupport_cpp: rosidl_typesupport_fastrtps_cpp;rosidl_typesupport_introspection_cpp
[1.108s] -- Found rclcpp: 16.0.15 (/opt/ros/humble/share/rclcpp/cmake)
[1.155s] -- Found rmw_implementation_cmake: 6.1.2 (/opt/ros/humble/share/rmw_implementation_cmake/cmake)
[1.159s] -- Found rmw_fastrtps_cpp: 6.2.8 (/opt/ros/humble/share/rmw_fastrtps_cpp/cmake)
[1.962s] -- Found OpenSSL: /usr/lib/x86_64-linux-gnu/libcrypto.so (found version "3.0.2")  
[2.796s] -- Found FastRTPS: /opt/ros/humble/include  
[4.107s] -- Using RMW implementation 'rmw_fastrtps_cpp' as default
[4.118s] -- Looking for pthread.h
[4.198s] -- Looking for pthread.h - found
[4.199s] -- Performing Test CMAKE_HAVE_LIBC_PTHREAD
[4.275s] -- Performing Test CMAKE_HAVE_LIBC_PTHREAD - Success
[4.275s] -- Found Threads: TRUE  
[4.329s] -- Found rclpy: 3.3.17 (/opt/ros/humble/share/rclpy/cmake)
[4.331s] -- Found ament_lint_auto: 0.12.14 (/opt/ros/humble/share/ament_lint_auto/cmake)
[4.399s] -- Added test 'copyright' to check source files copyright and LICENSE
[4.400s] -- Added test 'cppcheck' to perform static code analysis on C / C++ code
[4.400s] -- Configured cppcheck include dirs: /home/will/metr4202_ws/src/DynamixelSDK/ros/dynamixel_sdk_examples/include
[4.400s] -- Configured cppcheck exclude dirs and/or files: 
[4.401s] -- Added test 'cpplint' to check C / C++ code against the Google style
[4.401s] -- Configured cpplint exclude dirs and/or files: 
[4.402s] -- Added test 'flake8' to check Python code syntax and style conventions
[4.403s] -- Added test 'lint_cmake' to check CMake code style
[4.404s] -- Added test 'pep257' to check Python code against some of the docstring style conventions in PEP 257
[4.405s] -- Added test 'uncrustify' to check C / C++ code style
[4.405s] -- Configured uncrustify additional arguments: 
[4.406s] -- Added test 'xmllint' to check XML markup files
[4.407s] -- Configuring done
[4.416s] -- Generating done
[4.418s] -- Build files have been written to: /home/will/metr4202_ws/src/build/dynamixel_sdk_examples
[4.428s] Invoked command in '/home/will/metr4202_ws/src/build/dynamixel_sdk_examples' returned '0': AMENT_PREFIX_PATH=/home/will/metr4202_ws/src/install/dynamixel_sdk_custom_interfaces:/home/will/metr4202_ws/src/install/dynamixel_sdk:${AMENT_PREFIX_PATH} CMAKE_PREFIX_PATH=/home/will/metr4202_ws/src/install/dynamixel_sdk_custom_interfaces:/home/will/metr4202_ws/src/install/dynamixel_sdk:/home/will/metr4202_ws/install/turtlebot3:/home/will/metr4202_ws/install/turtlebot3_simulations:/home/will/metr4202_ws/install/turtlebot3_bringup:/home/will/metr4202_ws/install/turtlebot3_node:/home/will/metr4202_ws/install/turtlebot3_navigation2:/home/will/metr4202_ws/install/turtlebot3_fake_node:/home/will/metr4202_ws/install/turtlebot3_msgs:/home/will/metr4202_ws/install/turtlebot3_manipulation_gazebo:/home/will/metr4202_ws/install/turtlebot3_gazebo:/home/will/metr4202_ws/install/turtlebot3_description:/home/will/metr4202_ws/install/turtlebot3_cartographer:/home/will/metr4202_ws/install/dynamixel_sdk_examples:/home/will/metr4202_ws/install/dynamixel_sdk_custom_interfaces:/home/will/metr4202_ws/install/dynamixel_sdk:/home/will/metr4202_ws/install/waypoint_commander:/home/will/metr4202_ws/install/turtlebot3_teleop:/home/will/metr4202_ws/install/turtlebot3_example:/home/will/metr4202_ws/install/m4202_py_pkg:/opt/ros/humble LD_LIBRARY_PATH=/home/will/metr4202_ws/src/install/dynamixel_sdk_custom_interfaces/lib:/home/will/metr4202_ws/src/install/dynamixel_sdk/lib:/home/will/metr4202_ws/install/turtlebot3_msgs/lib:/home/will/metr4202_ws/install/dynamixel_sdk_custom_interfaces/lib:/home/will/metr4202_ws/install/dynamixel_sdk/lib:/usr/lib/x86_64-linux-gnu/gazebo-11/plugins:/opt/ros/humble/opt/rviz_ogre_vendor/lib:/opt/ros/humble/lib/x86_64-linux-gnu:/opt/ros/humble/lib:/usr/lib/x86_64-linux-gnu/gazebo-11/plugins PYTHONPATH=/home/will/metr4202_ws/src/install/dynamixel_sdk_custom_interfaces/local/lib/python3.10/dist-packages:/home/will/metr4202_ws/src/install/dynamixel_sdk/local/lib/python3.10/dist-packages:${PYTHONPATH} /usr/bin/cmake /home/will/metr4202_ws/src/DynamixelSDK/ros/dynamixel_sdk_examples -DCMAKE_INSTALL_PREFIX=/home/will/metr4202_ws/src/install/dynamixel_sdk_examples
[4.429s] Invoking command in '/home/will/metr4202_ws/src/build/dynamixel_sdk_examples': AMENT_PREFIX_PATH=/home/will/metr4202_ws/src/install/dynamixel_sdk_custom_interfaces:/home/will/metr4202_ws/src/install/dynamixel_sdk:${AMENT_PREFIX_PATH} CMAKE_PREFIX_PATH=/home/will/metr4202_ws/src/install/dynamixel_sdk_custom_interfaces:/home/will/metr4202_ws/src/install/dynamixel_sdk:/home/will/metr4202_ws/install/turtlebot3:/home/will/metr4202_ws/install/turtlebot3_simulations:/home/will/metr4202_ws/install/turtlebot3_bringup:/home/will/metr4202_ws/install/turtlebot3_node:/home/will/metr4202_ws/install/turtlebot3_navigation2:/home/will/metr4202_ws/install/turtlebot3_fake_node:/home/will/metr4202_ws/install/turtlebot3_msgs:/home/will/metr4202_ws/install/turtlebot3_manipulation_gazebo:/home/will/metr4202_ws/install/turtlebot3_gazebo:/home/will/metr4202_ws/install/turtlebot3_description:/home/will/metr4202_ws/install/turtlebot3_cartographer:/home/will/metr4202_ws/install/dynamixel_sdk_examples:/home/will/metr4202_ws/install/dynamixel_sdk_custom_interfaces:/home/will/metr4202_ws/install/dynamixel_sdk:/home/will/metr4202_ws/install/waypoint_commander:/home/will/metr4202_ws/install/turtlebot3_teleop:/home/will/metr4202_ws/install/turtlebot3_example:/home/will/metr4202_ws/install/m4202_py_pkg:/opt/ros/humble LD_LIBRARY_PATH=/home/will/metr4202_ws/src/install/dynamixel_sdk_custom_interfaces/lib:/home/will/metr4202_ws/src/install/dynamixel_sdk/lib:/home/will/metr4202_ws/install/turtlebot3_msgs/lib:/home/will/metr4202_ws/install/dynamixel_sdk_custom_interfaces/lib:/home/will/metr4202_ws/install/dynamixel_sdk/lib:/usr/lib/x86_64-linux-gnu/gazebo-11/plugins:/opt/ros/humble/opt/rviz_ogre_vendor/lib:/opt/ros/humble/lib/x86_64-linux-gnu:/opt/ros/humble/lib:/usr/lib/x86_64-linux-gnu/gazebo-11/plugins PYTHONPATH=/home/will/metr4202_ws/src/install/dynamixel_sdk_custom_interfaces/local/lib/python3.10/dist-packages:/home/will/metr4202_ws/src/install/dynamixel_sdk/local/lib/python3.10/dist-packages:${PYTHONPATH} /usr/bin/cmake --build /home/will/metr4202_ws/src/build/dynamixel_sdk_examples -- -j20 -l20
[4.470s] [ 50%] [32mBuilding CXX object CMakeFiles/read_write_node.dir/src/read_write_node.cpp.o[0m
[11.623s] [100%] [32m[1mLinking CXX executable read_write_node[0m
[11.930s] [100%] Built target read_write_node
[11.938s] Invoked command in '/home/will/metr4202_ws/src/build/dynamixel_sdk_examples' returned '0': AMENT_PREFIX_PATH=/home/will/metr4202_ws/src/install/dynamixel_sdk_custom_interfaces:/home/will/metr4202_ws/src/install/dynamixel_sdk:${AMENT_PREFIX_PATH} CMAKE_PREFIX_PATH=/home/will/metr4202_ws/src/install/dynamixel_sdk_custom_interfaces:/home/will/metr4202_ws/src/install/dynamixel_sdk:/home/will/metr4202_ws/install/turtlebot3:/home/will/metr4202_ws/install/turtlebot3_simulations:/home/will/metr4202_ws/install/turtlebot3_bringup:/home/will/metr4202_ws/install/turtlebot3_node:/home/will/metr4202_ws/install/turtlebot3_navigation2:/home/will/metr4202_ws/install/turtlebot3_fake_node:/home/will/metr4202_ws/install/turtlebot3_msgs:/home/will/metr4202_ws/install/turtlebot3_manipulation_gazebo:/home/will/metr4202_ws/install/turtlebot3_gazebo:/home/will/metr4202_ws/install/turtlebot3_description:/home/will/metr4202_ws/install/turtlebot3_cartographer:/home/will/metr4202_ws/install/dynamixel_sdk_examples:/home/will/metr4202_ws/install/dynamixel_sdk_custom_interfaces:/home/will/metr4202_ws/install/dynamixel_sdk:/home/will/metr4202_ws/install/waypoint_commander:/home/will/metr4202_ws/install/turtlebot3_teleop:/home/will/metr4202_ws/install/turtlebot3_example:/home/will/metr4202_ws/install/m4202_py_pkg:/opt/ros/humble LD_LIBRARY_PATH=/home/will/metr4202_ws/src/install/dynamixel_sdk_custom_interfaces/lib:/home/will/metr4202_ws/src/install/dynamixel_sdk/lib:/home/will/metr4202_ws/install/turtlebot3_msgs/lib:/home/will/metr4202_ws/install/dynamixel_sdk_custom_interfaces/lib:/home/will/metr4202_ws/install/dynamixel_sdk/lib:/usr/lib/x86_64-linux-gnu/gazebo-11/plugins:/opt/ros/humble/opt/rviz_ogre_vendor/lib:/opt/ros/humble/lib/x86_64-linux-gnu:/opt/ros/humble/lib:/usr/lib/x86_64-linux-gnu/gazebo-11/plugins PYTHONPATH=/home/will/metr4202_ws/src/install/dynamixel_sdk_custom_interfaces/local/lib/python3.10/dist-packages:/home/will/metr4202_ws/src/install/dynamixel_sdk/local/lib/python3.10/dist-packages:${PYTHONPATH} /usr/bin/cmake --build /home/will/metr4202_ws/src/build/dynamixel_sdk_examples -- -j20 -l20
[11.939s] Invoking command in '/home/will/metr4202_ws/src/build/dynamixel_sdk_examples': AMENT_PREFIX_PATH=/home/will/metr4202_ws/src/install/dynamixel_sdk_custom_interfaces:/home/will/metr4202_ws/src/install/dynamixel_sdk:${AMENT_PREFIX_PATH} CMAKE_PREFIX_PATH=/home/will/metr4202_ws/src/install/dynamixel_sdk_custom_interfaces:/home/will/metr4202_ws/src/install/dynamixel_sdk:/home/will/metr4202_ws/install/turtlebot3:/home/will/metr4202_ws/install/turtlebot3_simulations:/home/will/metr4202_ws/install/turtlebot3_bringup:/home/will/metr4202_ws/install/turtlebot3_node:/home/will/metr4202_ws/install/turtlebot3_navigation2:/home/will/metr4202_ws/install/turtlebot3_fake_node:/home/will/metr4202_ws/install/turtlebot3_msgs:/home/will/metr4202_ws/install/turtlebot3_manipulation_gazebo:/home/will/metr4202_ws/install/turtlebot3_gazebo:/home/will/metr4202_ws/install/turtlebot3_description:/home/will/metr4202_ws/install/turtlebot3_cartographer:/home/will/metr4202_ws/install/dynamixel_sdk_examples:/home/will/metr4202_ws/install/dynamixel_sdk_custom_interfaces:/home/will/metr4202_ws/install/dynamixel_sdk:/home/will/metr4202_ws/install/waypoint_commander:/home/will/metr4202_ws/install/turtlebot3_teleop:/home/will/metr4202_ws/install/turtlebot3_example:/home/will/metr4202_ws/install/m4202_py_pkg:/opt/ros/humble LD_LIBRARY_PATH=/home/will/metr4202_ws/src/install/dynamixel_sdk_custom_interfaces/lib:/home/will/metr4202_ws/src/install/dynamixel_sdk/lib:/home/will/metr4202_ws/install/turtlebot3_msgs/lib:/home/will/metr4202_ws/install/dynamixel_sdk_custom_interfaces/lib:/home/will/metr4202_ws/install/dynamixel_sdk/lib:/usr/lib/x86_64-linux-gnu/gazebo-11/plugins:/opt/ros/humble/opt/rviz_ogre_vendor/lib:/opt/ros/humble/lib/x86_64-linux-gnu:/opt/ros/humble/lib:/usr/lib/x86_64-linux-gnu/gazebo-11/plugins PYTHONPATH=/home/will/metr4202_ws/src/install/dynamixel_sdk_custom_interfaces/local/lib/python3.10/dist-packages:/home/will/metr4202_ws/src/install/dynamixel_sdk/local/lib/python3.10/dist-packages:${PYTHONPATH} /usr/bin/cmake --install /home/will/metr4202_ws/src/build/dynamixel_sdk_examples
[11.943s] -- Install configuration: ""
[11.944s] -- Installing: /home/will/metr4202_ws/src/install/dynamixel_sdk_examples/lib/dynamixel_sdk_examples/read_write_node
[11.946s] -- Set runtime path of "/home/will/metr4202_ws/src/install/dynamixel_sdk_examples/lib/dynamixel_sdk_examples/read_write_node" to ""
[11.946s] -- Installing: /home/will/metr4202_ws/src/install/dynamixel_sdk_examples/lib/dynamixel_sdk_examples/read_write_node.py
[11.946s] -- Installing: /home/will/metr4202_ws/src/install/dynamixel_sdk_examples/share/ament_index/resource_index/package_run_dependencies/dynamixel_sdk_examples
[11.947s] -- Installing: /home/will/metr4202_ws/src/install/dynamixel_sdk_examples/share/ament_index/resource_index/parent_prefix_path/dynamixel_sdk_examples
[11.947s] -- Installing: /home/will/metr4202_ws/src/install/dynamixel_sdk_examples/share/dynamixel_sdk_examples/environment/ament_prefix_path.sh
[11.947s] -- Installing: /home/will/metr4202_ws/src/install/dynamixel_sdk_examples/share/dynamixel_sdk_examples/environment/ament_prefix_path.dsv
[11.947s] -- Installing: /home/will/metr4202_ws/src/install/dynamixel_sdk_examples/share/dynamixel_sdk_examples/environment/path.sh
[11.947s] -- Installing: /home/will/metr4202_ws/src/install/dynamixel_sdk_examples/share/dynamixel_sdk_examples/environment/path.dsv
[11.947s] -- Installing: /home/will/metr4202_ws/src/install/dynamixel_sdk_examples/share/dynamixel_sdk_examples/local_setup.bash
[11.947s] -- Installing: /home/will/metr4202_ws/src/install/dynamixel_sdk_examples/share/dynamixel_sdk_examples/local_setup.sh
[11.947s] -- Installing: /home/will/metr4202_ws/src/install/dynamixel_sdk_examples/share/dynamixel_sdk_examples/local_setup.zsh
[11.947s] -- Installing: /home/will/metr4202_ws/src/install/dynamixel_sdk_examples/share/dynamixel_sdk_examples/local_setup.dsv
[11.948s] -- Installing: /home/will/metr4202_ws/src/install/dynamixel_sdk_examples/share/dynamixel_sdk_examples/package.dsv
[11.948s] -- Installing: /home/will/metr4202_ws/src/install/dynamixel_sdk_examples/share/ament_index/resource_index/packages/dynamixel_sdk_examples
[11.948s] -- Installing: /home/will/metr4202_ws/src/install/dynamixel_sdk_examples/share/dynamixel_sdk_examples/cmake/dynamixel_sdk_examplesConfig.cmake
[11.948s] -- Installing: /home/will/metr4202_ws/src/install/dynamixel_sdk_examples/share/dynamixel_sdk_examples/cmake/dynamixel_sdk_examplesConfig-version.cmake
[11.948s] -- Installing: /home/will/metr4202_ws/src/install/dynamixel_sdk_examples/share/dynamixel_sdk_examples/package.xml
[11.950s] Invoked command in '/home/will/metr4202_ws/src/build/dynamixel_sdk_examples' returned '0': AMENT_PREFIX_PATH=/home/will/metr4202_ws/src/install/dynamixel_sdk_custom_interfaces:/home/will/metr4202_ws/src/install/dynamixel_sdk:${AMENT_PREFIX_PATH} CMAKE_PREFIX_PATH=/home/will/metr4202_ws/src/install/dynamixel_sdk_custom_interfaces:/home/will/metr4202_ws/src/install/dynamixel_sdk:/home/will/metr4202_ws/install/turtlebot3:/home/will/metr4202_ws/install/turtlebot3_simulations:/home/will/metr4202_ws/install/turtlebot3_bringup:/home/will/metr4202_ws/install/turtlebot3_node:/home/will/metr4202_ws/install/turtlebot3_navigation2:/home/will/metr4202_ws/install/turtlebot3_fake_node:/home/will/metr4202_ws/install/turtlebot3_msgs:/home/will/metr4202_ws/install/turtlebot3_manipulation_gazebo:/home/will/metr4202_ws/install/turtlebot3_gazebo:/home/will/metr4202_ws/install/turtlebot3_description:/home/will/metr4202_ws/install/turtlebot3_cartographer:/home/will/metr4202_ws/install/dynamixel_sdk_examples:/home/will/metr4202_ws/install/dynamixel_sdk_custom_interfaces:/home/will/metr4202_ws/install/dynamixel_sdk:/home/will/metr4202_ws/install/waypoint_commander:/home/will/metr4202_ws/install/turtlebot3_teleop:/home/will/metr4202_ws/install/turtlebot3_example:/home/will/metr4202_ws/install/m4202_py_pkg:/opt/ros/humble LD_LIBRARY_PATH=/home/will/metr4202_ws/src/install/dynamixel_sdk_custom_interfaces/lib:/home/will/metr4202_ws/src/install/dynamixel_sdk/lib:/home/will/metr4202_ws/install/turtlebot3_msgs/lib:/home/will/metr4202_ws/install/dynamixel_sdk_custom_interfaces/lib:/home/will/metr4202_ws/install/dynamixel_sdk/lib:/usr/lib/x86_64-linux-gnu/gazebo-11/plugins:/opt/ros/humble/opt/rviz_ogre_vendor/lib:/opt/ros/humble/lib/x86_64-linux-gnu:/opt/ros/humble/lib:/usr/lib/x86_64-linux-gnu/gazebo-11/plugins PYTHONPATH=/home/will/metr4202_ws/src/install/dynamixel_sdk_custom_interfaces/local/lib/python3.10/dist-packages:/home/will/metr4202_ws/src/install/dynamixel_sdk/local/lib/python3.10/dist-packages:${PYTHONPATH} /usr/bin/cmake --install /home/will/metr4202_ws/src/build/dynamixel_sdk_examples
