[0.363s] Invoking command in '/home/will/metr4202_ws/src/aruco_detector': PYTHONPATH=/home/will/metr4202_ws/src/aruco_detector/build/aruco_detector/prefix_override:/usr/lib/python3/dist-packages/colcon_core/task/python/colcon_distutils_commands:/home/will/metr4202_ws/src/aruco_detector/install/aruco_detector/lib/python3.10/site-packages:${PYTHONPATH} /usr/bin/python3 -W ignore:setup.py install is deprecated -W ignore:easy_install command is deprecated setup.py egg_info --egg-base build/aruco_detector build --build-base /home/will/metr4202_ws/src/aruco_detector/build/aruco_detector/build install --record /home/will/metr4202_ws/src/aruco_detector/build/aruco_detector/install.log --single-version-externally-managed install_data
[0.492s] running egg_info
[0.492s] creating build/aruco_detector/aruco_detector.egg-info
[0.492s] writing build/aruco_detector/aruco_detector.egg-info/PKG-INFO
[0.492s] writing dependency_links to build/aruco_detector/aruco_detector.egg-info/dependency_links.txt
[0.492s] writing entry points to build/aruco_detector/aruco_detector.egg-info/entry_points.txt
[0.492s] writing requirements to build/aruco_detector/aruco_detector.egg-info/requires.txt
[0.492s] writing top-level names to build/aruco_detector/aruco_detector.egg-info/top_level.txt
[0.493s] writing manifest file 'build/aruco_detector/aruco_detector.egg-info/SOURCES.txt'
[0.493s] reading manifest file 'build/aruco_detector/aruco_detector.egg-info/SOURCES.txt'
[0.494s] writing manifest file 'build/aruco_detector/aruco_detector.egg-info/SOURCES.txt'
[0.494s] running build
[0.494s] running build_py
[0.494s] creating /home/will/metr4202_ws/src/aruco_detector/build/aruco_detector/build
[0.494s] creating /home/will/metr4202_ws/src/aruco_detector/build/aruco_detector/build/lib
[0.494s] creating /home/will/metr4202_ws/src/aruco_detector/build/aruco_detector/build/lib/aruco_detector
[0.494s] copying aruco_detector/aruco_detector.py -> /home/will/metr4202_ws/src/aruco_detector/build/aruco_detector/build/lib/aruco_detector
[0.494s] copying aruco_detector/__init__.py -> /home/will/metr4202_ws/src/aruco_detector/build/aruco_detector/build/lib/aruco_detector
[0.494s] running install
[0.494s] running install_lib
[0.495s] creating /home/will/metr4202_ws/src/aruco_detector/install/aruco_detector/lib/python3.10/site-packages/aruco_detector
[0.496s] copying /home/will/metr4202_ws/src/aruco_detector/build/aruco_detector/build/lib/aruco_detector/aruco_detector.py -> /home/will/metr4202_ws/src/aruco_detector/install/aruco_detector/lib/python3.10/site-packages/aruco_detector
[0.496s] copying /home/will/metr4202_ws/src/aruco_detector/build/aruco_detector/build/lib/aruco_detector/__init__.py -> /home/will/metr4202_ws/src/aruco_detector/install/aruco_detector/lib/python3.10/site-packages/aruco_detector
[0.496s] byte-compiling /home/will/metr4202_ws/src/aruco_detector/install/aruco_detector/lib/python3.10/site-packages/aruco_detector/aruco_detector.py to aruco_detector.cpython-310.pyc
[0.497s] byte-compiling /home/will/metr4202_ws/src/aruco_detector/install/aruco_detector/lib/python3.10/site-packages/aruco_detector/__init__.py to __init__.cpython-310.pyc
[0.497s] running install_data
[0.497s] creating /home/will/metr4202_ws/src/aruco_detector/install/aruco_detector/share/ament_index
[0.497s] creating /home/will/metr4202_ws/src/aruco_detector/install/aruco_detector/share/ament_index/resource_index
[0.497s] creating /home/will/metr4202_ws/src/aruco_detector/install/aruco_detector/share/ament_index/resource_index/packages
[0.497s] copying resource/aruco_detector -> /home/will/metr4202_ws/src/aruco_detector/install/aruco_detector/share/ament_index/resource_index/packages
[0.498s] copying package.xml -> /home/will/metr4202_ws/src/aruco_detector/install/aruco_detector/share/aruco_detector
[0.498s] running install_egg_info
[0.498s] Copying build/aruco_detector/aruco_detector.egg-info to /home/will/metr4202_ws/src/aruco_detector/install/aruco_detector/lib/python3.10/site-packages/aruco_detector-0.0.0-py3.10.egg-info
[0.499s] running install_scripts
[0.512s] Installing aruco_detector script to /home/will/metr4202_ws/src/aruco_detector/install/aruco_detector/lib/aruco_detector
[0.512s] writing list of installed files to '/home/will/metr4202_ws/src/aruco_detector/build/aruco_detector/install.log'
[0.526s] Invoked command in '/home/will/metr4202_ws/src/aruco_detector' returned '0': PYTHONPATH=/home/will/metr4202_ws/src/aruco_detector/build/aruco_detector/prefix_override:/usr/lib/python3/dist-packages/colcon_core/task/python/colcon_distutils_commands:/home/will/metr4202_ws/src/aruco_detector/install/aruco_detector/lib/python3.10/site-packages:${PYTHONPATH} /usr/bin/python3 -W ignore:setup.py install is deprecated -W ignore:easy_install command is deprecated setup.py egg_info --egg-base build/aruco_detector build --build-base /home/will/metr4202_ws/src/aruco_detector/build/aruco_detector/build install --record /home/will/metr4202_ws/src/aruco_detector/build/aruco_detector/install.log --single-version-externally-managed install_data
