[1.321s] Invoking command in '/home/will/metr4202_ws/src/Metr4202-Team21/waypoint_commander_team21': PYTHONPATH=/home/will/metr4202_ws/src/Metr4202-Team21/build/waypoint_commander_team21/prefix_override:/usr/lib/python3/dist-packages/colcon_core/task/python/colcon_distutils_commands:/home/will/metr4202_ws/src/Metr4202-Team21/install/waypoint_commander_team21/lib/python3.10/site-packages:${PYTHONPATH} /usr/bin/python3 -W ignore:setup.py install is deprecated -W ignore:easy_install command is deprecated setup.py egg_info --egg-base ../build/waypoint_commander_team21 build --build-base /home/will/metr4202_ws/src/Metr4202-Team21/build/waypoint_commander_team21/build install --record /home/will/metr4202_ws/src/Metr4202-Team21/build/waypoint_commander_team21/install.log --single-version-externally-managed install_data
[1.564s] running egg_info
[1.565s] creating ../build/waypoint_commander_team21/waypoint_commander_team21.egg-info
[1.565s] writing ../build/waypoint_commander_team21/waypoint_commander_team21.egg-info/PKG-INFO
[1.566s] writing dependency_links to ../build/waypoint_commander_team21/waypoint_commander_team21.egg-info/dependency_links.txt
[1.567s] writing entry points to ../build/waypoint_commander_team21/waypoint_commander_team21.egg-info/entry_points.txt
[1.567s] writing requirements to ../build/waypoint_commander_team21/waypoint_commander_team21.egg-info/requires.txt
[1.567s] writing top-level names to ../build/waypoint_commander_team21/waypoint_commander_team21.egg-info/top_level.txt
[1.567s] writing manifest file '../build/waypoint_commander_team21/waypoint_commander_team21.egg-info/SOURCES.txt'
[1.569s] reading manifest file '../build/waypoint_commander_team21/waypoint_commander_team21.egg-info/SOURCES.txt'
[1.570s] writing manifest file '../build/waypoint_commander_team21/waypoint_commander_team21.egg-info/SOURCES.txt'
[1.570s] running build
[1.570s] running build_py
[1.570s] creating /home/will/metr4202_ws/src/Metr4202-Team21/build/waypoint_commander_team21/build
[1.571s] creating /home/will/metr4202_ws/src/Metr4202-Team21/build/waypoint_commander_team21/build/lib
[1.571s] creating /home/will/metr4202_ws/src/Metr4202-Team21/build/waypoint_commander_team21/build/lib/waypoint_commander_term21
[1.571s] copying waypoint_commander_term21/waypoint_cycler_Term21.py -> /home/will/metr4202_ws/src/Metr4202-Team21/build/waypoint_commander_team21/build/lib/waypoint_commander_term21
[1.571s] copying waypoint_commander_term21/__init__.py -> /home/will/metr4202_ws/src/Metr4202-Team21/build/waypoint_commander_team21/build/lib/waypoint_commander_term21
[1.572s] running install
[1.572s] running install_lib
[1.573s] creating /home/will/metr4202_ws/src/Metr4202-Team21/install/waypoint_commander_team21/lib/python3.10/site-packages/waypoint_commander_term21
[1.574s] copying /home/will/metr4202_ws/src/Metr4202-Team21/build/waypoint_commander_team21/build/lib/waypoint_commander_term21/waypoint_cycler_Term21.py -> /home/will/metr4202_ws/src/Metr4202-Team21/install/waypoint_commander_team21/lib/python3.10/site-packages/waypoint_commander_term21
[1.574s] copying /home/will/metr4202_ws/src/Metr4202-Team21/build/waypoint_commander_team21/build/lib/waypoint_commander_term21/__init__.py -> /home/will/metr4202_ws/src/Metr4202-Team21/install/waypoint_commander_team21/lib/python3.10/site-packages/waypoint_commander_term21
[1.574s] byte-compiling /home/will/metr4202_ws/src/Metr4202-Team21/install/waypoint_commander_team21/lib/python3.10/site-packages/waypoint_commander_term21/waypoint_cycler_Term21.py to waypoint_cycler_Term21.cpython-310.pyc
[1.577s] byte-compiling /home/will/metr4202_ws/src/Metr4202-Team21/install/waypoint_commander_team21/lib/python3.10/site-packages/waypoint_commander_term21/__init__.py to __init__.cpython-310.pyc
[1.577s] running install_data
[1.577s] creating /home/will/metr4202_ws/src/Metr4202-Team21/install/waypoint_commander_team21/share/ament_index
[1.577s] creating /home/will/metr4202_ws/src/Metr4202-Team21/install/waypoint_commander_team21/share/ament_index/resource_index
[1.578s] creating /home/will/metr4202_ws/src/Metr4202-Team21/install/waypoint_commander_team21/share/ament_index/resource_index/packages
[1.578s] copying resource/waypoint_commander_team21 -> /home/will/metr4202_ws/src/Metr4202-Team21/install/waypoint_commander_team21/share/ament_index/resource_index/packages
[1.578s] copying package.xml -> /home/will/metr4202_ws/src/Metr4202-Team21/install/waypoint_commander_team21/share/waypoint_commander_team21
[1.578s] running install_egg_info
[1.580s] Copying ../build/waypoint_commander_team21/waypoint_commander_team21.egg-info to /home/will/metr4202_ws/src/Metr4202-Team21/install/waypoint_commander_team21/lib/python3.10/site-packages/waypoint_commander_team21-0.0.0-py3.10.egg-info
[1.583s] running install_scripts
[1.606s] Installing waypoint_cycler_team21 script to /home/will/metr4202_ws/src/Metr4202-Team21/install/waypoint_commander_team21/lib/waypoint_commander_team21
[1.607s] writing list of installed files to '/home/will/metr4202_ws/src/Metr4202-Team21/build/waypoint_commander_team21/install.log'
[1.643s] Invoked command in '/home/will/metr4202_ws/src/Metr4202-Team21/waypoint_commander_team21' returned '0': PYTHONPATH=/home/will/metr4202_ws/src/Metr4202-Team21/build/waypoint_commander_team21/prefix_override:/usr/lib/python3/dist-packages/colcon_core/task/python/colcon_distutils_commands:/home/will/metr4202_ws/src/Metr4202-Team21/install/waypoint_commander_team21/lib/python3.10/site-packages:${PYTHONPATH} /usr/bin/python3 -W ignore:setup.py install is deprecated -W ignore:easy_install command is deprecated setup.py egg_info --egg-base ../build/waypoint_commander_team21 build --build-base /home/will/metr4202_ws/src/Metr4202-Team21/build/waypoint_commander_team21/build install --record /home/will/metr4202_ws/src/Metr4202-Team21/build/waypoint_commander_team21/install.log --single-version-externally-managed install_data
