[1.324s] Invoking command in '/home/will/metr4202_ws/src/m4202_py_pkg': PYTHONPATH=/home/will/metr4202_ws/src/build/m4202_py_pkg/prefix_override:/usr/lib/python3/dist-packages/colcon_core/task/python/colcon_distutils_commands:/home/will/metr4202_ws/src/install/m4202_py_pkg/lib/python3.10/site-packages:${PYTHONPATH} /usr/bin/python3 -W ignore:setup.py install is deprecated -W ignore:easy_install command is deprecated setup.py egg_info --egg-base ../build/m4202_py_pkg build --build-base /home/will/metr4202_ws/src/build/m4202_py_pkg/build install --record /home/will/metr4202_ws/src/build/m4202_py_pkg/install.log --single-version-externally-managed install_data
[1.496s] running egg_info
[1.496s] writing ../build/m4202_py_pkg/m4202_py_pkg.egg-info/PKG-INFO
[1.497s] writing dependency_links to ../build/m4202_py_pkg/m4202_py_pkg.egg-info/dependency_links.txt
[1.497s] writing entry points to ../build/m4202_py_pkg/m4202_py_pkg.egg-info/entry_points.txt
[1.497s] writing requirements to ../build/m4202_py_pkg/m4202_py_pkg.egg-info/requires.txt
[1.497s] writing top-level names to ../build/m4202_py_pkg/m4202_py_pkg.egg-info/top_level.txt
[1.498s] reading manifest file '../build/m4202_py_pkg/m4202_py_pkg.egg-info/SOURCES.txt'
[1.499s] writing manifest file '../build/m4202_py_pkg/m4202_py_pkg.egg-info/SOURCES.txt'
[1.499s] running build
[1.499s] running build_py
[1.500s] running install
[1.500s] running install_lib
[1.502s] running install_data
[1.502s] running install_egg_info
[1.504s] removing '/home/will/metr4202_ws/src/install/m4202_py_pkg/lib/python3.10/site-packages/m4202_py_pkg-0.0.0-py3.10.egg-info' (and everything under it)
[1.504s] Copying ../build/m4202_py_pkg/m4202_py_pkg.egg-info to /home/will/metr4202_ws/src/install/m4202_py_pkg/lib/python3.10/site-packages/m4202_py_pkg-0.0.0-py3.10.egg-info
[1.505s] running install_scripts
[1.522s] writing list of installed files to '/home/will/metr4202_ws/src/build/m4202_py_pkg/install.log'
[1.544s] Invoked command in '/home/will/metr4202_ws/src/m4202_py_pkg' returned '0': PYTHONPATH=/home/will/metr4202_ws/src/build/m4202_py_pkg/prefix_override:/usr/lib/python3/dist-packages/colcon_core/task/python/colcon_distutils_commands:/home/will/metr4202_ws/src/install/m4202_py_pkg/lib/python3.10/site-packages:${PYTHONPATH} /usr/bin/python3 -W ignore:setup.py install is deprecated -W ignore:easy_install command is deprecated setup.py egg_info --egg-base ../build/m4202_py_pkg build --build-base /home/will/metr4202_ws/src/build/m4202_py_pkg/build install --record /home/will/metr4202_ws/src/build/m4202_py_pkg/install.log --single-version-externally-managed install_data
