[0.200s] Invoking command in '/home/will/metr4202_ws/src/build/turtlebot3_node': AMENT_PREFIX_PATH=/home/will/metr4202_ws/src/install/turtlebot3_msgs:/home/will/metr4202_ws/src/install/dynamixel_sdk:${AMENT_PREFIX_PATH} CMAKE_PREFIX_PATH=/home/will/metr4202_ws/src/install/turtlebot3_msgs:/home/will/metr4202_ws/src/install/dynamixel_sdk:/home/will/metr4202_ws/install/turtlebot3:/home/will/metr4202_ws/install/turtlebot3_simulations:/home/will/metr4202_ws/install/turtlebot3_bringup:/home/will/metr4202_ws/install/turtlebot3_node:/home/will/metr4202_ws/install/turtlebot3_navigation2:/home/will/metr4202_ws/install/turtlebot3_fake_node:/home/will/metr4202_ws/install/turtlebot3_msgs:/home/will/metr4202_ws/install/turtlebot3_manipulation_gazebo:/home/will/metr4202_ws/install/turtlebot3_gazebo:/home/will/metr4202_ws/install/turtlebot3_description:/home/will/metr4202_ws/install/turtlebot3_cartographer:/home/will/metr4202_ws/install/dynamixel_sdk_examples:/home/will/metr4202_ws/install/dynamixel_sdk_custom_interfaces:/home/will/metr4202_ws/install/dynamixel_sdk:/home/will/metr4202_ws/install/waypoint_commander:/home/will/metr4202_ws/install/turtlebot3_teleop:/home/will/metr4202_ws/install/turtlebot3_example:/home/will/metr4202_ws/install/m4202_py_pkg:/opt/ros/humble LD_LIBRARY_PATH=/home/will/metr4202_ws/src/install/turtlebot3_msgs/lib:/home/will/metr4202_ws/src/install/dynamixel_sdk/lib:/home/will/metr4202_ws/install/turtlebot3_msgs/lib:/home/will/metr4202_ws/install/dynamixel_sdk_custom_interfaces/lib:/home/will/metr4202_ws/install/dynamixel_sdk/lib:/usr/lib/x86_64-linux-gnu/gazebo-11/plugins:/opt/ros/humble/opt/rviz_ogre_vendor/lib:/opt/ros/humble/lib/x86_64-linux-gnu:/opt/ros/humble/lib:/usr/lib/x86_64-linux-gnu/gazebo-11/plugins PYTHONPATH=/home/will/metr4202_ws/src/install/turtlebot3_msgs/local/lib/python3.10/dist-packages:/home/will/metr4202_ws/src/install/dynamixel_sdk/local/lib/python3.10/dist-packages:${PYTHONPATH} /usr/bin/cmake /home/will/metr4202_ws/src/turtlebot3/turtlebot3_node -DCMAKE_INSTALL_PREFIX=/home/will/metr4202_ws/src/install/turtlebot3_node
[0.265s] -- The C compiler identification is GNU 11.4.0
[0.451s] -- The CXX compiler identification is GNU 11.4.0
[0.644s] -- Detecting C compiler ABI info
[0.730s] -- Detecting C compiler ABI info - done
[0.734s] -- Check for working C compiler: /usr/bin/cc - skipped
[0.734s] -- Detecting C compile features
[0.734s] -- Detecting C compile features - done
[0.736s] -- Detecting CXX compiler ABI info
[0.819s] -- Detecting CXX compiler ABI info - done
[0.823s] -- Check for working CXX compiler: /usr/bin/c++ - skipped
[0.823s] -- Detecting CXX compile features
[0.824s] -- Detecting CXX compile features - done
[0.826s] -- Found ament_cmake: 1.3.12 (/opt/ros/humble/share/ament_cmake/cmake)
[0.933s] -- Found Python3: /usr/bin/python3 (found version "3.10.12") found components: Interpreter 
[1.000s] -- Found dynamixel_sdk: 3.8.4 (/home/will/metr4202_ws/src/install/dynamixel_sdk/share/dynamixel_sdk/cmake)
[1.002s] -- Found geometry_msgs: 4.9.0 (/opt/ros/humble/share/geometry_msgs/cmake)
[1.086s] -- Found rosidl_generator_c: 3.1.7 (/opt/ros/humble/share/rosidl_generator_c/cmake)
[1.090s] -- Found rosidl_adapter: 3.1.7 (/opt/ros/humble/share/rosidl_adapter/cmake)
[1.097s] -- Found rosidl_generator_cpp: 3.1.7 (/opt/ros/humble/share/rosidl_generator_cpp/cmake)
[1.106s] -- Using all available rosidl_typesupport_c: rosidl_typesupport_fastrtps_c;rosidl_typesupport_introspection_c
[1.119s] -- Using all available rosidl_typesupport_cpp: rosidl_typesupport_fastrtps_cpp;rosidl_typesupport_introspection_cpp
[1.146s] -- Found message_filters: 4.3.8 (/opt/ros/humble/share/message_filters/cmake)
[1.179s] -- Found rmw_implementation_cmake: 6.1.2 (/opt/ros/humble/share/rmw_implementation_cmake/cmake)
[1.182s] -- Found rmw_fastrtps_cpp: 6.2.8 (/opt/ros/humble/share/rmw_fastrtps_cpp/cmake)
[1.772s] -- Found OpenSSL: /usr/lib/x86_64-linux-gnu/libcrypto.so (found version "3.0.2")  
[2.443s] -- Found FastRTPS: /opt/ros/humble/include  
[3.780s] -- Using RMW implementation 'rmw_fastrtps_cpp' as default
[3.787s] -- Looking for pthread.h
[3.862s] -- Looking for pthread.h - found
[3.862s] -- Performing Test CMAKE_HAVE_LIBC_PTHREAD
[3.944s] -- Performing Test CMAKE_HAVE_LIBC_PTHREAD - Success
[3.944s] -- Found Threads: TRUE  
[3.971s] -- Found nav_msgs: 4.9.0 (/opt/ros/humble/share/nav_msgs/cmake)
[3.984s] -- Found sensor_msgs: 4.9.0 (/opt/ros/humble/share/sensor_msgs/cmake)
[4.001s] -- Found std_srvs: 4.9.0 (/opt/ros/humble/share/std_srvs/cmake)
[4.018s] -- Found tf2: 0.25.16 (/opt/ros/humble/share/tf2/cmake)
[4.027s] -- Found tf2_ros: 0.25.16 (/opt/ros/humble/share/tf2_ros/cmake)
[4.102s] -- Found turtlebot3_msgs: 2.4.0 (/home/will/metr4202_ws/src/install/turtlebot3_msgs/share/turtlebot3_msgs/cmake)
[4.160s] -- Configuring done
[4.173s] -- Generating done
[4.177s] -- Build files have been written to: /home/will/metr4202_ws/src/build/turtlebot3_node
[4.185s] Invoked command in '/home/will/metr4202_ws/src/build/turtlebot3_node' returned '0': AMENT_PREFIX_PATH=/home/will/metr4202_ws/src/install/turtlebot3_msgs:/home/will/metr4202_ws/src/install/dynamixel_sdk:${AMENT_PREFIX_PATH} CMAKE_PREFIX_PATH=/home/will/metr4202_ws/src/install/turtlebot3_msgs:/home/will/metr4202_ws/src/install/dynamixel_sdk:/home/will/metr4202_ws/install/turtlebot3:/home/will/metr4202_ws/install/turtlebot3_simulations:/home/will/metr4202_ws/install/turtlebot3_bringup:/home/will/metr4202_ws/install/turtlebot3_node:/home/will/metr4202_ws/install/turtlebot3_navigation2:/home/will/metr4202_ws/install/turtlebot3_fake_node:/home/will/metr4202_ws/install/turtlebot3_msgs:/home/will/metr4202_ws/install/turtlebot3_manipulation_gazebo:/home/will/metr4202_ws/install/turtlebot3_gazebo:/home/will/metr4202_ws/install/turtlebot3_description:/home/will/metr4202_ws/install/turtlebot3_cartographer:/home/will/metr4202_ws/install/dynamixel_sdk_examples:/home/will/metr4202_ws/install/dynamixel_sdk_custom_interfaces:/home/will/metr4202_ws/install/dynamixel_sdk:/home/will/metr4202_ws/install/waypoint_commander:/home/will/metr4202_ws/install/turtlebot3_teleop:/home/will/metr4202_ws/install/turtlebot3_example:/home/will/metr4202_ws/install/m4202_py_pkg:/opt/ros/humble LD_LIBRARY_PATH=/home/will/metr4202_ws/src/install/turtlebot3_msgs/lib:/home/will/metr4202_ws/src/install/dynamixel_sdk/lib:/home/will/metr4202_ws/install/turtlebot3_msgs/lib:/home/will/metr4202_ws/install/dynamixel_sdk_custom_interfaces/lib:/home/will/metr4202_ws/install/dynamixel_sdk/lib:/usr/lib/x86_64-linux-gnu/gazebo-11/plugins:/opt/ros/humble/opt/rviz_ogre_vendor/lib:/opt/ros/humble/lib/x86_64-linux-gnu:/opt/ros/humble/lib:/usr/lib/x86_64-linux-gnu/gazebo-11/plugins PYTHONPATH=/home/will/metr4202_ws/src/install/turtlebot3_msgs/local/lib/python3.10/dist-packages:/home/will/metr4202_ws/src/install/dynamixel_sdk/local/lib/python3.10/dist-packages:${PYTHONPATH} /usr/bin/cmake /home/will/metr4202_ws/src/turtlebot3/turtlebot3_node -DCMAKE_INSTALL_PREFIX=/home/will/metr4202_ws/src/install/turtlebot3_node
[4.186s] Invoking command in '/home/will/metr4202_ws/src/build/turtlebot3_node': AMENT_PREFIX_PATH=/home/will/metr4202_ws/src/install/turtlebot3_msgs:/home/will/metr4202_ws/src/install/dynamixel_sdk:${AMENT_PREFIX_PATH} CMAKE_PREFIX_PATH=/home/will/metr4202_ws/src/install/turtlebot3_msgs:/home/will/metr4202_ws/src/install/dynamixel_sdk:/home/will/metr4202_ws/install/turtlebot3:/home/will/metr4202_ws/install/turtlebot3_simulations:/home/will/metr4202_ws/install/turtlebot3_bringup:/home/will/metr4202_ws/install/turtlebot3_node:/home/will/metr4202_ws/install/turtlebot3_navigation2:/home/will/metr4202_ws/install/turtlebot3_fake_node:/home/will/metr4202_ws/install/turtlebot3_msgs:/home/will/metr4202_ws/install/turtlebot3_manipulation_gazebo:/home/will/metr4202_ws/install/turtlebot3_gazebo:/home/will/metr4202_ws/install/turtlebot3_description:/home/will/metr4202_ws/install/turtlebot3_cartographer:/home/will/metr4202_ws/install/dynamixel_sdk_examples:/home/will/metr4202_ws/install/dynamixel_sdk_custom_interfaces:/home/will/metr4202_ws/install/dynamixel_sdk:/home/will/metr4202_ws/install/waypoint_commander:/home/will/metr4202_ws/install/turtlebot3_teleop:/home/will/metr4202_ws/install/turtlebot3_example:/home/will/metr4202_ws/install/m4202_py_pkg:/opt/ros/humble LD_LIBRARY_PATH=/home/will/metr4202_ws/src/install/turtlebot3_msgs/lib:/home/will/metr4202_ws/src/install/dynamixel_sdk/lib:/home/will/metr4202_ws/install/turtlebot3_msgs/lib:/home/will/metr4202_ws/install/dynamixel_sdk_custom_interfaces/lib:/home/will/metr4202_ws/install/dynamixel_sdk/lib:/usr/lib/x86_64-linux-gnu/gazebo-11/plugins:/opt/ros/humble/opt/rviz_ogre_vendor/lib:/opt/ros/humble/lib/x86_64-linux-gnu:/opt/ros/humble/lib:/usr/lib/x86_64-linux-gnu/gazebo-11/plugins PYTHONPATH=/home/will/metr4202_ws/src/install/turtlebot3_msgs/local/lib/python3.10/dist-packages:/home/will/metr4202_ws/src/install/dynamixel_sdk/local/lib/python3.10/dist-packages:${PYTHONPATH} /usr/bin/cmake --build /home/will/metr4202_ws/src/build/turtlebot3_node -- -j20 -l20
[4.218s] [ 21%] [32mBuilding CXX object CMakeFiles/turtlebot3_node_lib.dir/src/diff_drive_controller.cpp.o[0m
[4.219s] [ 21%] [32mBuilding CXX object CMakeFiles/turtlebot3_node_lib.dir/src/devices/reset.cpp.o[0m
[4.219s] [ 21%] [32mBuilding CXX object CMakeFiles/turtlebot3_node_lib.dir/src/devices/motor_power.cpp.o[0m
[4.219s] [ 28%] [32mBuilding CXX object CMakeFiles/turtlebot3_node_lib.dir/src/turtlebot3.cpp.o[0m
[4.219s] [ 35%] [32mBuilding CXX object CMakeFiles/turtlebot3_node_lib.dir/src/dynamixel_sdk_wrapper.cpp.o[0m
[4.219s] [ 42%] [32mBuilding CXX object CMakeFiles/turtlebot3_node_lib.dir/src/devices/sound.cpp.o[0m
[4.220s] [ 50%] [32mBuilding CXX object CMakeFiles/turtlebot3_node_lib.dir/src/sensors/battery_state.cpp.o[0m
[4.221s] [ 57%] [32mBuilding CXX object CMakeFiles/turtlebot3_node_lib.dir/src/sensors/imu.cpp.o[0m
[4.221s] [ 64%] [32mBuilding CXX object CMakeFiles/turtlebot3_node_lib.dir/src/sensors/sensor_state.cpp.o[0m
[4.222s] [ 71%] [32mBuilding CXX object CMakeFiles/turtlebot3_node_lib.dir/src/odometry.cpp.o[0m
[4.224s] [ 78%] [32mBuilding CXX object CMakeFiles/turtlebot3_node_lib.dir/src/sensors/joint_state.cpp.o[0m
[15.200s] [ 85%] [32m[1mLinking CXX static library libturtlebot3_node_lib.a[0m
[15.518s] [ 85%] Built target turtlebot3_node_lib
[15.537s] [ 92%] [32mBuilding CXX object CMakeFiles/turtlebot3_ros.dir/src/node_main.cpp.o[0m
[18.169s] [100%] [32m[1mLinking CXX executable turtlebot3_ros[0m
[19.702s] [100%] Built target turtlebot3_ros
[19.714s] Invoked command in '/home/will/metr4202_ws/src/build/turtlebot3_node' returned '0': AMENT_PREFIX_PATH=/home/will/metr4202_ws/src/install/turtlebot3_msgs:/home/will/metr4202_ws/src/install/dynamixel_sdk:${AMENT_PREFIX_PATH} CMAKE_PREFIX_PATH=/home/will/metr4202_ws/src/install/turtlebot3_msgs:/home/will/metr4202_ws/src/install/dynamixel_sdk:/home/will/metr4202_ws/install/turtlebot3:/home/will/metr4202_ws/install/turtlebot3_simulations:/home/will/metr4202_ws/install/turtlebot3_bringup:/home/will/metr4202_ws/install/turtlebot3_node:/home/will/metr4202_ws/install/turtlebot3_navigation2:/home/will/metr4202_ws/install/turtlebot3_fake_node:/home/will/metr4202_ws/install/turtlebot3_msgs:/home/will/metr4202_ws/install/turtlebot3_manipulation_gazebo:/home/will/metr4202_ws/install/turtlebot3_gazebo:/home/will/metr4202_ws/install/turtlebot3_description:/home/will/metr4202_ws/install/turtlebot3_cartographer:/home/will/metr4202_ws/install/dynamixel_sdk_examples:/home/will/metr4202_ws/install/dynamixel_sdk_custom_interfaces:/home/will/metr4202_ws/install/dynamixel_sdk:/home/will/metr4202_ws/install/waypoint_commander:/home/will/metr4202_ws/install/turtlebot3_teleop:/home/will/metr4202_ws/install/turtlebot3_example:/home/will/metr4202_ws/install/m4202_py_pkg:/opt/ros/humble LD_LIBRARY_PATH=/home/will/metr4202_ws/src/install/turtlebot3_msgs/lib:/home/will/metr4202_ws/src/install/dynamixel_sdk/lib:/home/will/metr4202_ws/install/turtlebot3_msgs/lib:/home/will/metr4202_ws/install/dynamixel_sdk_custom_interfaces/lib:/home/will/metr4202_ws/install/dynamixel_sdk/lib:/usr/lib/x86_64-linux-gnu/gazebo-11/plugins:/opt/ros/humble/opt/rviz_ogre_vendor/lib:/opt/ros/humble/lib/x86_64-linux-gnu:/opt/ros/humble/lib:/usr/lib/x86_64-linux-gnu/gazebo-11/plugins PYTHONPATH=/home/will/metr4202_ws/src/install/turtlebot3_msgs/local/lib/python3.10/dist-packages:/home/will/metr4202_ws/src/install/dynamixel_sdk/local/lib/python3.10/dist-packages:${PYTHONPATH} /usr/bin/cmake --build /home/will/metr4202_ws/src/build/turtlebot3_node -- -j20 -l20
[19.716s] Invoking command in '/home/will/metr4202_ws/src/build/turtlebot3_node': AMENT_PREFIX_PATH=/home/will/metr4202_ws/src/install/turtlebot3_msgs:/home/will/metr4202_ws/src/install/dynamixel_sdk:${AMENT_PREFIX_PATH} CMAKE_PREFIX_PATH=/home/will/metr4202_ws/src/install/turtlebot3_msgs:/home/will/metr4202_ws/src/install/dynamixel_sdk:/home/will/metr4202_ws/install/turtlebot3:/home/will/metr4202_ws/install/turtlebot3_simulations:/home/will/metr4202_ws/install/turtlebot3_bringup:/home/will/metr4202_ws/install/turtlebot3_node:/home/will/metr4202_ws/install/turtlebot3_navigation2:/home/will/metr4202_ws/install/turtlebot3_fake_node:/home/will/metr4202_ws/install/turtlebot3_msgs:/home/will/metr4202_ws/install/turtlebot3_manipulation_gazebo:/home/will/metr4202_ws/install/turtlebot3_gazebo:/home/will/metr4202_ws/install/turtlebot3_description:/home/will/metr4202_ws/install/turtlebot3_cartographer:/home/will/metr4202_ws/install/dynamixel_sdk_examples:/home/will/metr4202_ws/install/dynamixel_sdk_custom_interfaces:/home/will/metr4202_ws/install/dynamixel_sdk:/home/will/metr4202_ws/install/waypoint_commander:/home/will/metr4202_ws/install/turtlebot3_teleop:/home/will/metr4202_ws/install/turtlebot3_example:/home/will/metr4202_ws/install/m4202_py_pkg:/opt/ros/humble LD_LIBRARY_PATH=/home/will/metr4202_ws/src/install/turtlebot3_msgs/lib:/home/will/metr4202_ws/src/install/dynamixel_sdk/lib:/home/will/metr4202_ws/install/turtlebot3_msgs/lib:/home/will/metr4202_ws/install/dynamixel_sdk_custom_interfaces/lib:/home/will/metr4202_ws/install/dynamixel_sdk/lib:/usr/lib/x86_64-linux-gnu/gazebo-11/plugins:/opt/ros/humble/opt/rviz_ogre_vendor/lib:/opt/ros/humble/lib/x86_64-linux-gnu:/opt/ros/humble/lib:/usr/lib/x86_64-linux-gnu/gazebo-11/plugins PYTHONPATH=/home/will/metr4202_ws/src/install/turtlebot3_msgs/local/lib/python3.10/dist-packages:/home/will/metr4202_ws/src/install/dynamixel_sdk/local/lib/python3.10/dist-packages:${PYTHONPATH} /usr/bin/cmake --install /home/will/metr4202_ws/src/build/turtlebot3_node
[19.720s] -- Install configuration: ""
[19.720s] -- Installing: /home/will/metr4202_ws/src/install/turtlebot3_node/share/turtlebot3_node/param
[19.721s] -- Installing: /home/will/metr4202_ws/src/install/turtlebot3_node/share/turtlebot3_node/param/waffle_pi.yaml
[19.721s] -- Installing: /home/will/metr4202_ws/src/install/turtlebot3_node/share/turtlebot3_node/param/waffle.yaml
[19.721s] -- Installing: /home/will/metr4202_ws/src/install/turtlebot3_node/share/turtlebot3_node/param/burger.yaml
[19.722s] -- Installing: /home/will/metr4202_ws/src/install/turtlebot3_node/lib/turtlebot3_node/turtlebot3_ros
[19.732s] -- Set runtime path of "/home/will/metr4202_ws/src/install/turtlebot3_node/lib/turtlebot3_node/turtlebot3_ros" to ""
[19.733s] -- Installing: /home/will/metr4202_ws/src/install/turtlebot3_node/share/ament_index/resource_index/package_run_dependencies/turtlebot3_node
[19.733s] -- Installing: /home/will/metr4202_ws/src/install/turtlebot3_node/share/ament_index/resource_index/parent_prefix_path/turtlebot3_node
[19.734s] -- Installing: /home/will/metr4202_ws/src/install/turtlebot3_node/share/turtlebot3_node/environment/ament_prefix_path.sh
[19.734s] -- Installing: /home/will/metr4202_ws/src/install/turtlebot3_node/share/turtlebot3_node/environment/ament_prefix_path.dsv
[19.734s] -- Installing: /home/will/metr4202_ws/src/install/turtlebot3_node/share/turtlebot3_node/environment/path.sh
[19.734s] -- Installing: /home/will/metr4202_ws/src/install/turtlebot3_node/share/turtlebot3_node/environment/path.dsv
[19.735s] -- Installing: /home/will/metr4202_ws/src/install/turtlebot3_node/share/turtlebot3_node/local_setup.bash
[19.735s] -- Installing: /home/will/metr4202_ws/src/install/turtlebot3_node/share/turtlebot3_node/local_setup.sh
[19.735s] -- Installing: /home/will/metr4202_ws/src/install/turtlebot3_node/share/turtlebot3_node/local_setup.zsh
[19.735s] -- Installing: /home/will/metr4202_ws/src/install/turtlebot3_node/share/turtlebot3_node/local_setup.dsv
[19.735s] -- Installing: /home/will/metr4202_ws/src/install/turtlebot3_node/share/turtlebot3_node/package.dsv
[19.736s] -- Installing: /home/will/metr4202_ws/src/install/turtlebot3_node/share/ament_index/resource_index/packages/turtlebot3_node
[19.736s] -- Installing: /home/will/metr4202_ws/src/install/turtlebot3_node/share/turtlebot3_node/cmake/ament_cmake_export_dependencies-extras.cmake
[19.736s] -- Installing: /home/will/metr4202_ws/src/install/turtlebot3_node/share/turtlebot3_node/cmake/ament_cmake_export_include_directories-extras.cmake
[19.737s] -- Installing: /home/will/metr4202_ws/src/install/turtlebot3_node/share/turtlebot3_node/cmake/turtlebot3_nodeConfig.cmake
[19.737s] -- Installing: /home/will/metr4202_ws/src/install/turtlebot3_node/share/turtlebot3_node/cmake/turtlebot3_nodeConfig-version.cmake
[19.737s] -- Installing: /home/will/metr4202_ws/src/install/turtlebot3_node/share/turtlebot3_node/package.xml
[19.739s] Invoked command in '/home/will/metr4202_ws/src/build/turtlebot3_node' returned '0': AMENT_PREFIX_PATH=/home/will/metr4202_ws/src/install/turtlebot3_msgs:/home/will/metr4202_ws/src/install/dynamixel_sdk:${AMENT_PREFIX_PATH} CMAKE_PREFIX_PATH=/home/will/metr4202_ws/src/install/turtlebot3_msgs:/home/will/metr4202_ws/src/install/dynamixel_sdk:/home/will/metr4202_ws/install/turtlebot3:/home/will/metr4202_ws/install/turtlebot3_simulations:/home/will/metr4202_ws/install/turtlebot3_bringup:/home/will/metr4202_ws/install/turtlebot3_node:/home/will/metr4202_ws/install/turtlebot3_navigation2:/home/will/metr4202_ws/install/turtlebot3_fake_node:/home/will/metr4202_ws/install/turtlebot3_msgs:/home/will/metr4202_ws/install/turtlebot3_manipulation_gazebo:/home/will/metr4202_ws/install/turtlebot3_gazebo:/home/will/metr4202_ws/install/turtlebot3_description:/home/will/metr4202_ws/install/turtlebot3_cartographer:/home/will/metr4202_ws/install/dynamixel_sdk_examples:/home/will/metr4202_ws/install/dynamixel_sdk_custom_interfaces:/home/will/metr4202_ws/install/dynamixel_sdk:/home/will/metr4202_ws/install/waypoint_commander:/home/will/metr4202_ws/install/turtlebot3_teleop:/home/will/metr4202_ws/install/turtlebot3_example:/home/will/metr4202_ws/install/m4202_py_pkg:/opt/ros/humble LD_LIBRARY_PATH=/home/will/metr4202_ws/src/install/turtlebot3_msgs/lib:/home/will/metr4202_ws/src/install/dynamixel_sdk/lib:/home/will/metr4202_ws/install/turtlebot3_msgs/lib:/home/will/metr4202_ws/install/dynamixel_sdk_custom_interfaces/lib:/home/will/metr4202_ws/install/dynamixel_sdk/lib:/usr/lib/x86_64-linux-gnu/gazebo-11/plugins:/opt/ros/humble/opt/rviz_ogre_vendor/lib:/opt/ros/humble/lib/x86_64-linux-gnu:/opt/ros/humble/lib:/usr/lib/x86_64-linux-gnu/gazebo-11/plugins PYTHONPATH=/home/will/metr4202_ws/src/install/turtlebot3_msgs/local/lib/python3.10/dist-packages:/home/will/metr4202_ws/src/install/dynamixel_sdk/local/lib/python3.10/dist-packages:${PYTHONPATH} /usr/bin/cmake --install /home/will/metr4202_ws/src/build/turtlebot3_node
