[1.196s] Invoking command in '/home/will/metr4202_ws/src/build/aruco_detector': PYTHONPATH=/home/will/metr4202_ws/src/build/aruco_detector/prefix_override:/usr/lib/python3/dist-packages/colcon_core/task/python/colcon_distutils_commands:/home/will/metr4202_ws/src/install/aruco_detector/lib/python3.10/site-packages:${PYTHONPATH} /usr/bin/python3 -W ignore:setup.py install is deprecated -W ignore:easy_install command is deprecated setup.py develop --uninstall --editable --build-directory /home/will/metr4202_ws/src/build/aruco_detector/build
[1.353s] running develop
[1.456s] Removing /home/will/metr4202_ws/src/install/aruco_detector/lib/python3.10/site-packages/aruco-detector.egg-link (link to .)
[1.480s] Invoked command in '/home/will/metr4202_ws/src/build/aruco_detector' returned '0': PYTHONPATH=/home/will/metr4202_ws/src/build/aruco_detector/prefix_override:/usr/lib/python3/dist-packages/colcon_core/task/python/colcon_distutils_commands:/home/will/metr4202_ws/src/install/aruco_detector/lib/python3.10/site-packages:${PYTHONPATH} /usr/bin/python3 -W ignore:setup.py install is deprecated -W ignore:easy_install command is deprecated setup.py develop --uninstall --editable --build-directory /home/will/metr4202_ws/src/build/aruco_detector/build
[1.481s] Invoking command in '/home/will/metr4202_ws/src/aruco_detector': PYTHONPATH=/home/will/metr4202_ws/src/build/aruco_detector/prefix_override:/usr/lib/python3/dist-packages/colcon_core/task/python/colcon_distutils_commands:/home/will/metr4202_ws/src/install/aruco_detector/lib/python3.10/site-packages:${PYTHONPATH} /usr/bin/python3 -W ignore:setup.py install is deprecated -W ignore:easy_install command is deprecated setup.py egg_info --egg-base ../build/aruco_detector build --build-base /home/will/metr4202_ws/src/build/aruco_detector/build install --record /home/will/metr4202_ws/src/build/aruco_detector/install.log --single-version-externally-managed install_data --force
[1.648s] running egg_info
[1.648s] writing ../build/aruco_detector/aruco_detector.egg-info/PKG-INFO
[1.648s] writing dependency_links to ../build/aruco_detector/aruco_detector.egg-info/dependency_links.txt
[1.648s] writing entry points to ../build/aruco_detector/aruco_detector.egg-info/entry_points.txt
[1.648s] writing requirements to ../build/aruco_detector/aruco_detector.egg-info/requires.txt
[1.648s] writing top-level names to ../build/aruco_detector/aruco_detector.egg-info/top_level.txt
[1.649s] reading manifest file '../build/aruco_detector/aruco_detector.egg-info/SOURCES.txt'
[1.650s] writing manifest file '../build/aruco_detector/aruco_detector.egg-info/SOURCES.txt'
[1.650s] running build
[1.650s] running build_py
[1.652s] running install
[1.652s] running install_lib
[1.652s] creating /home/will/metr4202_ws/src/install/aruco_detector/lib/python3.10/site-packages/aruco_detector
[1.653s] copying /home/will/metr4202_ws/src/build/aruco_detector/build/lib/aruco_detector/aruco_detector.py -> /home/will/metr4202_ws/src/install/aruco_detector/lib/python3.10/site-packages/aruco_detector
[1.653s] copying /home/will/metr4202_ws/src/build/aruco_detector/build/lib/aruco_detector/__init__.py -> /home/will/metr4202_ws/src/install/aruco_detector/lib/python3.10/site-packages/aruco_detector
[1.653s] byte-compiling /home/will/metr4202_ws/src/install/aruco_detector/lib/python3.10/site-packages/aruco_detector/aruco_detector.py to aruco_detector.cpython-310.pyc
[1.654s] byte-compiling /home/will/metr4202_ws/src/install/aruco_detector/lib/python3.10/site-packages/aruco_detector/__init__.py to __init__.cpython-310.pyc
[1.654s] running install_data
[1.655s] copying resource/aruco_detector -> /home/will/metr4202_ws/src/install/aruco_detector/share/ament_index/resource_index/packages
[1.655s] copying package.xml -> /home/will/metr4202_ws/src/install/aruco_detector/share/aruco_detector
[1.656s] running install_egg_info
[1.657s] Copying ../build/aruco_detector/aruco_detector.egg-info to /home/will/metr4202_ws/src/install/aruco_detector/lib/python3.10/site-packages/aruco_detector-0.0.0-py3.10.egg-info
[1.658s] running install_scripts
[1.672s] Installing aruco_detector script to /home/will/metr4202_ws/src/install/aruco_detector/lib/aruco_detector
[1.672s] writing list of installed files to '/home/will/metr4202_ws/src/build/aruco_detector/install.log'
[1.692s] Invoked command in '/home/will/metr4202_ws/src/aruco_detector' returned '0': PYTHONPATH=/home/will/metr4202_ws/src/build/aruco_detector/prefix_override:/usr/lib/python3/dist-packages/colcon_core/task/python/colcon_distutils_commands:/home/will/metr4202_ws/src/install/aruco_detector/lib/python3.10/site-packages:${PYTHONPATH} /usr/bin/python3 -W ignore:setup.py install is deprecated -W ignore:easy_install command is deprecated setup.py egg_info --egg-base ../build/aruco_detector build --build-base /home/will/metr4202_ws/src/build/aruco_detector/build install --record /home/will/metr4202_ws/src/build/aruco_detector/install.log --single-version-externally-managed install_data --force
