[0.058s] Invoking command in '/home/will/metr4202_ws/src/build/turtlebot3_navigation2': CMAKE_PREFIX_PATH=${CMAKE_PREFIX_PATH}:/home/will/metr4202_ws/install/waypoint_commander:/home/will/metr4202_ws/install/turtlebot3_teleop:/home/will/metr4202_ws/install/turtlebot3_example:/home/will/metr4202_ws/install/my_world_launcher:/home/will/metr4202_ws/install/m4202_py_pkg:/home/will/metr4202_ws/install/aruco_detector:/home/will/install/waypoint_commander:/home/will/install/turtlebot3_teleop:/home/will/install/turtlebot3_example:/home/will/install/my_world_launcher:/home/will/install/m4202_py_pkg:/home/will/install/aruco_detector:/opt/ros/humble /usr/bin/cmake --build /home/will/metr4202_ws/src/build/turtlebot3_navigation2 -- -j20 -l20
[0.915s] Invoked command in '/home/will/metr4202_ws/src/build/turtlebot3_navigation2' returned '0': CMAKE_PREFIX_PATH=${CMAKE_PREFIX_PATH}:/home/will/metr4202_ws/install/waypoint_commander:/home/will/metr4202_ws/install/turtlebot3_teleop:/home/will/metr4202_ws/install/turtlebot3_example:/home/will/metr4202_ws/install/my_world_launcher:/home/will/metr4202_ws/install/m4202_py_pkg:/home/will/metr4202_ws/install/aruco_detector:/home/will/install/waypoint_commander:/home/will/install/turtlebot3_teleop:/home/will/install/turtlebot3_example:/home/will/install/my_world_launcher:/home/will/install/m4202_py_pkg:/home/will/install/aruco_detector:/opt/ros/humble /usr/bin/cmake --build /home/will/metr4202_ws/src/build/turtlebot3_navigation2 -- -j20 -l20
[0.917s] Invoking command in '/home/will/metr4202_ws/src/build/turtlebot3_navigation2': CMAKE_PREFIX_PATH=${CMAKE_PREFIX_PATH}:/home/will/metr4202_ws/install/waypoint_commander:/home/will/metr4202_ws/install/turtlebot3_teleop:/home/will/metr4202_ws/install/turtlebot3_example:/home/will/metr4202_ws/install/my_world_launcher:/home/will/metr4202_ws/install/m4202_py_pkg:/home/will/metr4202_ws/install/aruco_detector:/home/will/install/waypoint_commander:/home/will/install/turtlebot3_teleop:/home/will/install/turtlebot3_example:/home/will/install/my_world_launcher:/home/will/install/m4202_py_pkg:/home/will/install/aruco_detector:/opt/ros/humble /usr/bin/cmake --install /home/will/metr4202_ws/src/build/turtlebot3_navigation2
[0.947s] -- Install configuration: ""
[0.947s] -- Up-to-date: /home/will/metr4202_ws/src/install/turtlebot3_navigation2/share/turtlebot3_navigation2/launch
[0.948s] -- Up-to-date: /home/will/metr4202_ws/src/install/turtlebot3_navigation2/share/turtlebot3_navigation2/launch/navigation2.launch.py
[0.948s] -- Up-to-date: /home/will/metr4202_ws/src/install/turtlebot3_navigation2/share/turtlebot3_navigation2/map
[0.948s] -- Up-to-date: /home/will/metr4202_ws/src/install/turtlebot3_navigation2/share/turtlebot3_navigation2/map/map.yaml
[0.948s] -- Up-to-date: /home/will/metr4202_ws/src/install/turtlebot3_navigation2/share/turtlebot3_navigation2/map/map.pgm
[0.948s] -- Up-to-date: /home/will/metr4202_ws/src/install/turtlebot3_navigation2/share/turtlebot3_navigation2/param
[0.949s] -- Up-to-date: /home/will/metr4202_ws/src/install/turtlebot3_navigation2/share/turtlebot3_navigation2/param/waffle_pi.yaml
[0.949s] -- Up-to-date: /home/will/metr4202_ws/src/install/turtlebot3_navigation2/share/turtlebot3_navigation2/param/humble
[0.949s] -- Up-to-date: /home/will/metr4202_ws/src/install/turtlebot3_navigation2/share/turtlebot3_navigation2/param/humble/waffle_pi.yaml
[0.949s] -- Up-to-date: /home/will/metr4202_ws/src/install/turtlebot3_navigation2/share/turtlebot3_navigation2/param/humble/waffle.yaml
[0.949s] -- Up-to-date: /home/will/metr4202_ws/src/install/turtlebot3_navigation2/share/turtlebot3_navigation2/param/humble/burger.yaml
[0.950s] -- Up-to-date: /home/will/metr4202_ws/src/install/turtlebot3_navigation2/share/turtlebot3_navigation2/param/humble/burger_cam.yaml
[0.950s] -- Up-to-date: /home/will/metr4202_ws/src/install/turtlebot3_navigation2/share/turtlebot3_navigation2/param/waffle.yaml
[0.950s] -- Up-to-date: /home/will/metr4202_ws/src/install/turtlebot3_navigation2/share/turtlebot3_navigation2/param/burger.yaml
[0.950s] -- Up-to-date: /home/will/metr4202_ws/src/install/turtlebot3_navigation2/share/turtlebot3_navigation2/param/burger_cam.yaml
[0.950s] -- Up-to-date: /home/will/metr4202_ws/src/install/turtlebot3_navigation2/share/turtlebot3_navigation2/rviz
[0.950s] -- Up-to-date: /home/will/metr4202_ws/src/install/turtlebot3_navigation2/share/turtlebot3_navigation2/rviz/tb3_navigation2.rviz
[0.950s] -- Up-to-date: /home/will/metr4202_ws/src/install/turtlebot3_navigation2/share/ament_index/resource_index/package_run_dependencies/turtlebot3_navigation2
[0.950s] -- Up-to-date: /home/will/metr4202_ws/src/install/turtlebot3_navigation2/share/ament_index/resource_index/parent_prefix_path/turtlebot3_navigation2
[0.950s] -- Up-to-date: /home/will/metr4202_ws/src/install/turtlebot3_navigation2/share/turtlebot3_navigation2/environment/ament_prefix_path.sh
[0.950s] -- Up-to-date: /home/will/metr4202_ws/src/install/turtlebot3_navigation2/share/turtlebot3_navigation2/environment/ament_prefix_path.dsv
[0.950s] -- Up-to-date: /home/will/metr4202_ws/src/install/turtlebot3_navigation2/share/turtlebot3_navigation2/environment/path.sh
[0.950s] -- Up-to-date: /home/will/metr4202_ws/src/install/turtlebot3_navigation2/share/turtlebot3_navigation2/environment/path.dsv
[0.951s] -- Up-to-date: /home/will/metr4202_ws/src/install/turtlebot3_navigation2/share/turtlebot3_navigation2/local_setup.bash
[0.951s] -- Up-to-date: /home/will/metr4202_ws/src/install/turtlebot3_navigation2/share/turtlebot3_navigation2/local_setup.sh
[0.951s] -- Up-to-date: /home/will/metr4202_ws/src/install/turtlebot3_navigation2/share/turtlebot3_navigation2/local_setup.zsh
[0.951s] -- Up-to-date: /home/will/metr4202_ws/src/install/turtlebot3_navigation2/share/turtlebot3_navigation2/local_setup.dsv
[0.951s] -- Installing: /home/will/metr4202_ws/src/install/turtlebot3_navigation2/share/turtlebot3_navigation2/package.dsv
[0.951s] -- Up-to-date: /home/will/metr4202_ws/src/install/turtlebot3_navigation2/share/ament_index/resource_index/packages/turtlebot3_navigation2
[0.951s] -- Up-to-date: /home/will/metr4202_ws/src/install/turtlebot3_navigation2/share/turtlebot3_navigation2/cmake/turtlebot3_navigation2Config.cmake
[0.951s] -- Up-to-date: /home/will/metr4202_ws/src/install/turtlebot3_navigation2/share/turtlebot3_navigation2/cmake/turtlebot3_navigation2Config-version.cmake
[0.951s] -- Up-to-date: /home/will/metr4202_ws/src/install/turtlebot3_navigation2/share/turtlebot3_navigation2/package.xml
[1.062s] Invoked command in '/home/will/metr4202_ws/src/build/turtlebot3_navigation2' returned '0': CMAKE_PREFIX_PATH=${CMAKE_PREFIX_PATH}:/home/will/metr4202_ws/install/waypoint_commander:/home/will/metr4202_ws/install/turtlebot3_teleop:/home/will/metr4202_ws/install/turtlebot3_example:/home/will/metr4202_ws/install/my_world_launcher:/home/will/metr4202_ws/install/m4202_py_pkg:/home/will/metr4202_ws/install/aruco_detector:/home/will/install/waypoint_commander:/home/will/install/turtlebot3_teleop:/home/will/install/turtlebot3_example:/home/will/install/my_world_launcher:/home/will/install/m4202_py_pkg:/home/will/install/aruco_detector:/opt/ros/humble /usr/bin/cmake --install /home/will/metr4202_ws/src/build/turtlebot3_navigation2
