[1.330s] Invoking command in '/home/will/metr4202_ws/src/turtlebot3/turtlebot3_teleop': PYTHONPATH=/home/will/metr4202_ws/src/build/turtlebot3_teleop/prefix_override:/usr/lib/python3/dist-packages/colcon_core/task/python/colcon_distutils_commands:/home/will/metr4202_ws/src/install/turtlebot3_teleop/lib/python3.10/site-packages:${PYTHONPATH} /usr/bin/python3 -W ignore:setup.py install is deprecated -W ignore:easy_install command is deprecated setup.py egg_info --egg-base ../../build/turtlebot3_teleop build --build-base /home/will/metr4202_ws/src/build/turtlebot3_teleop/build install --record /home/will/metr4202_ws/src/build/turtlebot3_teleop/install.log --single-version-externally-managed install_data
[1.508s] running egg_info
[1.509s] writing ../../build/turtlebot3_teleop/turtlebot3_teleop.egg-info/PKG-INFO
[1.509s] writing dependency_links to ../../build/turtlebot3_teleop/turtlebot3_teleop.egg-info/dependency_links.txt
[1.509s] writing entry points to ../../build/turtlebot3_teleop/turtlebot3_teleop.egg-info/entry_points.txt
[1.510s] writing requirements to ../../build/turtlebot3_teleop/turtlebot3_teleop.egg-info/requires.txt
[1.510s] writing top-level names to ../../build/turtlebot3_teleop/turtlebot3_teleop.egg-info/top_level.txt
[1.511s] reading manifest file '../../build/turtlebot3_teleop/turtlebot3_teleop.egg-info/SOURCES.txt'
[1.512s] writing manifest file '../../build/turtlebot3_teleop/turtlebot3_teleop.egg-info/SOURCES.txt'
[1.512s] running build
[1.512s] running build_py
[1.513s] running install
[1.513s] running install_lib
[1.516s] running install_data
[1.516s] running install_egg_info
[1.518s] removing '/home/will/metr4202_ws/src/install/turtlebot3_teleop/lib/python3.10/site-packages/turtlebot3_teleop-2.3.3-py3.10.egg-info' (and everything under it)
[1.518s] Copying ../../build/turtlebot3_teleop/turtlebot3_teleop.egg-info to /home/will/metr4202_ws/src/install/turtlebot3_teleop/lib/python3.10/site-packages/turtlebot3_teleop-2.3.3-py3.10.egg-info
[1.519s] running install_scripts
[1.533s] Installing teleop_keyboard script to /home/will/metr4202_ws/src/install/turtlebot3_teleop/lib/turtlebot3_teleop
[1.534s] writing list of installed files to '/home/will/metr4202_ws/src/build/turtlebot3_teleop/install.log'
[1.563s] Invoked command in '/home/will/metr4202_ws/src/turtlebot3/turtlebot3_teleop' returned '0': PYTHONPATH=/home/will/metr4202_ws/src/build/turtlebot3_teleop/prefix_override:/usr/lib/python3/dist-packages/colcon_core/task/python/colcon_distutils_commands:/home/will/metr4202_ws/src/install/turtlebot3_teleop/lib/python3.10/site-packages:${PYTHONPATH} /usr/bin/python3 -W ignore:setup.py install is deprecated -W ignore:easy_install command is deprecated setup.py egg_info --egg-base ../../build/turtlebot3_teleop build --build-base /home/will/metr4202_ws/src/build/turtlebot3_teleop/build install --record /home/will/metr4202_ws/src/build/turtlebot3_teleop/install.log --single-version-externally-managed install_data
