[0.048s] Invoking command in '/home/will/metr4202_ws/src/build/dynamixel_sdk': CMAKE_PREFIX_PATH=${CMAKE_PREFIX_PATH}:/home/will/metr4202_ws/install/waypoint_commander:/home/will/metr4202_ws/install/turtlebot3_teleop:/home/will/metr4202_ws/install/turtlebot3_example:/home/will/metr4202_ws/install/m4202_py_pkg:/opt/ros/humble /usr/bin/cmake /home/will/metr4202_ws/src/DynamixelSDK/ros/dynamixel_sdk -DCMAKE_INSTALL_PREFIX=/home/will/metr4202_ws/src/install/dynamixel_sdk
[0.585s] -- The C compiler identification is GNU 11.4.0
[0.586s] -- The CXX compiler identification is GNU 11.4.0
[0.611s] -- Detecting C compiler ABI info
[0.693s] -- Detecting C compiler ABI info - done
[0.697s] -- Check for working C compiler: /usr/bin/cc - skipped
[0.698s] -- Detecting C compile features
[0.698s] -- Detecting C compile features - done
[0.699s] -- Detecting CXX compiler ABI info
[0.798s] -- Detecting CXX compiler ABI info - done
[0.806s] -- Check for working CXX compiler: /usr/bin/c++ - skipped
[0.807s] -- Detecting CXX compile features
[0.807s] -- Detecting CXX compile features - done
[0.809s] -- Found ament_cmake: 1.3.12 (/opt/ros/humble/share/ament_cmake/cmake)
[0.955s] -- Found Python3: /usr/bin/python3 (found version "3.10.12") found components: Interpreter 
[1.187s] -- Configuring done
[1.197s] -- Generating done
[1.200s] -- Build files have been written to: /home/will/metr4202_ws/src/build/dynamixel_sdk
[1.204s] Invoked command in '/home/will/metr4202_ws/src/build/dynamixel_sdk' returned '0': CMAKE_PREFIX_PATH=${CMAKE_PREFIX_PATH}:/home/will/metr4202_ws/install/waypoint_commander:/home/will/metr4202_ws/install/turtlebot3_teleop:/home/will/metr4202_ws/install/turtlebot3_example:/home/will/metr4202_ws/install/m4202_py_pkg:/opt/ros/humble /usr/bin/cmake /home/will/metr4202_ws/src/DynamixelSDK/ros/dynamixel_sdk -DCMAKE_INSTALL_PREFIX=/home/will/metr4202_ws/src/install/dynamixel_sdk
[1.206s] Invoking command in '/home/will/metr4202_ws/src/build/dynamixel_sdk': CMAKE_PREFIX_PATH=${CMAKE_PREFIX_PATH}:/home/will/metr4202_ws/install/waypoint_commander:/home/will/metr4202_ws/install/turtlebot3_teleop:/home/will/metr4202_ws/install/turtlebot3_example:/home/will/metr4202_ws/install/m4202_py_pkg:/opt/ros/humble /usr/bin/cmake --build /home/will/metr4202_ws/src/build/dynamixel_sdk -- -j20 -l20
[1.255s] [  7%] [32mBuilding CXX object CMakeFiles/dynamixel_sdk.dir/src/dynamixel_sdk/packet_handler.cpp.o[0m
[1.255s] [ 15%] [32mBuilding CXX object CMakeFiles/dynamixel_sdk.dir/src/dynamixel_sdk/group_sync_write.cpp.o[0m
[1.255s] [ 23%] [32mBuilding CXX object CMakeFiles/dynamixel_sdk.dir/src/dynamixel_sdk/group_bulk_write.cpp.o[0m
[1.255s] [ 30%] [32mBuilding CXX object CMakeFiles/dynamixel_sdk.dir/src/dynamixel_sdk/protocol2_packet_handler.cpp.o[0m
[1.256s] [ 38%] [32mBuilding CXX object CMakeFiles/dynamixel_sdk.dir/src/dynamixel_sdk/group_sync_read.cpp.o[0m
[1.257s] [ 46%] [32mBuilding CXX object CMakeFiles/dynamixel_sdk.dir/src/dynamixel_sdk/group_fast_bulk_read.cpp.o[0m
[1.257s] [ 53%] [32mBuilding CXX object CMakeFiles/dynamixel_sdk.dir/src/dynamixel_sdk/protocol1_packet_handler.cpp.o[0m
[1.258s] [ 61%] [32mBuilding CXX object CMakeFiles/dynamixel_sdk.dir/src/dynamixel_sdk/group_bulk_read.cpp.o[0m
[1.258s] [ 69%] [32mBuilding CXX object CMakeFiles/dynamixel_sdk.dir/src/dynamixel_sdk/port_handler.cpp.o[0m
[1.258s] [ 76%] [32mBuilding CXX object CMakeFiles/dynamixel_sdk.dir/src/dynamixel_sdk/port_handler_linux.cpp.o[0m
[1.258s] [ 84%] [32mBuilding CXX object CMakeFiles/dynamixel_sdk.dir/src/dynamixel_sdk/group_handler.cpp.o[0m
[1.258s] [ 92%] [32mBuilding CXX object CMakeFiles/dynamixel_sdk.dir/src/dynamixel_sdk/group_fast_sync_read.cpp.o[0m
[1.266s] [ 92%] Built target ament_cmake_python_copy_dynamixel_sdk
[1.572s] running egg_info
[1.572s] creating dynamixel_sdk.egg-info
[1.573s] writing dynamixel_sdk.egg-info/PKG-INFO
[1.577s] writing dependency_links to dynamixel_sdk.egg-info/dependency_links.txt
[1.577s] writing top-level names to dynamixel_sdk.egg-info/top_level.txt
[1.577s] writing manifest file 'dynamixel_sdk.egg-info/SOURCES.txt'
[1.577s] reading manifest file 'dynamixel_sdk.egg-info/SOURCES.txt'
[1.577s] writing manifest file 'dynamixel_sdk.egg-info/SOURCES.txt'
[1.620s] [ 92%] Built target ament_cmake_python_build_dynamixel_sdk_egg
[1.752s] [100%] [32m[1mLinking CXX shared library libdynamixel_sdk.so[0m
[1.860s] [100%] Built target dynamixel_sdk
[1.869s] Invoked command in '/home/will/metr4202_ws/src/build/dynamixel_sdk' returned '0': CMAKE_PREFIX_PATH=${CMAKE_PREFIX_PATH}:/home/will/metr4202_ws/install/waypoint_commander:/home/will/metr4202_ws/install/turtlebot3_teleop:/home/will/metr4202_ws/install/turtlebot3_example:/home/will/metr4202_ws/install/m4202_py_pkg:/opt/ros/humble /usr/bin/cmake --build /home/will/metr4202_ws/src/build/dynamixel_sdk -- -j20 -l20
[1.871s] Invoking command in '/home/will/metr4202_ws/src/build/dynamixel_sdk': CMAKE_PREFIX_PATH=${CMAKE_PREFIX_PATH}:/home/will/metr4202_ws/install/waypoint_commander:/home/will/metr4202_ws/install/turtlebot3_teleop:/home/will/metr4202_ws/install/turtlebot3_example:/home/will/metr4202_ws/install/m4202_py_pkg:/opt/ros/humble /usr/bin/cmake --install /home/will/metr4202_ws/src/build/dynamixel_sdk
[1.875s] -- Install configuration: ""
[1.875s] -- Installing: /home/will/metr4202_ws/src/install/dynamixel_sdk/include/
[1.875s] -- Installing: /home/will/metr4202_ws/src/install/dynamixel_sdk/include//dynamixel_sdk
[1.876s] -- Installing: /home/will/metr4202_ws/src/install/dynamixel_sdk/include//dynamixel_sdk/port_handler_arduino.h
[1.876s] -- Installing: /home/will/metr4202_ws/src/install/dynamixel_sdk/include//dynamixel_sdk/port_handler.h
[1.876s] -- Installing: /home/will/metr4202_ws/src/install/dynamixel_sdk/include//dynamixel_sdk/port_handler_windows.h
[1.876s] -- Installing: /home/will/metr4202_ws/src/install/dynamixel_sdk/include//dynamixel_sdk/port_handler_mac.h
[1.877s] -- Installing: /home/will/metr4202_ws/src/install/dynamixel_sdk/include//dynamixel_sdk/protocol2_packet_handler.h
[1.877s] -- Installing: /home/will/metr4202_ws/src/install/dynamixel_sdk/include//dynamixel_sdk/port_handler_linux.h
[1.877s] -- Installing: /home/will/metr4202_ws/src/install/dynamixel_sdk/include//dynamixel_sdk/dynamixel_sdk.h
[1.877s] -- Installing: /home/will/metr4202_ws/src/install/dynamixel_sdk/include//dynamixel_sdk/packet_handler.h
[1.877s] -- Installing: /home/will/metr4202_ws/src/install/dynamixel_sdk/include//dynamixel_sdk/group_sync_write.h
[1.877s] -- Installing: /home/will/metr4202_ws/src/install/dynamixel_sdk/include//dynamixel_sdk/group_sync_read.h
[1.877s] -- Installing: /home/will/metr4202_ws/src/install/dynamixel_sdk/include//dynamixel_sdk/group_fast_bulk_read.h
[1.878s] -- Installing: /home/will/metr4202_ws/src/install/dynamixel_sdk/include//dynamixel_sdk/group_bulk_write.h
[1.878s] -- Installing: /home/will/metr4202_ws/src/install/dynamixel_sdk/include//dynamixel_sdk/group_fast_sync_read.h
[1.878s] -- Installing: /home/will/metr4202_ws/src/install/dynamixel_sdk/include//dynamixel_sdk/group_bulk_read.h
[1.878s] -- Installing: /home/will/metr4202_ws/src/install/dynamixel_sdk/include//dynamixel_sdk/protocol1_packet_handler.h
[1.878s] -- Installing: /home/will/metr4202_ws/src/install/dynamixel_sdk/include//dynamixel_sdk/group_handler.h
[1.878s] -- Installing: /home/will/metr4202_ws/src/install/dynamixel_sdk/lib/libdynamixel_sdk.so
[1.878s] -- Installing: /home/will/metr4202_ws/src/install/dynamixel_sdk/share/dynamixel_sdk/environment/pythonpath.sh
[1.878s] -- Installing: /home/will/metr4202_ws/src/install/dynamixel_sdk/share/dynamixel_sdk/environment/pythonpath.dsv
[1.879s] -- Installing: /home/will/metr4202_ws/src/install/dynamixel_sdk/local/lib/python3.10/dist-packages/dynamixel_sdk-3.8.4-py3.10.egg-info
[1.879s] -- Installing: /home/will/metr4202_ws/src/install/dynamixel_sdk/local/lib/python3.10/dist-packages/dynamixel_sdk-3.8.4-py3.10.egg-info/dependency_links.txt
[1.880s] -- Installing: /home/will/metr4202_ws/src/install/dynamixel_sdk/local/lib/python3.10/dist-packages/dynamixel_sdk-3.8.4-py3.10.egg-info/PKG-INFO
[1.880s] -- Installing: /home/will/metr4202_ws/src/install/dynamixel_sdk/local/lib/python3.10/dist-packages/dynamixel_sdk-3.8.4-py3.10.egg-info/top_level.txt
[1.880s] -- Installing: /home/will/metr4202_ws/src/install/dynamixel_sdk/local/lib/python3.10/dist-packages/dynamixel_sdk-3.8.4-py3.10.egg-info/SOURCES.txt
[1.880s] -- Installing: /home/will/metr4202_ws/src/install/dynamixel_sdk/local/lib/python3.10/dist-packages/dynamixel_sdk
[1.880s] -- Installing: /home/will/metr4202_ws/src/install/dynamixel_sdk/local/lib/python3.10/dist-packages/dynamixel_sdk/port_handler_arduino.cpp
[1.880s] -- Installing: /home/will/metr4202_ws/src/install/dynamixel_sdk/local/lib/python3.10/dist-packages/dynamixel_sdk/protocol1_packet_handler.cpp
[1.880s] -- Installing: /home/will/metr4202_ws/src/install/dynamixel_sdk/local/lib/python3.10/dist-packages/dynamixel_sdk/group_bulk_read.cpp
[1.880s] -- Installing: /home/will/metr4202_ws/src/install/dynamixel_sdk/local/lib/python3.10/dist-packages/dynamixel_sdk/group_fast_bulk_read.cpp
[1.880s] -- Installing: /home/will/metr4202_ws/src/install/dynamixel_sdk/local/lib/python3.10/dist-packages/dynamixel_sdk/port_handler_mac.cpp
[1.881s] -- Installing: /home/will/metr4202_ws/src/install/dynamixel_sdk/local/lib/python3.10/dist-packages/dynamixel_sdk/port_handler.py
[1.881s] -- Installing: /home/will/metr4202_ws/src/install/dynamixel_sdk/local/lib/python3.10/dist-packages/dynamixel_sdk/protocol2_packet_handler.cpp
[1.881s] -- Installing: /home/will/metr4202_ws/src/install/dynamixel_sdk/local/lib/python3.10/dist-packages/dynamixel_sdk/group_handler.cpp
[1.881s] -- Installing: /home/will/metr4202_ws/src/install/dynamixel_sdk/local/lib/python3.10/dist-packages/dynamixel_sdk/group_bulk_write.py
[1.881s] -- Installing: /home/will/metr4202_ws/src/install/dynamixel_sdk/local/lib/python3.10/dist-packages/dynamixel_sdk/port_handler_windows.cpp
[1.881s] -- Installing: /home/will/metr4202_ws/src/install/dynamixel_sdk/local/lib/python3.10/dist-packages/dynamixel_sdk/group_bulk_read.py
[1.881s] -- Installing: /home/will/metr4202_ws/src/install/dynamixel_sdk/local/lib/python3.10/dist-packages/dynamixel_sdk/packet_handler.py
[1.881s] -- Installing: /home/will/metr4202_ws/src/install/dynamixel_sdk/local/lib/python3.10/dist-packages/dynamixel_sdk/group_sync_write.cpp
[1.882s] -- Installing: /home/will/metr4202_ws/src/install/dynamixel_sdk/local/lib/python3.10/dist-packages/dynamixel_sdk/group_bulk_write.cpp
[1.882s] -- Installing: /home/will/metr4202_ws/src/install/dynamixel_sdk/local/lib/python3.10/dist-packages/dynamixel_sdk/protocol2_packet_handler.py
[1.882s] -- Installing: /home/will/metr4202_ws/src/install/dynamixel_sdk/local/lib/python3.10/dist-packages/dynamixel_sdk/packet_handler.cpp
[1.882s] -- Installing: /home/will/metr4202_ws/src/install/dynamixel_sdk/local/lib/python3.10/dist-packages/dynamixel_sdk/group_sync_read.py
[1.882s] -- Installing: /home/will/metr4202_ws/src/install/dynamixel_sdk/local/lib/python3.10/dist-packages/dynamixel_sdk/protocol1_packet_handler.py
[1.882s] -- Installing: /home/will/metr4202_ws/src/install/dynamixel_sdk/local/lib/python3.10/dist-packages/dynamixel_sdk/group_sync_write.py
[1.882s] -- Installing: /home/will/metr4202_ws/src/install/dynamixel_sdk/local/lib/python3.10/dist-packages/dynamixel_sdk/group_fast_sync_read.cpp
[1.882s] -- Installing: /home/will/metr4202_ws/src/install/dynamixel_sdk/local/lib/python3.10/dist-packages/dynamixel_sdk/group_sync_read.cpp
[1.882s] -- Installing: /home/will/metr4202_ws/src/install/dynamixel_sdk/local/lib/python3.10/dist-packages/dynamixel_sdk/__init__.py
[1.882s] -- Installing: /home/will/metr4202_ws/src/install/dynamixel_sdk/local/lib/python3.10/dist-packages/dynamixel_sdk/robotis_def.py
[1.882s] -- Installing: /home/will/metr4202_ws/src/install/dynamixel_sdk/local/lib/python3.10/dist-packages/dynamixel_sdk/port_handler_linux.cpp
[1.882s] -- Installing: /home/will/metr4202_ws/src/install/dynamixel_sdk/local/lib/python3.10/dist-packages/dynamixel_sdk/port_handler.cpp
[1.914s] Listing '/home/will/metr4202_ws/src/install/dynamixel_sdk/local/lib/python3.10/dist-packages/dynamixel_sdk'...
[1.914s] Compiling '/home/will/metr4202_ws/src/install/dynamixel_sdk/local/lib/python3.10/dist-packages/dynamixel_sdk/__init__.py'...
[1.914s] Compiling '/home/will/metr4202_ws/src/install/dynamixel_sdk/local/lib/python3.10/dist-packages/dynamixel_sdk/group_bulk_read.py'...
[1.914s] Compiling '/home/will/metr4202_ws/src/install/dynamixel_sdk/local/lib/python3.10/dist-packages/dynamixel_sdk/group_bulk_write.py'...
[1.914s] Compiling '/home/will/metr4202_ws/src/install/dynamixel_sdk/local/lib/python3.10/dist-packages/dynamixel_sdk/group_sync_read.py'...
[1.914s] Compiling '/home/will/metr4202_ws/src/install/dynamixel_sdk/local/lib/python3.10/dist-packages/dynamixel_sdk/group_sync_write.py'...
[1.914s] Compiling '/home/will/metr4202_ws/src/install/dynamixel_sdk/local/lib/python3.10/dist-packages/dynamixel_sdk/packet_handler.py'...
[1.914s] Compiling '/home/will/metr4202_ws/src/install/dynamixel_sdk/local/lib/python3.10/dist-packages/dynamixel_sdk/port_handler.py'...
[1.914s] Compiling '/home/will/metr4202_ws/src/install/dynamixel_sdk/local/lib/python3.10/dist-packages/dynamixel_sdk/protocol1_packet_handler.py'...
[1.914s] Compiling '/home/will/metr4202_ws/src/install/dynamixel_sdk/local/lib/python3.10/dist-packages/dynamixel_sdk/protocol2_packet_handler.py'...
[1.914s] Compiling '/home/will/metr4202_ws/src/install/dynamixel_sdk/local/lib/python3.10/dist-packages/dynamixel_sdk/robotis_def.py'...
[1.918s] -- Installing: /home/will/metr4202_ws/src/install/dynamixel_sdk/share/dynamixel_sdk/environment/library_path.sh
[1.918s] -- Installing: /home/will/metr4202_ws/src/install/dynamixel_sdk/share/dynamixel_sdk/environment/library_path.dsv
[1.918s] -- Installing: /home/will/metr4202_ws/src/install/dynamixel_sdk/share/ament_index/resource_index/package_run_dependencies/dynamixel_sdk
[1.919s] -- Installing: /home/will/metr4202_ws/src/install/dynamixel_sdk/share/ament_index/resource_index/parent_prefix_path/dynamixel_sdk
[1.919s] -- Installing: /home/will/metr4202_ws/src/install/dynamixel_sdk/share/dynamixel_sdk/environment/ament_prefix_path.sh
[1.919s] -- Installing: /home/will/metr4202_ws/src/install/dynamixel_sdk/share/dynamixel_sdk/environment/ament_prefix_path.dsv
[1.919s] -- Installing: /home/will/metr4202_ws/src/install/dynamixel_sdk/share/dynamixel_sdk/environment/path.sh
[1.919s] -- Installing: /home/will/metr4202_ws/src/install/dynamixel_sdk/share/dynamixel_sdk/environment/path.dsv
[1.919s] -- Installing: /home/will/metr4202_ws/src/install/dynamixel_sdk/share/dynamixel_sdk/local_setup.bash
[1.919s] -- Installing: /home/will/metr4202_ws/src/install/dynamixel_sdk/share/dynamixel_sdk/local_setup.sh
[1.920s] -- Installing: /home/will/metr4202_ws/src/install/dynamixel_sdk/share/dynamixel_sdk/local_setup.zsh
[1.920s] -- Installing: /home/will/metr4202_ws/src/install/dynamixel_sdk/share/dynamixel_sdk/local_setup.dsv
[1.920s] -- Installing: /home/will/metr4202_ws/src/install/dynamixel_sdk/share/dynamixel_sdk/package.dsv
[1.920s] -- Installing: /home/will/metr4202_ws/src/install/dynamixel_sdk/share/ament_index/resource_index/packages/dynamixel_sdk
[1.920s] -- Installing: /home/will/metr4202_ws/src/install/dynamixel_sdk/share/dynamixel_sdk/cmake/dynamixel_sdkExport.cmake
[1.920s] -- Installing: /home/will/metr4202_ws/src/install/dynamixel_sdk/share/dynamixel_sdk/cmake/dynamixel_sdkExport-noconfig.cmake
[1.921s] -- Installing: /home/will/metr4202_ws/src/install/dynamixel_sdk/share/dynamixel_sdk/cmake/ament_cmake_export_targets-extras.cmake
[1.921s] -- Installing: /home/will/metr4202_ws/src/install/dynamixel_sdk/share/dynamixel_sdk/cmake/ament_cmake_export_include_directories-extras.cmake
[1.921s] -- Installing: /home/will/metr4202_ws/src/install/dynamixel_sdk/share/dynamixel_sdk/cmake/ament_cmake_export_libraries-extras.cmake
[1.921s] -- Installing: /home/will/metr4202_ws/src/install/dynamixel_sdk/share/dynamixel_sdk/cmake/dynamixel_sdkConfig.cmake
[1.921s] -- Installing: /home/will/metr4202_ws/src/install/dynamixel_sdk/share/dynamixel_sdk/cmake/dynamixel_sdkConfig-version.cmake
[1.921s] -- Installing: /home/will/metr4202_ws/src/install/dynamixel_sdk/share/dynamixel_sdk/package.xml
[1.923s] Invoked command in '/home/will/metr4202_ws/src/build/dynamixel_sdk' returned '0': CMAKE_PREFIX_PATH=${CMAKE_PREFIX_PATH}:/home/will/metr4202_ws/install/waypoint_commander:/home/will/metr4202_ws/install/turtlebot3_teleop:/home/will/metr4202_ws/install/turtlebot3_example:/home/will/metr4202_ws/install/m4202_py_pkg:/opt/ros/humble /usr/bin/cmake --install /home/will/metr4202_ws/src/build/dynamixel_sdk
