[0.060s] Invoking command in '/home/will/metr4202_ws/src/build/turtlebot3_manipulation_gazebo': CMAKE_PREFIX_PATH=${CMAKE_PREFIX_PATH}:/home/will/metr4202_ws/install/waypoint_commander:/home/will/metr4202_ws/install/turtlebot3_teleop:/home/will/metr4202_ws/install/turtlebot3_example:/home/will/metr4202_ws/install/my_world_launcher:/home/will/metr4202_ws/install/m4202_py_pkg:/home/will/metr4202_ws/install/aruco_detector:/home/will/install/waypoint_commander:/home/will/install/turtlebot3_teleop:/home/will/install/turtlebot3_example:/home/will/install/my_world_launcher:/home/will/install/m4202_py_pkg:/home/will/install/aruco_detector:/opt/ros/humble /usr/bin/cmake --build /home/will/metr4202_ws/src/build/turtlebot3_manipulation_gazebo -- -j20 -l20
[0.918s] Invoked command in '/home/will/metr4202_ws/src/build/turtlebot3_manipulation_gazebo' returned '0': CMAKE_PREFIX_PATH=${CMAKE_PREFIX_PATH}:/home/will/metr4202_ws/install/waypoint_commander:/home/will/metr4202_ws/install/turtlebot3_teleop:/home/will/metr4202_ws/install/turtlebot3_example:/home/will/metr4202_ws/install/my_world_launcher:/home/will/metr4202_ws/install/m4202_py_pkg:/home/will/metr4202_ws/install/aruco_detector:/home/will/install/waypoint_commander:/home/will/install/turtlebot3_teleop:/home/will/install/turtlebot3_example:/home/will/install/my_world_launcher:/home/will/install/m4202_py_pkg:/home/will/install/aruco_detector:/opt/ros/humble /usr/bin/cmake --build /home/will/metr4202_ws/src/build/turtlebot3_manipulation_gazebo -- -j20 -l20
[0.920s] Invoking command in '/home/will/metr4202_ws/src/build/turtlebot3_manipulation_gazebo': CMAKE_PREFIX_PATH=${CMAKE_PREFIX_PATH}:/home/will/metr4202_ws/install/waypoint_commander:/home/will/metr4202_ws/install/turtlebot3_teleop:/home/will/metr4202_ws/install/turtlebot3_example:/home/will/metr4202_ws/install/my_world_launcher:/home/will/metr4202_ws/install/m4202_py_pkg:/home/will/metr4202_ws/install/aruco_detector:/home/will/install/waypoint_commander:/home/will/install/turtlebot3_teleop:/home/will/install/turtlebot3_example:/home/will/install/my_world_launcher:/home/will/install/m4202_py_pkg:/home/will/install/aruco_detector:/opt/ros/humble /usr/bin/cmake --install /home/will/metr4202_ws/src/build/turtlebot3_manipulation_gazebo
[0.956s] -- Install configuration: ""
[0.957s] -- Up-to-date: /home/will/metr4202_ws/src/install/turtlebot3_manipulation_gazebo/share/turtlebot3_manipulation_gazebo/config
[0.957s] -- Up-to-date: /home/will/metr4202_ws/src/install/turtlebot3_manipulation_gazebo/share/turtlebot3_manipulation_gazebo/config/gazebo_controller_manager.yaml
[0.957s] -- Up-to-date: /home/will/metr4202_ws/src/install/turtlebot3_manipulation_gazebo/share/turtlebot3_manipulation_gazebo/config/hardware_controller_manager.yaml
[0.957s] -- Up-to-date: /home/will/metr4202_ws/src/install/turtlebot3_manipulation_gazebo/share/turtlebot3_manipulation_gazebo/gazebo
[0.957s] -- Up-to-date: /home/will/metr4202_ws/src/install/turtlebot3_manipulation_gazebo/share/turtlebot3_manipulation_gazebo/gazebo/materials.xacro
[0.957s] -- Up-to-date: /home/will/metr4202_ws/src/install/turtlebot3_manipulation_gazebo/share/turtlebot3_manipulation_gazebo/gazebo/turtlebot3_waffle_pi.gazebo.xacro
[0.957s] -- Up-to-date: /home/will/metr4202_ws/src/install/turtlebot3_manipulation_gazebo/share/turtlebot3_manipulation_gazebo/gazebo/open_manipulator_x.gazebo.xacro
[0.957s] -- Up-to-date: /home/will/metr4202_ws/src/install/turtlebot3_manipulation_gazebo/share/turtlebot3_manipulation_gazebo/launch
[0.957s] -- Up-to-date: /home/will/metr4202_ws/src/install/turtlebot3_manipulation_gazebo/share/turtlebot3_manipulation_gazebo/launch/base.launch.py
[0.957s] -- Up-to-date: /home/will/metr4202_ws/src/install/turtlebot3_manipulation_gazebo/share/turtlebot3_manipulation_gazebo/launch/turtlebot3_home_service_challenge.launch.py
[0.957s] -- Up-to-date: /home/will/metr4202_ws/src/install/turtlebot3_manipulation_gazebo/share/turtlebot3_manipulation_gazebo/launch/fake.launch.py
[0.957s] -- Up-to-date: /home/will/metr4202_ws/src/install/turtlebot3_manipulation_gazebo/share/turtlebot3_manipulation_gazebo/launch/gazebo.launch.py
[0.958s] -- Up-to-date: /home/will/metr4202_ws/src/install/turtlebot3_manipulation_gazebo/share/turtlebot3_manipulation_gazebo/ros2_control
[0.958s] -- Up-to-date: /home/will/metr4202_ws/src/install/turtlebot3_manipulation_gazebo/share/turtlebot3_manipulation_gazebo/ros2_control/turtlebot3_manipulation_system.ros2_control.xacro
[0.958s] -- Up-to-date: /home/will/metr4202_ws/src/install/turtlebot3_manipulation_gazebo/share/turtlebot3_manipulation_gazebo/rviz
[0.958s] -- Up-to-date: /home/will/metr4202_ws/src/install/turtlebot3_manipulation_gazebo/share/turtlebot3_manipulation_gazebo/rviz/turtlebot3_manipulation.rviz
[0.958s] -- Up-to-date: /home/will/metr4202_ws/src/install/turtlebot3_manipulation_gazebo/share/turtlebot3_manipulation_gazebo/urdf
[0.958s] -- Up-to-date: /home/will/metr4202_ws/src/install/turtlebot3_manipulation_gazebo/share/turtlebot3_manipulation_gazebo/urdf/open_manipulator_x.urdf.xacro
[0.958s] -- Up-to-date: /home/will/metr4202_ws/src/install/turtlebot3_manipulation_gazebo/share/turtlebot3_manipulation_gazebo/urdf/turtlebot3_manipulation.urdf.xacro
[0.958s] -- Up-to-date: /home/will/metr4202_ws/src/install/turtlebot3_manipulation_gazebo/share/turtlebot3_manipulation_gazebo/urdf/turtlebot3_waffle_pi.urdf.xacro
[0.958s] -- Up-to-date: /home/will/metr4202_ws/src/install/turtlebot3_manipulation_gazebo/share/turtlebot3_manipulation_gazebo/worlds
[0.958s] -- Up-to-date: /home/will/metr4202_ws/src/install/turtlebot3_manipulation_gazebo/share/turtlebot3_manipulation_gazebo/worlds/turtlebot3_home_service_challenge.world
[0.958s] -- Up-to-date: /home/will/metr4202_ws/src/install/turtlebot3_manipulation_gazebo/share/turtlebot3_manipulation_gazebo/models
[0.958s] -- Up-to-date: /home/will/metr4202_ws/src/install/turtlebot3_manipulation_gazebo/share/turtlebot3_manipulation_gazebo/models/turtlebot3_home_service_challenge
[0.958s] -- Up-to-date: /home/will/metr4202_ws/src/install/turtlebot3_manipulation_gazebo/share/turtlebot3_manipulation_gazebo/models/turtlebot3_home_service_challenge/marker3
[0.959s] -- Up-to-date: /home/will/metr4202_ws/src/install/turtlebot3_manipulation_gazebo/share/turtlebot3_manipulation_gazebo/models/turtlebot3_home_service_challenge/marker3/model.sdf
[0.959s] -- Up-to-date: /home/will/metr4202_ws/src/install/turtlebot3_manipulation_gazebo/share/turtlebot3_manipulation_gazebo/models/turtlebot3_home_service_challenge/marker3/model-1_5.sdf
[0.963s] -- Up-to-date: /home/will/metr4202_ws/src/install/turtlebot3_manipulation_gazebo/share/turtlebot3_manipulation_gazebo/models/turtlebot3_home_service_challenge/marker3/model.config
[0.963s] -- Up-to-date: /home/will/metr4202_ws/src/install/turtlebot3_manipulation_gazebo/share/turtlebot3_manipulation_gazebo/models/turtlebot3_home_service_challenge/marker3/model-1_4.sdf
[0.963s] -- Up-to-date: /home/will/metr4202_ws/src/install/turtlebot3_manipulation_gazebo/share/turtlebot3_manipulation_gazebo/models/turtlebot3_home_service_challenge/marker3/materials
[0.963s] -- Up-to-date: /home/will/metr4202_ws/src/install/turtlebot3_manipulation_gazebo/share/turtlebot3_manipulation_gazebo/models/turtlebot3_home_service_challenge/marker3/materials/textures
[0.963s] -- Up-to-date: /home/will/metr4202_ws/src/install/turtlebot3_manipulation_gazebo/share/turtlebot3_manipulation_gazebo/models/turtlebot3_home_service_challenge/marker3/materials/textures/Marker3.png
[0.963s] -- Up-to-date: /home/will/metr4202_ws/src/install/turtlebot3_manipulation_gazebo/share/turtlebot3_manipulation_gazebo/models/turtlebot3_home_service_challenge/marker3/meshes
[0.963s] -- Up-to-date: /home/will/metr4202_ws/src/install/turtlebot3_manipulation_gazebo/share/turtlebot3_manipulation_gazebo/models/turtlebot3_home_service_challenge/marker3/meshes/Marker3.dae
[0.963s] -- Up-to-date: /home/will/metr4202_ws/src/install/turtlebot3_manipulation_gazebo/share/turtlebot3_manipulation_gazebo/models/turtlebot3_home_service_challenge/marker8
[0.963s] -- Up-to-date: /home/will/metr4202_ws/src/install/turtlebot3_manipulation_gazebo/share/turtlebot3_manipulation_gazebo/models/turtlebot3_home_service_challenge/marker8/model.sdf
[0.963s] -- Up-to-date: /home/will/metr4202_ws/src/install/turtlebot3_manipulation_gazebo/share/turtlebot3_manipulation_gazebo/models/turtlebot3_home_service_challenge/marker8/model-1_5.sdf
[0.964s] -- Up-to-date: /home/will/metr4202_ws/src/install/turtlebot3_manipulation_gazebo/share/turtlebot3_manipulation_gazebo/models/turtlebot3_home_service_challenge/marker8/model.config
[0.964s] -- Up-to-date: /home/will/metr4202_ws/src/install/turtlebot3_manipulation_gazebo/share/turtlebot3_manipulation_gazebo/models/turtlebot3_home_service_challenge/marker8/model-1_4.sdf
[0.964s] -- Up-to-date: /home/will/metr4202_ws/src/install/turtlebot3_manipulation_gazebo/share/turtlebot3_manipulation_gazebo/models/turtlebot3_home_service_challenge/marker8/materials
[0.964s] -- Up-to-date: /home/will/metr4202_ws/src/install/turtlebot3_manipulation_gazebo/share/turtlebot3_manipulation_gazebo/models/turtlebot3_home_service_challenge/marker8/materials/textures
[0.964s] -- Up-to-date: /home/will/metr4202_ws/src/install/turtlebot3_manipulation_gazebo/share/turtlebot3_manipulation_gazebo/models/turtlebot3_home_service_challenge/marker8/materials/textures/Marker8.png
[0.964s] -- Up-to-date: /home/will/metr4202_ws/src/install/turtlebot3_manipulation_gazebo/share/turtlebot3_manipulation_gazebo/models/turtlebot3_home_service_challenge/marker8/meshes
[0.964s] -- Up-to-date: /home/will/metr4202_ws/src/install/turtlebot3_manipulation_gazebo/share/turtlebot3_manipulation_gazebo/models/turtlebot3_home_service_challenge/marker8/meshes/Marker8.dae
[0.964s] -- Up-to-date: /home/will/metr4202_ws/src/install/turtlebot3_manipulation_gazebo/share/turtlebot3_manipulation_gazebo/models/turtlebot3_home_service_challenge/marker9
[0.964s] -- Up-to-date: /home/will/metr4202_ws/src/install/turtlebot3_manipulation_gazebo/share/turtlebot3_manipulation_gazebo/models/turtlebot3_home_service_challenge/marker9/model.sdf
[0.964s] -- Up-to-date: /home/will/metr4202_ws/src/install/turtlebot3_manipulation_gazebo/share/turtlebot3_manipulation_gazebo/models/turtlebot3_home_service_challenge/marker9/model-1_5.sdf
[0.964s] -- Up-to-date: /home/will/metr4202_ws/src/install/turtlebot3_manipulation_gazebo/share/turtlebot3_manipulation_gazebo/models/turtlebot3_home_service_challenge/marker9/model.config
[0.965s] -- Up-to-date: /home/will/metr4202_ws/src/install/turtlebot3_manipulation_gazebo/share/turtlebot3_manipulation_gazebo/models/turtlebot3_home_service_challenge/marker9/model-1_4.sdf
[0.965s] -- Up-to-date: /home/will/metr4202_ws/src/install/turtlebot3_manipulation_gazebo/share/turtlebot3_manipulation_gazebo/models/turtlebot3_home_service_challenge/marker9/materials
[0.965s] -- Up-to-date: /home/will/metr4202_ws/src/install/turtlebot3_manipulation_gazebo/share/turtlebot3_manipulation_gazebo/models/turtlebot3_home_service_challenge/marker9/materials/textures
[0.965s] -- Up-to-date: /home/will/metr4202_ws/src/install/turtlebot3_manipulation_gazebo/share/turtlebot3_manipulation_gazebo/models/turtlebot3_home_service_challenge/marker9/materials/textures/Marker9.png
[0.965s] -- Up-to-date: /home/will/metr4202_ws/src/install/turtlebot3_manipulation_gazebo/share/turtlebot3_manipulation_gazebo/models/turtlebot3_home_service_challenge/marker9/meshes
[0.966s] -- Up-to-date: /home/will/metr4202_ws/src/install/turtlebot3_manipulation_gazebo/share/turtlebot3_manipulation_gazebo/models/turtlebot3_home_service_challenge/marker9/meshes/Marker9.dae
[0.966s] -- Up-to-date: /home/will/metr4202_ws/src/install/turtlebot3_manipulation_gazebo/share/turtlebot3_manipulation_gazebo/models/turtlebot3_home_service_challenge/marker7
[0.967s] -- Up-to-date: /home/will/metr4202_ws/src/install/turtlebot3_manipulation_gazebo/share/turtlebot3_manipulation_gazebo/models/turtlebot3_home_service_challenge/marker7/model.sdf
[0.967s] -- Up-to-date: /home/will/metr4202_ws/src/install/turtlebot3_manipulation_gazebo/share/turtlebot3_manipulation_gazebo/models/turtlebot3_home_service_challenge/marker7/model-1_5.sdf
[0.967s] -- Up-to-date: /home/will/metr4202_ws/src/install/turtlebot3_manipulation_gazebo/share/turtlebot3_manipulation_gazebo/models/turtlebot3_home_service_challenge/marker7/model.config
[0.967s] -- Up-to-date: /home/will/metr4202_ws/src/install/turtlebot3_manipulation_gazebo/share/turtlebot3_manipulation_gazebo/models/turtlebot3_home_service_challenge/marker7/model-1_4.sdf
[0.967s] -- Up-to-date: /home/will/metr4202_ws/src/install/turtlebot3_manipulation_gazebo/share/turtlebot3_manipulation_gazebo/models/turtlebot3_home_service_challenge/marker7/materials
[0.968s] -- Up-to-date: /home/will/metr4202_ws/src/install/turtlebot3_manipulation_gazebo/share/turtlebot3_manipulation_gazebo/models/turtlebot3_home_service_challenge/marker7/materials/textures
[0.968s] -- Up-to-date: /home/will/metr4202_ws/src/install/turtlebot3_manipulation_gazebo/share/turtlebot3_manipulation_gazebo/models/turtlebot3_home_service_challenge/marker7/materials/textures/Marker7.png
[0.968s] -- Up-to-date: /home/will/metr4202_ws/src/install/turtlebot3_manipulation_gazebo/share/turtlebot3_manipulation_gazebo/models/turtlebot3_home_service_challenge/marker7/meshes
[0.968s] -- Up-to-date: /home/will/metr4202_ws/src/install/turtlebot3_manipulation_gazebo/share/turtlebot3_manipulation_gazebo/models/turtlebot3_home_service_challenge/marker7/meshes/Marker7.dae
[0.968s] -- Up-to-date: /home/will/metr4202_ws/src/install/turtlebot3_manipulation_gazebo/share/turtlebot3_manipulation_gazebo/models/turtlebot3_home_service_challenge/marker1
[0.968s] -- Up-to-date: /home/will/metr4202_ws/src/install/turtlebot3_manipulation_gazebo/share/turtlebot3_manipulation_gazebo/models/turtlebot3_home_service_challenge/marker1/model.sdf
[0.968s] -- Up-to-date: /home/will/metr4202_ws/src/install/turtlebot3_manipulation_gazebo/share/turtlebot3_manipulation_gazebo/models/turtlebot3_home_service_challenge/marker1/model-1_5.sdf
[0.968s] -- Up-to-date: /home/will/metr4202_ws/src/install/turtlebot3_manipulation_gazebo/share/turtlebot3_manipulation_gazebo/models/turtlebot3_home_service_challenge/marker1/model.config
[0.968s] -- Up-to-date: /home/will/metr4202_ws/src/install/turtlebot3_manipulation_gazebo/share/turtlebot3_manipulation_gazebo/models/turtlebot3_home_service_challenge/marker1/model-1_4.sdf
[0.968s] -- Up-to-date: /home/will/metr4202_ws/src/install/turtlebot3_manipulation_gazebo/share/turtlebot3_manipulation_gazebo/models/turtlebot3_home_service_challenge/marker1/materials
[0.968s] -- Up-to-date: /home/will/metr4202_ws/src/install/turtlebot3_manipulation_gazebo/share/turtlebot3_manipulation_gazebo/models/turtlebot3_home_service_challenge/marker1/materials/textures
[0.968s] -- Up-to-date: /home/will/metr4202_ws/src/install/turtlebot3_manipulation_gazebo/share/turtlebot3_manipulation_gazebo/models/turtlebot3_home_service_challenge/marker1/materials/textures/Marker1.png
[0.969s] -- Up-to-date: /home/will/metr4202_ws/src/install/turtlebot3_manipulation_gazebo/share/turtlebot3_manipulation_gazebo/models/turtlebot3_home_service_challenge/marker1/meshes
[0.969s] -- Up-to-date: /home/will/metr4202_ws/src/install/turtlebot3_manipulation_gazebo/share/turtlebot3_manipulation_gazebo/models/turtlebot3_home_service_challenge/marker1/meshes/Marker1.dae
[0.969s] -- Up-to-date: /home/will/metr4202_ws/src/install/turtlebot3_manipulation_gazebo/share/turtlebot3_manipulation_gazebo/models/turtlebot3_home_service_challenge/marker0
[0.969s] -- Up-to-date: /home/will/metr4202_ws/src/install/turtlebot3_manipulation_gazebo/share/turtlebot3_manipulation_gazebo/models/turtlebot3_home_service_challenge/marker0/model.sdf
[0.969s] -- Up-to-date: /home/will/metr4202_ws/src/install/turtlebot3_manipulation_gazebo/share/turtlebot3_manipulation_gazebo/models/turtlebot3_home_service_challenge/marker0/model-1_5.sdf
[0.969s] -- Up-to-date: /home/will/metr4202_ws/src/install/turtlebot3_manipulation_gazebo/share/turtlebot3_manipulation_gazebo/models/turtlebot3_home_service_challenge/marker0/model.config
[0.969s] -- Up-to-date: /home/will/metr4202_ws/src/install/turtlebot3_manipulation_gazebo/share/turtlebot3_manipulation_gazebo/models/turtlebot3_home_service_challenge/marker0/model-1_4.sdf
[0.969s] -- Up-to-date: /home/will/metr4202_ws/src/install/turtlebot3_manipulation_gazebo/share/turtlebot3_manipulation_gazebo/models/turtlebot3_home_service_challenge/marker0/materials
[0.969s] -- Up-to-date: /home/will/metr4202_ws/src/install/turtlebot3_manipulation_gazebo/share/turtlebot3_manipulation_gazebo/models/turtlebot3_home_service_challenge/marker0/materials/textures
[0.970s] -- Up-to-date: /home/will/metr4202_ws/src/install/turtlebot3_manipulation_gazebo/share/turtlebot3_manipulation_gazebo/models/turtlebot3_home_service_challenge/marker0/materials/textures/Marker0.png
[0.970s] -- Up-to-date: /home/will/metr4202_ws/src/install/turtlebot3_manipulation_gazebo/share/turtlebot3_manipulation_gazebo/models/turtlebot3_home_service_challenge/marker0/meshes
[0.970s] -- Up-to-date: /home/will/metr4202_ws/src/install/turtlebot3_manipulation_gazebo/share/turtlebot3_manipulation_gazebo/models/turtlebot3_home_service_challenge/marker0/meshes/Marker0.dae
[0.970s] -- Up-to-date: /home/will/metr4202_ws/src/install/turtlebot3_manipulation_gazebo/share/turtlebot3_manipulation_gazebo/models/turtlebot3_home_service_challenge/marker5
[0.970s] -- Up-to-date: /home/will/metr4202_ws/src/install/turtlebot3_manipulation_gazebo/share/turtlebot3_manipulation_gazebo/models/turtlebot3_home_service_challenge/marker5/model.sdf
[0.970s] -- Up-to-date: /home/will/metr4202_ws/src/install/turtlebot3_manipulation_gazebo/share/turtlebot3_manipulation_gazebo/models/turtlebot3_home_service_challenge/marker5/model-1_5.sdf
[0.970s] -- Up-to-date: /home/will/metr4202_ws/src/install/turtlebot3_manipulation_gazebo/share/turtlebot3_manipulation_gazebo/models/turtlebot3_home_service_challenge/marker5/model.config
[0.970s] -- Up-to-date: /home/will/metr4202_ws/src/install/turtlebot3_manipulation_gazebo/share/turtlebot3_manipulation_gazebo/models/turtlebot3_home_service_challenge/marker5/model-1_4.sdf
[0.970s] -- Up-to-date: /home/will/metr4202_ws/src/install/turtlebot3_manipulation_gazebo/share/turtlebot3_manipulation_gazebo/models/turtlebot3_home_service_challenge/marker5/materials
[0.970s] -- Up-to-date: /home/will/metr4202_ws/src/install/turtlebot3_manipulation_gazebo/share/turtlebot3_manipulation_gazebo/models/turtlebot3_home_service_challenge/marker5/materials/textures
[0.971s] -- Up-to-date: /home/will/metr4202_ws/src/install/turtlebot3_manipulation_gazebo/share/turtlebot3_manipulation_gazebo/models/turtlebot3_home_service_challenge/marker5/materials/textures/Marker5.png
[0.971s] -- Up-to-date: /home/will/metr4202_ws/src/install/turtlebot3_manipulation_gazebo/share/turtlebot3_manipulation_gazebo/models/turtlebot3_home_service_challenge/marker5/meshes
[0.971s] -- Up-to-date: /home/will/metr4202_ws/src/install/turtlebot3_manipulation_gazebo/share/turtlebot3_manipulation_gazebo/models/turtlebot3_home_service_challenge/marker5/meshes/Marker5.dae
[0.971s] -- Up-to-date: /home/will/metr4202_ws/src/install/turtlebot3_manipulation_gazebo/share/turtlebot3_manipulation_gazebo/models/turtlebot3_home_service_challenge/marker4
[0.971s] -- Up-to-date: /home/will/metr4202_ws/src/install/turtlebot3_manipulation_gazebo/share/turtlebot3_manipulation_gazebo/models/turtlebot3_home_service_challenge/marker4/model.sdf
[0.971s] -- Up-to-date: /home/will/metr4202_ws/src/install/turtlebot3_manipulation_gazebo/share/turtlebot3_manipulation_gazebo/models/turtlebot3_home_service_challenge/marker4/model-1_5.sdf
[0.972s] -- Up-to-date: /home/will/metr4202_ws/src/install/turtlebot3_manipulation_gazebo/share/turtlebot3_manipulation_gazebo/models/turtlebot3_home_service_challenge/marker4/model.config
[0.972s] -- Up-to-date: /home/will/metr4202_ws/src/install/turtlebot3_manipulation_gazebo/share/turtlebot3_manipulation_gazebo/models/turtlebot3_home_service_challenge/marker4/model-1_4.sdf
[0.972s] -- Up-to-date: /home/will/metr4202_ws/src/install/turtlebot3_manipulation_gazebo/share/turtlebot3_manipulation_gazebo/models/turtlebot3_home_service_challenge/marker4/materials
[0.973s] -- Up-to-date: /home/will/metr4202_ws/src/install/turtlebot3_manipulation_gazebo/share/turtlebot3_manipulation_gazebo/models/turtlebot3_home_service_challenge/marker4/materials/textures
[0.974s] -- Up-to-date: /home/will/metr4202_ws/src/install/turtlebot3_manipulation_gazebo/share/turtlebot3_manipulation_gazebo/models/turtlebot3_home_service_challenge/marker4/materials/textures/Marker4.png
[0.975s] -- Up-to-date: /home/will/metr4202_ws/src/install/turtlebot3_manipulation_gazebo/share/turtlebot3_manipulation_gazebo/models/turtlebot3_home_service_challenge/marker4/meshes
[0.975s] -- Up-to-date: /home/will/metr4202_ws/src/install/turtlebot3_manipulation_gazebo/share/turtlebot3_manipulation_gazebo/models/turtlebot3_home_service_challenge/marker4/meshes/Marker4.dae
[0.975s] -- Up-to-date: /home/will/metr4202_ws/src/install/turtlebot3_manipulation_gazebo/share/turtlebot3_manipulation_gazebo/models/turtlebot3_home_service_challenge/marker6
[0.975s] -- Up-to-date: /home/will/metr4202_ws/src/install/turtlebot3_manipulation_gazebo/share/turtlebot3_manipulation_gazebo/models/turtlebot3_home_service_challenge/marker6/model.sdf
[0.976s] -- Up-to-date: /home/will/metr4202_ws/src/install/turtlebot3_manipulation_gazebo/share/turtlebot3_manipulation_gazebo/models/turtlebot3_home_service_challenge/marker6/model-1_5.sdf
[0.976s] -- Up-to-date: /home/will/metr4202_ws/src/install/turtlebot3_manipulation_gazebo/share/turtlebot3_manipulation_gazebo/models/turtlebot3_home_service_challenge/marker6/model.config
[0.976s] -- Up-to-date: /home/will/metr4202_ws/src/install/turtlebot3_manipulation_gazebo/share/turtlebot3_manipulation_gazebo/models/turtlebot3_home_service_challenge/marker6/model-1_4.sdf
[0.976s] -- Up-to-date: /home/will/metr4202_ws/src/install/turtlebot3_manipulation_gazebo/share/turtlebot3_manipulation_gazebo/models/turtlebot3_home_service_challenge/marker6/materials
[0.979s] -- Up-to-date: /home/will/metr4202_ws/src/install/turtlebot3_manipulation_gazebo/share/turtlebot3_manipulation_gazebo/models/turtlebot3_home_service_challenge/marker6/materials/textures
[0.980s] -- Up-to-date: /home/will/metr4202_ws/src/install/turtlebot3_manipulation_gazebo/share/turtlebot3_manipulation_gazebo/models/turtlebot3_home_service_challenge/marker6/materials/textures/Marker6.png
[0.980s] -- Up-to-date: /home/will/metr4202_ws/src/install/turtlebot3_manipulation_gazebo/share/turtlebot3_manipulation_gazebo/models/turtlebot3_home_service_challenge/marker6/meshes
[0.980s] -- Up-to-date: /home/will/metr4202_ws/src/install/turtlebot3_manipulation_gazebo/share/turtlebot3_manipulation_gazebo/models/turtlebot3_home_service_challenge/marker6/meshes/Marker6.dae
[0.980s] -- Up-to-date: /home/will/metr4202_ws/src/install/turtlebot3_manipulation_gazebo/share/turtlebot3_manipulation_gazebo/models/turtlebot3_home_service_challenge/marker2
[0.986s] -- Up-to-date: /home/will/metr4202_ws/src/install/turtlebot3_manipulation_gazebo/share/turtlebot3_manipulation_gazebo/models/turtlebot3_home_service_challenge/marker2/model.sdf
[0.987s] -- Up-to-date: /home/will/metr4202_ws/src/install/turtlebot3_manipulation_gazebo/share/turtlebot3_manipulation_gazebo/models/turtlebot3_home_service_challenge/marker2/model-1_5.sdf
[0.987s] -- Up-to-date: /home/will/metr4202_ws/src/install/turtlebot3_manipulation_gazebo/share/turtlebot3_manipulation_gazebo/models/turtlebot3_home_service_challenge/marker2/model.config
[0.987s] -- Up-to-date: /home/will/metr4202_ws/src/install/turtlebot3_manipulation_gazebo/share/turtlebot3_manipulation_gazebo/models/turtlebot3_home_service_challenge/marker2/model-1_4.sdf
[0.989s] -- Up-to-date: /home/will/metr4202_ws/src/install/turtlebot3_manipulation_gazebo/share/turtlebot3_manipulation_gazebo/models/turtlebot3_home_service_challenge/marker2/materials
[0.989s] -- Up-to-date: /home/will/metr4202_ws/src/install/turtlebot3_manipulation_gazebo/share/turtlebot3_manipulation_gazebo/models/turtlebot3_home_service_challenge/marker2/materials/textures
[0.989s] -- Up-to-date: /home/will/metr4202_ws/src/install/turtlebot3_manipulation_gazebo/share/turtlebot3_manipulation_gazebo/models/turtlebot3_home_service_challenge/marker2/materials/textures/Marker2.png
[0.990s] -- Up-to-date: /home/will/metr4202_ws/src/install/turtlebot3_manipulation_gazebo/share/turtlebot3_manipulation_gazebo/models/turtlebot3_home_service_challenge/marker2/meshes
[0.990s] -- Up-to-date: /home/will/metr4202_ws/src/install/turtlebot3_manipulation_gazebo/share/turtlebot3_manipulation_gazebo/models/turtlebot3_home_service_challenge/marker2/meshes/Marker2.dae
[0.990s] -- Up-to-date: /home/will/metr4202_ws/src/install/turtlebot3_manipulation_gazebo/share/turtlebot3_manipulation_gazebo/meshes
[0.990s] -- Up-to-date: /home/will/metr4202_ws/src/install/turtlebot3_manipulation_gazebo/share/turtlebot3_manipulation_gazebo/meshes/open_manipulator_x
[0.995s] -- Up-to-date: /home/will/metr4202_ws/src/install/turtlebot3_manipulation_gazebo/share/turtlebot3_manipulation_gazebo/meshes/open_manipulator_x/gripper_right_palm.stl
[0.995s] -- Up-to-date: /home/will/metr4202_ws/src/install/turtlebot3_manipulation_gazebo/share/turtlebot3_manipulation_gazebo/meshes/open_manipulator_x/link4.stl
[0.995s] -- Up-to-date: /home/will/metr4202_ws/src/install/turtlebot3_manipulation_gazebo/share/turtlebot3_manipulation_gazebo/meshes/open_manipulator_x/link1.stl
[0.995s] -- Up-to-date: /home/will/metr4202_ws/src/install/turtlebot3_manipulation_gazebo/share/turtlebot3_manipulation_gazebo/meshes/open_manipulator_x/gripper_left_palm.stl
[0.995s] -- Up-to-date: /home/will/metr4202_ws/src/install/turtlebot3_manipulation_gazebo/share/turtlebot3_manipulation_gazebo/meshes/open_manipulator_x/link5.stl
[0.995s] -- Up-to-date: /home/will/metr4202_ws/src/install/turtlebot3_manipulation_gazebo/share/turtlebot3_manipulation_gazebo/meshes/open_manipulator_x/link3.stl
[0.996s] -- Up-to-date: /home/will/metr4202_ws/src/install/turtlebot3_manipulation_gazebo/share/turtlebot3_manipulation_gazebo/meshes/open_manipulator_x/link2.stl
[0.996s] -- Up-to-date: /home/will/metr4202_ws/src/install/turtlebot3_manipulation_gazebo/share/turtlebot3_manipulation_gazebo/meshes/turtlebot3_waffle_pi
[0.996s] -- Up-to-date: /home/will/metr4202_ws/src/install/turtlebot3_manipulation_gazebo/share/turtlebot3_manipulation_gazebo/meshes/turtlebot3_waffle_pi/ladar.stl
[0.996s] -- Up-to-date: /home/will/metr4202_ws/src/install/turtlebot3_manipulation_gazebo/share/turtlebot3_manipulation_gazebo/meshes/turtlebot3_waffle_pi/left_tire.stl
[0.996s] -- Up-to-date: /home/will/metr4202_ws/src/install/turtlebot3_manipulation_gazebo/share/turtlebot3_manipulation_gazebo/meshes/turtlebot3_waffle_pi/right_tire.stl
[0.996s] -- Up-to-date: /home/will/metr4202_ws/src/install/turtlebot3_manipulation_gazebo/share/turtlebot3_manipulation_gazebo/meshes/turtlebot3_waffle_pi/base.stl
[0.998s] -- Up-to-date: /home/will/metr4202_ws/src/install/turtlebot3_manipulation_gazebo/share/ament_index/resource_index/package_run_dependencies/turtlebot3_manipulation_gazebo
[0.998s] -- Up-to-date: /home/will/metr4202_ws/src/install/turtlebot3_manipulation_gazebo/share/ament_index/resource_index/parent_prefix_path/turtlebot3_manipulation_gazebo
[0.998s] -- Up-to-date: /home/will/metr4202_ws/src/install/turtlebot3_manipulation_gazebo/share/turtlebot3_manipulation_gazebo/environment/ament_prefix_path.sh
[0.998s] -- Up-to-date: /home/will/metr4202_ws/src/install/turtlebot3_manipulation_gazebo/share/turtlebot3_manipulation_gazebo/environment/ament_prefix_path.dsv
[0.998s] -- Up-to-date: /home/will/metr4202_ws/src/install/turtlebot3_manipulation_gazebo/share/turtlebot3_manipulation_gazebo/environment/path.sh
[0.998s] -- Up-to-date: /home/will/metr4202_ws/src/install/turtlebot3_manipulation_gazebo/share/turtlebot3_manipulation_gazebo/environment/path.dsv
[0.998s] -- Up-to-date: /home/will/metr4202_ws/src/install/turtlebot3_manipulation_gazebo/share/turtlebot3_manipulation_gazebo/local_setup.bash
[0.998s] -- Up-to-date: /home/will/metr4202_ws/src/install/turtlebot3_manipulation_gazebo/share/turtlebot3_manipulation_gazebo/local_setup.sh
[1.000s] -- Up-to-date: /home/will/metr4202_ws/src/install/turtlebot3_manipulation_gazebo/share/turtlebot3_manipulation_gazebo/local_setup.zsh
[1.000s] -- Up-to-date: /home/will/metr4202_ws/src/install/turtlebot3_manipulation_gazebo/share/turtlebot3_manipulation_gazebo/local_setup.dsv
[1.000s] -- Installing: /home/will/metr4202_ws/src/install/turtlebot3_manipulation_gazebo/share/turtlebot3_manipulation_gazebo/package.dsv
[1.013s] -- Up-to-date: /home/will/metr4202_ws/src/install/turtlebot3_manipulation_gazebo/share/ament_index/resource_index/packages/turtlebot3_manipulation_gazebo
[1.013s] -- Up-to-date: /home/will/metr4202_ws/src/install/turtlebot3_manipulation_gazebo/share/turtlebot3_manipulation_gazebo/cmake/turtlebot3_manipulation_gazeboConfig.cmake
[1.014s] -- Up-to-date: /home/will/metr4202_ws/src/install/turtlebot3_manipulation_gazebo/share/turtlebot3_manipulation_gazebo/cmake/turtlebot3_manipulation_gazeboConfig-version.cmake
[1.014s] -- Up-to-date: /home/will/metr4202_ws/src/install/turtlebot3_manipulation_gazebo/share/turtlebot3_manipulation_gazebo/package.xml
[1.079s] Invoked command in '/home/will/metr4202_ws/src/build/turtlebot3_manipulation_gazebo' returned '0': CMAKE_PREFIX_PATH=${CMAKE_PREFIX_PATH}:/home/will/metr4202_ws/install/waypoint_commander:/home/will/metr4202_ws/install/turtlebot3_teleop:/home/will/metr4202_ws/install/turtlebot3_example:/home/will/metr4202_ws/install/my_world_launcher:/home/will/metr4202_ws/install/m4202_py_pkg:/home/will/metr4202_ws/install/aruco_detector:/home/will/install/waypoint_commander:/home/will/install/turtlebot3_teleop:/home/will/install/turtlebot3_example:/home/will/install/my_world_launcher:/home/will/install/m4202_py_pkg:/home/will/install/aruco_detector:/opt/ros/humble /usr/bin/cmake --install /home/will/metr4202_ws/src/build/turtlebot3_manipulation_gazebo
