[0.363s] DEBUG:colcon:Command line arguments: ['/usr/bin/colcon', 'build']
[0.363s] DEBUG:colcon:Parsed command line arguments: Namespace(log_base=None, log_level=None, verb_name='build', build_base='build', install_base='install', merge_install=False, symlink_install=False, test_result_base=None, continue_on_error=False, executor='parallel', parallel_workers=4, event_handlers=None, ignore_user_meta=False, metas=['./colcon.meta'], base_paths=['.'], packages_ignore=None, packages_ignore_regex=None, paths=None, packages_up_to=None, packages_up_to_regex=None, packages_above=None, packages_above_and_dependencies=None, packages_above_depth=None, packages_select_by_dep=None, packages_skip_by_dep=None, packages_skip_up_to=None, packages_select_build_failed=False, packages_skip_build_finished=False, packages_select_test_failures=False, packages_skip_test_passed=False, packages_select=None, packages_skip=None, packages_select_regex=None, packages_skip_regex=None, packages_start=None, packages_end=None, allow_overriding=[], cmake_args=None, cmake_target=None, cmake_target_skip_unavailable=False, cmake_clean_cache=False, cmake_clean_first=False, cmake_force_configure=False, ament_cmake_args=None, catkin_cmake_args=None, catkin_skip_building_tests=False, mixin_files=None, mixin=None, verb_parser=<colcon_mixin.mixin.mixin_argument.MixinArgumentDecorator object at 0x7493e1bdb730>, verb_extension=<colcon_core.verb.build.BuildVerb object at 0x7493e1bdb280>, main=<bound method BuildVerb.main of <colcon_core.verb.build.BuildVerb object at 0x7493e1bdb280>>, mixin_verb=('build',))
[0.759s] Level 1:colcon.colcon_core.package_discovery:discover_packages(colcon_meta) check parameters
[0.759s] Level 1:colcon.colcon_core.package_discovery:discover_packages(recursive) check parameters
[0.759s] Level 1:colcon.colcon_core.package_discovery:discover_packages(ignore) check parameters
[0.759s] Level 1:colcon.colcon_core.package_discovery:discover_packages(path) check parameters
[0.759s] Level 1:colcon.colcon_core.package_discovery:discover_packages(colcon_meta) discover
[0.759s] Level 1:colcon.colcon_core.package_discovery:discover_packages(recursive) discover
[0.759s] INFO:colcon.colcon_core.package_discovery:Crawling recursively for packages in '/home/will/metr4202_ws/src/Metr4202-Team21'
[0.759s] Level 1:colcon.colcon_core.package_identification:_identify(.) by extensions ['ignore', 'ignore_ament_install']
[0.759s] Level 1:colcon.colcon_core.package_identification:_identify(.) by extension 'ignore'
[0.759s] Level 1:colcon.colcon_core.package_identification:_identify(.) by extension 'ignore_ament_install'
[0.760s] Level 1:colcon.colcon_core.package_identification:_identify(.) by extensions ['colcon_pkg']
[0.760s] Level 1:colcon.colcon_core.package_identification:_identify(.) by extension 'colcon_pkg'
[0.760s] Level 1:colcon.colcon_core.package_identification:_identify(.) by extensions ['colcon_meta']
[0.760s] Level 1:colcon.colcon_core.package_identification:_identify(.) by extension 'colcon_meta'
[0.760s] Level 1:colcon.colcon_core.package_identification:_identify(.) by extensions ['ros']
[0.760s] Level 1:colcon.colcon_core.package_identification:_identify(.) by extension 'ros'
[0.776s] Level 1:colcon.colcon_core.package_identification:_identify(.) by extensions ['cmake', 'python']
[0.776s] Level 1:colcon.colcon_core.package_identification:_identify(.) by extension 'cmake'
[0.777s] Level 1:colcon.colcon_core.package_identification:_identify(.) by extension 'python'
[0.777s] Level 1:colcon.colcon_core.package_identification:_identify(.) by extensions ['python_setup_py']
[0.777s] Level 1:colcon.colcon_core.package_identification:_identify(.) by extension 'python_setup_py'
[0.777s] Level 1:colcon.colcon_core.package_identification:_identify(aruco_detector_team21) by extensions ['ignore', 'ignore_ament_install']
[0.777s] Level 1:colcon.colcon_core.package_identification:_identify(aruco_detector_team21) by extension 'ignore'
[0.777s] Level 1:colcon.colcon_core.package_identification:_identify(aruco_detector_team21) by extension 'ignore_ament_install'
[0.777s] Level 1:colcon.colcon_core.package_identification:_identify(aruco_detector_team21) by extensions ['colcon_pkg']
[0.777s] Level 1:colcon.colcon_core.package_identification:_identify(aruco_detector_team21) by extension 'colcon_pkg'
[0.777s] Level 1:colcon.colcon_core.package_identification:_identify(aruco_detector_team21) by extensions ['colcon_meta']
[0.777s] Level 1:colcon.colcon_core.package_identification:_identify(aruco_detector_team21) by extension 'colcon_meta'
[0.777s] Level 1:colcon.colcon_core.package_identification:_identify(aruco_detector_team21) by extensions ['ros']
[0.777s] Level 1:colcon.colcon_core.package_identification:_identify(aruco_detector_team21) by extension 'ros'
[0.784s] DEBUG:colcon.colcon_core.package_identification:Package 'aruco_detector_team21' with type 'ros.ament_python' and name 'aruco_detector_team21'
[0.784s] Level 1:colcon.colcon_core.package_identification:_identify(build) by extensions ['ignore', 'ignore_ament_install']
[0.784s] Level 1:colcon.colcon_core.package_identification:_identify(build) by extension 'ignore'
[0.784s] Level 1:colcon.colcon_core.package_identification:_identify(build) ignored
[0.784s] Level 1:colcon.colcon_core.package_identification:_identify(install) by extensions ['ignore', 'ignore_ament_install']
[0.784s] Level 1:colcon.colcon_core.package_identification:_identify(install) by extension 'ignore'
[0.784s] Level 1:colcon.colcon_core.package_identification:_identify(install) ignored
[0.784s] Level 1:colcon.colcon_core.package_identification:_identify(log) by extensions ['ignore', 'ignore_ament_install']
[0.784s] Level 1:colcon.colcon_core.package_identification:_identify(log) by extension 'ignore'
[0.784s] Level 1:colcon.colcon_core.package_identification:_identify(log) ignored
[0.785s] Level 1:colcon.colcon_core.package_identification:_identify(my_world_launcher) by extensions ['ignore', 'ignore_ament_install']
[0.785s] Level 1:colcon.colcon_core.package_identification:_identify(my_world_launcher) by extension 'ignore'
[0.785s] Level 1:colcon.colcon_core.package_identification:_identify(my_world_launcher) by extension 'ignore_ament_install'
[0.785s] Level 1:colcon.colcon_core.package_identification:_identify(my_world_launcher) by extensions ['colcon_pkg']
[0.785s] Level 1:colcon.colcon_core.package_identification:_identify(my_world_launcher) by extension 'colcon_pkg'
[0.785s] Level 1:colcon.colcon_core.package_identification:_identify(my_world_launcher) by extensions ['colcon_meta']
[0.785s] Level 1:colcon.colcon_core.package_identification:_identify(my_world_launcher) by extension 'colcon_meta'
[0.785s] Level 1:colcon.colcon_core.package_identification:_identify(my_world_launcher) by extensions ['ros']
[0.785s] Level 1:colcon.colcon_core.package_identification:_identify(my_world_launcher) by extension 'ros'
[0.786s] DEBUG:colcon.colcon_core.package_identification:Package 'my_world_launcher' with type 'ros.ament_python' and name 'my_world_launcher'
[0.786s] Level 1:colcon.colcon_core.package_identification:_identify(waypoint_commander_team21) by extensions ['ignore', 'ignore_ament_install']
[0.786s] Level 1:colcon.colcon_core.package_identification:_identify(waypoint_commander_team21) by extension 'ignore'
[0.786s] Level 1:colcon.colcon_core.package_identification:_identify(waypoint_commander_team21) by extension 'ignore_ament_install'
[0.787s] Level 1:colcon.colcon_core.package_identification:_identify(waypoint_commander_team21) by extensions ['colcon_pkg']
[0.787s] Level 1:colcon.colcon_core.package_identification:_identify(waypoint_commander_team21) by extension 'colcon_pkg'
[0.787s] Level 1:colcon.colcon_core.package_identification:_identify(waypoint_commander_team21) by extensions ['colcon_meta']
[0.787s] Level 1:colcon.colcon_core.package_identification:_identify(waypoint_commander_team21) by extension 'colcon_meta'
[0.787s] Level 1:colcon.colcon_core.package_identification:_identify(waypoint_commander_team21) by extensions ['ros']
[0.787s] Level 1:colcon.colcon_core.package_identification:_identify(waypoint_commander_team21) by extension 'ros'
[0.787s] DEBUG:colcon.colcon_core.package_identification:Package 'waypoint_commander_team21' with type 'ros.ament_python' and name 'waypoint_commander_team21'
[0.788s] Level 1:colcon.colcon_core.package_discovery:discover_packages(recursive) using defaults
[0.788s] Level 1:colcon.colcon_core.package_discovery:discover_packages(ignore) discover
[0.788s] Level 1:colcon.colcon_core.package_discovery:discover_packages(ignore) using defaults
[0.788s] Level 1:colcon.colcon_core.package_discovery:discover_packages(path) discover
[0.788s] Level 1:colcon.colcon_core.package_discovery:discover_packages(path) using defaults
[0.841s] Level 1:colcon.colcon_core.package_discovery:discover_packages(prefix_path) check parameters
[0.841s] Level 1:colcon.colcon_core.package_discovery:discover_packages(prefix_path) discover
[0.852s] DEBUG:colcon.colcon_installed_package_information.package_discovery:Found 19 installed packages in /home/will/metr4202_ws/install
[0.854s] DEBUG:colcon.colcon_installed_package_information.package_discovery:Found 363 installed packages in /opt/ros/humble
[0.856s] Level 1:colcon.colcon_core.package_discovery:discover_packages(prefix_path) using defaults
[0.975s] Level 5:colcon.colcon_core.verb:set package 'aruco_detector_team21' build argument 'cmake_args' from command line to 'None'
[0.975s] Level 5:colcon.colcon_core.verb:set package 'aruco_detector_team21' build argument 'cmake_target' from command line to 'None'
[0.975s] Level 5:colcon.colcon_core.verb:set package 'aruco_detector_team21' build argument 'cmake_target_skip_unavailable' from command line to 'False'
[0.975s] Level 5:colcon.colcon_core.verb:set package 'aruco_detector_team21' build argument 'cmake_clean_cache' from command line to 'False'
[0.975s] Level 5:colcon.colcon_core.verb:set package 'aruco_detector_team21' build argument 'cmake_clean_first' from command line to 'False'
[0.975s] Level 5:colcon.colcon_core.verb:set package 'aruco_detector_team21' build argument 'cmake_force_configure' from command line to 'False'
[0.975s] Level 5:colcon.colcon_core.verb:set package 'aruco_detector_team21' build argument 'ament_cmake_args' from command line to 'None'
[0.975s] Level 5:colcon.colcon_core.verb:set package 'aruco_detector_team21' build argument 'catkin_cmake_args' from command line to 'None'
[0.975s] Level 5:colcon.colcon_core.verb:set package 'aruco_detector_team21' build argument 'catkin_skip_building_tests' from command line to 'False'
[0.975s] DEBUG:colcon.colcon_core.verb:Building package 'aruco_detector_team21' with the following arguments: {'ament_cmake_args': None, 'build_base': '/home/will/metr4202_ws/src/Metr4202-Team21/build/aruco_detector_team21', 'catkin_cmake_args': None, 'catkin_skip_building_tests': False, 'cmake_args': None, 'cmake_clean_cache': False, 'cmake_clean_first': False, 'cmake_force_configure': False, 'cmake_target': None, 'cmake_target_skip_unavailable': False, 'install_base': '/home/will/metr4202_ws/src/Metr4202-Team21/install/aruco_detector_team21', 'merge_install': False, 'path': '/home/will/metr4202_ws/src/Metr4202-Team21/aruco_detector_team21', 'symlink_install': False, 'test_result_base': None}
[0.975s] Level 5:colcon.colcon_core.verb:set package 'my_world_launcher' build argument 'cmake_args' from command line to 'None'
[0.976s] Level 5:colcon.colcon_core.verb:set package 'my_world_launcher' build argument 'cmake_target' from command line to 'None'
[0.976s] Level 5:colcon.colcon_core.verb:set package 'my_world_launcher' build argument 'cmake_target_skip_unavailable' from command line to 'False'
[0.976s] Level 5:colcon.colcon_core.verb:set package 'my_world_launcher' build argument 'cmake_clean_cache' from command line to 'False'
[0.976s] Level 5:colcon.colcon_core.verb:set package 'my_world_launcher' build argument 'cmake_clean_first' from command line to 'False'
[0.976s] Level 5:colcon.colcon_core.verb:set package 'my_world_launcher' build argument 'cmake_force_configure' from command line to 'False'
[0.976s] Level 5:colcon.colcon_core.verb:set package 'my_world_launcher' build argument 'ament_cmake_args' from command line to 'None'
[0.976s] Level 5:colcon.colcon_core.verb:set package 'my_world_launcher' build argument 'catkin_cmake_args' from command line to 'None'
[0.976s] Level 5:colcon.colcon_core.verb:set package 'my_world_launcher' build argument 'catkin_skip_building_tests' from command line to 'False'
[0.976s] DEBUG:colcon.colcon_core.verb:Building package 'my_world_launcher' with the following arguments: {'ament_cmake_args': None, 'build_base': '/home/will/metr4202_ws/src/Metr4202-Team21/build/my_world_launcher', 'catkin_cmake_args': None, 'catkin_skip_building_tests': False, 'cmake_args': None, 'cmake_clean_cache': False, 'cmake_clean_first': False, 'cmake_force_configure': False, 'cmake_target': None, 'cmake_target_skip_unavailable': False, 'install_base': '/home/will/metr4202_ws/src/Metr4202-Team21/install/my_world_launcher', 'merge_install': False, 'path': '/home/will/metr4202_ws/src/Metr4202-Team21/my_world_launcher', 'symlink_install': False, 'test_result_base': None}
[0.976s] Level 5:colcon.colcon_core.verb:set package 'waypoint_commander_team21' build argument 'cmake_args' from command line to 'None'
[0.976s] Level 5:colcon.colcon_core.verb:set package 'waypoint_commander_team21' build argument 'cmake_target' from command line to 'None'
[0.976s] Level 5:colcon.colcon_core.verb:set package 'waypoint_commander_team21' build argument 'cmake_target_skip_unavailable' from command line to 'False'
[0.976s] Level 5:colcon.colcon_core.verb:set package 'waypoint_commander_team21' build argument 'cmake_clean_cache' from command line to 'False'
[0.976s] Level 5:colcon.colcon_core.verb:set package 'waypoint_commander_team21' build argument 'cmake_clean_first' from command line to 'False'
[0.976s] Level 5:colcon.colcon_core.verb:set package 'waypoint_commander_team21' build argument 'cmake_force_configure' from command line to 'False'
[0.976s] Level 5:colcon.colcon_core.verb:set package 'waypoint_commander_team21' build argument 'ament_cmake_args' from command line to 'None'
[0.976s] Level 5:colcon.colcon_core.verb:set package 'waypoint_commander_team21' build argument 'catkin_cmake_args' from command line to 'None'
[0.976s] Level 5:colcon.colcon_core.verb:set package 'waypoint_commander_team21' build argument 'catkin_skip_building_tests' from command line to 'False'
[0.976s] DEBUG:colcon.colcon_core.verb:Building package 'waypoint_commander_team21' with the following arguments: {'ament_cmake_args': None, 'build_base': '/home/will/metr4202_ws/src/Metr4202-Team21/build/waypoint_commander_team21', 'catkin_cmake_args': None, 'catkin_skip_building_tests': False, 'cmake_args': None, 'cmake_clean_cache': False, 'cmake_clean_first': False, 'cmake_force_configure': False, 'cmake_target': None, 'cmake_target_skip_unavailable': False, 'install_base': '/home/will/metr4202_ws/src/Metr4202-Team21/install/waypoint_commander_team21', 'merge_install': False, 'path': '/home/will/metr4202_ws/src/Metr4202-Team21/waypoint_commander_team21', 'symlink_install': False, 'test_result_base': None}
[0.976s] INFO:colcon.colcon_core.executor:Executing jobs using 'parallel' executor
[0.977s] DEBUG:colcon.colcon_parallel_executor.executor.parallel:run_until_complete
[0.978s] INFO:colcon.colcon_ros.task.ament_python.build:Building ROS package in '/home/will/metr4202_ws/src/Metr4202-Team21/aruco_detector_team21' with build type 'ament_python'
[0.978s] Level 1:colcon.colcon_core.shell:create_environment_hook('aruco_detector_team21', 'ament_prefix_path')
[0.984s] INFO:colcon.colcon_core.plugin_system:Skipping extension 'colcon_core.shell.bat': Not used on non-Windows systems
[0.984s] INFO:colcon.colcon_core.shell:Creating environment hook '/home/will/metr4202_ws/src/Metr4202-Team21/install/aruco_detector_team21/share/aruco_detector_team21/hook/ament_prefix_path.ps1'
[0.986s] INFO:colcon.colcon_core.shell:Creating environment descriptor '/home/will/metr4202_ws/src/Metr4202-Team21/install/aruco_detector_team21/share/aruco_detector_team21/hook/ament_prefix_path.dsv'
[0.987s] INFO:colcon.colcon_core.shell:Creating environment hook '/home/will/metr4202_ws/src/Metr4202-Team21/install/aruco_detector_team21/share/aruco_detector_team21/hook/ament_prefix_path.sh'
[0.988s] INFO:colcon.colcon_core.shell:Skip shell extension 'powershell' for command environment: Not usable outside of PowerShell
[0.988s] DEBUG:colcon.colcon_core.shell:Skip shell extension 'dsv' for command environment
[0.993s] INFO:colcon.colcon_ros.task.ament_python.build:Building ROS package in '/home/will/metr4202_ws/src/Metr4202-Team21/my_world_launcher' with build type 'ament_python'
[0.993s] Level 1:colcon.colcon_core.shell:create_environment_hook('my_world_launcher', 'ament_prefix_path')
[0.993s] INFO:colcon.colcon_core.shell:Creating environment hook '/home/will/metr4202_ws/src/Metr4202-Team21/install/my_world_launcher/share/my_world_launcher/hook/ament_prefix_path.ps1'
[0.995s] INFO:colcon.colcon_core.shell:Creating environment descriptor '/home/will/metr4202_ws/src/Metr4202-Team21/install/my_world_launcher/share/my_world_launcher/hook/ament_prefix_path.dsv'
[0.995s] INFO:colcon.colcon_core.shell:Creating environment hook '/home/will/metr4202_ws/src/Metr4202-Team21/install/my_world_launcher/share/my_world_launcher/hook/ament_prefix_path.sh'
[0.996s] INFO:colcon.colcon_core.shell:Skip shell extension 'powershell' for command environment: Not usable outside of PowerShell
[0.996s] DEBUG:colcon.colcon_core.shell:Skip shell extension 'dsv' for command environment
[1.002s] INFO:colcon.colcon_ros.task.ament_python.build:Building ROS package in '/home/will/metr4202_ws/src/Metr4202-Team21/waypoint_commander_team21' with build type 'ament_python'
[1.003s] Level 1:colcon.colcon_core.shell:create_environment_hook('waypoint_commander_team21', 'ament_prefix_path')
[1.003s] INFO:colcon.colcon_core.shell:Creating environment hook '/home/will/metr4202_ws/src/Metr4202-Team21/install/waypoint_commander_team21/share/waypoint_commander_team21/hook/ament_prefix_path.ps1'
[1.005s] INFO:colcon.colcon_core.shell:Creating environment descriptor '/home/will/metr4202_ws/src/Metr4202-Team21/install/waypoint_commander_team21/share/waypoint_commander_team21/hook/ament_prefix_path.dsv'
[1.005s] INFO:colcon.colcon_core.shell:Creating environment hook '/home/will/metr4202_ws/src/Metr4202-Team21/install/waypoint_commander_team21/share/waypoint_commander_team21/hook/ament_prefix_path.sh'
[1.006s] INFO:colcon.colcon_core.shell:Skip shell extension 'powershell' for command environment: Not usable outside of PowerShell
[1.006s] DEBUG:colcon.colcon_core.shell:Skip shell extension 'dsv' for command environment
[1.263s] INFO:colcon.colcon_core.task.python.build:Building Python package in '/home/will/metr4202_ws/src/Metr4202-Team21/aruco_detector_team21'
[1.263s] INFO:colcon.colcon_core.shell:Skip shell extension 'powershell' for command environment: Not usable outside of PowerShell
[1.263s] DEBUG:colcon.colcon_core.shell:Skip shell extension 'dsv' for command environment
[1.500s] INFO:colcon.colcon_core.task.python.build:Building Python package in '/home/will/metr4202_ws/src/Metr4202-Team21/my_world_launcher'
[1.501s] INFO:colcon.colcon_core.shell:Skip shell extension 'powershell' for command environment: Not usable outside of PowerShell
[1.501s] DEBUG:colcon.colcon_core.shell:Skip shell extension 'dsv' for command environment
[1.738s] INFO:colcon.colcon_core.task.python.build:Building Python package in '/home/will/metr4202_ws/src/Metr4202-Team21/waypoint_commander_team21'
[1.738s] INFO:colcon.colcon_core.shell:Skip shell extension 'powershell' for command environment: Not usable outside of PowerShell
[1.738s] DEBUG:colcon.colcon_core.shell:Skip shell extension 'dsv' for command environment
[2.317s] DEBUG:colcon.colcon_core.event_handler.log_command:Invoking command in '/home/will/metr4202_ws/src/Metr4202-Team21/my_world_launcher': PYTHONPATH=/home/will/metr4202_ws/src/Metr4202-Team21/build/my_world_launcher/prefix_override:/usr/lib/python3/dist-packages/colcon_core/task/python/colcon_distutils_commands:/home/will/metr4202_ws/src/Metr4202-Team21/install/my_world_launcher/lib/python3.10/site-packages:${PYTHONPATH} /usr/bin/python3 -W ignore:setup.py install is deprecated -W ignore:easy_install command is deprecated setup.py egg_info --egg-base ../build/my_world_launcher build --build-base /home/will/metr4202_ws/src/Metr4202-Team21/build/my_world_launcher/build install --record /home/will/metr4202_ws/src/Metr4202-Team21/build/my_world_launcher/install.log --single-version-externally-managed install_data
[2.321s] DEBUG:colcon.colcon_core.event_handler.log_command:Invoking command in '/home/will/metr4202_ws/src/Metr4202-Team21/aruco_detector_team21': PYTHONPATH=/home/will/metr4202_ws/src/Metr4202-Team21/build/aruco_detector_team21/prefix_override:/usr/lib/python3/dist-packages/colcon_core/task/python/colcon_distutils_commands:/home/will/metr4202_ws/src/Metr4202-Team21/install/aruco_detector_team21/lib/python3.10/site-packages:${PYTHONPATH} /usr/bin/python3 -W ignore:setup.py install is deprecated -W ignore:easy_install command is deprecated setup.py egg_info --egg-base ../build/aruco_detector_team21 build --build-base /home/will/metr4202_ws/src/Metr4202-Team21/build/aruco_detector_team21/build install --record /home/will/metr4202_ws/src/Metr4202-Team21/build/aruco_detector_team21/install.log --single-version-externally-managed install_data
[2.324s] DEBUG:colcon.colcon_core.event_handler.log_command:Invoking command in '/home/will/metr4202_ws/src/Metr4202-Team21/waypoint_commander_team21': PYTHONPATH=/home/will/metr4202_ws/src/Metr4202-Team21/build/waypoint_commander_team21/prefix_override:/usr/lib/python3/dist-packages/colcon_core/task/python/colcon_distutils_commands:/home/will/metr4202_ws/src/Metr4202-Team21/install/waypoint_commander_team21/lib/python3.10/site-packages:${PYTHONPATH} /usr/bin/python3 -W ignore:setup.py install is deprecated -W ignore:easy_install command is deprecated setup.py egg_info --egg-base ../build/waypoint_commander_team21 build --build-base /home/will/metr4202_ws/src/Metr4202-Team21/build/waypoint_commander_team21/build install --record /home/will/metr4202_ws/src/Metr4202-Team21/build/waypoint_commander_team21/install.log --single-version-externally-managed install_data
[2.603s] DEBUG:colcon.colcon_core.event_handler.log_command:Invoked command in '/home/will/metr4202_ws/src/Metr4202-Team21/my_world_launcher' returned '0': PYTHONPATH=/home/will/metr4202_ws/src/Metr4202-Team21/build/my_world_launcher/prefix_override:/usr/lib/python3/dist-packages/colcon_core/task/python/colcon_distutils_commands:/home/will/metr4202_ws/src/Metr4202-Team21/install/my_world_launcher/lib/python3.10/site-packages:${PYTHONPATH} /usr/bin/python3 -W ignore:setup.py install is deprecated -W ignore:easy_install command is deprecated setup.py egg_info --egg-base ../build/my_world_launcher build --build-base /home/will/metr4202_ws/src/Metr4202-Team21/build/my_world_launcher/build install --record /home/will/metr4202_ws/src/Metr4202-Team21/build/my_world_launcher/install.log --single-version-externally-managed install_data
[2.614s] Level 1:colcon.colcon_core.environment:checking '/home/will/metr4202_ws/src/Metr4202-Team21/install/my_world_launcher' for CMake module files
[2.614s] Level 1:colcon.colcon_core.environment:checking '/home/will/metr4202_ws/src/Metr4202-Team21/install/my_world_launcher' for CMake config files
[2.615s] Level 1:colcon.colcon_core.environment:checking '/home/will/metr4202_ws/src/Metr4202-Team21/install/my_world_launcher/lib'
[2.615s] Level 1:colcon.colcon_core.environment:checking '/home/will/metr4202_ws/src/Metr4202-Team21/install/my_world_launcher/bin'
[2.615s] Level 1:colcon.colcon_core.environment:checking '/home/will/metr4202_ws/src/Metr4202-Team21/install/my_world_launcher/lib/pkgconfig/my_world_launcher.pc'
[2.615s] Level 1:colcon.colcon_core.environment:checking '/home/will/metr4202_ws/src/Metr4202-Team21/install/my_world_launcher/lib/python3.10/site-packages'
[2.615s] Level 1:colcon.colcon_core.shell:create_environment_hook('my_world_launcher', 'pythonpath')
[2.615s] INFO:colcon.colcon_core.shell:Creating environment hook '/home/will/metr4202_ws/src/Metr4202-Team21/install/my_world_launcher/share/my_world_launcher/hook/pythonpath.ps1'
[2.616s] INFO:colcon.colcon_core.shell:Creating environment descriptor '/home/will/metr4202_ws/src/Metr4202-Team21/install/my_world_launcher/share/my_world_launcher/hook/pythonpath.dsv'
[2.616s] INFO:colcon.colcon_core.shell:Creating environment hook '/home/will/metr4202_ws/src/Metr4202-Team21/install/my_world_launcher/share/my_world_launcher/hook/pythonpath.sh'
[2.617s] Level 1:colcon.colcon_core.environment:checking '/home/will/metr4202_ws/src/Metr4202-Team21/install/my_world_launcher/bin'
[2.617s] Level 1:colcon.colcon_core.environment:create_environment_scripts_only(my_world_launcher)
[2.618s] INFO:colcon.colcon_core.shell:Creating package script '/home/will/metr4202_ws/src/Metr4202-Team21/install/my_world_launcher/share/my_world_launcher/package.ps1'
[2.620s] INFO:colcon.colcon_core.shell:Creating package descriptor '/home/will/metr4202_ws/src/Metr4202-Team21/install/my_world_launcher/share/my_world_launcher/package.dsv'
[2.621s] INFO:colcon.colcon_core.shell:Creating package script '/home/will/metr4202_ws/src/Metr4202-Team21/install/my_world_launcher/share/my_world_launcher/package.sh'
[2.622s] INFO:colcon.colcon_core.shell:Creating package script '/home/will/metr4202_ws/src/Metr4202-Team21/install/my_world_launcher/share/my_world_launcher/package.bash'
[2.623s] INFO:colcon.colcon_core.shell:Creating package script '/home/will/metr4202_ws/src/Metr4202-Team21/install/my_world_launcher/share/my_world_launcher/package.zsh'
[2.624s] Level 1:colcon.colcon_core.environment:create_file_with_runtime_dependencies(/home/will/metr4202_ws/src/Metr4202-Team21/install/my_world_launcher/share/colcon-core/packages/my_world_launcher)
[2.637s] Level 1:colcon.colcon_core.environment:checking '/home/will/metr4202_ws/src/Metr4202-Team21/install/aruco_detector_team21' for CMake module files
[2.638s] DEBUG:colcon.colcon_core.event_handler.log_command:Invoked command in '/home/will/metr4202_ws/src/Metr4202-Team21/aruco_detector_team21' returned '0': PYTHONPATH=/home/will/metr4202_ws/src/Metr4202-Team21/build/aruco_detector_team21/prefix_override:/usr/lib/python3/dist-packages/colcon_core/task/python/colcon_distutils_commands:/home/will/metr4202_ws/src/Metr4202-Team21/install/aruco_detector_team21/lib/python3.10/site-packages:${PYTHONPATH} /usr/bin/python3 -W ignore:setup.py install is deprecated -W ignore:easy_install command is deprecated setup.py egg_info --egg-base ../build/aruco_detector_team21 build --build-base /home/will/metr4202_ws/src/Metr4202-Team21/build/aruco_detector_team21/build install --record /home/will/metr4202_ws/src/Metr4202-Team21/build/aruco_detector_team21/install.log --single-version-externally-managed install_data
[2.638s] Level 1:colcon.colcon_core.environment:checking '/home/will/metr4202_ws/src/Metr4202-Team21/install/aruco_detector_team21' for CMake config files
[2.638s] Level 1:colcon.colcon_core.environment:checking '/home/will/metr4202_ws/src/Metr4202-Team21/install/aruco_detector_team21/lib'
[2.639s] Level 1:colcon.colcon_core.environment:checking '/home/will/metr4202_ws/src/Metr4202-Team21/install/aruco_detector_team21/bin'
[2.639s] Level 1:colcon.colcon_core.environment:checking '/home/will/metr4202_ws/src/Metr4202-Team21/install/aruco_detector_team21/lib/pkgconfig/aruco_detector_team21.pc'
[2.639s] Level 1:colcon.colcon_core.environment:checking '/home/will/metr4202_ws/src/Metr4202-Team21/install/aruco_detector_team21/lib/python3.10/site-packages'
[2.639s] Level 1:colcon.colcon_core.shell:create_environment_hook('aruco_detector_team21', 'pythonpath')
[2.639s] INFO:colcon.colcon_core.shell:Creating environment hook '/home/will/metr4202_ws/src/Metr4202-Team21/install/aruco_detector_team21/share/aruco_detector_team21/hook/pythonpath.ps1'
[2.640s] INFO:colcon.colcon_core.shell:Creating environment descriptor '/home/will/metr4202_ws/src/Metr4202-Team21/install/aruco_detector_team21/share/aruco_detector_team21/hook/pythonpath.dsv'
[2.640s] INFO:colcon.colcon_core.shell:Creating environment hook '/home/will/metr4202_ws/src/Metr4202-Team21/install/aruco_detector_team21/share/aruco_detector_team21/hook/pythonpath.sh'
[2.641s] Level 1:colcon.colcon_core.environment:checking '/home/will/metr4202_ws/src/Metr4202-Team21/install/aruco_detector_team21/bin'
[2.641s] Level 1:colcon.colcon_core.environment:create_environment_scripts_only(aruco_detector_team21)
[2.641s] INFO:colcon.colcon_core.shell:Creating package script '/home/will/metr4202_ws/src/Metr4202-Team21/install/aruco_detector_team21/share/aruco_detector_team21/package.ps1'
[2.641s] INFO:colcon.colcon_core.shell:Creating package descriptor '/home/will/metr4202_ws/src/Metr4202-Team21/install/aruco_detector_team21/share/aruco_detector_team21/package.dsv'
[2.642s] INFO:colcon.colcon_core.shell:Creating package script '/home/will/metr4202_ws/src/Metr4202-Team21/install/aruco_detector_team21/share/aruco_detector_team21/package.sh'
[2.642s] INFO:colcon.colcon_core.shell:Creating package script '/home/will/metr4202_ws/src/Metr4202-Team21/install/aruco_detector_team21/share/aruco_detector_team21/package.bash'
[2.642s] INFO:colcon.colcon_core.shell:Creating package script '/home/will/metr4202_ws/src/Metr4202-Team21/install/aruco_detector_team21/share/aruco_detector_team21/package.zsh'
[2.643s] Level 1:colcon.colcon_core.environment:create_file_with_runtime_dependencies(/home/will/metr4202_ws/src/Metr4202-Team21/install/aruco_detector_team21/share/colcon-core/packages/aruco_detector_team21)
[2.646s] Level 1:colcon.colcon_core.environment:checking '/home/will/metr4202_ws/src/Metr4202-Team21/install/waypoint_commander_team21' for CMake module files
[2.647s] DEBUG:colcon.colcon_core.event_handler.log_command:Invoked command in '/home/will/metr4202_ws/src/Metr4202-Team21/waypoint_commander_team21' returned '0': PYTHONPATH=/home/will/metr4202_ws/src/Metr4202-Team21/build/waypoint_commander_team21/prefix_override:/usr/lib/python3/dist-packages/colcon_core/task/python/colcon_distutils_commands:/home/will/metr4202_ws/src/Metr4202-Team21/install/waypoint_commander_team21/lib/python3.10/site-packages:${PYTHONPATH} /usr/bin/python3 -W ignore:setup.py install is deprecated -W ignore:easy_install command is deprecated setup.py egg_info --egg-base ../build/waypoint_commander_team21 build --build-base /home/will/metr4202_ws/src/Metr4202-Team21/build/waypoint_commander_team21/build install --record /home/will/metr4202_ws/src/Metr4202-Team21/build/waypoint_commander_team21/install.log --single-version-externally-managed install_data
[2.647s] Level 1:colcon.colcon_core.environment:checking '/home/will/metr4202_ws/src/Metr4202-Team21/install/waypoint_commander_team21' for CMake config files
[2.648s] Level 1:colcon.colcon_core.environment:checking '/home/will/metr4202_ws/src/Metr4202-Team21/install/waypoint_commander_team21/lib'
[2.648s] Level 1:colcon.colcon_core.environment:checking '/home/will/metr4202_ws/src/Metr4202-Team21/install/waypoint_commander_team21/bin'
[2.648s] Level 1:colcon.colcon_core.environment:checking '/home/will/metr4202_ws/src/Metr4202-Team21/install/waypoint_commander_team21/lib/pkgconfig/waypoint_commander_team21.pc'
[2.648s] Level 1:colcon.colcon_core.environment:checking '/home/will/metr4202_ws/src/Metr4202-Team21/install/waypoint_commander_team21/lib/python3.10/site-packages'
[2.648s] Level 1:colcon.colcon_core.shell:create_environment_hook('waypoint_commander_team21', 'pythonpath')
[2.648s] INFO:colcon.colcon_core.shell:Creating environment hook '/home/will/metr4202_ws/src/Metr4202-Team21/install/waypoint_commander_team21/share/waypoint_commander_team21/hook/pythonpath.ps1'
[2.649s] INFO:colcon.colcon_core.shell:Creating environment descriptor '/home/will/metr4202_ws/src/Metr4202-Team21/install/waypoint_commander_team21/share/waypoint_commander_team21/hook/pythonpath.dsv'
[2.649s] INFO:colcon.colcon_core.shell:Creating environment hook '/home/will/metr4202_ws/src/Metr4202-Team21/install/waypoint_commander_team21/share/waypoint_commander_team21/hook/pythonpath.sh'
[2.650s] Level 1:colcon.colcon_core.environment:checking '/home/will/metr4202_ws/src/Metr4202-Team21/install/waypoint_commander_team21/bin'
[2.650s] Level 1:colcon.colcon_core.environment:create_environment_scripts_only(waypoint_commander_team21)
[2.650s] INFO:colcon.colcon_core.shell:Creating package script '/home/will/metr4202_ws/src/Metr4202-Team21/install/waypoint_commander_team21/share/waypoint_commander_team21/package.ps1'
[2.651s] INFO:colcon.colcon_core.shell:Creating package descriptor '/home/will/metr4202_ws/src/Metr4202-Team21/install/waypoint_commander_team21/share/waypoint_commander_team21/package.dsv'
[2.651s] INFO:colcon.colcon_core.shell:Creating package script '/home/will/metr4202_ws/src/Metr4202-Team21/install/waypoint_commander_team21/share/waypoint_commander_team21/package.sh'
[2.651s] INFO:colcon.colcon_core.shell:Creating package script '/home/will/metr4202_ws/src/Metr4202-Team21/install/waypoint_commander_team21/share/waypoint_commander_team21/package.bash'
[2.652s] INFO:colcon.colcon_core.shell:Creating package script '/home/will/metr4202_ws/src/Metr4202-Team21/install/waypoint_commander_team21/share/waypoint_commander_team21/package.zsh'
[2.652s] Level 1:colcon.colcon_core.environment:create_file_with_runtime_dependencies(/home/will/metr4202_ws/src/Metr4202-Team21/install/waypoint_commander_team21/share/colcon-core/packages/waypoint_commander_team21)
[2.653s] DEBUG:colcon.colcon_parallel_executor.executor.parallel:closing loop
[2.653s] DEBUG:colcon.colcon_parallel_executor.executor.parallel:loop closed
[2.654s] DEBUG:colcon.colcon_parallel_executor.executor.parallel:run_until_complete finished with '0'
[2.654s] DEBUG:colcon.colcon_core.event_reactor:joining thread
[2.709s] INFO:colcon.colcon_core.plugin_system:Skipping extension 'colcon_notification.desktop_notification.notify_send': Could not find 'notify-send'
[2.709s] INFO:colcon.colcon_core.plugin_system:Skipping extension 'colcon_notification.desktop_notification.terminal_notifier': Not used on non-Darwin systems
[2.709s] INFO:colcon.colcon_core.plugin_system:Skipping extension 'colcon_notification.desktop_notification.win32': Not used on non-Windows systems
[2.709s] INFO:colcon.colcon_notification.desktop_notification:Sending desktop notification using 'notify2'
[2.709s] DEBUG:colcon.colcon_notification.desktop_notification.notify2:Failed to initialize notify2: org.freedesktop.DBus.Error.FileNotFound: Failed to connect to socket /run/user/1000/bus: No such file or directory
[2.710s] DEBUG:colcon.colcon_core.event_reactor:joined thread
[2.710s] INFO:colcon.colcon_core.shell:Creating prefix script '/home/will/metr4202_ws/src/Metr4202-Team21/install/local_setup.ps1'
[2.711s] INFO:colcon.colcon_core.shell:Creating prefix util module '/home/will/metr4202_ws/src/Metr4202-Team21/install/_local_setup_util_ps1.py'
[2.713s] INFO:colcon.colcon_core.shell:Creating prefix chain script '/home/will/metr4202_ws/src/Metr4202-Team21/install/setup.ps1'
[2.714s] INFO:colcon.colcon_core.shell:Creating prefix script '/home/will/metr4202_ws/src/Metr4202-Team21/install/local_setup.sh'
[2.716s] INFO:colcon.colcon_core.shell:Creating prefix util module '/home/will/metr4202_ws/src/Metr4202-Team21/install/_local_setup_util_sh.py'
[2.716s] INFO:colcon.colcon_core.shell:Creating prefix chain script '/home/will/metr4202_ws/src/Metr4202-Team21/install/setup.sh'
[2.718s] INFO:colcon.colcon_core.shell:Creating prefix script '/home/will/metr4202_ws/src/Metr4202-Team21/install/local_setup.bash'
[2.719s] INFO:colcon.colcon_core.shell:Creating prefix chain script '/home/will/metr4202_ws/src/Metr4202-Team21/install/setup.bash'
[2.722s] INFO:colcon.colcon_core.shell:Creating prefix script '/home/will/metr4202_ws/src/Metr4202-Team21/install/local_setup.zsh'
[2.723s] INFO:colcon.colcon_core.shell:Creating prefix chain script '/home/will/metr4202_ws/src/Metr4202-Team21/install/setup.zsh'
