[0.055s] Invoking command in '/home/will/metr4202_ws/src/build/turtlebot3_cartographer': CMAKE_PREFIX_PATH=${CMAKE_PREFIX_PATH}:/home/will/metr4202_ws/install/waypoint_commander:/home/will/metr4202_ws/install/turtlebot3_teleop:/home/will/metr4202_ws/install/turtlebot3_example:/home/will/metr4202_ws/install/my_world_launcher:/home/will/metr4202_ws/install/m4202_py_pkg:/home/will/metr4202_ws/install/aruco_detector:/home/will/install/waypoint_commander:/home/will/install/turtlebot3_teleop:/home/will/install/turtlebot3_example:/home/will/install/my_world_launcher:/home/will/install/m4202_py_pkg:/home/will/install/aruco_detector:/opt/ros/humble /usr/bin/cmake --build /home/will/metr4202_ws/src/build/turtlebot3_cartographer -- -j20 -l20
[0.930s] Invoked command in '/home/will/metr4202_ws/src/build/turtlebot3_cartographer' returned '0': CMAKE_PREFIX_PATH=${CMAKE_PREFIX_PATH}:/home/will/metr4202_ws/install/waypoint_commander:/home/will/metr4202_ws/install/turtlebot3_teleop:/home/will/metr4202_ws/install/turtlebot3_example:/home/will/metr4202_ws/install/my_world_launcher:/home/will/metr4202_ws/install/m4202_py_pkg:/home/will/metr4202_ws/install/aruco_detector:/home/will/install/waypoint_commander:/home/will/install/turtlebot3_teleop:/home/will/install/turtlebot3_example:/home/will/install/my_world_launcher:/home/will/install/m4202_py_pkg:/home/will/install/aruco_detector:/opt/ros/humble /usr/bin/cmake --build /home/will/metr4202_ws/src/build/turtlebot3_cartographer -- -j20 -l20
[0.932s] Invoking command in '/home/will/metr4202_ws/src/build/turtlebot3_cartographer': CMAKE_PREFIX_PATH=${CMAKE_PREFIX_PATH}:/home/will/metr4202_ws/install/waypoint_commander:/home/will/metr4202_ws/install/turtlebot3_teleop:/home/will/metr4202_ws/install/turtlebot3_example:/home/will/metr4202_ws/install/my_world_launcher:/home/will/metr4202_ws/install/m4202_py_pkg:/home/will/metr4202_ws/install/aruco_detector:/home/will/install/waypoint_commander:/home/will/install/turtlebot3_teleop:/home/will/install/turtlebot3_example:/home/will/install/my_world_launcher:/home/will/install/m4202_py_pkg:/home/will/install/aruco_detector:/opt/ros/humble /usr/bin/cmake --install /home/will/metr4202_ws/src/build/turtlebot3_cartographer
[0.961s] -- Install configuration: ""
[0.961s] -- Up-to-date: /home/will/metr4202_ws/src/install/turtlebot3_cartographer/share/turtlebot3_cartographer/config
[0.961s] -- Up-to-date: /home/will/metr4202_ws/src/install/turtlebot3_cartographer/share/turtlebot3_cartographer/config/turtlebot3_lds_2d.lua
[0.962s] -- Up-to-date: /home/will/metr4202_ws/src/install/turtlebot3_cartographer/share/turtlebot3_cartographer/launch
[0.962s] -- Up-to-date: /home/will/metr4202_ws/src/install/turtlebot3_cartographer/share/turtlebot3_cartographer/launch/cartographer.launch.py
[0.962s] -- Up-to-date: /home/will/metr4202_ws/src/install/turtlebot3_cartographer/share/turtlebot3_cartographer/launch/occupancy_grid.launch.py
[0.962s] -- Up-to-date: /home/will/metr4202_ws/src/install/turtlebot3_cartographer/share/turtlebot3_cartographer/rviz
[0.962s] -- Up-to-date: /home/will/metr4202_ws/src/install/turtlebot3_cartographer/share/turtlebot3_cartographer/rviz/tb3_cartographer.rviz
[0.962s] -- Up-to-date: /home/will/metr4202_ws/src/install/turtlebot3_cartographer/share/ament_index/resource_index/package_run_dependencies/turtlebot3_cartographer
[0.962s] -- Up-to-date: /home/will/metr4202_ws/src/install/turtlebot3_cartographer/share/ament_index/resource_index/parent_prefix_path/turtlebot3_cartographer
[0.963s] -- Up-to-date: /home/will/metr4202_ws/src/install/turtlebot3_cartographer/share/turtlebot3_cartographer/environment/ament_prefix_path.sh
[0.963s] -- Up-to-date: /home/will/metr4202_ws/src/install/turtlebot3_cartographer/share/turtlebot3_cartographer/environment/ament_prefix_path.dsv
[0.963s] -- Up-to-date: /home/will/metr4202_ws/src/install/turtlebot3_cartographer/share/turtlebot3_cartographer/environment/path.sh
[0.963s] -- Up-to-date: /home/will/metr4202_ws/src/install/turtlebot3_cartographer/share/turtlebot3_cartographer/environment/path.dsv
[0.963s] -- Up-to-date: /home/will/metr4202_ws/src/install/turtlebot3_cartographer/share/turtlebot3_cartographer/local_setup.bash
[0.964s] -- Up-to-date: /home/will/metr4202_ws/src/install/turtlebot3_cartographer/share/turtlebot3_cartographer/local_setup.sh
[0.964s] -- Up-to-date: /home/will/metr4202_ws/src/install/turtlebot3_cartographer/share/turtlebot3_cartographer/local_setup.zsh
[0.964s] -- Up-to-date: /home/will/metr4202_ws/src/install/turtlebot3_cartographer/share/turtlebot3_cartographer/local_setup.dsv
[0.964s] -- Up-to-date: /home/will/metr4202_ws/src/install/turtlebot3_cartographer/share/turtlebot3_cartographer/package.dsv
[0.965s] -- Up-to-date: /home/will/metr4202_ws/src/install/turtlebot3_cartographer/share/ament_index/resource_index/packages/turtlebot3_cartographer
[0.965s] -- Up-to-date: /home/will/metr4202_ws/src/install/turtlebot3_cartographer/share/turtlebot3_cartographer/cmake/turtlebot3_cartographerConfig.cmake
[0.965s] -- Up-to-date: /home/will/metr4202_ws/src/install/turtlebot3_cartographer/share/turtlebot3_cartographer/cmake/turtlebot3_cartographerConfig-version.cmake
[0.965s] -- Up-to-date: /home/will/metr4202_ws/src/install/turtlebot3_cartographer/share/turtlebot3_cartographer/package.xml
[1.070s] Invoked command in '/home/will/metr4202_ws/src/build/turtlebot3_cartographer' returned '0': CMAKE_PREFIX_PATH=${CMAKE_PREFIX_PATH}:/home/will/metr4202_ws/install/waypoint_commander:/home/will/metr4202_ws/install/turtlebot3_teleop:/home/will/metr4202_ws/install/turtlebot3_example:/home/will/metr4202_ws/install/my_world_launcher:/home/will/metr4202_ws/install/m4202_py_pkg:/home/will/metr4202_ws/install/aruco_detector:/home/will/install/waypoint_commander:/home/will/install/turtlebot3_teleop:/home/will/install/turtlebot3_example:/home/will/install/my_world_launcher:/home/will/install/m4202_py_pkg:/home/will/install/aruco_detector:/opt/ros/humble /usr/bin/cmake --install /home/will/metr4202_ws/src/build/turtlebot3_cartographer
