[1.353s] Invoking command in '/home/will/metr4202_ws/src/build/waypoint_commander': PYTHONPATH=/home/will/metr4202_ws/src/build/waypoint_commander/prefix_override:/usr/lib/python3/dist-packages/colcon_core/task/python/colcon_distutils_commands:/home/will/metr4202_ws/src/install/waypoint_commander/lib/python3.10/site-packages:${PYTHONPATH} /usr/bin/python3 -W ignore:setup.py install is deprecated -W ignore:easy_install command is deprecated setup.py develop --uninstall --editable --build-directory /home/will/metr4202_ws/src/build/waypoint_commander/build
[1.538s] running develop
[1.638s] Removing /home/will/metr4202_ws/src/install/waypoint_commander/lib/python3.10/site-packages/waypoint-commander.egg-link (link to .)
[1.660s] Invoked command in '/home/will/metr4202_ws/src/build/waypoint_commander' returned '0': PYTHONPATH=/home/will/metr4202_ws/src/build/waypoint_commander/prefix_override:/usr/lib/python3/dist-packages/colcon_core/task/python/colcon_distutils_commands:/home/will/metr4202_ws/src/install/waypoint_commander/lib/python3.10/site-packages:${PYTHONPATH} /usr/bin/python3 -W ignore:setup.py install is deprecated -W ignore:easy_install command is deprecated setup.py develop --uninstall --editable --build-directory /home/will/metr4202_ws/src/build/waypoint_commander/build
[1.662s] Invoking command in '/home/will/metr4202_ws/src/waypoint_commander': PYTHONPATH=/home/will/metr4202_ws/src/build/waypoint_commander/prefix_override:/usr/lib/python3/dist-packages/colcon_core/task/python/colcon_distutils_commands:/home/will/metr4202_ws/src/install/waypoint_commander/lib/python3.10/site-packages:${PYTHONPATH} /usr/bin/python3 -W ignore:setup.py install is deprecated -W ignore:easy_install command is deprecated setup.py egg_info --egg-base ../build/waypoint_commander build --build-base /home/will/metr4202_ws/src/build/waypoint_commander/build install --record /home/will/metr4202_ws/src/build/waypoint_commander/install.log --single-version-externally-managed install_data --force
[1.815s] running egg_info
[1.816s] writing ../build/waypoint_commander/waypoint_commander.egg-info/PKG-INFO
[1.816s] writing dependency_links to ../build/waypoint_commander/waypoint_commander.egg-info/dependency_links.txt
[1.816s] writing entry points to ../build/waypoint_commander/waypoint_commander.egg-info/entry_points.txt
[1.816s] writing requirements to ../build/waypoint_commander/waypoint_commander.egg-info/requires.txt
[1.816s] writing top-level names to ../build/waypoint_commander/waypoint_commander.egg-info/top_level.txt
[1.818s] reading manifest file '../build/waypoint_commander/waypoint_commander.egg-info/SOURCES.txt'
[1.818s] writing manifest file '../build/waypoint_commander/waypoint_commander.egg-info/SOURCES.txt'
[1.819s] running build
[1.819s] running build_py
[1.819s] copying waypoint_commander/waypoint_cycler.py -> /home/will/metr4202_ws/src/build/waypoint_commander/build/lib/waypoint_commander
[1.819s] running install
[1.820s] running install_lib
[1.820s] creating /home/will/metr4202_ws/src/install/waypoint_commander/lib/python3.10/site-packages/waypoint_commander
[1.820s] copying /home/will/metr4202_ws/src/build/waypoint_commander/build/lib/waypoint_commander/__init__.py -> /home/will/metr4202_ws/src/install/waypoint_commander/lib/python3.10/site-packages/waypoint_commander
[1.820s] copying /home/will/metr4202_ws/src/build/waypoint_commander/build/lib/waypoint_commander/waypoint_cycler.py -> /home/will/metr4202_ws/src/install/waypoint_commander/lib/python3.10/site-packages/waypoint_commander
[1.821s] byte-compiling /home/will/metr4202_ws/src/install/waypoint_commander/lib/python3.10/site-packages/waypoint_commander/__init__.py to __init__.cpython-310.pyc
[1.821s] byte-compiling /home/will/metr4202_ws/src/install/waypoint_commander/lib/python3.10/site-packages/waypoint_commander/waypoint_cycler.py to waypoint_cycler.cpython-310.pyc
[1.822s] running install_data
[1.822s] copying resource/waypoint_commander -> /home/will/metr4202_ws/src/install/waypoint_commander/share/ament_index/resource_index/packages
[1.823s] copying package.xml -> /home/will/metr4202_ws/src/install/waypoint_commander/share/waypoint_commander
[1.823s] running install_egg_info
[1.825s] Copying ../build/waypoint_commander/waypoint_commander.egg-info to /home/will/metr4202_ws/src/install/waypoint_commander/lib/python3.10/site-packages/waypoint_commander-0.0.0-py3.10.egg-info
[1.825s] running install_scripts
[1.838s] Installing waypoint_cycler script to /home/will/metr4202_ws/src/install/waypoint_commander/lib/waypoint_commander
[1.839s] writing list of installed files to '/home/will/metr4202_ws/src/build/waypoint_commander/install.log'
[1.857s] Invoked command in '/home/will/metr4202_ws/src/waypoint_commander' returned '0': PYTHONPATH=/home/will/metr4202_ws/src/build/waypoint_commander/prefix_override:/usr/lib/python3/dist-packages/colcon_core/task/python/colcon_distutils_commands:/home/will/metr4202_ws/src/install/waypoint_commander/lib/python3.10/site-packages:${PYTHONPATH} /usr/bin/python3 -W ignore:setup.py install is deprecated -W ignore:easy_install command is deprecated setup.py egg_info --egg-base ../build/waypoint_commander build --build-base /home/will/metr4202_ws/src/build/waypoint_commander/build install --record /home/will/metr4202_ws/src/build/waypoint_commander/install.log --single-version-externally-managed install_data --force
