running egg_info
creating ../build/aruco_detector_team21/aruco_detector_team21.egg-info
writing ../build/aruco_detector_team21/aruco_detector_team21.egg-info/PKG-INFO
writing dependency_links to ../build/aruco_detector_team21/aruco_detector_team21.egg-info/dependency_links.txt
writing entry points to ../build/aruco_detector_team21/aruco_detector_team21.egg-info/entry_points.txt
writing requirements to ../build/aruco_detector_team21/aruco_detector_team21.egg-info/requires.txt
writing top-level names to ../build/aruco_detector_team21/aruco_detector_team21.egg-info/top_level.txt
writing manifest file '../build/aruco_detector_team21/aruco_detector_team21.egg-info/SOURCES.txt'
reading manifest file '../build/aruco_detector_team21/aruco_detector_team21.egg-info/SOURCES.txt'
writing manifest file '../build/aruco_detector_team21/aruco_detector_team21.egg-info/SOURCES.txt'
running build
running build_py
creating /home/will/metr4202_ws/src/Metr4202-Team21/build/aruco_detector_team21/build
creating /home/will/metr4202_ws/src/Metr4202-Team21/build/aruco_detector_team21/build/lib
creating /home/will/metr4202_ws/src/Metr4202-Team21/build/aruco_detector_team21/build/lib/aruco_detector_team21
copying aruco_detector_team21/aruco_detector_Term21.py -> /home/will/metr4202_ws/src/Metr4202-Team21/build/aruco_detector_team21/build/lib/aruco_detector_team21
copying aruco_detector_team21/__init__.py -> /home/will/metr4202_ws/src/Metr4202-Team21/build/aruco_detector_team21/build/lib/aruco_detector_team21
running install
running install_lib
creating /home/will/metr4202_ws/src/Metr4202-Team21/install/aruco_detector_team21/lib/python3.10/site-packages/aruco_detector_team21
copying /home/will/metr4202_ws/src/Metr4202-Team21/build/aruco_detector_team21/build/lib/aruco_detector_team21/aruco_detector_Term21.py -> /home/will/metr4202_ws/src/Metr4202-Team21/install/aruco_detector_team21/lib/python3.10/site-packages/aruco_detector_team21
copying /home/will/metr4202_ws/src/Metr4202-Team21/build/aruco_detector_team21/build/lib/aruco_detector_team21/__init__.py -> /home/will/metr4202_ws/src/Metr4202-Team21/install/aruco_detector_team21/lib/python3.10/site-packages/aruco_detector_team21
byte-compiling /home/will/metr4202_ws/src/Metr4202-Team21/install/aruco_detector_team21/lib/python3.10/site-packages/aruco_detector_team21/aruco_detector_Term21.py to aruco_detector_Term21.cpython-310.pyc
byte-compiling /home/will/metr4202_ws/src/Metr4202-Team21/install/aruco_detector_team21/lib/python3.10/site-packages/aruco_detector_team21/__init__.py to __init__.cpython-310.pyc
running install_data
creating /home/will/metr4202_ws/src/Metr4202-Team21/install/aruco_detector_team21/share/ament_index
creating /home/will/metr4202_ws/src/Metr4202-Team21/install/aruco_detector_team21/share/ament_index/resource_index
creating /home/will/metr4202_ws/src/Metr4202-Team21/install/aruco_detector_team21/share/ament_index/resource_index/packages
copying resource/aruco_detector_team21 -> /home/will/metr4202_ws/src/Metr4202-Team21/install/aruco_detector_team21/share/ament_index/resource_index/packages
copying package.xml -> /home/will/metr4202_ws/src/Metr4202-Team21/install/aruco_detector_team21/share/aruco_detector_team21
running install_egg_info
Copying ../build/aruco_detector_team21/aruco_detector_team21.egg-info to /home/will/metr4202_ws/src/Metr4202-Team21/install/aruco_detector_team21/lib/python3.10/site-packages/aruco_detector_team21-0.0.0-py3.10.egg-info
running install_scripts
Installing aruco_detector_team21 script to /home/will/metr4202_ws/src/Metr4202-Team21/install/aruco_detector_team21/lib/aruco_detector_team21
writing list of installed files to '/home/will/metr4202_ws/src/Metr4202-Team21/build/aruco_detector_team21/install.log'
