[1.343s] Invoking command in '/home/will/metr4202_ws/src/Metr4202-Team21/aruco_detector_team21': PYTHONPATH=/home/will/metr4202_ws/src/Metr4202-Team21/build/aruco_detector_team21/prefix_override:/usr/lib/python3/dist-packages/colcon_core/task/python/colcon_distutils_commands:/home/will/metr4202_ws/src/Metr4202-Team21/install/aruco_detector_team21/lib/python3.10/site-packages:${PYTHONPATH} /usr/bin/python3 -W ignore:setup.py install is deprecated -W ignore:easy_install command is deprecated setup.py egg_info --egg-base ../build/aruco_detector_team21 build --build-base /home/will/metr4202_ws/src/Metr4202-Team21/build/aruco_detector_team21/build install --record /home/will/metr4202_ws/src/Metr4202-Team21/build/aruco_detector_team21/install.log --single-version-externally-managed install_data
[1.588s] running egg_info
[1.589s] creating ../build/aruco_detector_team21/aruco_detector_team21.egg-info
[1.590s] writing ../build/aruco_detector_team21/aruco_detector_team21.egg-info/PKG-INFO
[1.590s] writing dependency_links to ../build/aruco_detector_team21/aruco_detector_team21.egg-info/dependency_links.txt
[1.591s] writing entry points to ../build/aruco_detector_team21/aruco_detector_team21.egg-info/entry_points.txt
[1.591s] writing requirements to ../build/aruco_detector_team21/aruco_detector_team21.egg-info/requires.txt
[1.591s] writing top-level names to ../build/aruco_detector_team21/aruco_detector_team21.egg-info/top_level.txt
[1.592s] writing manifest file '../build/aruco_detector_team21/aruco_detector_team21.egg-info/SOURCES.txt'
[1.593s] reading manifest file '../build/aruco_detector_team21/aruco_detector_team21.egg-info/SOURCES.txt'
[1.593s] writing manifest file '../build/aruco_detector_team21/aruco_detector_team21.egg-info/SOURCES.txt'
[1.594s] running build
[1.594s] running build_py
[1.594s] creating /home/will/metr4202_ws/src/Metr4202-Team21/build/aruco_detector_team21/build
[1.594s] creating /home/will/metr4202_ws/src/Metr4202-Team21/build/aruco_detector_team21/build/lib
[1.595s] creating /home/will/metr4202_ws/src/Metr4202-Team21/build/aruco_detector_team21/build/lib/aruco_detector_team21
[1.595s] copying aruco_detector_team21/aruco_detector_Term21.py -> /home/will/metr4202_ws/src/Metr4202-Team21/build/aruco_detector_team21/build/lib/aruco_detector_team21
[1.596s] copying aruco_detector_team21/__init__.py -> /home/will/metr4202_ws/src/Metr4202-Team21/build/aruco_detector_team21/build/lib/aruco_detector_team21
[1.596s] running install
[1.596s] running install_lib
[1.597s] creating /home/will/metr4202_ws/src/Metr4202-Team21/install/aruco_detector_team21/lib/python3.10/site-packages/aruco_detector_team21
[1.597s] copying /home/will/metr4202_ws/src/Metr4202-Team21/build/aruco_detector_team21/build/lib/aruco_detector_team21/aruco_detector_Term21.py -> /home/will/metr4202_ws/src/Metr4202-Team21/install/aruco_detector_team21/lib/python3.10/site-packages/aruco_detector_team21
[1.597s] copying /home/will/metr4202_ws/src/Metr4202-Team21/build/aruco_detector_team21/build/lib/aruco_detector_team21/__init__.py -> /home/will/metr4202_ws/src/Metr4202-Team21/install/aruco_detector_team21/lib/python3.10/site-packages/aruco_detector_team21
[1.599s] byte-compiling /home/will/metr4202_ws/src/Metr4202-Team21/install/aruco_detector_team21/lib/python3.10/site-packages/aruco_detector_team21/aruco_detector_Term21.py to aruco_detector_Term21.cpython-310.pyc
[1.600s] byte-compiling /home/will/metr4202_ws/src/Metr4202-Team21/install/aruco_detector_team21/lib/python3.10/site-packages/aruco_detector_team21/__init__.py to __init__.cpython-310.pyc
[1.600s] running install_data
[1.600s] creating /home/will/metr4202_ws/src/Metr4202-Team21/install/aruco_detector_team21/share/ament_index
[1.600s] creating /home/will/metr4202_ws/src/Metr4202-Team21/install/aruco_detector_team21/share/ament_index/resource_index
[1.601s] creating /home/will/metr4202_ws/src/Metr4202-Team21/install/aruco_detector_team21/share/ament_index/resource_index/packages
[1.601s] copying resource/aruco_detector_team21 -> /home/will/metr4202_ws/src/Metr4202-Team21/install/aruco_detector_team21/share/ament_index/resource_index/packages
[1.601s] copying package.xml -> /home/will/metr4202_ws/src/Metr4202-Team21/install/aruco_detector_team21/share/aruco_detector_team21
[1.601s] running install_egg_info
[1.604s] Copying ../build/aruco_detector_team21/aruco_detector_team21.egg-info to /home/will/metr4202_ws/src/Metr4202-Team21/install/aruco_detector_team21/lib/python3.10/site-packages/aruco_detector_team21-0.0.0-py3.10.egg-info
[1.604s] running install_scripts
[1.623s] Installing aruco_detector_team21 script to /home/will/metr4202_ws/src/Metr4202-Team21/install/aruco_detector_team21/lib/aruco_detector_team21
[1.625s] writing list of installed files to '/home/will/metr4202_ws/src/Metr4202-Team21/build/aruco_detector_team21/install.log'
[1.659s] Invoked command in '/home/will/metr4202_ws/src/Metr4202-Team21/aruco_detector_team21' returned '0': PYTHONPATH=/home/will/metr4202_ws/src/Metr4202-Team21/build/aruco_detector_team21/prefix_override:/usr/lib/python3/dist-packages/colcon_core/task/python/colcon_distutils_commands:/home/will/metr4202_ws/src/Metr4202-Team21/install/aruco_detector_team21/lib/python3.10/site-packages:${PYTHONPATH} /usr/bin/python3 -W ignore:setup.py install is deprecated -W ignore:easy_install command is deprecated setup.py egg_info --egg-base ../build/aruco_detector_team21 build --build-base /home/will/metr4202_ws/src/Metr4202-Team21/build/aruco_detector_team21/build install --record /home/will/metr4202_ws/src/Metr4202-Team21/build/aruco_detector_team21/install.log --single-version-externally-managed install_data
