[0.041s] Invoking command in '/home/will/metr4202_ws/src/build/turtlebot3_navigation2': CMAKE_PREFIX_PATH=${CMAKE_PREFIX_PATH}:/home/will/metr4202_ws/install/waypoint_commander:/home/will/metr4202_ws/install/turtlebot3_teleop:/home/will/metr4202_ws/install/turtlebot3_example:/home/will/metr4202_ws/install/m4202_py_pkg:/opt/ros/humble /usr/bin/cmake /home/will/metr4202_ws/src/turtlebot3/turtlebot3_navigation2 -DCMAKE_INSTALL_PREFIX=/home/will/metr4202_ws/src/install/turtlebot3_navigation2
[0.571s] -- The C compiler identification is GNU 11.4.0
[0.572s] -- The CXX compiler identification is GNU 11.4.0
[0.576s] -- Detecting C compiler ABI info
[0.674s] -- Detecting C compiler ABI info - done
[0.678s] -- Check for working C compiler: /usr/bin/cc - skipped
[0.678s] -- Detecting C compile features
[0.679s] -- Detecting C compile features - done
[0.681s] -- Detecting CXX compiler ABI info
[0.777s] -- Detecting CXX compiler ABI info - done
[0.785s] -- Check for working CXX compiler: /usr/bin/c++ - skipped
[0.786s] -- Detecting CXX compile features
[0.786s] -- Detecting CXX compile features - done
[0.790s] -- Found ament_cmake: 1.3.12 (/opt/ros/humble/share/ament_cmake/cmake)
[0.938s] -- Found Python3: /usr/bin/python3 (found version "3.10.12") found components: Interpreter 
[1.074s] -- Configuring done
[1.077s] -- Generating done
[1.079s] -- Build files have been written to: /home/will/metr4202_ws/src/build/turtlebot3_navigation2
[1.084s] Invoked command in '/home/will/metr4202_ws/src/build/turtlebot3_navigation2' returned '0': CMAKE_PREFIX_PATH=${CMAKE_PREFIX_PATH}:/home/will/metr4202_ws/install/waypoint_commander:/home/will/metr4202_ws/install/turtlebot3_teleop:/home/will/metr4202_ws/install/turtlebot3_example:/home/will/metr4202_ws/install/m4202_py_pkg:/opt/ros/humble /usr/bin/cmake /home/will/metr4202_ws/src/turtlebot3/turtlebot3_navigation2 -DCMAKE_INSTALL_PREFIX=/home/will/metr4202_ws/src/install/turtlebot3_navigation2
[1.086s] Invoking command in '/home/will/metr4202_ws/src/build/turtlebot3_navigation2': CMAKE_PREFIX_PATH=${CMAKE_PREFIX_PATH}:/home/will/metr4202_ws/install/waypoint_commander:/home/will/metr4202_ws/install/turtlebot3_teleop:/home/will/metr4202_ws/install/turtlebot3_example:/home/will/metr4202_ws/install/m4202_py_pkg:/opt/ros/humble /usr/bin/cmake --build /home/will/metr4202_ws/src/build/turtlebot3_navigation2 -- -j20 -l20
[1.173s] Invoked command in '/home/will/metr4202_ws/src/build/turtlebot3_navigation2' returned '0': CMAKE_PREFIX_PATH=${CMAKE_PREFIX_PATH}:/home/will/metr4202_ws/install/waypoint_commander:/home/will/metr4202_ws/install/turtlebot3_teleop:/home/will/metr4202_ws/install/turtlebot3_example:/home/will/metr4202_ws/install/m4202_py_pkg:/opt/ros/humble /usr/bin/cmake --build /home/will/metr4202_ws/src/build/turtlebot3_navigation2 -- -j20 -l20
[1.175s] Invoking command in '/home/will/metr4202_ws/src/build/turtlebot3_navigation2': CMAKE_PREFIX_PATH=${CMAKE_PREFIX_PATH}:/home/will/metr4202_ws/install/waypoint_commander:/home/will/metr4202_ws/install/turtlebot3_teleop:/home/will/metr4202_ws/install/turtlebot3_example:/home/will/metr4202_ws/install/m4202_py_pkg:/opt/ros/humble /usr/bin/cmake --install /home/will/metr4202_ws/src/build/turtlebot3_navigation2
[1.182s] -- Install configuration: ""
[1.182s] -- Installing: /home/will/metr4202_ws/src/install/turtlebot3_navigation2/share/turtlebot3_navigation2/launch
[1.185s] -- Installing: /home/will/metr4202_ws/src/install/turtlebot3_navigation2/share/turtlebot3_navigation2/launch/navigation2.launch.py
[1.185s] -- Installing: /home/will/metr4202_ws/src/install/turtlebot3_navigation2/share/turtlebot3_navigation2/map
[1.185s] -- Installing: /home/will/metr4202_ws/src/install/turtlebot3_navigation2/share/turtlebot3_navigation2/map/map.yaml
[1.185s] -- Installing: /home/will/metr4202_ws/src/install/turtlebot3_navigation2/share/turtlebot3_navigation2/map/map.pgm
[1.186s] -- Installing: /home/will/metr4202_ws/src/install/turtlebot3_navigation2/share/turtlebot3_navigation2/param
[1.188s] -- Installing: /home/will/metr4202_ws/src/install/turtlebot3_navigation2/share/turtlebot3_navigation2/param/waffle_pi.yaml
[1.188s] -- Installing: /home/will/metr4202_ws/src/install/turtlebot3_navigation2/share/turtlebot3_navigation2/param/humble
[1.188s] -- Installing: /home/will/metr4202_ws/src/install/turtlebot3_navigation2/share/turtlebot3_navigation2/param/humble/waffle_pi.yaml
[1.188s] -- Installing: /home/will/metr4202_ws/src/install/turtlebot3_navigation2/share/turtlebot3_navigation2/param/humble/waffle.yaml
[1.189s] -- Installing: /home/will/metr4202_ws/src/install/turtlebot3_navigation2/share/turtlebot3_navigation2/param/humble/burger.yaml
[1.189s] -- Installing: /home/will/metr4202_ws/src/install/turtlebot3_navigation2/share/turtlebot3_navigation2/param/humble/burger_cam.yaml
[1.189s] -- Installing: /home/will/metr4202_ws/src/install/turtlebot3_navigation2/share/turtlebot3_navigation2/param/waffle.yaml
[1.189s] -- Installing: /home/will/metr4202_ws/src/install/turtlebot3_navigation2/share/turtlebot3_navigation2/param/burger.yaml
[1.190s] -- Installing: /home/will/metr4202_ws/src/install/turtlebot3_navigation2/share/turtlebot3_navigation2/param/burger_cam.yaml
[1.190s] -- Installing: /home/will/metr4202_ws/src/install/turtlebot3_navigation2/share/turtlebot3_navigation2/rviz
[1.190s] -- Installing: /home/will/metr4202_ws/src/install/turtlebot3_navigation2/share/turtlebot3_navigation2/rviz/tb3_navigation2.rviz
[1.191s] -- Installing: /home/will/metr4202_ws/src/install/turtlebot3_navigation2/share/ament_index/resource_index/package_run_dependencies/turtlebot3_navigation2
[1.192s] -- Installing: /home/will/metr4202_ws/src/install/turtlebot3_navigation2/share/ament_index/resource_index/parent_prefix_path/turtlebot3_navigation2
[1.192s] -- Installing: /home/will/metr4202_ws/src/install/turtlebot3_navigation2/share/turtlebot3_navigation2/environment/ament_prefix_path.sh
[1.192s] -- Installing: /home/will/metr4202_ws/src/install/turtlebot3_navigation2/share/turtlebot3_navigation2/environment/ament_prefix_path.dsv
[1.192s] -- Installing: /home/will/metr4202_ws/src/install/turtlebot3_navigation2/share/turtlebot3_navigation2/environment/path.sh
[1.193s] -- Installing: /home/will/metr4202_ws/src/install/turtlebot3_navigation2/share/turtlebot3_navigation2/environment/path.dsv
[1.193s] -- Installing: /home/will/metr4202_ws/src/install/turtlebot3_navigation2/share/turtlebot3_navigation2/local_setup.bash
[1.193s] -- Installing: /home/will/metr4202_ws/src/install/turtlebot3_navigation2/share/turtlebot3_navigation2/local_setup.sh
[1.193s] -- Installing: /home/will/metr4202_ws/src/install/turtlebot3_navigation2/share/turtlebot3_navigation2/local_setup.zsh
[1.194s] -- Installing: /home/will/metr4202_ws/src/install/turtlebot3_navigation2/share/turtlebot3_navigation2/local_setup.dsv
[1.194s] -- Installing: /home/will/metr4202_ws/src/install/turtlebot3_navigation2/share/turtlebot3_navigation2/package.dsv
[1.195s] -- Installing: /home/will/metr4202_ws/src/install/turtlebot3_navigation2/share/ament_index/resource_index/packages/turtlebot3_navigation2
[1.195s] -- Installing: /home/will/metr4202_ws/src/install/turtlebot3_navigation2/share/turtlebot3_navigation2/cmake/turtlebot3_navigation2Config.cmake
[1.195s] -- Installing: /home/will/metr4202_ws/src/install/turtlebot3_navigation2/share/turtlebot3_navigation2/cmake/turtlebot3_navigation2Config-version.cmake
[1.196s] -- Installing: /home/will/metr4202_ws/src/install/turtlebot3_navigation2/share/turtlebot3_navigation2/package.xml
[1.199s] Invoked command in '/home/will/metr4202_ws/src/build/turtlebot3_navigation2' returned '0': CMAKE_PREFIX_PATH=${CMAKE_PREFIX_PATH}:/home/will/metr4202_ws/install/waypoint_commander:/home/will/metr4202_ws/install/turtlebot3_teleop:/home/will/metr4202_ws/install/turtlebot3_example:/home/will/metr4202_ws/install/m4202_py_pkg:/opt/ros/humble /usr/bin/cmake --install /home/will/metr4202_ws/src/build/turtlebot3_navigation2
