[1.225s] Invoking command in '/home/will/metr4202_ws/src/aruco_detector': PYTHONPATH=/home/will/metr4202_ws/src/build/aruco_detector/prefix_override:/usr/lib/python3/dist-packages/colcon_core/task/python/colcon_distutils_commands:/home/will/metr4202_ws/src/install/aruco_detector/lib/python3.10/site-packages:${PYTHONPATH} /usr/bin/python3 -W ignore:setup.py install is deprecated -W ignore:easy_install command is deprecated setup.py egg_info --egg-base ../build/aruco_detector build --build-base /home/will/metr4202_ws/src/build/aruco_detector/build install --record /home/will/metr4202_ws/src/build/aruco_detector/install.log --single-version-externally-managed install_data
[1.500s] running egg_info
[1.501s] creating ../build/aruco_detector/aruco_detector.egg-info
[1.501s] writing ../build/aruco_detector/aruco_detector.egg-info/PKG-INFO
[1.502s] writing dependency_links to ../build/aruco_detector/aruco_detector.egg-info/dependency_links.txt
[1.502s] writing entry points to ../build/aruco_detector/aruco_detector.egg-info/entry_points.txt
[1.502s] writing requirements to ../build/aruco_detector/aruco_detector.egg-info/requires.txt
[1.502s] writing top-level names to ../build/aruco_detector/aruco_detector.egg-info/top_level.txt
[1.502s] writing manifest file '../build/aruco_detector/aruco_detector.egg-info/SOURCES.txt'
[1.505s] reading manifest file '../build/aruco_detector/aruco_detector.egg-info/SOURCES.txt'
[1.506s] writing manifest file '../build/aruco_detector/aruco_detector.egg-info/SOURCES.txt'
[1.506s] running build
[1.506s] running build_py
[1.506s] creating /home/will/metr4202_ws/src/build/aruco_detector/build
[1.507s] creating /home/will/metr4202_ws/src/build/aruco_detector/build/lib
[1.507s] creating /home/will/metr4202_ws/src/build/aruco_detector/build/lib/aruco_detector
[1.507s] copying aruco_detector/aruco_detector.py -> /home/will/metr4202_ws/src/build/aruco_detector/build/lib/aruco_detector
[1.508s] copying aruco_detector/__init__.py -> /home/will/metr4202_ws/src/build/aruco_detector/build/lib/aruco_detector
[1.508s] running install
[1.509s] running install_lib
[1.509s] creating /home/will/metr4202_ws/src/install/aruco_detector/lib/python3.10/site-packages/aruco_detector
[1.510s] copying /home/will/metr4202_ws/src/build/aruco_detector/build/lib/aruco_detector/aruco_detector.py -> /home/will/metr4202_ws/src/install/aruco_detector/lib/python3.10/site-packages/aruco_detector
[1.510s] copying /home/will/metr4202_ws/src/build/aruco_detector/build/lib/aruco_detector/__init__.py -> /home/will/metr4202_ws/src/install/aruco_detector/lib/python3.10/site-packages/aruco_detector
[1.511s] byte-compiling /home/will/metr4202_ws/src/install/aruco_detector/lib/python3.10/site-packages/aruco_detector/aruco_detector.py to aruco_detector.cpython-310.pyc
[1.512s] byte-compiling /home/will/metr4202_ws/src/install/aruco_detector/lib/python3.10/site-packages/aruco_detector/__init__.py to __init__.cpython-310.pyc
[1.513s] running install_data
[1.513s] creating /home/will/metr4202_ws/src/install/aruco_detector/share/ament_index
[1.513s] creating /home/will/metr4202_ws/src/install/aruco_detector/share/ament_index/resource_index
[1.513s] creating /home/will/metr4202_ws/src/install/aruco_detector/share/ament_index/resource_index/packages
[1.513s] copying resource/aruco_detector -> /home/will/metr4202_ws/src/install/aruco_detector/share/ament_index/resource_index/packages
[1.514s] copying package.xml -> /home/will/metr4202_ws/src/install/aruco_detector/share/aruco_detector
[1.514s] running install_egg_info
[1.518s] Copying ../build/aruco_detector/aruco_detector.egg-info to /home/will/metr4202_ws/src/install/aruco_detector/lib/python3.10/site-packages/aruco_detector-0.0.0-py3.10.egg-info
[1.519s] running install_scripts
[1.550s] Installing aruco_detector script to /home/will/metr4202_ws/src/install/aruco_detector/lib/aruco_detector
[1.550s] writing list of installed files to '/home/will/metr4202_ws/src/build/aruco_detector/install.log'
[1.589s] Invoked command in '/home/will/metr4202_ws/src/aruco_detector' returned '0': PYTHONPATH=/home/will/metr4202_ws/src/build/aruco_detector/prefix_override:/usr/lib/python3/dist-packages/colcon_core/task/python/colcon_distutils_commands:/home/will/metr4202_ws/src/install/aruco_detector/lib/python3.10/site-packages:${PYTHONPATH} /usr/bin/python3 -W ignore:setup.py install is deprecated -W ignore:easy_install command is deprecated setup.py egg_info --egg-base ../build/aruco_detector build --build-base /home/will/metr4202_ws/src/build/aruco_detector/build install --record /home/will/metr4202_ws/src/build/aruco_detector/install.log --single-version-externally-managed install_data
