[0.046s] Invoking command in '/home/will/metr4202_ws/src/build/turtlebot3_description': CMAKE_PREFIX_PATH=${CMAKE_PREFIX_PATH}:/home/will/metr4202_ws/install/waypoint_commander:/home/will/metr4202_ws/install/turtlebot3_teleop:/home/will/metr4202_ws/install/turtlebot3_example:/home/will/metr4202_ws/install/m4202_py_pkg:/opt/ros/humble /usr/bin/cmake /home/will/metr4202_ws/src/turtlebot3/turtlebot3_description -DCMAKE_INSTALL_PREFIX=/home/will/metr4202_ws/src/install/turtlebot3_description
[0.583s] -- The C compiler identification is GNU 11.4.0
[0.584s] -- The CXX compiler identification is GNU 11.4.0
[0.584s] -- Detecting C compiler ABI info
[0.691s] -- Detecting C compiler ABI info - done
[0.695s] -- Check for working C compiler: /usr/bin/cc - skipped
[0.696s] -- Detecting C compile features
[0.696s] -- Detecting C compile features - done
[0.698s] -- Detecting CXX compiler ABI info
[0.788s] -- Detecting CXX compiler ABI info - done
[0.794s] -- Check for working CXX compiler: /usr/bin/c++ - skipped
[0.794s] -- Detecting CXX compile features
[0.794s] -- Detecting CXX compile features - done
[0.796s] -- Found ament_cmake: 1.3.12 (/opt/ros/humble/share/ament_cmake/cmake)
[0.947s] -- Found Python3: /usr/bin/python3 (found version "3.10.12") found components: Interpreter 
[1.034s] -- Found urdf: 2.6.1 (/opt/ros/humble/share/urdf/cmake)
[2.380s] -- Configuring done
[2.382s] -- Generating done
[2.383s] -- Build files have been written to: /home/will/metr4202_ws/src/build/turtlebot3_description
[2.388s] Invoked command in '/home/will/metr4202_ws/src/build/turtlebot3_description' returned '0': CMAKE_PREFIX_PATH=${CMAKE_PREFIX_PATH}:/home/will/metr4202_ws/install/waypoint_commander:/home/will/metr4202_ws/install/turtlebot3_teleop:/home/will/metr4202_ws/install/turtlebot3_example:/home/will/metr4202_ws/install/m4202_py_pkg:/opt/ros/humble /usr/bin/cmake /home/will/metr4202_ws/src/turtlebot3/turtlebot3_description -DCMAKE_INSTALL_PREFIX=/home/will/metr4202_ws/src/install/turtlebot3_description
[2.389s] Invoking command in '/home/will/metr4202_ws/src/build/turtlebot3_description': CMAKE_PREFIX_PATH=${CMAKE_PREFIX_PATH}:/home/will/metr4202_ws/install/waypoint_commander:/home/will/metr4202_ws/install/turtlebot3_teleop:/home/will/metr4202_ws/install/turtlebot3_example:/home/will/metr4202_ws/install/m4202_py_pkg:/opt/ros/humble /usr/bin/cmake --build /home/will/metr4202_ws/src/build/turtlebot3_description -- -j20 -l20
[2.414s] Invoked command in '/home/will/metr4202_ws/src/build/turtlebot3_description' returned '0': CMAKE_PREFIX_PATH=${CMAKE_PREFIX_PATH}:/home/will/metr4202_ws/install/waypoint_commander:/home/will/metr4202_ws/install/turtlebot3_teleop:/home/will/metr4202_ws/install/turtlebot3_example:/home/will/metr4202_ws/install/m4202_py_pkg:/opt/ros/humble /usr/bin/cmake --build /home/will/metr4202_ws/src/build/turtlebot3_description -- -j20 -l20
[2.415s] Invoking command in '/home/will/metr4202_ws/src/build/turtlebot3_description': CMAKE_PREFIX_PATH=${CMAKE_PREFIX_PATH}:/home/will/metr4202_ws/install/waypoint_commander:/home/will/metr4202_ws/install/turtlebot3_teleop:/home/will/metr4202_ws/install/turtlebot3_example:/home/will/metr4202_ws/install/m4202_py_pkg:/opt/ros/humble /usr/bin/cmake --install /home/will/metr4202_ws/src/build/turtlebot3_description
[2.420s] -- Install configuration: ""
[2.420s] -- Installing: /home/will/metr4202_ws/src/install/turtlebot3_description/share/turtlebot3_description/meshes
[2.421s] -- Installing: /home/will/metr4202_ws/src/install/turtlebot3_description/share/turtlebot3_description/meshes/bases
[2.421s] -- Installing: /home/will/metr4202_ws/src/install/turtlebot3_description/share/turtlebot3_description/meshes/bases/waffle_pi_base.stl
[2.432s] -- Installing: /home/will/metr4202_ws/src/install/turtlebot3_description/share/turtlebot3_description/meshes/bases/burger_base.stl
[2.438s] -- Installing: /home/will/metr4202_ws/src/install/turtlebot3_description/share/turtlebot3_description/meshes/bases/waffle_base.stl
[2.458s] -- Installing: /home/will/metr4202_ws/src/install/turtlebot3_description/share/turtlebot3_description/meshes/wheels
[2.458s] -- Installing: /home/will/metr4202_ws/src/install/turtlebot3_description/share/turtlebot3_description/meshes/wheels/left_tire.stl
[2.460s] -- Installing: /home/will/metr4202_ws/src/install/turtlebot3_description/share/turtlebot3_description/meshes/wheels/right_tire.stl
[2.462s] -- Installing: /home/will/metr4202_ws/src/install/turtlebot3_description/share/turtlebot3_description/meshes/sensors
[2.462s] -- Installing: /home/will/metr4202_ws/src/install/turtlebot3_description/share/turtlebot3_description/meshes/sensors/astra.jpg
[2.463s] -- Installing: /home/will/metr4202_ws/src/install/turtlebot3_description/share/turtlebot3_description/meshes/sensors/lds.stl
[2.465s] -- Installing: /home/will/metr4202_ws/src/install/turtlebot3_description/share/turtlebot3_description/meshes/sensors/astra.dae
[2.475s] -- Installing: /home/will/metr4202_ws/src/install/turtlebot3_description/share/turtlebot3_description/meshes/sensors/r200.jpg
[2.475s] -- Installing: /home/will/metr4202_ws/src/install/turtlebot3_description/share/turtlebot3_description/meshes/sensors/r200.dae
[2.476s] -- Installing: /home/will/metr4202_ws/src/install/turtlebot3_description/share/turtlebot3_description/rviz
[2.476s] -- Installing: /home/will/metr4202_ws/src/install/turtlebot3_description/share/turtlebot3_description/rviz/model.rviz
[2.476s] -- Installing: /home/will/metr4202_ws/src/install/turtlebot3_description/share/turtlebot3_description/urdf
[2.477s] -- Installing: /home/will/metr4202_ws/src/install/turtlebot3_description/share/turtlebot3_description/urdf/turtlebot3_waffle_pi.urdf
[2.477s] -- Installing: /home/will/metr4202_ws/src/install/turtlebot3_description/share/turtlebot3_description/urdf/turtlebot3_burger.urdf
[2.477s] -- Installing: /home/will/metr4202_ws/src/install/turtlebot3_description/share/turtlebot3_description/urdf/common_properties.urdf
[2.478s] -- Installing: /home/will/metr4202_ws/src/install/turtlebot3_description/share/turtlebot3_description/urdf/turtlebot3_waffle.urdf
[2.478s] -- Installing: /home/will/metr4202_ws/src/install/turtlebot3_description/share/ament_index/resource_index/package_run_dependencies/turtlebot3_description
[2.478s] -- Installing: /home/will/metr4202_ws/src/install/turtlebot3_description/share/ament_index/resource_index/parent_prefix_path/turtlebot3_description
[2.479s] -- Installing: /home/will/metr4202_ws/src/install/turtlebot3_description/share/turtlebot3_description/environment/ament_prefix_path.sh
[2.479s] -- Installing: /home/will/metr4202_ws/src/install/turtlebot3_description/share/turtlebot3_description/environment/ament_prefix_path.dsv
[2.479s] -- Installing: /home/will/metr4202_ws/src/install/turtlebot3_description/share/turtlebot3_description/environment/path.sh
[2.479s] -- Installing: /home/will/metr4202_ws/src/install/turtlebot3_description/share/turtlebot3_description/environment/path.dsv
[2.479s] -- Installing: /home/will/metr4202_ws/src/install/turtlebot3_description/share/turtlebot3_description/local_setup.bash
[2.479s] -- Installing: /home/will/metr4202_ws/src/install/turtlebot3_description/share/turtlebot3_description/local_setup.sh
[2.479s] -- Installing: /home/will/metr4202_ws/src/install/turtlebot3_description/share/turtlebot3_description/local_setup.zsh
[2.479s] -- Installing: /home/will/metr4202_ws/src/install/turtlebot3_description/share/turtlebot3_description/local_setup.dsv
[2.479s] -- Installing: /home/will/metr4202_ws/src/install/turtlebot3_description/share/turtlebot3_description/package.dsv
[2.479s] -- Installing: /home/will/metr4202_ws/src/install/turtlebot3_description/share/ament_index/resource_index/packages/turtlebot3_description
[2.479s] -- Installing: /home/will/metr4202_ws/src/install/turtlebot3_description/share/turtlebot3_description/cmake/turtlebot3_descriptionConfig.cmake
[2.480s] -- Installing: /home/will/metr4202_ws/src/install/turtlebot3_description/share/turtlebot3_description/cmake/turtlebot3_descriptionConfig-version.cmake
[2.480s] -- Installing: /home/will/metr4202_ws/src/install/turtlebot3_description/share/turtlebot3_description/package.xml
[2.481s] Invoked command in '/home/will/metr4202_ws/src/build/turtlebot3_description' returned '0': CMAKE_PREFIX_PATH=${CMAKE_PREFIX_PATH}:/home/will/metr4202_ws/install/waypoint_commander:/home/will/metr4202_ws/install/turtlebot3_teleop:/home/will/metr4202_ws/install/turtlebot3_example:/home/will/metr4202_ws/install/m4202_py_pkg:/opt/ros/humble /usr/bin/cmake --install /home/will/metr4202_ws/src/build/turtlebot3_description
