[0.064s] Invoking command in '/home/will/metr4202_ws/src/build/dynamixel_sdk': CMAKE_PREFIX_PATH=${CMAKE_PREFIX_PATH}:/home/will/metr4202_ws/install/waypoint_commander:/home/will/metr4202_ws/install/turtlebot3_teleop:/home/will/metr4202_ws/install/turtlebot3_example:/home/will/metr4202_ws/install/my_world_launcher:/home/will/metr4202_ws/install/m4202_py_pkg:/home/will/metr4202_ws/install/aruco_detector:/home/will/install/waypoint_commander:/home/will/install/turtlebot3_teleop:/home/will/install/turtlebot3_example:/home/will/install/my_world_launcher:/home/will/install/m4202_py_pkg:/home/will/install/aruco_detector:/opt/ros/humble /usr/bin/cmake --build /home/will/metr4202_ws/src/build/dynamixel_sdk -- -j20 -l20
[0.917s] [100%] Built target dynamixel_sdk
[0.917s] [100%] Built target ament_cmake_python_copy_dynamixel_sdk
[0.918s] running egg_info
[0.918s] writing dynamixel_sdk.egg-info/PKG-INFO
[0.918s] writing dependency_links to dynamixel_sdk.egg-info/dependency_links.txt
[0.918s] writing top-level names to dynamixel_sdk.egg-info/top_level.txt
[0.918s] reading manifest file 'dynamixel_sdk.egg-info/SOURCES.txt'
[0.918s] writing manifest file 'dynamixel_sdk.egg-info/SOURCES.txt'
[0.918s] [100%] Built target ament_cmake_python_build_dynamixel_sdk_egg
[0.942s] Invoked command in '/home/will/metr4202_ws/src/build/dynamixel_sdk' returned '0': CMAKE_PREFIX_PATH=${CMAKE_PREFIX_PATH}:/home/will/metr4202_ws/install/waypoint_commander:/home/will/metr4202_ws/install/turtlebot3_teleop:/home/will/metr4202_ws/install/turtlebot3_example:/home/will/metr4202_ws/install/my_world_launcher:/home/will/metr4202_ws/install/m4202_py_pkg:/home/will/metr4202_ws/install/aruco_detector:/home/will/install/waypoint_commander:/home/will/install/turtlebot3_teleop:/home/will/install/turtlebot3_example:/home/will/install/my_world_launcher:/home/will/install/m4202_py_pkg:/home/will/install/aruco_detector:/opt/ros/humble /usr/bin/cmake --build /home/will/metr4202_ws/src/build/dynamixel_sdk -- -j20 -l20
[0.944s] Invoking command in '/home/will/metr4202_ws/src/build/dynamixel_sdk': CMAKE_PREFIX_PATH=${CMAKE_PREFIX_PATH}:/home/will/metr4202_ws/install/waypoint_commander:/home/will/metr4202_ws/install/turtlebot3_teleop:/home/will/metr4202_ws/install/turtlebot3_example:/home/will/metr4202_ws/install/my_world_launcher:/home/will/metr4202_ws/install/m4202_py_pkg:/home/will/metr4202_ws/install/aruco_detector:/home/will/install/waypoint_commander:/home/will/install/turtlebot3_teleop:/home/will/install/turtlebot3_example:/home/will/install/my_world_launcher:/home/will/install/m4202_py_pkg:/home/will/install/aruco_detector:/opt/ros/humble /usr/bin/cmake --install /home/will/metr4202_ws/src/build/dynamixel_sdk
[0.978s] -- Install configuration: ""
[0.978s] -- Up-to-date: /home/will/metr4202_ws/src/install/dynamixel_sdk/include/
[0.978s] -- Up-to-date: /home/will/metr4202_ws/src/install/dynamixel_sdk/include//dynamixel_sdk
[0.978s] -- Up-to-date: /home/will/metr4202_ws/src/install/dynamixel_sdk/include//dynamixel_sdk/port_handler_arduino.h
[0.979s] -- Up-to-date: /home/will/metr4202_ws/src/install/dynamixel_sdk/include//dynamixel_sdk/port_handler.h
[0.979s] -- Up-to-date: /home/will/metr4202_ws/src/install/dynamixel_sdk/include//dynamixel_sdk/port_handler_windows.h
[0.979s] -- Up-to-date: /home/will/metr4202_ws/src/install/dynamixel_sdk/include//dynamixel_sdk/port_handler_mac.h
[0.979s] -- Up-to-date: /home/will/metr4202_ws/src/install/dynamixel_sdk/include//dynamixel_sdk/protocol2_packet_handler.h
[0.979s] -- Up-to-date: /home/will/metr4202_ws/src/install/dynamixel_sdk/include//dynamixel_sdk/port_handler_linux.h
[0.979s] -- Up-to-date: /home/will/metr4202_ws/src/install/dynamixel_sdk/include//dynamixel_sdk/dynamixel_sdk.h
[0.979s] -- Up-to-date: /home/will/metr4202_ws/src/install/dynamixel_sdk/include//dynamixel_sdk/packet_handler.h
[0.979s] -- Up-to-date: /home/will/metr4202_ws/src/install/dynamixel_sdk/include//dynamixel_sdk/group_sync_write.h
[0.979s] -- Up-to-date: /home/will/metr4202_ws/src/install/dynamixel_sdk/include//dynamixel_sdk/group_sync_read.h
[0.979s] -- Up-to-date: /home/will/metr4202_ws/src/install/dynamixel_sdk/include//dynamixel_sdk/group_fast_bulk_read.h
[0.979s] -- Up-to-date: /home/will/metr4202_ws/src/install/dynamixel_sdk/include//dynamixel_sdk/group_bulk_write.h
[0.979s] -- Up-to-date: /home/will/metr4202_ws/src/install/dynamixel_sdk/include//dynamixel_sdk/group_fast_sync_read.h
[0.979s] -- Up-to-date: /home/will/metr4202_ws/src/install/dynamixel_sdk/include//dynamixel_sdk/group_bulk_read.h
[0.979s] -- Up-to-date: /home/will/metr4202_ws/src/install/dynamixel_sdk/include//dynamixel_sdk/protocol1_packet_handler.h
[0.980s] -- Up-to-date: /home/will/metr4202_ws/src/install/dynamixel_sdk/include//dynamixel_sdk/group_handler.h
[0.980s] -- Up-to-date: /home/will/metr4202_ws/src/install/dynamixel_sdk/lib/libdynamixel_sdk.so
[0.980s] -- Up-to-date: /home/will/metr4202_ws/src/install/dynamixel_sdk/share/dynamixel_sdk/environment/pythonpath.sh
[0.980s] -- Up-to-date: /home/will/metr4202_ws/src/install/dynamixel_sdk/share/dynamixel_sdk/environment/pythonpath.dsv
[0.980s] -- Up-to-date: /home/will/metr4202_ws/src/install/dynamixel_sdk/local/lib/python3.10/dist-packages/dynamixel_sdk-3.8.4-py3.10.egg-info
[0.980s] -- Installing: /home/will/metr4202_ws/src/install/dynamixel_sdk/local/lib/python3.10/dist-packages/dynamixel_sdk-3.8.4-py3.10.egg-info/dependency_links.txt
[0.980s] -- Installing: /home/will/metr4202_ws/src/install/dynamixel_sdk/local/lib/python3.10/dist-packages/dynamixel_sdk-3.8.4-py3.10.egg-info/PKG-INFO
[0.980s] -- Installing: /home/will/metr4202_ws/src/install/dynamixel_sdk/local/lib/python3.10/dist-packages/dynamixel_sdk-3.8.4-py3.10.egg-info/top_level.txt
[0.980s] -- Installing: /home/will/metr4202_ws/src/install/dynamixel_sdk/local/lib/python3.10/dist-packages/dynamixel_sdk-3.8.4-py3.10.egg-info/SOURCES.txt
[0.980s] -- Up-to-date: /home/will/metr4202_ws/src/install/dynamixel_sdk/local/lib/python3.10/dist-packages/dynamixel_sdk
[0.980s] -- Up-to-date: /home/will/metr4202_ws/src/install/dynamixel_sdk/local/lib/python3.10/dist-packages/dynamixel_sdk/port_handler_arduino.cpp
[0.980s] -- Up-to-date: /home/will/metr4202_ws/src/install/dynamixel_sdk/local/lib/python3.10/dist-packages/dynamixel_sdk/protocol1_packet_handler.cpp
[0.980s] -- Up-to-date: /home/will/metr4202_ws/src/install/dynamixel_sdk/local/lib/python3.10/dist-packages/dynamixel_sdk/group_bulk_read.cpp
[0.981s] -- Up-to-date: /home/will/metr4202_ws/src/install/dynamixel_sdk/local/lib/python3.10/dist-packages/dynamixel_sdk/group_fast_bulk_read.cpp
[0.981s] -- Up-to-date: /home/will/metr4202_ws/src/install/dynamixel_sdk/local/lib/python3.10/dist-packages/dynamixel_sdk/port_handler_mac.cpp
[0.981s] -- Up-to-date: /home/will/metr4202_ws/src/install/dynamixel_sdk/local/lib/python3.10/dist-packages/dynamixel_sdk/port_handler.py
[0.981s] -- Up-to-date: /home/will/metr4202_ws/src/install/dynamixel_sdk/local/lib/python3.10/dist-packages/dynamixel_sdk/protocol2_packet_handler.cpp
[0.981s] -- Up-to-date: /home/will/metr4202_ws/src/install/dynamixel_sdk/local/lib/python3.10/dist-packages/dynamixel_sdk/group_handler.cpp
[0.981s] -- Up-to-date: /home/will/metr4202_ws/src/install/dynamixel_sdk/local/lib/python3.10/dist-packages/dynamixel_sdk/group_bulk_write.py
[0.981s] -- Up-to-date: /home/will/metr4202_ws/src/install/dynamixel_sdk/local/lib/python3.10/dist-packages/dynamixel_sdk/port_handler_windows.cpp
[0.981s] -- Up-to-date: /home/will/metr4202_ws/src/install/dynamixel_sdk/local/lib/python3.10/dist-packages/dynamixel_sdk/group_bulk_read.py
[0.981s] -- Up-to-date: /home/will/metr4202_ws/src/install/dynamixel_sdk/local/lib/python3.10/dist-packages/dynamixel_sdk/packet_handler.py
[0.981s] -- Up-to-date: /home/will/metr4202_ws/src/install/dynamixel_sdk/local/lib/python3.10/dist-packages/dynamixel_sdk/group_sync_write.cpp
[0.981s] -- Up-to-date: /home/will/metr4202_ws/src/install/dynamixel_sdk/local/lib/python3.10/dist-packages/dynamixel_sdk/group_bulk_write.cpp
[0.981s] -- Up-to-date: /home/will/metr4202_ws/src/install/dynamixel_sdk/local/lib/python3.10/dist-packages/dynamixel_sdk/protocol2_packet_handler.py
[0.981s] -- Up-to-date: /home/will/metr4202_ws/src/install/dynamixel_sdk/local/lib/python3.10/dist-packages/dynamixel_sdk/packet_handler.cpp
[0.982s] -- Up-to-date: /home/will/metr4202_ws/src/install/dynamixel_sdk/local/lib/python3.10/dist-packages/dynamixel_sdk/group_sync_read.py
[0.982s] -- Up-to-date: /home/will/metr4202_ws/src/install/dynamixel_sdk/local/lib/python3.10/dist-packages/dynamixel_sdk/protocol1_packet_handler.py
[0.982s] -- Up-to-date: /home/will/metr4202_ws/src/install/dynamixel_sdk/local/lib/python3.10/dist-packages/dynamixel_sdk/group_sync_write.py
[0.982s] -- Up-to-date: /home/will/metr4202_ws/src/install/dynamixel_sdk/local/lib/python3.10/dist-packages/dynamixel_sdk/group_fast_sync_read.cpp
[0.982s] -- Up-to-date: /home/will/metr4202_ws/src/install/dynamixel_sdk/local/lib/python3.10/dist-packages/dynamixel_sdk/group_sync_read.cpp
[0.982s] -- Up-to-date: /home/will/metr4202_ws/src/install/dynamixel_sdk/local/lib/python3.10/dist-packages/dynamixel_sdk/__init__.py
[0.982s] -- Up-to-date: /home/will/metr4202_ws/src/install/dynamixel_sdk/local/lib/python3.10/dist-packages/dynamixel_sdk/robotis_def.py
[0.982s] -- Up-to-date: /home/will/metr4202_ws/src/install/dynamixel_sdk/local/lib/python3.10/dist-packages/dynamixel_sdk/port_handler_linux.cpp
[0.982s] -- Up-to-date: /home/will/metr4202_ws/src/install/dynamixel_sdk/local/lib/python3.10/dist-packages/dynamixel_sdk/port_handler.cpp
[1.056s] Listing '/home/will/metr4202_ws/src/install/dynamixel_sdk/local/lib/python3.10/dist-packages/dynamixel_sdk'...
[1.056s] -- Up-to-date: /home/will/metr4202_ws/src/install/dynamixel_sdk/share/dynamixel_sdk/environment/library_path.sh
[1.056s] -- Up-to-date: /home/will/metr4202_ws/src/install/dynamixel_sdk/share/dynamixel_sdk/environment/library_path.dsv
[1.056s] -- Up-to-date: /home/will/metr4202_ws/src/install/dynamixel_sdk/share/ament_index/resource_index/package_run_dependencies/dynamixel_sdk
[1.056s] -- Up-to-date: /home/will/metr4202_ws/src/install/dynamixel_sdk/share/ament_index/resource_index/parent_prefix_path/dynamixel_sdk
[1.056s] -- Up-to-date: /home/will/metr4202_ws/src/install/dynamixel_sdk/share/dynamixel_sdk/environment/ament_prefix_path.sh
[1.057s] -- Up-to-date: /home/will/metr4202_ws/src/install/dynamixel_sdk/share/dynamixel_sdk/environment/ament_prefix_path.dsv
[1.057s] -- Up-to-date: /home/will/metr4202_ws/src/install/dynamixel_sdk/share/dynamixel_sdk/environment/path.sh
[1.057s] -- Up-to-date: /home/will/metr4202_ws/src/install/dynamixel_sdk/share/dynamixel_sdk/environment/path.dsv
[1.057s] -- Up-to-date: /home/will/metr4202_ws/src/install/dynamixel_sdk/share/dynamixel_sdk/local_setup.bash
[1.057s] -- Up-to-date: /home/will/metr4202_ws/src/install/dynamixel_sdk/share/dynamixel_sdk/local_setup.sh
[1.057s] -- Up-to-date: /home/will/metr4202_ws/src/install/dynamixel_sdk/share/dynamixel_sdk/local_setup.zsh
[1.057s] -- Up-to-date: /home/will/metr4202_ws/src/install/dynamixel_sdk/share/dynamixel_sdk/local_setup.dsv
[1.057s] -- Installing: /home/will/metr4202_ws/src/install/dynamixel_sdk/share/dynamixel_sdk/package.dsv
[1.057s] -- Up-to-date: /home/will/metr4202_ws/src/install/dynamixel_sdk/share/ament_index/resource_index/packages/dynamixel_sdk
[1.057s] -- Up-to-date: /home/will/metr4202_ws/src/install/dynamixel_sdk/share/dynamixel_sdk/cmake/dynamixel_sdkExport.cmake
[1.057s] -- Up-to-date: /home/will/metr4202_ws/src/install/dynamixel_sdk/share/dynamixel_sdk/cmake/dynamixel_sdkExport-noconfig.cmake
[1.058s] -- Up-to-date: /home/will/metr4202_ws/src/install/dynamixel_sdk/share/dynamixel_sdk/cmake/ament_cmake_export_targets-extras.cmake
[1.058s] -- Up-to-date: /home/will/metr4202_ws/src/install/dynamixel_sdk/share/dynamixel_sdk/cmake/ament_cmake_export_include_directories-extras.cmake
[1.058s] -- Up-to-date: /home/will/metr4202_ws/src/install/dynamixel_sdk/share/dynamixel_sdk/cmake/ament_cmake_export_libraries-extras.cmake
[1.058s] -- Up-to-date: /home/will/metr4202_ws/src/install/dynamixel_sdk/share/dynamixel_sdk/cmake/dynamixel_sdkConfig.cmake
[1.058s] -- Up-to-date: /home/will/metr4202_ws/src/install/dynamixel_sdk/share/dynamixel_sdk/cmake/dynamixel_sdkConfig-version.cmake
[1.058s] -- Up-to-date: /home/will/metr4202_ws/src/install/dynamixel_sdk/share/dynamixel_sdk/package.xml
[1.116s] Invoked command in '/home/will/metr4202_ws/src/build/dynamixel_sdk' returned '0': CMAKE_PREFIX_PATH=${CMAKE_PREFIX_PATH}:/home/will/metr4202_ws/install/waypoint_commander:/home/will/metr4202_ws/install/turtlebot3_teleop:/home/will/metr4202_ws/install/turtlebot3_example:/home/will/metr4202_ws/install/my_world_launcher:/home/will/metr4202_ws/install/m4202_py_pkg:/home/will/metr4202_ws/install/aruco_detector:/home/will/install/waypoint_commander:/home/will/install/turtlebot3_teleop:/home/will/install/turtlebot3_example:/home/will/install/my_world_launcher:/home/will/install/m4202_py_pkg:/home/will/install/aruco_detector:/opt/ros/humble /usr/bin/cmake --install /home/will/metr4202_ws/src/build/dynamixel_sdk
