[0.043s] Invoking command in '/home/will/metr4202_ws/src/build/turtlebot3_gazebo': CMAKE_PREFIX_PATH=${CMAKE_PREFIX_PATH}:/home/will/metr4202_ws/install/waypoint_commander:/home/will/metr4202_ws/install/turtlebot3_teleop:/home/will/metr4202_ws/install/turtlebot3_example:/home/will/metr4202_ws/install/m4202_py_pkg:/opt/ros/humble /usr/bin/cmake /home/will/metr4202_ws/src/turtlebot3_simulations/turtlebot3_gazebo -DCMAKE_INSTALL_PREFIX=/home/will/metr4202_ws/src/install/turtlebot3_gazebo
[0.577s] -- The C compiler identification is GNU 11.4.0
[0.577s] -- The CXX compiler identification is GNU 11.4.0
[0.577s] -- Detecting C compiler ABI info
[0.619s] -- Detecting C compiler ABI info - done
[0.625s] -- Check for working C compiler: /usr/bin/cc - skipped
[0.625s] -- Detecting C compile features
[0.625s] -- Detecting C compile features - done
[0.627s] -- Detecting CXX compiler ABI info
[0.719s] -- Detecting CXX compiler ABI info - done
[0.723s] -- Check for working CXX compiler: /usr/bin/c++ - skipped
[0.723s] -- Detecting CXX compile features
[0.723s] -- Detecting CXX compile features - done
[0.737s] -- Found ament_cmake: 1.3.12 (/opt/ros/humble/share/ament_cmake/cmake)
[0.886s] -- Found Python3: /usr/bin/python3 (found version "3.10.12") found components: Interpreter 
[1.019s] [33mCMake Warning (dev) at /usr/share/cmake-3.22/Modules/FindPackageHandleStandardArgs.cmake:438 (message):
[1.019s]   The package name passed to `find_package_handle_standard_args` (PkgConfig)
[1.019s]   does not match the name of the calling package (gazebo).  This can lead to
[1.019s]   problems in calling code that expects `find_package` result variables
[1.019s]   (e.g., `_FOUND`) to follow a certain pattern.
[1.019s] Call Stack (most recent call first):
[1.019s]   /usr/share/cmake-3.22/Modules/FindPkgConfig.cmake:99 (find_package_handle_standard_args)
[1.019s]   /usr/lib/x86_64-linux-gnu/cmake/gazebo/gazebo-config.cmake:72 (include)
[1.019s]   CMakeLists.txt:23 (find_package)
[1.019s] This warning is for project developers.  Use -Wno-dev to suppress it.
[1.019s] [0m
[1.019s] -- Found PkgConfig: /usr/bin/pkg-config (found version "0.29.2") 
[1.029s] -- Checking for module 'bullet>=2.82'
[1.040s] --   Found bullet, version 3.05
[1.165s] -- Found fcl: /usr/include (found suitable version "0.7.0", minimum required is "0.5.0") 
[1.214s] -- Found assimp: /usr/include (found version "5.2.0") 
[1.248s] -- Found DART: /usr/include (Required is at least version "6.6") found components: dart 
[1.663s] -- Found Boost: /usr/lib/x86_64-linux-gnu/cmake/Boost-1.74.0/BoostConfig.cmake (found suitable version "1.74.0", minimum required is "1.40.0") found components: thread system filesystem program_options regex iostreams date_time 
[2.023s] -- Found Protobuf: /usr/lib/x86_64-linux-gnu/libprotobuf.so (found version "3.12.4") 
[2.029s] -- Looking for ignition-math6 -- found version 6.15.1
[2.037s] -- Searching for dependencies of ignition-math6
[2.039s] -- Looking for OGRE...
[2.040s] -- OGRE_PREFIX_WATCH changed.
[2.043s] -- Checking for module 'OGRE'
[2.052s] --   Found OGRE, version 1.9.0
[2.074s] -- Found Ogre Ghadamon (1.9.0)
[2.318s] -- Found OGRE: optimized;/usr/lib/x86_64-linux-gnu/libOgreMain.so;debug;/usr/lib/x86_64-linux-gnu/libOgreMain.so
[2.324s] -- Looking for OGRE_Paging...
[2.579s] -- Found OGRE_Paging: optimized;/usr/lib/x86_64-linux-gnu/libOgrePaging.so;debug;/usr/lib/x86_64-linux-gnu/libOgrePaging.so
[2.579s] -- Looking for OGRE_Terrain...
[2.911s] -- Found OGRE_Terrain: optimized;/usr/lib/x86_64-linux-gnu/libOgreTerrain.so;debug;/usr/lib/x86_64-linux-gnu/libOgreTerrain.so
[2.911s] -- Looking for OGRE_Property...
[3.247s] -- Found OGRE_Property: optimized;/usr/lib/x86_64-linux-gnu/libOgreProperty.so;debug;/usr/lib/x86_64-linux-gnu/libOgreProperty.so
[3.247s] -- Looking for OGRE_RTShaderSystem...
[3.561s] -- Found OGRE_RTShaderSystem: optimized;/usr/lib/x86_64-linux-gnu/libOgreRTShaderSystem.so;debug;/usr/lib/x86_64-linux-gnu/libOgreRTShaderSystem.so
[3.561s] -- Looking for OGRE_Volume...
[3.835s] -- Found OGRE_Volume: optimized;/usr/lib/x86_64-linux-gnu/libOgreVolume.so;debug;/usr/lib/x86_64-linux-gnu/libOgreVolume.so
[3.835s] -- Looking for OGRE_Overlay...
[4.593s] -- Found OGRE_Overlay: optimized;/usr/lib/x86_64-linux-gnu/libOgreOverlay.so;debug;/usr/lib/x86_64-linux-gnu/libOgreOverlay.so
[15.930s] -- Looking for ignition-math6 -- found version 6.15.1
[15.933s] -- Looking for ignition-transport8 -- found version 8.2.1
[15.933s] -- Searching for dependencies of ignition-transport8
[16.693s] -- Found Protobuf: /usr/lib/x86_64-linux-gnu/libprotobuf.so (found suitable version "3.12.4", minimum required is "3") 
[17.340s] -- Config-file not installed for ZeroMQ -- checking for pkg-config
[17.344s] -- Checking for module 'libzmq >= 4'
[17.355s] --   Found libzmq , version 4.3.4
[17.376s] -- Found ZeroMQ: TRUE (Required is at least version "4") 
[17.398s] -- Checking for module 'uuid'
[17.406s] --   Found uuid, version 2.37.2
[17.425s] -- Found UUID: TRUE  
[17.428s] -- Looking for ignition-msgs5 -- found version 5.8.1
[17.428s] -- Searching for dependencies of ignition-msgs5
[18.054s] -- Looking for ignition-math6 -- found version 6.15.1
[18.068s] -- Checking for module 'tinyxml2'
[18.078s] --   Found tinyxml2, version 9.0.0
[18.102s] -- Looking for ignition-msgs5 -- found version 5.8.1
[18.104s] -- Looking for ignition-common3 -- found version 3.14.0
[18.105s] -- Searching for dependencies of ignition-common3
[18.126s] -- Looking for dlfcn.h - found
[18.150s] -- Looking for libdl - found
[18.151s] -- Found DL: TRUE  
[18.210s] -- Found tinyobjloader: /usr/lib/x86_64-linux-gnu/cmake/tinyobjloader/tinyobjloader-config.cmake (found version "2.0.0") 
[18.211s] -- Searching for <ignition-common3> component [graphics]
[18.213s] -- Looking for ignition-common3-graphics -- found version 3.14.0
[18.213s] -- Searching for dependencies of ignition-common3-graphics
[18.213s] -- Looking for ignition-math6 -- found version 6.15.1
[18.217s] -- Looking for ignition-fuel_tools4 -- found version 4.4.0
[18.217s] -- Searching for dependencies of ignition-fuel_tools4
[18.954s] -- Found CURL: /usr/lib/x86_64-linux-gnu/libcurl.so (found version "7.81.0")  
[18.962s] -- Checking for module 'jsoncpp'
[18.970s] --   Found jsoncpp, version 1.9.5
[18.989s] -- Found JSONCPP: TRUE  
[18.994s] -- Checking for module 'libzip'
[19.003s] --   Found libzip, version 1.7.3
[19.022s] -- Found ZIP: TRUE  
[19.022s] -- Looking for ignition-common3 -- found version 3.14.0
[19.023s] -- Looking for ignition-math6 -- found version 6.15.1
[19.023s] -- Looking for ignition-msgs5 -- found version 5.8.1
[19.028s] -- Found gazebo_ros_pkgs: 3.9.0 (/opt/ros/humble/share/gazebo_ros_pkgs/cmake)
[19.030s] -- Found geometry_msgs: 4.9.0 (/opt/ros/humble/share/geometry_msgs/cmake)
[19.071s] -- Found rosidl_generator_c: 3.1.7 (/opt/ros/humble/share/rosidl_generator_c/cmake)
[19.075s] -- Found rosidl_adapter: 3.1.7 (/opt/ros/humble/share/rosidl_adapter/cmake)
[19.081s] -- Found rosidl_generator_cpp: 3.1.7 (/opt/ros/humble/share/rosidl_generator_cpp/cmake)
[19.090s] -- Using all available rosidl_typesupport_c: rosidl_typesupport_fastrtps_c;rosidl_typesupport_introspection_c
[19.102s] -- Using all available rosidl_typesupport_cpp: rosidl_typesupport_fastrtps_cpp;rosidl_typesupport_introspection_cpp
[19.126s] -- Found nav_msgs: 4.9.0 (/opt/ros/humble/share/nav_msgs/cmake)
[19.137s] -- Found rclcpp: 16.0.15 (/opt/ros/humble/share/rclcpp/cmake)
[19.163s] -- Found rmw_implementation_cmake: 6.1.2 (/opt/ros/humble/share/rmw_implementation_cmake/cmake)
[19.166s] -- Found rmw_fastrtps_cpp: 6.2.8 (/opt/ros/humble/share/rmw_fastrtps_cpp/cmake)
[19.804s] -- Found OpenSSL: /usr/lib/x86_64-linux-gnu/libcrypto.so (found version "3.0.2")  
[20.463s] -- Found FastRTPS: /opt/ros/humble/include  
[21.720s] -- Using RMW implementation 'rmw_fastrtps_cpp' as default
[21.728s] -- Found Threads: TRUE  
[21.752s] -- Found sensor_msgs: 4.9.0 (/opt/ros/humble/share/sensor_msgs/cmake)
[21.764s] -- Found tf2: 0.25.16 (/opt/ros/humble/share/tf2/cmake)
[21.816s] -- Configuring done
[21.858s] -- Generating done
[21.863s] -- Build files have been written to: /home/will/metr4202_ws/src/build/turtlebot3_gazebo
[21.874s] Invoked command in '/home/will/metr4202_ws/src/build/turtlebot3_gazebo' returned '0': CMAKE_PREFIX_PATH=${CMAKE_PREFIX_PATH}:/home/will/metr4202_ws/install/waypoint_commander:/home/will/metr4202_ws/install/turtlebot3_teleop:/home/will/metr4202_ws/install/turtlebot3_example:/home/will/metr4202_ws/install/m4202_py_pkg:/opt/ros/humble /usr/bin/cmake /home/will/metr4202_ws/src/turtlebot3_simulations/turtlebot3_gazebo -DCMAKE_INSTALL_PREFIX=/home/will/metr4202_ws/src/install/turtlebot3_gazebo
[21.875s] Invoking command in '/home/will/metr4202_ws/src/build/turtlebot3_gazebo': CMAKE_PREFIX_PATH=${CMAKE_PREFIX_PATH}:/home/will/metr4202_ws/install/waypoint_commander:/home/will/metr4202_ws/install/turtlebot3_teleop:/home/will/metr4202_ws/install/turtlebot3_example:/home/will/metr4202_ws/install/m4202_py_pkg:/opt/ros/humble /usr/bin/cmake --build /home/will/metr4202_ws/src/build/turtlebot3_gazebo -- -j20 -l20
[21.908s] [ 33%] [32mBuilding CXX object CMakeFiles/turtlebot3_drive.dir/src/turtlebot3_drive.cpp.o[0m
[21.909s] [ 33%] [32mBuilding CXX object CMakeFiles/traffic_bar_plugin.dir/src/traffic_bar_plugin.cpp.o[0m
[21.909s] [ 33%] [32mBuilding CXX object CMakeFiles/traffic_light_plugin.dir/src/traffic_light_plugin.cpp.o[0m
[21.909s] [ 41%] [32mBuilding CXX object CMakeFiles/obstacle2.dir/src/obstacle2.cpp.o[0m
[21.909s] [ 41%] [32mBuilding CXX object CMakeFiles/obstacle1.dir/src/obstacle1.cpp.o[0m
[21.909s] [ 50%] [32mBuilding CXX object CMakeFiles/obstacles.dir/src/obstacles.cpp.o[0m
[30.375s] [ 58%] [32m[1mLinking CXX executable turtlebot3_drive[0m
[30.840s] [ 58%] Built target turtlebot3_drive
[31.494s] [ 66%] [32m[1mLinking CXX shared library libobstacles.so[0m
[31.514s] [ 75%] [32m[1mLinking CXX shared library libobstacle1.so[0m
[31.533s] [ 83%] [32m[1mLinking CXX shared library libtraffic_bar_plugin.so[0m
[31.543s] [ 91%] [32m[1mLinking CXX shared library libobstacle2.so[0m
[31.725s] [ 91%] Built target obstacles
[31.731s] [ 91%] Built target obstacle1
[31.743s] [ 91%] Built target traffic_bar_plugin
[31.751s] [ 91%] Built target obstacle2
[31.787s] [100%] [32m[1mLinking CXX shared library libtraffic_light_plugin.so[0m
[31.994s] [100%] Built target traffic_light_plugin
[32.005s] Invoked command in '/home/will/metr4202_ws/src/build/turtlebot3_gazebo' returned '0': CMAKE_PREFIX_PATH=${CMAKE_PREFIX_PATH}:/home/will/metr4202_ws/install/waypoint_commander:/home/will/metr4202_ws/install/turtlebot3_teleop:/home/will/metr4202_ws/install/turtlebot3_example:/home/will/metr4202_ws/install/m4202_py_pkg:/opt/ros/humble /usr/bin/cmake --build /home/will/metr4202_ws/src/build/turtlebot3_gazebo -- -j20 -l20
[32.007s] Invoking command in '/home/will/metr4202_ws/src/build/turtlebot3_gazebo': CMAKE_PREFIX_PATH=${CMAKE_PREFIX_PATH}:/home/will/metr4202_ws/install/waypoint_commander:/home/will/metr4202_ws/install/turtlebot3_teleop:/home/will/metr4202_ws/install/turtlebot3_example:/home/will/metr4202_ws/install/m4202_py_pkg:/opt/ros/humble /usr/bin/cmake --install /home/will/metr4202_ws/src/build/turtlebot3_gazebo
[32.011s] -- Install configuration: ""
[32.012s] -- Installing: /home/will/metr4202_ws/src/install/turtlebot3_gazebo/lib/turtlebot3_gazebo/turtlebot3_drive
[32.015s] -- Set runtime path of "/home/will/metr4202_ws/src/install/turtlebot3_gazebo/lib/turtlebot3_gazebo/turtlebot3_drive" to ""
[32.015s] -- Installing: /home/will/metr4202_ws/src/install/turtlebot3_gazebo/share/turtlebot3_gazebo//launch
[32.015s] -- Installing: /home/will/metr4202_ws/src/install/turtlebot3_gazebo/share/turtlebot3_gazebo//launch/turtlebot3_dqn_stage2.launch.py
[32.016s] -- Installing: /home/will/metr4202_ws/src/install/turtlebot3_gazebo/share/turtlebot3_gazebo//launch/turtlebot3_dqn_stage1.launch.py
[32.016s] -- Installing: /home/will/metr4202_ws/src/install/turtlebot3_gazebo/share/turtlebot3_gazebo//launch/turtlebot3_dqn_stage4.launch.py
[32.016s] -- Installing: /home/will/metr4202_ws/src/install/turtlebot3_gazebo/share/turtlebot3_gazebo//launch/multi_spawn_turtlebot3.launch.py
[32.016s] -- Installing: /home/will/metr4202_ws/src/install/turtlebot3_gazebo/share/turtlebot3_gazebo//launch/turtlebot3_world.launch.py
[32.016s] -- Installing: /home/will/metr4202_ws/src/install/turtlebot3_gazebo/share/turtlebot3_gazebo//launch/turtlebot3_house.launch.py
[32.017s] -- Installing: /home/will/metr4202_ws/src/install/turtlebot3_gazebo/share/turtlebot3_gazebo//launch/turtlebot3_dqn_stage3.launch.py
[32.017s] -- Installing: /home/will/metr4202_ws/src/install/turtlebot3_gazebo/share/turtlebot3_gazebo//launch/robot_state_publisher.launch.py
[32.017s] -- Installing: /home/will/metr4202_ws/src/install/turtlebot3_gazebo/share/turtlebot3_gazebo//launch/multi_robot.launch.py
[32.017s] -- Installing: /home/will/metr4202_ws/src/install/turtlebot3_gazebo/share/turtlebot3_gazebo//launch/empty_world.launch.py
[32.017s] -- Installing: /home/will/metr4202_ws/src/install/turtlebot3_gazebo/share/turtlebot3_gazebo//launch/spawn_turtlebot3.launch.py
[32.017s] -- Installing: /home/will/metr4202_ws/src/install/turtlebot3_gazebo/share/turtlebot3_gazebo//launch/turtlebot3_autorace_2020.launch.py
[32.018s] -- Installing: /home/will/metr4202_ws/src/install/turtlebot3_gazebo/share/turtlebot3_gazebo//models
[32.018s] -- Installing: /home/will/metr4202_ws/src/install/turtlebot3_gazebo/share/turtlebot3_gazebo//models/turtlebot3_autorace_2020
[32.018s] -- Installing: /home/will/metr4202_ws/src/install/turtlebot3_gazebo/share/turtlebot3_gazebo//models/turtlebot3_autorace_2020/course
[32.018s] -- Installing: /home/will/metr4202_ws/src/install/turtlebot3_gazebo/share/turtlebot3_gazebo//models/turtlebot3_autorace_2020/course/model.sdf
[32.019s] -- Installing: /home/will/metr4202_ws/src/install/turtlebot3_gazebo/share/turtlebot3_gazebo//models/turtlebot3_autorace_2020/course/model.config
[32.019s] -- Installing: /home/will/metr4202_ws/src/install/turtlebot3_gazebo/share/turtlebot3_gazebo//models/turtlebot3_autorace_2020/course/materials
[32.019s] -- Installing: /home/will/metr4202_ws/src/install/turtlebot3_gazebo/share/turtlebot3_gazebo//models/turtlebot3_autorace_2020/course/materials/scripts
[32.019s] -- Installing: /home/will/metr4202_ws/src/install/turtlebot3_gazebo/share/turtlebot3_gazebo//models/turtlebot3_autorace_2020/course/materials/scripts/course.material
[32.020s] -- Installing: /home/will/metr4202_ws/src/install/turtlebot3_gazebo/share/turtlebot3_gazebo//models/turtlebot3_autorace_2020/course/materials/textures
[32.020s] -- Installing: /home/will/metr4202_ws/src/install/turtlebot3_gazebo/share/turtlebot3_gazebo//models/turtlebot3_autorace_2020/course/materials/textures/course.png
[32.020s] -- Installing: /home/will/metr4202_ws/src/install/turtlebot3_gazebo/share/turtlebot3_gazebo//models/turtlebot3_autorace_2020/traffic_construction
[32.021s] -- Installing: /home/will/metr4202_ws/src/install/turtlebot3_gazebo/share/turtlebot3_gazebo//models/turtlebot3_autorace_2020/traffic_construction/model.sdf
[32.021s] -- Installing: /home/will/metr4202_ws/src/install/turtlebot3_gazebo/share/turtlebot3_gazebo//models/turtlebot3_autorace_2020/traffic_construction/model.config
[32.021s] -- Installing: /home/will/metr4202_ws/src/install/turtlebot3_gazebo/share/turtlebot3_gazebo//models/turtlebot3_autorace_2020/traffic_construction/materials
[32.021s] -- Installing: /home/will/metr4202_ws/src/install/turtlebot3_gazebo/share/turtlebot3_gazebo//models/turtlebot3_autorace_2020/traffic_construction/materials/scripts
[32.022s] -- Installing: /home/will/metr4202_ws/src/install/turtlebot3_gazebo/share/turtlebot3_gazebo//models/turtlebot3_autorace_2020/traffic_construction/materials/scripts/traffic_construction.material
[32.022s] -- Installing: /home/will/metr4202_ws/src/install/turtlebot3_gazebo/share/turtlebot3_gazebo//models/turtlebot3_autorace_2020/traffic_construction/materials/textures
[32.022s] -- Installing: /home/will/metr4202_ws/src/install/turtlebot3_gazebo/share/turtlebot3_gazebo//models/turtlebot3_autorace_2020/traffic_construction/materials/textures/traffic_construction.png
[32.023s] -- Installing: /home/will/metr4202_ws/src/install/turtlebot3_gazebo/share/turtlebot3_gazebo//models/turtlebot3_autorace_2020/traffic_bar
[32.023s] -- Installing: /home/will/metr4202_ws/src/install/turtlebot3_gazebo/share/turtlebot3_gazebo//models/turtlebot3_autorace_2020/traffic_bar/model.sdf
[32.023s] -- Installing: /home/will/metr4202_ws/src/install/turtlebot3_gazebo/share/turtlebot3_gazebo//models/turtlebot3_autorace_2020/traffic_bar/model.config
[32.023s] -- Installing: /home/will/metr4202_ws/src/install/turtlebot3_gazebo/share/turtlebot3_gazebo//models/turtlebot3_autorace_2020/traffic_bar/materials
[32.024s] -- Installing: /home/will/metr4202_ws/src/install/turtlebot3_gazebo/share/turtlebot3_gazebo//models/turtlebot3_autorace_2020/traffic_bar/materials/scripts
[32.024s] -- Installing: /home/will/metr4202_ws/src/install/turtlebot3_gazebo/share/turtlebot3_gazebo//models/turtlebot3_autorace_2020/traffic_bar/materials/scripts/traffic_bar.material
[32.024s] -- Installing: /home/will/metr4202_ws/src/install/turtlebot3_gazebo/share/turtlebot3_gazebo//models/turtlebot3_autorace_2020/traffic_bar/materials/textures
[32.024s] -- Installing: /home/will/metr4202_ws/src/install/turtlebot3_gazebo/share/turtlebot3_gazebo//models/turtlebot3_autorace_2020/traffic_bar/materials/textures/traffic_bar.png
[32.024s] -- Installing: /home/will/metr4202_ws/src/install/turtlebot3_gazebo/share/turtlebot3_gazebo//models/turtlebot3_autorace_2020/traffic_right
[32.025s] -- Installing: /home/will/metr4202_ws/src/install/turtlebot3_gazebo/share/turtlebot3_gazebo//models/turtlebot3_autorace_2020/traffic_right/model.sdf
[32.025s] -- Installing: /home/will/metr4202_ws/src/install/turtlebot3_gazebo/share/turtlebot3_gazebo//models/turtlebot3_autorace_2020/traffic_right/model.config
[32.025s] -- Installing: /home/will/metr4202_ws/src/install/turtlebot3_gazebo/share/turtlebot3_gazebo//models/turtlebot3_autorace_2020/traffic_right/materials
[32.026s] -- Installing: /home/will/metr4202_ws/src/install/turtlebot3_gazebo/share/turtlebot3_gazebo//models/turtlebot3_autorace_2020/traffic_right/materials/scripts
[32.026s] -- Installing: /home/will/metr4202_ws/src/install/turtlebot3_gazebo/share/turtlebot3_gazebo//models/turtlebot3_autorace_2020/traffic_right/materials/scripts/traffic_right.material
[32.026s] -- Installing: /home/will/metr4202_ws/src/install/turtlebot3_gazebo/share/turtlebot3_gazebo//models/turtlebot3_autorace_2020/traffic_right/materials/textures
[32.026s] -- Installing: /home/will/metr4202_ws/src/install/turtlebot3_gazebo/share/turtlebot3_gazebo//models/turtlebot3_autorace_2020/traffic_right/materials/textures/traffic_right.png
[32.027s] -- Installing: /home/will/metr4202_ws/src/install/turtlebot3_gazebo/share/turtlebot3_gazebo//models/turtlebot3_autorace_2020/traffic_noentry
[32.027s] -- Installing: /home/will/metr4202_ws/src/install/turtlebot3_gazebo/share/turtlebot3_gazebo//models/turtlebot3_autorace_2020/traffic_noentry/model.sdf
[32.027s] -- Installing: /home/will/metr4202_ws/src/install/turtlebot3_gazebo/share/turtlebot3_gazebo//models/turtlebot3_autorace_2020/traffic_noentry/model.config
[32.027s] -- Installing: /home/will/metr4202_ws/src/install/turtlebot3_gazebo/share/turtlebot3_gazebo//models/turtlebot3_autorace_2020/traffic_noentry/materials
[32.028s] -- Installing: /home/will/metr4202_ws/src/install/turtlebot3_gazebo/share/turtlebot3_gazebo//models/turtlebot3_autorace_2020/traffic_noentry/materials/scripts
[32.028s] -- Installing: /home/will/metr4202_ws/src/install/turtlebot3_gazebo/share/turtlebot3_gazebo//models/turtlebot3_autorace_2020/traffic_noentry/materials/scripts/traffic_noentry.material
[32.028s] -- Installing: /home/will/metr4202_ws/src/install/turtlebot3_gazebo/share/turtlebot3_gazebo//models/turtlebot3_autorace_2020/traffic_noentry/materials/textures
[32.028s] -- Installing: /home/will/metr4202_ws/src/install/turtlebot3_gazebo/share/turtlebot3_gazebo//models/turtlebot3_autorace_2020/traffic_noentry/materials/textures/traffic_noentry.png
[32.029s] -- Installing: /home/will/metr4202_ws/src/install/turtlebot3_gazebo/share/turtlebot3_gazebo//models/turtlebot3_autorace_2020/traffic_left
[32.029s] -- Installing: /home/will/metr4202_ws/src/install/turtlebot3_gazebo/share/turtlebot3_gazebo//models/turtlebot3_autorace_2020/traffic_left/model.sdf
[32.029s] -- Installing: /home/will/metr4202_ws/src/install/turtlebot3_gazebo/share/turtlebot3_gazebo//models/turtlebot3_autorace_2020/traffic_left/model.config
[32.029s] -- Installing: /home/will/metr4202_ws/src/install/turtlebot3_gazebo/share/turtlebot3_gazebo//models/turtlebot3_autorace_2020/traffic_left/materials
[32.029s] -- Installing: /home/will/metr4202_ws/src/install/turtlebot3_gazebo/share/turtlebot3_gazebo//models/turtlebot3_autorace_2020/traffic_left/materials/scripts
[32.030s] -- Installing: /home/will/metr4202_ws/src/install/turtlebot3_gazebo/share/turtlebot3_gazebo//models/turtlebot3_autorace_2020/traffic_left/materials/scripts/traffic_is_left.material
[32.030s] -- Installing: /home/will/metr4202_ws/src/install/turtlebot3_gazebo/share/turtlebot3_gazebo//models/turtlebot3_autorace_2020/traffic_left/materials/textures
[32.030s] -- Installing: /home/will/metr4202_ws/src/install/turtlebot3_gazebo/share/turtlebot3_gazebo//models/turtlebot3_autorace_2020/traffic_left/materials/textures/traffic_left.png
[32.031s] -- Installing: /home/will/metr4202_ws/src/install/turtlebot3_gazebo/share/turtlebot3_gazebo//models/turtlebot3_autorace_2020/traffic_pl_left
[32.031s] -- Installing: /home/will/metr4202_ws/src/install/turtlebot3_gazebo/share/turtlebot3_gazebo//models/turtlebot3_autorace_2020/traffic_pl_left/model.sdf
[32.031s] -- Installing: /home/will/metr4202_ws/src/install/turtlebot3_gazebo/share/turtlebot3_gazebo//models/turtlebot3_autorace_2020/traffic_pl_left/model.config
[32.031s] -- Installing: /home/will/metr4202_ws/src/install/turtlebot3_gazebo/share/turtlebot3_gazebo//models/turtlebot3_autorace_2020/traffic_pl_left/materials
[32.032s] -- Installing: /home/will/metr4202_ws/src/install/turtlebot3_gazebo/share/turtlebot3_gazebo//models/turtlebot3_autorace_2020/traffic_pl_left/materials/scripts
[32.032s] -- Installing: /home/will/metr4202_ws/src/install/turtlebot3_gazebo/share/turtlebot3_gazebo//models/turtlebot3_autorace_2020/traffic_pl_left/materials/scripts/traffic_pl_left.material
[32.032s] -- Installing: /home/will/metr4202_ws/src/install/turtlebot3_gazebo/share/turtlebot3_gazebo//models/turtlebot3_autorace_2020/traffic_pl_left/materials/textures
[32.032s] -- Installing: /home/will/metr4202_ws/src/install/turtlebot3_gazebo/share/turtlebot3_gazebo//models/turtlebot3_autorace_2020/traffic_pl_left/materials/textures/traffic_pl_left.png
[32.033s] -- Installing: /home/will/metr4202_ws/src/install/turtlebot3_gazebo/share/turtlebot3_gazebo//models/turtlebot3_autorace_2020/traffic_tunnel
[32.033s] -- Installing: /home/will/metr4202_ws/src/install/turtlebot3_gazebo/share/turtlebot3_gazebo//models/turtlebot3_autorace_2020/traffic_tunnel/model.sdf
[32.033s] -- Installing: /home/will/metr4202_ws/src/install/turtlebot3_gazebo/share/turtlebot3_gazebo//models/turtlebot3_autorace_2020/traffic_tunnel/model.config
[32.033s] -- Installing: /home/will/metr4202_ws/src/install/turtlebot3_gazebo/share/turtlebot3_gazebo//models/turtlebot3_autorace_2020/traffic_tunnel/materials
[32.034s] -- Installing: /home/will/metr4202_ws/src/install/turtlebot3_gazebo/share/turtlebot3_gazebo//models/turtlebot3_autorace_2020/traffic_tunnel/materials/scripts
[32.034s] -- Installing: /home/will/metr4202_ws/src/install/turtlebot3_gazebo/share/turtlebot3_gazebo//models/turtlebot3_autorace_2020/traffic_tunnel/materials/scripts/tunnel.material
[32.034s] -- Installing: /home/will/metr4202_ws/src/install/turtlebot3_gazebo/share/turtlebot3_gazebo//models/turtlebot3_autorace_2020/traffic_tunnel/materials/textures
[32.034s] -- Installing: /home/will/metr4202_ws/src/install/turtlebot3_gazebo/share/turtlebot3_gazebo//models/turtlebot3_autorace_2020/traffic_tunnel/materials/textures/tunnel.png
[32.035s] -- Installing: /home/will/metr4202_ws/src/install/turtlebot3_gazebo/share/turtlebot3_gazebo//models/turtlebot3_autorace_2020/traffic_parking
[32.035s] -- Installing: /home/will/metr4202_ws/src/install/turtlebot3_gazebo/share/turtlebot3_gazebo//models/turtlebot3_autorace_2020/traffic_parking/model.sdf
[32.035s] -- Installing: /home/will/metr4202_ws/src/install/turtlebot3_gazebo/share/turtlebot3_gazebo//models/turtlebot3_autorace_2020/traffic_parking/model.config
[32.035s] -- Installing: /home/will/metr4202_ws/src/install/turtlebot3_gazebo/share/turtlebot3_gazebo//models/turtlebot3_autorace_2020/traffic_parking/materials
[32.036s] -- Installing: /home/will/metr4202_ws/src/install/turtlebot3_gazebo/share/turtlebot3_gazebo//models/turtlebot3_autorace_2020/traffic_parking/materials/scripts
[32.036s] -- Installing: /home/will/metr4202_ws/src/install/turtlebot3_gazebo/share/turtlebot3_gazebo//models/turtlebot3_autorace_2020/traffic_parking/materials/scripts/traffic_parking.material
[32.036s] -- Installing: /home/will/metr4202_ws/src/install/turtlebot3_gazebo/share/turtlebot3_gazebo//models/turtlebot3_autorace_2020/traffic_parking/materials/textures
[32.037s] -- Installing: /home/will/metr4202_ws/src/install/turtlebot3_gazebo/share/turtlebot3_gazebo//models/turtlebot3_autorace_2020/traffic_parking/materials/textures/traffic_parking.png
[32.037s] -- Installing: /home/will/metr4202_ws/src/install/turtlebot3_gazebo/share/turtlebot3_gazebo//models/turtlebot3_autorace_2020/traffic_stop
[32.037s] -- Installing: /home/will/metr4202_ws/src/install/turtlebot3_gazebo/share/turtlebot3_gazebo//models/turtlebot3_autorace_2020/traffic_stop/model.sdf
[32.037s] -- Installing: /home/will/metr4202_ws/src/install/turtlebot3_gazebo/share/turtlebot3_gazebo//models/turtlebot3_autorace_2020/traffic_stop/model.config
[32.038s] -- Installing: /home/will/metr4202_ws/src/install/turtlebot3_gazebo/share/turtlebot3_gazebo//models/turtlebot3_autorace_2020/traffic_stop/materials
[32.038s] -- Installing: /home/will/metr4202_ws/src/install/turtlebot3_gazebo/share/turtlebot3_gazebo//models/turtlebot3_autorace_2020/traffic_stop/materials/scripts
[32.038s] -- Installing: /home/will/metr4202_ws/src/install/turtlebot3_gazebo/share/turtlebot3_gazebo//models/turtlebot3_autorace_2020/traffic_stop/materials/scripts/traffic_stop.material
[32.038s] -- Installing: /home/will/metr4202_ws/src/install/turtlebot3_gazebo/share/turtlebot3_gazebo//models/turtlebot3_autorace_2020/traffic_stop/materials/textures
[32.038s] -- Installing: /home/will/metr4202_ws/src/install/turtlebot3_gazebo/share/turtlebot3_gazebo//models/turtlebot3_autorace_2020/traffic_stop/materials/textures/traffic_stop.png
[32.039s] -- Installing: /home/will/metr4202_ws/src/install/turtlebot3_gazebo/share/turtlebot3_gazebo//models/turtlebot3_autorace_2020/traffic_light
[32.039s] -- Installing: /home/will/metr4202_ws/src/install/turtlebot3_gazebo/share/turtlebot3_gazebo//models/turtlebot3_autorace_2020/traffic_light/model.sdf
[32.039s] -- Installing: /home/will/metr4202_ws/src/install/turtlebot3_gazebo/share/turtlebot3_gazebo//models/turtlebot3_autorace_2020/traffic_light/model.config
[32.039s] -- Installing: /home/will/metr4202_ws/src/install/turtlebot3_gazebo/share/turtlebot3_gazebo//models/turtlebot3_autorace_2020/traffic_light/materials
[32.040s] -- Installing: /home/will/metr4202_ws/src/install/turtlebot3_gazebo/share/turtlebot3_gazebo//models/turtlebot3_autorace_2020/traffic_light/materials/scripts
[32.040s] -- Installing: /home/will/metr4202_ws/src/install/turtlebot3_gazebo/share/turtlebot3_gazebo//models/turtlebot3_autorace_2020/traffic_light/materials/scripts/traffic_light.material
[32.040s] -- Installing: /home/will/metr4202_ws/src/install/turtlebot3_gazebo/share/turtlebot3_gazebo//models/turtlebot3_autorace_2020/traffic_light/materials/textures
[32.040s] -- Installing: /home/will/metr4202_ws/src/install/turtlebot3_gazebo/share/turtlebot3_gazebo//models/turtlebot3_autorace_2020/traffic_light/materials/textures/traffic_light.png
[32.041s] -- Installing: /home/will/metr4202_ws/src/install/turtlebot3_gazebo/share/turtlebot3_gazebo//models/turtlebot3_autorace_2020/traffic_light/materials/textures/traffic_light_green.png
[32.041s] -- Installing: /home/will/metr4202_ws/src/install/turtlebot3_gazebo/share/turtlebot3_gazebo//models/turtlebot3_autorace_2020/traffic_light/materials/textures/traffic_light_yellow.png
[32.041s] -- Installing: /home/will/metr4202_ws/src/install/turtlebot3_gazebo/share/turtlebot3_gazebo//models/turtlebot3_autorace_2020/traffic_light/materials/textures/traffic_light_red.png
[32.041s] -- Installing: /home/will/metr4202_ws/src/install/turtlebot3_gazebo/share/turtlebot3_gazebo//models/turtlebot3_autorace_2020/traffic_intersection
[32.042s] -- Installing: /home/will/metr4202_ws/src/install/turtlebot3_gazebo/share/turtlebot3_gazebo//models/turtlebot3_autorace_2020/traffic_intersection/model.sdf
[32.042s] -- Installing: /home/will/metr4202_ws/src/install/turtlebot3_gazebo/share/turtlebot3_gazebo//models/turtlebot3_autorace_2020/traffic_intersection/model.config
[32.042s] -- Installing: /home/will/metr4202_ws/src/install/turtlebot3_gazebo/share/turtlebot3_gazebo//models/turtlebot3_autorace_2020/traffic_intersection/materials
[32.042s] -- Installing: /home/will/metr4202_ws/src/install/turtlebot3_gazebo/share/turtlebot3_gazebo//models/turtlebot3_autorace_2020/traffic_intersection/materials/scripts
[32.043s] -- Installing: /home/will/metr4202_ws/src/install/turtlebot3_gazebo/share/turtlebot3_gazebo//models/turtlebot3_autorace_2020/traffic_intersection/materials/scripts/traffic_intersection.material
[32.043s] -- Installing: /home/will/metr4202_ws/src/install/turtlebot3_gazebo/share/turtlebot3_gazebo//models/turtlebot3_autorace_2020/traffic_intersection/materials/textures
[32.043s] -- Installing: /home/will/metr4202_ws/src/install/turtlebot3_gazebo/share/turtlebot3_gazebo//models/turtlebot3_autorace_2020/traffic_intersection/materials/textures/traffic_intersection.png
[32.044s] -- Installing: /home/will/metr4202_ws/src/install/turtlebot3_gazebo/share/turtlebot3_gazebo//models/turtlebot3_autorace_2020/checker
[32.044s] -- Installing: /home/will/metr4202_ws/src/install/turtlebot3_gazebo/share/turtlebot3_gazebo//models/turtlebot3_autorace_2020/checker/model.sdf
[32.044s] -- Installing: /home/will/metr4202_ws/src/install/turtlebot3_gazebo/share/turtlebot3_gazebo//models/turtlebot3_autorace_2020/checker/model.config
[32.044s] -- Installing: /home/will/metr4202_ws/src/install/turtlebot3_gazebo/share/turtlebot3_gazebo//models/turtlebot3_autorace_2020/checker/materials
[32.045s] -- Installing: /home/will/metr4202_ws/src/install/turtlebot3_gazebo/share/turtlebot3_gazebo//models/turtlebot3_autorace_2020/checker/materials/checker.png
[32.045s] -- Installing: /home/will/metr4202_ws/src/install/turtlebot3_gazebo/share/turtlebot3_gazebo//models/turtlebot3_autorace_2020/checker/materials/scripts
[32.045s] -- Installing: /home/will/metr4202_ws/src/install/turtlebot3_gazebo/share/turtlebot3_gazebo//models/turtlebot3_autorace_2020/checker/materials/scripts/checker.material
[32.045s] -- Installing: /home/will/metr4202_ws/src/install/turtlebot3_gazebo/share/turtlebot3_gazebo//models/turtlebot3_autorace_2020/checker/materials/textures
[32.045s] -- Installing: /home/will/metr4202_ws/src/install/turtlebot3_gazebo/share/turtlebot3_gazebo//models/turtlebot3_autorace_2020/checker/materials/textures/checker.png
[32.046s] -- Installing: /home/will/metr4202_ws/src/install/turtlebot3_gazebo/share/turtlebot3_gazebo//models/turtlebot3_common
[32.046s] -- Installing: /home/will/metr4202_ws/src/install/turtlebot3_gazebo/share/turtlebot3_gazebo//models/turtlebot3_common/model.config
[32.046s] -- Installing: /home/will/metr4202_ws/src/install/turtlebot3_gazebo/share/turtlebot3_gazebo//models/turtlebot3_common/meshes
[32.047s] -- Installing: /home/will/metr4202_ws/src/install/turtlebot3_gazebo/share/turtlebot3_gazebo//models/turtlebot3_common/meshes/waffle_pi_base.dae
[32.047s] -- Installing: /home/will/metr4202_ws/src/install/turtlebot3_gazebo/share/turtlebot3_gazebo//models/turtlebot3_common/meshes/lds.dae
[32.047s] -- Installing: /home/will/metr4202_ws/src/install/turtlebot3_gazebo/share/turtlebot3_gazebo//models/turtlebot3_common/meshes/waffle_base.dae
[32.047s] -- Installing: /home/will/metr4202_ws/src/install/turtlebot3_gazebo/share/turtlebot3_gazebo//models/turtlebot3_common/meshes/bases
[32.048s] -- Installing: /home/will/metr4202_ws/src/install/turtlebot3_gazebo/share/turtlebot3_gazebo//models/turtlebot3_common/meshes/bases/waffle_pi_base.stl
[32.055s] -- Installing: /home/will/metr4202_ws/src/install/turtlebot3_gazebo/share/turtlebot3_gazebo//models/turtlebot3_common/meshes/bases/burger_base.stl
[32.060s] -- Installing: /home/will/metr4202_ws/src/install/turtlebot3_gazebo/share/turtlebot3_gazebo//models/turtlebot3_common/meshes/bases/waffle_base.stl
[32.073s] -- Installing: /home/will/metr4202_ws/src/install/turtlebot3_gazebo/share/turtlebot3_gazebo//models/turtlebot3_common/meshes/tire.dae
[32.073s] -- Installing: /home/will/metr4202_ws/src/install/turtlebot3_gazebo/share/turtlebot3_gazebo//models/turtlebot3_common/meshes/wheels
[32.073s] -- Installing: /home/will/metr4202_ws/src/install/turtlebot3_gazebo/share/turtlebot3_gazebo//models/turtlebot3_common/meshes/wheels/left_tire.stl
[32.075s] -- Installing: /home/will/metr4202_ws/src/install/turtlebot3_gazebo/share/turtlebot3_gazebo//models/turtlebot3_common/meshes/wheels/right_tire.stl
[32.076s] -- Installing: /home/will/metr4202_ws/src/install/turtlebot3_gazebo/share/turtlebot3_gazebo//models/turtlebot3_common/meshes/burger_base.dae
[32.077s] -- Installing: /home/will/metr4202_ws/src/install/turtlebot3_gazebo/share/turtlebot3_gazebo//models/turtlebot3_common/meshes/sensors
[32.077s] -- Installing: /home/will/metr4202_ws/src/install/turtlebot3_gazebo/share/turtlebot3_gazebo//models/turtlebot3_common/meshes/sensors/astra.jpg
[32.077s] -- Installing: /home/will/metr4202_ws/src/install/turtlebot3_gazebo/share/turtlebot3_gazebo//models/turtlebot3_common/meshes/sensors/lds.stl
[32.079s] -- Installing: /home/will/metr4202_ws/src/install/turtlebot3_gazebo/share/turtlebot3_gazebo//models/turtlebot3_common/meshes/sensors/astra.dae
[32.088s] -- Installing: /home/will/metr4202_ws/src/install/turtlebot3_gazebo/share/turtlebot3_gazebo//models/turtlebot3_common/meshes/sensors/r200.jpg
[32.088s] -- Installing: /home/will/metr4202_ws/src/install/turtlebot3_gazebo/share/turtlebot3_gazebo//models/turtlebot3_common/meshes/sensors/r200.dae
[32.089s] -- Installing: /home/will/metr4202_ws/src/install/turtlebot3_gazebo/share/turtlebot3_gazebo//models/turtlebot3_common/meshes/r200.dae
[32.089s] -- Installing: /home/will/metr4202_ws/src/install/turtlebot3_gazebo/share/turtlebot3_gazebo//models/turtlebot3_waffle
[32.090s] -- Installing: /home/will/metr4202_ws/src/install/turtlebot3_gazebo/share/turtlebot3_gazebo//models/turtlebot3_waffle/model.sdf
[32.090s] -- Installing: /home/will/metr4202_ws/src/install/turtlebot3_gazebo/share/turtlebot3_gazebo//models/turtlebot3_waffle/model.config
[32.090s] -- Installing: /home/will/metr4202_ws/src/install/turtlebot3_gazebo/share/turtlebot3_gazebo//models/turtlebot3_waffle/model-1_4.sdf
[32.090s] -- Installing: /home/will/metr4202_ws/src/install/turtlebot3_gazebo/share/turtlebot3_gazebo//models/turtlebot3_burger_cam
[32.091s] -- Installing: /home/will/metr4202_ws/src/install/turtlebot3_gazebo/share/turtlebot3_gazebo//models/turtlebot3_burger_cam/model.sdf
[32.091s] -- Installing: /home/will/metr4202_ws/src/install/turtlebot3_gazebo/share/turtlebot3_gazebo//models/turtlebot3_burger_cam/model.config
[32.091s] -- Installing: /home/will/metr4202_ws/src/install/turtlebot3_gazebo/share/turtlebot3_gazebo//models/turtlebot3_burger_cam/model-1_4.sdf
[32.091s] -- Installing: /home/will/metr4202_ws/src/install/turtlebot3_gazebo/share/turtlebot3_gazebo//models/turtlebot3_world
[32.092s] -- Installing: /home/will/metr4202_ws/src/install/turtlebot3_gazebo/share/turtlebot3_gazebo//models/turtlebot3_world/model.sdf
[32.092s] -- Installing: /home/will/metr4202_ws/src/install/turtlebot3_gazebo/share/turtlebot3_gazebo//models/turtlebot3_world/model.config
[32.092s] -- Installing: /home/will/metr4202_ws/src/install/turtlebot3_gazebo/share/turtlebot3_gazebo//models/turtlebot3_world/model-1_4.sdf
[32.092s] -- Installing: /home/will/metr4202_ws/src/install/turtlebot3_gazebo/share/turtlebot3_gazebo//models/turtlebot3_world/meshes
[32.093s] -- Installing: /home/will/metr4202_ws/src/install/turtlebot3_gazebo/share/turtlebot3_gazebo//models/turtlebot3_world/meshes/hexagon.dae
[32.093s] -- Installing: /home/will/metr4202_ws/src/install/turtlebot3_gazebo/share/turtlebot3_gazebo//models/turtlebot3_world/meshes/wall.dae
[32.093s] -- Installing: /home/will/metr4202_ws/src/install/turtlebot3_gazebo/share/turtlebot3_gazebo//models/turtlebot3_house
[32.093s] -- Installing: /home/will/metr4202_ws/src/install/turtlebot3_gazebo/share/turtlebot3_gazebo//models/turtlebot3_house/model.sdf
[32.094s] -- Installing: /home/will/metr4202_ws/src/install/turtlebot3_gazebo/share/turtlebot3_gazebo//models/turtlebot3_house/model.config
[32.094s] -- Installing: /home/will/metr4202_ws/src/install/turtlebot3_gazebo/share/turtlebot3_gazebo//models/turtlebot3_burger
[32.094s] -- Installing: /home/will/metr4202_ws/src/install/turtlebot3_gazebo/share/turtlebot3_gazebo//models/turtlebot3_burger/model.sdf
[32.095s] -- Installing: /home/will/metr4202_ws/src/install/turtlebot3_gazebo/share/turtlebot3_gazebo//models/turtlebot3_burger/model.config
[32.095s] -- Installing: /home/will/metr4202_ws/src/install/turtlebot3_gazebo/share/turtlebot3_gazebo//models/turtlebot3_burger/model-1_4.sdf
[32.095s] -- Installing: /home/will/metr4202_ws/src/install/turtlebot3_gazebo/share/turtlebot3_gazebo//models/turtlebot3_dqn_world
[32.095s] -- Installing: /home/will/metr4202_ws/src/install/turtlebot3_gazebo/share/turtlebot3_gazebo//models/turtlebot3_dqn_world/model.sdf
[32.096s] -- Installing: /home/will/metr4202_ws/src/install/turtlebot3_gazebo/share/turtlebot3_gazebo//models/turtlebot3_dqn_world/model.config
[32.096s] -- Installing: /home/will/metr4202_ws/src/install/turtlebot3_gazebo/share/turtlebot3_gazebo//models/turtlebot3_dqn_world/inner_walls
[32.096s] -- Installing: /home/will/metr4202_ws/src/install/turtlebot3_gazebo/share/turtlebot3_gazebo//models/turtlebot3_dqn_world/inner_walls/model.sdf
[32.096s] -- Installing: /home/will/metr4202_ws/src/install/turtlebot3_gazebo/share/turtlebot3_gazebo//models/turtlebot3_dqn_world/inner_walls/model.config
[32.097s] -- Installing: /home/will/metr4202_ws/src/install/turtlebot3_gazebo/share/turtlebot3_gazebo//models/turtlebot3_dqn_world/goal_box
[32.097s] -- Installing: /home/will/metr4202_ws/src/install/turtlebot3_gazebo/share/turtlebot3_gazebo//models/turtlebot3_dqn_world/goal_box/model.sdf
[32.097s] -- Installing: /home/will/metr4202_ws/src/install/turtlebot3_gazebo/share/turtlebot3_gazebo//models/turtlebot3_dqn_world/goal_box/model.config
[32.098s] -- Installing: /home/will/metr4202_ws/src/install/turtlebot3_gazebo/share/turtlebot3_gazebo//models/turtlebot3_dqn_world/obstacle1
[32.098s] -- Installing: /home/will/metr4202_ws/src/install/turtlebot3_gazebo/share/turtlebot3_gazebo//models/turtlebot3_dqn_world/obstacle1/model.sdf
[32.098s] -- Installing: /home/will/metr4202_ws/src/install/turtlebot3_gazebo/share/turtlebot3_gazebo//models/turtlebot3_dqn_world/obstacle1/model.config
[32.098s] -- Installing: /home/will/metr4202_ws/src/install/turtlebot3_gazebo/share/turtlebot3_gazebo//models/turtlebot3_dqn_world/obstacle2
[32.098s] -- Installing: /home/will/metr4202_ws/src/install/turtlebot3_gazebo/share/turtlebot3_gazebo//models/turtlebot3_dqn_world/obstacle2/model.sdf
[32.099s] -- Installing: /home/will/metr4202_ws/src/install/turtlebot3_gazebo/share/turtlebot3_gazebo//models/turtlebot3_dqn_world/obstacle2/model.config
[32.099s] -- Installing: /home/will/metr4202_ws/src/install/turtlebot3_gazebo/share/turtlebot3_gazebo//models/turtlebot3_dqn_world/obstacles
[32.099s] -- Installing: /home/will/metr4202_ws/src/install/turtlebot3_gazebo/share/turtlebot3_gazebo//models/turtlebot3_dqn_world/obstacles/model.sdf
[32.099s] -- Installing: /home/will/metr4202_ws/src/install/turtlebot3_gazebo/share/turtlebot3_gazebo//models/turtlebot3_dqn_world/obstacles/model.config
[32.100s] -- Installing: /home/will/metr4202_ws/src/install/turtlebot3_gazebo/share/turtlebot3_gazebo//models/turtlebot3_waffle_pi
[32.100s] -- Installing: /home/will/metr4202_ws/src/install/turtlebot3_gazebo/share/turtlebot3_gazebo//models/turtlebot3_waffle_pi/model.sdf
[32.100s] -- Installing: /home/will/metr4202_ws/src/install/turtlebot3_gazebo/share/turtlebot3_gazebo//models/turtlebot3_waffle_pi/model-1_4_.sdf
[32.100s] -- Installing: /home/will/metr4202_ws/src/install/turtlebot3_gazebo/share/turtlebot3_gazebo//models/turtlebot3_waffle_pi/model.config
[32.100s] -- Installing: /home/will/metr4202_ws/src/install/turtlebot3_gazebo/share/turtlebot3_gazebo//rviz
[32.101s] -- Installing: /home/will/metr4202_ws/src/install/turtlebot3_gazebo/share/turtlebot3_gazebo//rviz/tb3_gazebo.rviz
[32.101s] -- Installing: /home/will/metr4202_ws/src/install/turtlebot3_gazebo/share/turtlebot3_gazebo//urdf
[32.101s] -- Installing: /home/will/metr4202_ws/src/install/turtlebot3_gazebo/share/turtlebot3_gazebo//urdf/turtlebot3_waffle_pi.urdf
[32.101s] -- Installing: /home/will/metr4202_ws/src/install/turtlebot3_gazebo/share/turtlebot3_gazebo//urdf/turtlebot3_burger.urdf
[32.102s] -- Installing: /home/will/metr4202_ws/src/install/turtlebot3_gazebo/share/turtlebot3_gazebo//urdf/turtlebot3_burger_cam.urdf
[32.102s] -- Installing: /home/will/metr4202_ws/src/install/turtlebot3_gazebo/share/turtlebot3_gazebo//urdf/common_properties.urdf
[32.102s] -- Installing: /home/will/metr4202_ws/src/install/turtlebot3_gazebo/share/turtlebot3_gazebo//urdf/turtlebot3_waffle.urdf
[32.102s] -- Installing: /home/will/metr4202_ws/src/install/turtlebot3_gazebo/share/turtlebot3_gazebo//worlds
[32.102s] -- Installing: /home/will/metr4202_ws/src/install/turtlebot3_gazebo/share/turtlebot3_gazebo//worlds/turtlebot3_autorace_2020.world
[32.103s] -- Installing: /home/will/metr4202_ws/src/install/turtlebot3_gazebo/share/turtlebot3_gazebo//worlds/turtlebot3_dqn_stage4.world
[32.103s] -- Installing: /home/will/metr4202_ws/src/install/turtlebot3_gazebo/share/turtlebot3_gazebo//worlds/turtlebot3_dqn_stage1.world
[32.103s] -- Installing: /home/will/metr4202_ws/src/install/turtlebot3_gazebo/share/turtlebot3_gazebo//worlds/turtlebot3_house.world
[32.104s] -- Installing: /home/will/metr4202_ws/src/install/turtlebot3_gazebo/share/turtlebot3_gazebo//worlds/turtlebot3_dqn_stage3.world
[32.104s] -- Installing: /home/will/metr4202_ws/src/install/turtlebot3_gazebo/share/turtlebot3_gazebo//worlds/turtlebot3_dqn_stage2.world
[32.104s] -- Installing: /home/will/metr4202_ws/src/install/turtlebot3_gazebo/share/turtlebot3_gazebo//worlds/empty_world.world
[32.104s] -- Installing: /home/will/metr4202_ws/src/install/turtlebot3_gazebo/share/turtlebot3_gazebo//worlds/turtlebot3_world.world
[32.104s] -- Installing: /home/will/metr4202_ws/src/install/turtlebot3_gazebo/include/
[32.104s] -- Installing: /home/will/metr4202_ws/src/install/turtlebot3_gazebo/include//turtlebot3_gazebo
[32.105s] -- Installing: /home/will/metr4202_ws/src/install/turtlebot3_gazebo/include//turtlebot3_gazebo/traffic_bar_plugin.hpp
[32.105s] -- Installing: /home/will/metr4202_ws/src/install/turtlebot3_gazebo/include//turtlebot3_gazebo/obstacle1.hpp
[32.105s] -- Installing: /home/will/metr4202_ws/src/install/turtlebot3_gazebo/include//turtlebot3_gazebo/obstacles.hpp
[32.105s] -- Installing: /home/will/metr4202_ws/src/install/turtlebot3_gazebo/include//turtlebot3_gazebo/obstacle2.hpp
[32.105s] -- Installing: /home/will/metr4202_ws/src/install/turtlebot3_gazebo/include//turtlebot3_gazebo/traffic_light_plugin.hpp
[32.105s] -- Installing: /home/will/metr4202_ws/src/install/turtlebot3_gazebo/include//turtlebot3_gazebo/turtlebot3_drive.hpp
[32.105s] -- Installing: /home/will/metr4202_ws/src/install/turtlebot3_gazebo/share/ament_index/resource_index/package_run_dependencies/turtlebot3_gazebo
[32.105s] -- Installing: /home/will/metr4202_ws/src/install/turtlebot3_gazebo/share/ament_index/resource_index/parent_prefix_path/turtlebot3_gazebo
[32.106s] -- Installing: /home/will/metr4202_ws/src/install/turtlebot3_gazebo/share/turtlebot3_gazebo/environment/ament_prefix_path.sh
[32.106s] -- Installing: /home/will/metr4202_ws/src/install/turtlebot3_gazebo/share/turtlebot3_gazebo/environment/ament_prefix_path.dsv
[32.106s] -- Installing: /home/will/metr4202_ws/src/install/turtlebot3_gazebo/share/turtlebot3_gazebo/environment/path.sh
[32.106s] -- Installing: /home/will/metr4202_ws/src/install/turtlebot3_gazebo/share/turtlebot3_gazebo/environment/path.dsv
[32.106s] -- Installing: /home/will/metr4202_ws/src/install/turtlebot3_gazebo/share/turtlebot3_gazebo/local_setup.bash
[32.106s] -- Installing: /home/will/metr4202_ws/src/install/turtlebot3_gazebo/share/turtlebot3_gazebo/local_setup.sh
[32.106s] -- Installing: /home/will/metr4202_ws/src/install/turtlebot3_gazebo/share/turtlebot3_gazebo/local_setup.zsh
[32.106s] -- Installing: /home/will/metr4202_ws/src/install/turtlebot3_gazebo/share/turtlebot3_gazebo/local_setup.dsv
[32.106s] -- Installing: /home/will/metr4202_ws/src/install/turtlebot3_gazebo/share/turtlebot3_gazebo/package.dsv
[32.106s] -- Installing: /home/will/metr4202_ws/src/install/turtlebot3_gazebo/share/ament_index/resource_index/packages/turtlebot3_gazebo
[32.106s] -- Installing: /home/will/metr4202_ws/src/install/turtlebot3_gazebo/share/turtlebot3_gazebo/cmake/ament_cmake_export_include_directories-extras.cmake
[32.107s] -- Installing: /home/will/metr4202_ws/src/install/turtlebot3_gazebo/share/turtlebot3_gazebo/cmake/ament_cmake_export_dependencies-extras.cmake
[32.107s] -- Installing: /home/will/metr4202_ws/src/install/turtlebot3_gazebo/share/turtlebot3_gazebo/cmake/turtlebot3_gazeboConfig.cmake
[32.107s] -- Installing: /home/will/metr4202_ws/src/install/turtlebot3_gazebo/share/turtlebot3_gazebo/cmake/turtlebot3_gazeboConfig-version.cmake
[32.107s] -- Installing: /home/will/metr4202_ws/src/install/turtlebot3_gazebo/share/turtlebot3_gazebo/package.xml
[32.109s] Invoked command in '/home/will/metr4202_ws/src/build/turtlebot3_gazebo' returned '0': CMAKE_PREFIX_PATH=${CMAKE_PREFIX_PATH}:/home/will/metr4202_ws/install/waypoint_commander:/home/will/metr4202_ws/install/turtlebot3_teleop:/home/will/metr4202_ws/install/turtlebot3_example:/home/will/metr4202_ws/install/m4202_py_pkg:/opt/ros/humble /usr/bin/cmake --install /home/will/metr4202_ws/src/build/turtlebot3_gazebo
