[0.191s] Invoking command in '/home/will/metr4202_ws/src/build/turtlebot3_fake_node': AMENT_PREFIX_PATH=/home/will/metr4202_ws/src/install/turtlebot3_msgs:${AMENT_PREFIX_PATH} CMAKE_PREFIX_PATH=/home/will/metr4202_ws/src/install/turtlebot3_msgs:/home/will/metr4202_ws/install/turtlebot3:/home/will/metr4202_ws/install/turtlebot3_simulations:/home/will/metr4202_ws/install/turtlebot3_bringup:/home/will/metr4202_ws/install/turtlebot3_node:/home/will/metr4202_ws/install/turtlebot3_navigation2:/home/will/metr4202_ws/install/turtlebot3_fake_node:/home/will/metr4202_ws/install/turtlebot3_msgs:/home/will/metr4202_ws/install/turtlebot3_manipulation_gazebo:/home/will/metr4202_ws/install/turtlebot3_gazebo:/home/will/metr4202_ws/install/turtlebot3_description:/home/will/metr4202_ws/install/turtlebot3_cartographer:/home/will/metr4202_ws/install/dynamixel_sdk_examples:/home/will/metr4202_ws/install/dynamixel_sdk_custom_interfaces:/home/will/metr4202_ws/install/dynamixel_sdk:/home/will/metr4202_ws/install/waypoint_commander:/home/will/metr4202_ws/install/turtlebot3_teleop:/home/will/metr4202_ws/install/turtlebot3_example:/home/will/metr4202_ws/install/m4202_py_pkg:/opt/ros/humble LD_LIBRARY_PATH=/home/will/metr4202_ws/src/install/turtlebot3_msgs/lib:/home/will/metr4202_ws/install/turtlebot3_msgs/lib:/home/will/metr4202_ws/install/dynamixel_sdk_custom_interfaces/lib:/home/will/metr4202_ws/install/dynamixel_sdk/lib:/usr/lib/x86_64-linux-gnu/gazebo-11/plugins:/opt/ros/humble/opt/rviz_ogre_vendor/lib:/opt/ros/humble/lib/x86_64-linux-gnu:/opt/ros/humble/lib:/usr/lib/x86_64-linux-gnu/gazebo-11/plugins PYTHONPATH=/home/will/metr4202_ws/src/install/turtlebot3_msgs/local/lib/python3.10/dist-packages:${PYTHONPATH} /usr/bin/cmake /home/will/metr4202_ws/src/turtlebot3_simulations/turtlebot3_fake_node -DCMAKE_INSTALL_PREFIX=/home/will/metr4202_ws/src/install/turtlebot3_fake_node
[0.258s] -- The C compiler identification is GNU 11.4.0
[0.466s] -- The CXX compiler identification is GNU 11.4.0
[0.661s] -- Detecting C compiler ABI info
[0.744s] -- Detecting C compiler ABI info - done
[0.748s] -- Check for working C compiler: /usr/bin/cc - skipped
[0.749s] -- Detecting C compile features
[0.749s] -- Detecting C compile features - done
[0.751s] -- Detecting CXX compiler ABI info
[0.829s] -- Detecting CXX compiler ABI info - done
[0.833s] -- Check for working CXX compiler: /usr/bin/c++ - skipped
[0.833s] -- Detecting CXX compile features
[0.834s] -- Detecting CXX compile features - done
[0.836s] -- Found ament_cmake: 1.3.12 (/opt/ros/humble/share/ament_cmake/cmake)
[0.941s] -- Found Python3: /usr/bin/python3 (found version "3.10.12") found components: Interpreter 
[1.011s] -- Found geometry_msgs: 4.9.0 (/opt/ros/humble/share/geometry_msgs/cmake)
[1.105s] -- Found rosidl_generator_c: 3.1.7 (/opt/ros/humble/share/rosidl_generator_c/cmake)
[1.109s] -- Found rosidl_adapter: 3.1.7 (/opt/ros/humble/share/rosidl_adapter/cmake)
[1.116s] -- Found rosidl_generator_cpp: 3.1.7 (/opt/ros/humble/share/rosidl_generator_cpp/cmake)
[1.125s] -- Using all available rosidl_typesupport_c: rosidl_typesupport_fastrtps_c;rosidl_typesupport_introspection_c
[1.137s] -- Using all available rosidl_typesupport_cpp: rosidl_typesupport_fastrtps_cpp;rosidl_typesupport_introspection_cpp
[1.164s] -- Found nav_msgs: 4.9.0 (/opt/ros/humble/share/nav_msgs/cmake)
[1.180s] -- Found rclcpp: 16.0.15 (/opt/ros/humble/share/rclcpp/cmake)
[1.209s] -- Found rmw_implementation_cmake: 6.1.2 (/opt/ros/humble/share/rmw_implementation_cmake/cmake)
[1.211s] -- Found rmw_fastrtps_cpp: 6.2.8 (/opt/ros/humble/share/rmw_fastrtps_cpp/cmake)
[1.852s] -- Found OpenSSL: /usr/lib/x86_64-linux-gnu/libcrypto.so (found version "3.0.2")  
[2.646s] -- Found FastRTPS: /opt/ros/humble/include  
[3.973s] -- Using RMW implementation 'rmw_fastrtps_cpp' as default
[3.979s] -- Looking for pthread.h
[4.054s] -- Looking for pthread.h - found
[4.054s] -- Performing Test CMAKE_HAVE_LIBC_PTHREAD
[4.132s] -- Performing Test CMAKE_HAVE_LIBC_PTHREAD - Success
[4.133s] -- Found Threads: TRUE  
[4.160s] -- Found sensor_msgs: 4.9.0 (/opt/ros/humble/share/sensor_msgs/cmake)
[4.173s] -- Found tf2: 0.25.16 (/opt/ros/humble/share/tf2/cmake)
[4.180s] -- Found tf2_msgs: 0.25.16 (/opt/ros/humble/share/tf2_msgs/cmake)
[4.205s] -- Found turtlebot3_msgs: 2.4.0 (/home/will/metr4202_ws/src/install/turtlebot3_msgs/share/turtlebot3_msgs/cmake)
[4.298s] -- Configuring done
[4.310s] -- Generating done
[4.314s] -- Build files have been written to: /home/will/metr4202_ws/src/build/turtlebot3_fake_node
[4.327s] Invoked command in '/home/will/metr4202_ws/src/build/turtlebot3_fake_node' returned '0': AMENT_PREFIX_PATH=/home/will/metr4202_ws/src/install/turtlebot3_msgs:${AMENT_PREFIX_PATH} CMAKE_PREFIX_PATH=/home/will/metr4202_ws/src/install/turtlebot3_msgs:/home/will/metr4202_ws/install/turtlebot3:/home/will/metr4202_ws/install/turtlebot3_simulations:/home/will/metr4202_ws/install/turtlebot3_bringup:/home/will/metr4202_ws/install/turtlebot3_node:/home/will/metr4202_ws/install/turtlebot3_navigation2:/home/will/metr4202_ws/install/turtlebot3_fake_node:/home/will/metr4202_ws/install/turtlebot3_msgs:/home/will/metr4202_ws/install/turtlebot3_manipulation_gazebo:/home/will/metr4202_ws/install/turtlebot3_gazebo:/home/will/metr4202_ws/install/turtlebot3_description:/home/will/metr4202_ws/install/turtlebot3_cartographer:/home/will/metr4202_ws/install/dynamixel_sdk_examples:/home/will/metr4202_ws/install/dynamixel_sdk_custom_interfaces:/home/will/metr4202_ws/install/dynamixel_sdk:/home/will/metr4202_ws/install/waypoint_commander:/home/will/metr4202_ws/install/turtlebot3_teleop:/home/will/metr4202_ws/install/turtlebot3_example:/home/will/metr4202_ws/install/m4202_py_pkg:/opt/ros/humble LD_LIBRARY_PATH=/home/will/metr4202_ws/src/install/turtlebot3_msgs/lib:/home/will/metr4202_ws/install/turtlebot3_msgs/lib:/home/will/metr4202_ws/install/dynamixel_sdk_custom_interfaces/lib:/home/will/metr4202_ws/install/dynamixel_sdk/lib:/usr/lib/x86_64-linux-gnu/gazebo-11/plugins:/opt/ros/humble/opt/rviz_ogre_vendor/lib:/opt/ros/humble/lib/x86_64-linux-gnu:/opt/ros/humble/lib:/usr/lib/x86_64-linux-gnu/gazebo-11/plugins PYTHONPATH=/home/will/metr4202_ws/src/install/turtlebot3_msgs/local/lib/python3.10/dist-packages:${PYTHONPATH} /usr/bin/cmake /home/will/metr4202_ws/src/turtlebot3_simulations/turtlebot3_fake_node -DCMAKE_INSTALL_PREFIX=/home/will/metr4202_ws/src/install/turtlebot3_fake_node
[4.329s] Invoking command in '/home/will/metr4202_ws/src/build/turtlebot3_fake_node': AMENT_PREFIX_PATH=/home/will/metr4202_ws/src/install/turtlebot3_msgs:${AMENT_PREFIX_PATH} CMAKE_PREFIX_PATH=/home/will/metr4202_ws/src/install/turtlebot3_msgs:/home/will/metr4202_ws/install/turtlebot3:/home/will/metr4202_ws/install/turtlebot3_simulations:/home/will/metr4202_ws/install/turtlebot3_bringup:/home/will/metr4202_ws/install/turtlebot3_node:/home/will/metr4202_ws/install/turtlebot3_navigation2:/home/will/metr4202_ws/install/turtlebot3_fake_node:/home/will/metr4202_ws/install/turtlebot3_msgs:/home/will/metr4202_ws/install/turtlebot3_manipulation_gazebo:/home/will/metr4202_ws/install/turtlebot3_gazebo:/home/will/metr4202_ws/install/turtlebot3_description:/home/will/metr4202_ws/install/turtlebot3_cartographer:/home/will/metr4202_ws/install/dynamixel_sdk_examples:/home/will/metr4202_ws/install/dynamixel_sdk_custom_interfaces:/home/will/metr4202_ws/install/dynamixel_sdk:/home/will/metr4202_ws/install/waypoint_commander:/home/will/metr4202_ws/install/turtlebot3_teleop:/home/will/metr4202_ws/install/turtlebot3_example:/home/will/metr4202_ws/install/m4202_py_pkg:/opt/ros/humble LD_LIBRARY_PATH=/home/will/metr4202_ws/src/install/turtlebot3_msgs/lib:/home/will/metr4202_ws/install/turtlebot3_msgs/lib:/home/will/metr4202_ws/install/dynamixel_sdk_custom_interfaces/lib:/home/will/metr4202_ws/install/dynamixel_sdk/lib:/usr/lib/x86_64-linux-gnu/gazebo-11/plugins:/opt/ros/humble/opt/rviz_ogre_vendor/lib:/opt/ros/humble/lib/x86_64-linux-gnu:/opt/ros/humble/lib:/usr/lib/x86_64-linux-gnu/gazebo-11/plugins PYTHONPATH=/home/will/metr4202_ws/src/install/turtlebot3_msgs/local/lib/python3.10/dist-packages:${PYTHONPATH} /usr/bin/cmake --build /home/will/metr4202_ws/src/build/turtlebot3_fake_node -- -j20 -l20
[4.377s] [ 50%] [32mBuilding CXX object CMakeFiles/turtlebot3_fake_node.dir/src/turtlebot3_fake_node.cpp.o[0m
[12.042s] [100%] [32m[1mLinking CXX executable turtlebot3_fake_node[0m
[12.395s] [100%] Built target turtlebot3_fake_node
[12.402s] Invoked command in '/home/will/metr4202_ws/src/build/turtlebot3_fake_node' returned '0': AMENT_PREFIX_PATH=/home/will/metr4202_ws/src/install/turtlebot3_msgs:${AMENT_PREFIX_PATH} CMAKE_PREFIX_PATH=/home/will/metr4202_ws/src/install/turtlebot3_msgs:/home/will/metr4202_ws/install/turtlebot3:/home/will/metr4202_ws/install/turtlebot3_simulations:/home/will/metr4202_ws/install/turtlebot3_bringup:/home/will/metr4202_ws/install/turtlebot3_node:/home/will/metr4202_ws/install/turtlebot3_navigation2:/home/will/metr4202_ws/install/turtlebot3_fake_node:/home/will/metr4202_ws/install/turtlebot3_msgs:/home/will/metr4202_ws/install/turtlebot3_manipulation_gazebo:/home/will/metr4202_ws/install/turtlebot3_gazebo:/home/will/metr4202_ws/install/turtlebot3_description:/home/will/metr4202_ws/install/turtlebot3_cartographer:/home/will/metr4202_ws/install/dynamixel_sdk_examples:/home/will/metr4202_ws/install/dynamixel_sdk_custom_interfaces:/home/will/metr4202_ws/install/dynamixel_sdk:/home/will/metr4202_ws/install/waypoint_commander:/home/will/metr4202_ws/install/turtlebot3_teleop:/home/will/metr4202_ws/install/turtlebot3_example:/home/will/metr4202_ws/install/m4202_py_pkg:/opt/ros/humble LD_LIBRARY_PATH=/home/will/metr4202_ws/src/install/turtlebot3_msgs/lib:/home/will/metr4202_ws/install/turtlebot3_msgs/lib:/home/will/metr4202_ws/install/dynamixel_sdk_custom_interfaces/lib:/home/will/metr4202_ws/install/dynamixel_sdk/lib:/usr/lib/x86_64-linux-gnu/gazebo-11/plugins:/opt/ros/humble/opt/rviz_ogre_vendor/lib:/opt/ros/humble/lib/x86_64-linux-gnu:/opt/ros/humble/lib:/usr/lib/x86_64-linux-gnu/gazebo-11/plugins PYTHONPATH=/home/will/metr4202_ws/src/install/turtlebot3_msgs/local/lib/python3.10/dist-packages:${PYTHONPATH} /usr/bin/cmake --build /home/will/metr4202_ws/src/build/turtlebot3_fake_node -- -j20 -l20
[12.403s] Invoking command in '/home/will/metr4202_ws/src/build/turtlebot3_fake_node': AMENT_PREFIX_PATH=/home/will/metr4202_ws/src/install/turtlebot3_msgs:${AMENT_PREFIX_PATH} CMAKE_PREFIX_PATH=/home/will/metr4202_ws/src/install/turtlebot3_msgs:/home/will/metr4202_ws/install/turtlebot3:/home/will/metr4202_ws/install/turtlebot3_simulations:/home/will/metr4202_ws/install/turtlebot3_bringup:/home/will/metr4202_ws/install/turtlebot3_node:/home/will/metr4202_ws/install/turtlebot3_navigation2:/home/will/metr4202_ws/install/turtlebot3_fake_node:/home/will/metr4202_ws/install/turtlebot3_msgs:/home/will/metr4202_ws/install/turtlebot3_manipulation_gazebo:/home/will/metr4202_ws/install/turtlebot3_gazebo:/home/will/metr4202_ws/install/turtlebot3_description:/home/will/metr4202_ws/install/turtlebot3_cartographer:/home/will/metr4202_ws/install/dynamixel_sdk_examples:/home/will/metr4202_ws/install/dynamixel_sdk_custom_interfaces:/home/will/metr4202_ws/install/dynamixel_sdk:/home/will/metr4202_ws/install/waypoint_commander:/home/will/metr4202_ws/install/turtlebot3_teleop:/home/will/metr4202_ws/install/turtlebot3_example:/home/will/metr4202_ws/install/m4202_py_pkg:/opt/ros/humble LD_LIBRARY_PATH=/home/will/metr4202_ws/src/install/turtlebot3_msgs/lib:/home/will/metr4202_ws/install/turtlebot3_msgs/lib:/home/will/metr4202_ws/install/dynamixel_sdk_custom_interfaces/lib:/home/will/metr4202_ws/install/dynamixel_sdk/lib:/usr/lib/x86_64-linux-gnu/gazebo-11/plugins:/opt/ros/humble/opt/rviz_ogre_vendor/lib:/opt/ros/humble/lib/x86_64-linux-gnu:/opt/ros/humble/lib:/usr/lib/x86_64-linux-gnu/gazebo-11/plugins PYTHONPATH=/home/will/metr4202_ws/src/install/turtlebot3_msgs/local/lib/python3.10/dist-packages:${PYTHONPATH} /usr/bin/cmake --install /home/will/metr4202_ws/src/build/turtlebot3_fake_node
[12.407s] -- Install configuration: ""
[12.408s] -- Installing: /home/will/metr4202_ws/src/install/turtlebot3_fake_node/lib/turtlebot3_fake_node/turtlebot3_fake_node
[12.410s] -- Set runtime path of "/home/will/metr4202_ws/src/install/turtlebot3_fake_node/lib/turtlebot3_fake_node/turtlebot3_fake_node" to ""
[12.411s] -- Installing: /home/will/metr4202_ws/src/install/turtlebot3_fake_node/share/turtlebot3_fake_node/launch
[12.411s] -- Installing: /home/will/metr4202_ws/src/install/turtlebot3_fake_node/share/turtlebot3_fake_node/launch/turtlebot3_fake_node.launch.py
[12.411s] -- Installing: /home/will/metr4202_ws/src/install/turtlebot3_fake_node/share/turtlebot3_fake_node/launch/rviz2.launch.py
[12.411s] -- Installing: /home/will/metr4202_ws/src/install/turtlebot3_fake_node/share/turtlebot3_fake_node/param
[12.412s] -- Installing: /home/will/metr4202_ws/src/install/turtlebot3_fake_node/share/turtlebot3_fake_node/param/waffle_pi.yaml
[12.412s] -- Installing: /home/will/metr4202_ws/src/install/turtlebot3_fake_node/share/turtlebot3_fake_node/param/waffle.yaml
[12.412s] -- Installing: /home/will/metr4202_ws/src/install/turtlebot3_fake_node/share/turtlebot3_fake_node/param/burger.yaml
[12.413s] -- Installing: /home/will/metr4202_ws/src/install/turtlebot3_fake_node/include/
[12.413s] -- Installing: /home/will/metr4202_ws/src/install/turtlebot3_fake_node/include//turtlebot3_fake_node
[12.413s] -- Installing: /home/will/metr4202_ws/src/install/turtlebot3_fake_node/include//turtlebot3_fake_node/turtlebot3_fake_node.hpp
[12.413s] -- Installing: /home/will/metr4202_ws/src/install/turtlebot3_fake_node/share/ament_index/resource_index/package_run_dependencies/turtlebot3_fake_node
[12.413s] -- Installing: /home/will/metr4202_ws/src/install/turtlebot3_fake_node/share/ament_index/resource_index/parent_prefix_path/turtlebot3_fake_node
[12.413s] -- Installing: /home/will/metr4202_ws/src/install/turtlebot3_fake_node/share/turtlebot3_fake_node/environment/ament_prefix_path.sh
[12.414s] -- Installing: /home/will/metr4202_ws/src/install/turtlebot3_fake_node/share/turtlebot3_fake_node/environment/ament_prefix_path.dsv
[12.414s] -- Installing: /home/will/metr4202_ws/src/install/turtlebot3_fake_node/share/turtlebot3_fake_node/environment/path.sh
[12.414s] -- Installing: /home/will/metr4202_ws/src/install/turtlebot3_fake_node/share/turtlebot3_fake_node/environment/path.dsv
[12.414s] -- Installing: /home/will/metr4202_ws/src/install/turtlebot3_fake_node/share/turtlebot3_fake_node/local_setup.bash
[12.414s] -- Installing: /home/will/metr4202_ws/src/install/turtlebot3_fake_node/share/turtlebot3_fake_node/local_setup.sh
[12.414s] -- Installing: /home/will/metr4202_ws/src/install/turtlebot3_fake_node/share/turtlebot3_fake_node/local_setup.zsh
[12.414s] -- Installing: /home/will/metr4202_ws/src/install/turtlebot3_fake_node/share/turtlebot3_fake_node/local_setup.dsv
[12.414s] -- Installing: /home/will/metr4202_ws/src/install/turtlebot3_fake_node/share/turtlebot3_fake_node/package.dsv
[12.414s] -- Installing: /home/will/metr4202_ws/src/install/turtlebot3_fake_node/share/ament_index/resource_index/packages/turtlebot3_fake_node
[12.414s] -- Installing: /home/will/metr4202_ws/src/install/turtlebot3_fake_node/share/turtlebot3_fake_node/cmake/ament_cmake_export_include_directories-extras.cmake
[12.414s] -- Installing: /home/will/metr4202_ws/src/install/turtlebot3_fake_node/share/turtlebot3_fake_node/cmake/ament_cmake_export_dependencies-extras.cmake
[12.415s] -- Installing: /home/will/metr4202_ws/src/install/turtlebot3_fake_node/share/turtlebot3_fake_node/cmake/turtlebot3_fake_nodeConfig.cmake
[12.415s] -- Installing: /home/will/metr4202_ws/src/install/turtlebot3_fake_node/share/turtlebot3_fake_node/cmake/turtlebot3_fake_nodeConfig-version.cmake
[12.415s] -- Installing: /home/will/metr4202_ws/src/install/turtlebot3_fake_node/share/turtlebot3_fake_node/package.xml
[12.417s] Invoked command in '/home/will/metr4202_ws/src/build/turtlebot3_fake_node' returned '0': AMENT_PREFIX_PATH=/home/will/metr4202_ws/src/install/turtlebot3_msgs:${AMENT_PREFIX_PATH} CMAKE_PREFIX_PATH=/home/will/metr4202_ws/src/install/turtlebot3_msgs:/home/will/metr4202_ws/install/turtlebot3:/home/will/metr4202_ws/install/turtlebot3_simulations:/home/will/metr4202_ws/install/turtlebot3_bringup:/home/will/metr4202_ws/install/turtlebot3_node:/home/will/metr4202_ws/install/turtlebot3_navigation2:/home/will/metr4202_ws/install/turtlebot3_fake_node:/home/will/metr4202_ws/install/turtlebot3_msgs:/home/will/metr4202_ws/install/turtlebot3_manipulation_gazebo:/home/will/metr4202_ws/install/turtlebot3_gazebo:/home/will/metr4202_ws/install/turtlebot3_description:/home/will/metr4202_ws/install/turtlebot3_cartographer:/home/will/metr4202_ws/install/dynamixel_sdk_examples:/home/will/metr4202_ws/install/dynamixel_sdk_custom_interfaces:/home/will/metr4202_ws/install/dynamixel_sdk:/home/will/metr4202_ws/install/waypoint_commander:/home/will/metr4202_ws/install/turtlebot3_teleop:/home/will/metr4202_ws/install/turtlebot3_example:/home/will/metr4202_ws/install/m4202_py_pkg:/opt/ros/humble LD_LIBRARY_PATH=/home/will/metr4202_ws/src/install/turtlebot3_msgs/lib:/home/will/metr4202_ws/install/turtlebot3_msgs/lib:/home/will/metr4202_ws/install/dynamixel_sdk_custom_interfaces/lib:/home/will/metr4202_ws/install/dynamixel_sdk/lib:/usr/lib/x86_64-linux-gnu/gazebo-11/plugins:/opt/ros/humble/opt/rviz_ogre_vendor/lib:/opt/ros/humble/lib/x86_64-linux-gnu:/opt/ros/humble/lib:/usr/lib/x86_64-linux-gnu/gazebo-11/plugins PYTHONPATH=/home/will/metr4202_ws/src/install/turtlebot3_msgs/local/lib/python3.10/dist-packages:${PYTHONPATH} /usr/bin/cmake --install /home/will/metr4202_ws/src/build/turtlebot3_fake_node
