[0.151s] DEBUG:colcon:Command line arguments: ['/usr/bin/colcon', 'build', '--symlink-install', '--packages-select', 'waypoint_commander']
[0.151s] DEBUG:colcon:Parsed command line arguments: Namespace(log_base=None, log_level=None, verb_name='build', build_base='build', install_base='install', merge_install=False, symlink_install=True, test_result_base=None, continue_on_error=False, executor='parallel', parallel_workers=20, event_handlers=None, ignore_user_meta=False, metas=['./colcon.meta'], base_paths=['.'], packages_ignore=None, packages_ignore_regex=None, paths=None, packages_up_to=None, packages_up_to_regex=None, packages_above=None, packages_above_and_dependencies=None, packages_above_depth=None, packages_select_by_dep=None, packages_skip_by_dep=None, packages_skip_up_to=None, packages_select_build_failed=False, packages_skip_build_finished=False, packages_select_test_failures=False, packages_skip_test_passed=False, packages_select=['waypoint_commander'], packages_skip=None, packages_select_regex=None, packages_skip_regex=None, packages_start=None, packages_end=None, allow_overriding=[], cmake_args=None, cmake_target=None, cmake_target_skip_unavailable=False, cmake_clean_cache=False, cmake_clean_first=False, cmake_force_configure=False, ament_cmake_args=None, catkin_cmake_args=None, catkin_skip_building_tests=False, mixin_files=None, mixin=None, verb_parser=<colcon_mixin.mixin.mixin_argument.MixinArgumentDecorator object at 0x721946a3f580>, verb_extension=<colcon_core.verb.build.BuildVerb object at 0x721946bf5330>, main=<bound method BuildVerb.main of <colcon_core.verb.build.BuildVerb object at 0x721946bf5330>>, mixin_verb=('build',))
[0.312s] Level 1:colcon.colcon_core.package_discovery:discover_packages(colcon_meta) check parameters
[0.312s] Level 1:colcon.colcon_core.package_discovery:discover_packages(recursive) check parameters
[0.312s] Level 1:colcon.colcon_core.package_discovery:discover_packages(ignore) check parameters
[0.312s] Level 1:colcon.colcon_core.package_discovery:discover_packages(path) check parameters
[0.312s] Level 1:colcon.colcon_core.package_discovery:discover_packages(colcon_meta) discover
[0.312s] Level 1:colcon.colcon_core.package_discovery:discover_packages(recursive) discover
[0.313s] INFO:colcon.colcon_core.package_discovery:Crawling recursively for packages in '/home/will/metr4202_ws/src/waypoint_commander'
[0.313s] Level 1:colcon.colcon_core.package_identification:_identify(.) by extensions ['ignore', 'ignore_ament_install']
[0.313s] Level 1:colcon.colcon_core.package_identification:_identify(.) by extension 'ignore'
[0.313s] Level 1:colcon.colcon_core.package_identification:_identify(.) by extension 'ignore_ament_install'
[0.313s] Level 1:colcon.colcon_core.package_identification:_identify(.) by extensions ['colcon_pkg']
[0.313s] Level 1:colcon.colcon_core.package_identification:_identify(.) by extension 'colcon_pkg'
[0.313s] Level 1:colcon.colcon_core.package_identification:_identify(.) by extensions ['colcon_meta']
[0.313s] Level 1:colcon.colcon_core.package_identification:_identify(.) by extension 'colcon_meta'
[0.313s] Level 1:colcon.colcon_core.package_identification:_identify(.) by extensions ['ros']
[0.313s] Level 1:colcon.colcon_core.package_identification:_identify(.) by extension 'ros'
[0.323s] DEBUG:colcon.colcon_core.package_identification:Package '.' with type 'ros.ament_python' and name 'waypoint_commander'
[0.323s] Level 1:colcon.colcon_core.package_discovery:discover_packages(recursive) using defaults
[0.323s] Level 1:colcon.colcon_core.package_discovery:discover_packages(ignore) discover
[0.323s] Level 1:colcon.colcon_core.package_discovery:discover_packages(ignore) using defaults
[0.323s] Level 1:colcon.colcon_core.package_discovery:discover_packages(path) discover
[0.323s] Level 1:colcon.colcon_core.package_discovery:discover_packages(path) using defaults
[0.347s] Level 1:colcon.colcon_core.package_discovery:discover_packages(prefix_path) check parameters
[0.347s] Level 1:colcon.colcon_core.package_discovery:discover_packages(prefix_path) discover
[0.352s] DEBUG:colcon.colcon_installed_package_information.package_discovery:Found 17 installed packages in /home/will/metr4202_ws/install
[0.353s] DEBUG:colcon.colcon_installed_package_information.package_discovery:Found 363 installed packages in /opt/ros/humble
[0.354s] Level 1:colcon.colcon_core.package_discovery:discover_packages(prefix_path) using defaults
[0.383s] Level 5:colcon.colcon_core.verb:set package 'waypoint_commander' build argument 'cmake_args' from command line to 'None'
[0.383s] Level 5:colcon.colcon_core.verb:set package 'waypoint_commander' build argument 'cmake_target' from command line to 'None'
[0.383s] Level 5:colcon.colcon_core.verb:set package 'waypoint_commander' build argument 'cmake_target_skip_unavailable' from command line to 'False'
[0.383s] Level 5:colcon.colcon_core.verb:set package 'waypoint_commander' build argument 'cmake_clean_cache' from command line to 'False'
[0.383s] Level 5:colcon.colcon_core.verb:set package 'waypoint_commander' build argument 'cmake_clean_first' from command line to 'False'
[0.383s] Level 5:colcon.colcon_core.verb:set package 'waypoint_commander' build argument 'cmake_force_configure' from command line to 'False'
[0.383s] Level 5:colcon.colcon_core.verb:set package 'waypoint_commander' build argument 'ament_cmake_args' from command line to 'None'
[0.383s] Level 5:colcon.colcon_core.verb:set package 'waypoint_commander' build argument 'catkin_cmake_args' from command line to 'None'
[0.383s] Level 5:colcon.colcon_core.verb:set package 'waypoint_commander' build argument 'catkin_skip_building_tests' from command line to 'False'
[0.383s] DEBUG:colcon.colcon_core.verb:Building package 'waypoint_commander' with the following arguments: {'ament_cmake_args': None, 'build_base': '/home/will/metr4202_ws/src/waypoint_commander/build/waypoint_commander', 'catkin_cmake_args': None, 'catkin_skip_building_tests': False, 'cmake_args': None, 'cmake_clean_cache': False, 'cmake_clean_first': False, 'cmake_force_configure': False, 'cmake_target': None, 'cmake_target_skip_unavailable': False, 'install_base': '/home/will/metr4202_ws/src/waypoint_commander/install/waypoint_commander', 'merge_install': False, 'path': '/home/will/metr4202_ws/src/waypoint_commander', 'symlink_install': True, 'test_result_base': None}
[0.383s] INFO:colcon.colcon_core.executor:Executing jobs using 'parallel' executor
[0.384s] DEBUG:colcon.colcon_parallel_executor.executor.parallel:run_until_complete
[0.384s] INFO:colcon.colcon_ros.task.ament_python.build:Building ROS package in '/home/will/metr4202_ws/src/waypoint_commander' with build type 'ament_python'
[0.384s] Level 1:colcon.colcon_core.shell:create_environment_hook('waypoint_commander', 'ament_prefix_path')
[0.389s] INFO:colcon.colcon_core.plugin_system:Skipping extension 'colcon_core.shell.bat': Not used on non-Windows systems
[0.389s] INFO:colcon.colcon_core.shell:Creating environment hook '/home/will/metr4202_ws/src/waypoint_commander/install/waypoint_commander/share/waypoint_commander/hook/ament_prefix_path.ps1'
[0.390s] INFO:colcon.colcon_core.shell:Creating environment descriptor '/home/will/metr4202_ws/src/waypoint_commander/install/waypoint_commander/share/waypoint_commander/hook/ament_prefix_path.dsv'
[0.390s] INFO:colcon.colcon_core.shell:Creating environment hook '/home/will/metr4202_ws/src/waypoint_commander/install/waypoint_commander/share/waypoint_commander/hook/ament_prefix_path.sh'
[0.391s] INFO:colcon.colcon_core.shell:Skip shell extension 'powershell' for command environment: Not usable outside of PowerShell
[0.391s] DEBUG:colcon.colcon_core.shell:Skip shell extension 'dsv' for command environment
[0.534s] INFO:colcon.colcon_core.task.python.build:Building Python package in '/home/will/metr4202_ws/src/waypoint_commander'
[0.534s] INFO:colcon.colcon_core.shell:Skip shell extension 'powershell' for command environment: Not usable outside of PowerShell
[0.534s] DEBUG:colcon.colcon_core.shell:Skip shell extension 'dsv' for command environment
[0.831s] DEBUG:colcon.colcon_core.event_handler.log_command:Invoking command in '/home/will/metr4202_ws/src/waypoint_commander/build/waypoint_commander': PYTHONPATH=/home/will/metr4202_ws/src/waypoint_commander/build/waypoint_commander/prefix_override:/usr/lib/python3/dist-packages/colcon_core/task/python/colcon_distutils_commands:/home/will/metr4202_ws/src/waypoint_commander/install/waypoint_commander/lib/python3.10/site-packages:${PYTHONPATH} /usr/bin/python3 -W ignore:setup.py install is deprecated -W ignore:easy_install command is deprecated setup.py develop --editable --build-directory /home/will/metr4202_ws/src/waypoint_commander/build/waypoint_commander/build --no-deps symlink_data
[1.079s] Level 1:colcon.colcon_core.shell:create_environment_hook('waypoint_commander', 'pythonpath_develop')
[1.079s] INFO:colcon.colcon_core.shell:Creating environment hook '/home/will/metr4202_ws/src/waypoint_commander/build/waypoint_commander/share/waypoint_commander/hook/pythonpath_develop.ps1'
[1.080s] DEBUG:colcon.colcon_core.event_handler.log_command:Invoked command in '/home/will/metr4202_ws/src/waypoint_commander/build/waypoint_commander' returned '0': PYTHONPATH=/home/will/metr4202_ws/src/waypoint_commander/build/waypoint_commander/prefix_override:/usr/lib/python3/dist-packages/colcon_core/task/python/colcon_distutils_commands:/home/will/metr4202_ws/src/waypoint_commander/install/waypoint_commander/lib/python3.10/site-packages:${PYTHONPATH} /usr/bin/python3 -W ignore:setup.py install is deprecated -W ignore:easy_install command is deprecated setup.py develop --editable --build-directory /home/will/metr4202_ws/src/waypoint_commander/build/waypoint_commander/build --no-deps symlink_data
[1.081s] INFO:colcon.colcon_core.shell:Creating environment descriptor '/home/will/metr4202_ws/src/waypoint_commander/build/waypoint_commander/share/waypoint_commander/hook/pythonpath_develop.dsv'
[1.081s] INFO:colcon.colcon_core.shell:Creating environment hook '/home/will/metr4202_ws/src/waypoint_commander/build/waypoint_commander/share/waypoint_commander/hook/pythonpath_develop.sh'
[1.084s] Level 1:colcon.colcon_core.environment:checking '/home/will/metr4202_ws/src/waypoint_commander/install/waypoint_commander' for CMake module files
[1.084s] Level 1:colcon.colcon_core.environment:checking '/home/will/metr4202_ws/src/waypoint_commander/install/waypoint_commander' for CMake config files
[1.084s] Level 1:colcon.colcon_core.environment:checking '/home/will/metr4202_ws/src/waypoint_commander/install/waypoint_commander/lib'
[1.084s] Level 1:colcon.colcon_core.environment:checking '/home/will/metr4202_ws/src/waypoint_commander/install/waypoint_commander/bin'
[1.084s] Level 1:colcon.colcon_core.environment:checking '/home/will/metr4202_ws/src/waypoint_commander/install/waypoint_commander/lib/pkgconfig/waypoint_commander.pc'
[1.085s] Level 1:colcon.colcon_core.environment:checking '/home/will/metr4202_ws/src/waypoint_commander/install/waypoint_commander/lib/python3.10/site-packages'
[1.085s] Level 1:colcon.colcon_core.shell:create_environment_hook('waypoint_commander', 'pythonpath')
[1.085s] INFO:colcon.colcon_core.shell:Creating environment hook '/home/will/metr4202_ws/src/waypoint_commander/install/waypoint_commander/share/waypoint_commander/hook/pythonpath.ps1'
[1.085s] INFO:colcon.colcon_core.shell:Creating environment descriptor '/home/will/metr4202_ws/src/waypoint_commander/install/waypoint_commander/share/waypoint_commander/hook/pythonpath.dsv'
[1.085s] INFO:colcon.colcon_core.shell:Creating environment hook '/home/will/metr4202_ws/src/waypoint_commander/install/waypoint_commander/share/waypoint_commander/hook/pythonpath.sh'
[1.086s] Level 1:colcon.colcon_core.environment:checking '/home/will/metr4202_ws/src/waypoint_commander/install/waypoint_commander/bin'
[1.086s] Level 1:colcon.colcon_core.environment:create_environment_scripts_only(waypoint_commander)
[1.086s] INFO:colcon.colcon_core.shell:Creating package script '/home/will/metr4202_ws/src/waypoint_commander/install/waypoint_commander/share/waypoint_commander/package.ps1'
[1.086s] INFO:colcon.colcon_core.shell:Creating package descriptor '/home/will/metr4202_ws/src/waypoint_commander/install/waypoint_commander/share/waypoint_commander/package.dsv'
[1.087s] INFO:colcon.colcon_core.shell:Creating package script '/home/will/metr4202_ws/src/waypoint_commander/install/waypoint_commander/share/waypoint_commander/package.sh'
[1.087s] INFO:colcon.colcon_core.shell:Creating package script '/home/will/metr4202_ws/src/waypoint_commander/install/waypoint_commander/share/waypoint_commander/package.bash'
[1.088s] INFO:colcon.colcon_core.shell:Creating package script '/home/will/metr4202_ws/src/waypoint_commander/install/waypoint_commander/share/waypoint_commander/package.zsh'
[1.088s] Level 1:colcon.colcon_core.environment:create_file_with_runtime_dependencies(/home/will/metr4202_ws/src/waypoint_commander/install/waypoint_commander/share/colcon-core/packages/waypoint_commander)
[1.089s] DEBUG:colcon.colcon_parallel_executor.executor.parallel:closing loop
[1.089s] DEBUG:colcon.colcon_parallel_executor.executor.parallel:loop closed
[1.089s] DEBUG:colcon.colcon_parallel_executor.executor.parallel:run_until_complete finished with '0'
[1.089s] DEBUG:colcon.colcon_core.event_reactor:joining thread
[1.107s] INFO:colcon.colcon_core.plugin_system:Skipping extension 'colcon_notification.desktop_notification.notify_send': Could not find 'notify-send'
[1.107s] INFO:colcon.colcon_core.plugin_system:Skipping extension 'colcon_notification.desktop_notification.terminal_notifier': Not used on non-Darwin systems
[1.107s] INFO:colcon.colcon_core.plugin_system:Skipping extension 'colcon_notification.desktop_notification.win32': Not used on non-Windows systems
[1.107s] INFO:colcon.colcon_notification.desktop_notification:Sending desktop notification using 'notify2'
[1.107s] DEBUG:colcon.colcon_notification.desktop_notification.notify2:Failed to initialize notify2: org.freedesktop.DBus.Error.FileNotFound: Failed to connect to socket /run/user/1000/bus: No such file or directory
[1.107s] DEBUG:colcon.colcon_core.event_reactor:joined thread
[1.107s] INFO:colcon.colcon_core.shell:Creating prefix script '/home/will/metr4202_ws/src/waypoint_commander/install/local_setup.ps1'
[1.108s] INFO:colcon.colcon_core.shell:Creating prefix util module '/home/will/metr4202_ws/src/waypoint_commander/install/_local_setup_util_ps1.py'
[1.109s] INFO:colcon.colcon_core.shell:Creating prefix chain script '/home/will/metr4202_ws/src/waypoint_commander/install/setup.ps1'
[1.110s] INFO:colcon.colcon_core.shell:Creating prefix script '/home/will/metr4202_ws/src/waypoint_commander/install/local_setup.sh'
[1.110s] INFO:colcon.colcon_core.shell:Creating prefix util module '/home/will/metr4202_ws/src/waypoint_commander/install/_local_setup_util_sh.py'
[1.110s] INFO:colcon.colcon_core.shell:Creating prefix chain script '/home/will/metr4202_ws/src/waypoint_commander/install/setup.sh'
[1.111s] INFO:colcon.colcon_core.shell:Creating prefix script '/home/will/metr4202_ws/src/waypoint_commander/install/local_setup.bash'
[1.112s] INFO:colcon.colcon_core.shell:Creating prefix chain script '/home/will/metr4202_ws/src/waypoint_commander/install/setup.bash'
[1.113s] INFO:colcon.colcon_core.shell:Creating prefix script '/home/will/metr4202_ws/src/waypoint_commander/install/local_setup.zsh'
[1.113s] INFO:colcon.colcon_core.shell:Creating prefix chain script '/home/will/metr4202_ws/src/waypoint_commander/install/setup.zsh'
