[1.325s] Invoking command in '/home/will/metr4202_ws/src/aruco_detector': PYTHONPATH=/home/will/metr4202_ws/src/build/aruco_detector/prefix_override:/usr/lib/python3/dist-packages/colcon_core/task/python/colcon_distutils_commands:/home/will/metr4202_ws/src/install/aruco_detector/lib/python3.10/site-packages:${PYTHONPATH} /usr/bin/python3 -W ignore:setup.py install is deprecated -W ignore:easy_install command is deprecated setup.py egg_info --egg-base ../build/aruco_detector build --build-base /home/will/metr4202_ws/src/build/aruco_detector/build install --record /home/will/metr4202_ws/src/build/aruco_detector/install.log --single-version-externally-managed install_data
[1.519s] running egg_info
[1.520s] writing ../build/aruco_detector/aruco_detector.egg-info/PKG-INFO
[1.520s] writing dependency_links to ../build/aruco_detector/aruco_detector.egg-info/dependency_links.txt
[1.521s] writing entry points to ../build/aruco_detector/aruco_detector.egg-info/entry_points.txt
[1.521s] writing requirements to ../build/aruco_detector/aruco_detector.egg-info/requires.txt
[1.521s] writing top-level names to ../build/aruco_detector/aruco_detector.egg-info/top_level.txt
[1.523s] reading manifest file '../build/aruco_detector/aruco_detector.egg-info/SOURCES.txt'
[1.523s] writing manifest file '../build/aruco_detector/aruco_detector.egg-info/SOURCES.txt'
[1.524s] running build
[1.524s] running build_py
[1.525s] copying aruco_detector/aruco_detector.py -> /home/will/metr4202_ws/src/build/aruco_detector/build/lib/aruco_detector
[1.525s] running install
[1.525s] running install_lib
[1.526s] copying /home/will/metr4202_ws/src/build/aruco_detector/build/lib/aruco_detector/aruco_detector.py -> /home/will/metr4202_ws/src/install/aruco_detector/lib/python3.10/site-packages/aruco_detector
[1.526s] byte-compiling /home/will/metr4202_ws/src/install/aruco_detector/lib/python3.10/site-packages/aruco_detector/aruco_detector.py to aruco_detector.cpython-310.pyc
[1.528s] running install_data
[1.528s] running install_egg_info
[1.530s] removing '/home/will/metr4202_ws/src/install/aruco_detector/lib/python3.10/site-packages/aruco_detector-0.0.0-py3.10.egg-info' (and everything under it)
[1.530s] Copying ../build/aruco_detector/aruco_detector.egg-info to /home/will/metr4202_ws/src/install/aruco_detector/lib/python3.10/site-packages/aruco_detector-0.0.0-py3.10.egg-info
[1.531s] running install_scripts
[1.551s] Installing aruco_detector script to /home/will/metr4202_ws/src/install/aruco_detector/lib/aruco_detector
[1.552s] writing list of installed files to '/home/will/metr4202_ws/src/build/aruco_detector/install.log'
[1.586s] Invoked command in '/home/will/metr4202_ws/src/aruco_detector' returned '0': PYTHONPATH=/home/will/metr4202_ws/src/build/aruco_detector/prefix_override:/usr/lib/python3/dist-packages/colcon_core/task/python/colcon_distutils_commands:/home/will/metr4202_ws/src/install/aruco_detector/lib/python3.10/site-packages:${PYTHONPATH} /usr/bin/python3 -W ignore:setup.py install is deprecated -W ignore:easy_install command is deprecated setup.py egg_info --egg-base ../build/aruco_detector build --build-base /home/will/metr4202_ws/src/build/aruco_detector/build install --record /home/will/metr4202_ws/src/build/aruco_detector/install.log --single-version-externally-managed install_data
