[0.459s] Invoking command in '/home/will/metr4202_ws/src/turtlebot3/turtlebot3_example': AMENT_PREFIX_PATH=/home/will/metr4202_ws/src/install/turtlebot3_msgs:${AMENT_PREFIX_PATH} CMAKE_PREFIX_PATH=/home/will/metr4202_ws/src/install/turtlebot3_msgs:${CMAKE_PREFIX_PATH} LD_LIBRARY_PATH=/home/will/metr4202_ws/src/install/turtlebot3_msgs/lib:/home/will/metr4202_ws/install/turtlebot3_msgs/lib:/home/will/metr4202_ws/install/dynamixel_sdk_custom_interfaces/lib:/home/will/metr4202_ws/install/dynamixel_sdk/lib:/usr/lib/x86_64-linux-gnu/gazebo-11/plugins:/opt/ros/humble/opt/rviz_ogre_vendor/lib:/opt/ros/humble/lib/x86_64-linux-gnu:/opt/ros/humble/lib:/usr/lib/x86_64-linux-gnu/gazebo-11/plugins PYTHONPATH=/home/will/metr4202_ws/src/build/turtlebot3_example/prefix_override:/usr/lib/python3/dist-packages/colcon_core/task/python/colcon_distutils_commands:/home/will/metr4202_ws/src/install/turtlebot3_example/lib/python3.10/site-packages:/home/will/metr4202_ws/src/install/turtlebot3_msgs/local/lib/python3.10/dist-packages:${PYTHONPATH} /usr/bin/python3 -W ignore:setup.py install is deprecated -W ignore:easy_install command is deprecated setup.py egg_info --egg-base ../../build/turtlebot3_example build --build-base /home/will/metr4202_ws/src/build/turtlebot3_example/build install --record /home/will/metr4202_ws/src/build/turtlebot3_example/install.log --single-version-externally-managed install_data
[0.613s] running egg_info
[0.614s] creating ../../build/turtlebot3_example/turtlebot3_example.egg-info
[0.614s] writing ../../build/turtlebot3_example/turtlebot3_example.egg-info/PKG-INFO
[0.614s] writing dependency_links to ../../build/turtlebot3_example/turtlebot3_example.egg-info/dependency_links.txt
[0.614s] writing entry points to ../../build/turtlebot3_example/turtlebot3_example.egg-info/entry_points.txt
[0.614s] writing requirements to ../../build/turtlebot3_example/turtlebot3_example.egg-info/requires.txt
[0.614s] writing top-level names to ../../build/turtlebot3_example/turtlebot3_example.egg-info/top_level.txt
[0.614s] writing manifest file '../../build/turtlebot3_example/turtlebot3_example.egg-info/SOURCES.txt'
[0.616s] reading manifest file '../../build/turtlebot3_example/turtlebot3_example.egg-info/SOURCES.txt'
[0.616s] writing manifest file '../../build/turtlebot3_example/turtlebot3_example.egg-info/SOURCES.txt'
[0.616s] running build
[0.616s] running build_py
[0.616s] creating /home/will/metr4202_ws/src/build/turtlebot3_example/build
[0.616s] creating /home/will/metr4202_ws/src/build/turtlebot3_example/build/lib
[0.617s] creating /home/will/metr4202_ws/src/build/turtlebot3_example/build/lib/turtlebot3_example
[0.617s] copying turtlebot3_example/__init__.py -> /home/will/metr4202_ws/src/build/turtlebot3_example/build/lib/turtlebot3_example
[0.617s] creating /home/will/metr4202_ws/src/build/turtlebot3_example/build/lib/turtlebot3_example/turtlebot3_obstacle_detection
[0.617s] copying turtlebot3_example/turtlebot3_obstacle_detection/turtlebot3_obstacle_detection.py -> /home/will/metr4202_ws/src/build/turtlebot3_example/build/lib/turtlebot3_example/turtlebot3_obstacle_detection
[0.617s] copying turtlebot3_example/turtlebot3_obstacle_detection/__init__.py -> /home/will/metr4202_ws/src/build/turtlebot3_example/build/lib/turtlebot3_example/turtlebot3_obstacle_detection
[0.617s] creating /home/will/metr4202_ws/src/build/turtlebot3_example/build/lib/turtlebot3_example/turtlebot3_patrol
[0.617s] copying turtlebot3_example/turtlebot3_patrol/turtlebot3_patrol_client.py -> /home/will/metr4202_ws/src/build/turtlebot3_example/build/lib/turtlebot3_example/turtlebot3_patrol
[0.618s] copying turtlebot3_example/turtlebot3_patrol/turtlebot3_patrol_server.py -> /home/will/metr4202_ws/src/build/turtlebot3_example/build/lib/turtlebot3_example/turtlebot3_patrol
[0.618s] copying turtlebot3_example/turtlebot3_patrol/__init__.py -> /home/will/metr4202_ws/src/build/turtlebot3_example/build/lib/turtlebot3_example/turtlebot3_patrol
[0.618s] creating /home/will/metr4202_ws/src/build/turtlebot3_example/build/lib/turtlebot3_example/turtlebot3_interactive_marker
[0.618s] copying turtlebot3_example/turtlebot3_interactive_marker/turtlebot3_interactive_marker.py -> /home/will/metr4202_ws/src/build/turtlebot3_example/build/lib/turtlebot3_example/turtlebot3_interactive_marker
[0.619s] copying turtlebot3_example/turtlebot3_interactive_marker/__init__.py -> /home/will/metr4202_ws/src/build/turtlebot3_example/build/lib/turtlebot3_example/turtlebot3_interactive_marker
[0.619s] creating /home/will/metr4202_ws/src/build/turtlebot3_example/build/lib/turtlebot3_example/turtlebot3_relative_move
[0.619s] copying turtlebot3_example/turtlebot3_relative_move/turtlebot3_relative_move.py -> /home/will/metr4202_ws/src/build/turtlebot3_example/build/lib/turtlebot3_example/turtlebot3_relative_move
[0.619s] copying turtlebot3_example/turtlebot3_relative_move/__init__.py -> /home/will/metr4202_ws/src/build/turtlebot3_example/build/lib/turtlebot3_example/turtlebot3_relative_move
[0.619s] creating /home/will/metr4202_ws/src/build/turtlebot3_example/build/lib/turtlebot3_example/turtlebot3_absolute_move
[0.619s] copying turtlebot3_example/turtlebot3_absolute_move/turtlebot3_absolute_move.py -> /home/will/metr4202_ws/src/build/turtlebot3_example/build/lib/turtlebot3_example/turtlebot3_absolute_move
[0.620s] copying turtlebot3_example/turtlebot3_absolute_move/__init__.py -> /home/will/metr4202_ws/src/build/turtlebot3_example/build/lib/turtlebot3_example/turtlebot3_absolute_move
[0.620s] running install
[0.620s] running install_lib
[0.621s] creating /home/will/metr4202_ws/src/install/turtlebot3_example/lib/python3.10/site-packages/turtlebot3_example
[0.621s] creating /home/will/metr4202_ws/src/install/turtlebot3_example/lib/python3.10/site-packages/turtlebot3_example/turtlebot3_obstacle_detection
[0.621s] copying /home/will/metr4202_ws/src/build/turtlebot3_example/build/lib/turtlebot3_example/turtlebot3_obstacle_detection/turtlebot3_obstacle_detection.py -> /home/will/metr4202_ws/src/install/turtlebot3_example/lib/python3.10/site-packages/turtlebot3_example/turtlebot3_obstacle_detection
[0.621s] copying /home/will/metr4202_ws/src/build/turtlebot3_example/build/lib/turtlebot3_example/turtlebot3_obstacle_detection/__init__.py -> /home/will/metr4202_ws/src/install/turtlebot3_example/lib/python3.10/site-packages/turtlebot3_example/turtlebot3_obstacle_detection
[0.621s] creating /home/will/metr4202_ws/src/install/turtlebot3_example/lib/python3.10/site-packages/turtlebot3_example/turtlebot3_patrol
[0.622s] copying /home/will/metr4202_ws/src/build/turtlebot3_example/build/lib/turtlebot3_example/turtlebot3_patrol/turtlebot3_patrol_client.py -> /home/will/metr4202_ws/src/install/turtlebot3_example/lib/python3.10/site-packages/turtlebot3_example/turtlebot3_patrol
[0.622s] copying /home/will/metr4202_ws/src/build/turtlebot3_example/build/lib/turtlebot3_example/turtlebot3_patrol/turtlebot3_patrol_server.py -> /home/will/metr4202_ws/src/install/turtlebot3_example/lib/python3.10/site-packages/turtlebot3_example/turtlebot3_patrol
[0.622s] copying /home/will/metr4202_ws/src/build/turtlebot3_example/build/lib/turtlebot3_example/turtlebot3_patrol/__init__.py -> /home/will/metr4202_ws/src/install/turtlebot3_example/lib/python3.10/site-packages/turtlebot3_example/turtlebot3_patrol
[0.622s] creating /home/will/metr4202_ws/src/install/turtlebot3_example/lib/python3.10/site-packages/turtlebot3_example/turtlebot3_interactive_marker
[0.622s] copying /home/will/metr4202_ws/src/build/turtlebot3_example/build/lib/turtlebot3_example/turtlebot3_interactive_marker/turtlebot3_interactive_marker.py -> /home/will/metr4202_ws/src/install/turtlebot3_example/lib/python3.10/site-packages/turtlebot3_example/turtlebot3_interactive_marker
[0.622s] copying /home/will/metr4202_ws/src/build/turtlebot3_example/build/lib/turtlebot3_example/turtlebot3_interactive_marker/__init__.py -> /home/will/metr4202_ws/src/install/turtlebot3_example/lib/python3.10/site-packages/turtlebot3_example/turtlebot3_interactive_marker
[0.622s] creating /home/will/metr4202_ws/src/install/turtlebot3_example/lib/python3.10/site-packages/turtlebot3_example/turtlebot3_relative_move
[0.622s] copying /home/will/metr4202_ws/src/build/turtlebot3_example/build/lib/turtlebot3_example/turtlebot3_relative_move/turtlebot3_relative_move.py -> /home/will/metr4202_ws/src/install/turtlebot3_example/lib/python3.10/site-packages/turtlebot3_example/turtlebot3_relative_move
[0.622s] copying /home/will/metr4202_ws/src/build/turtlebot3_example/build/lib/turtlebot3_example/turtlebot3_relative_move/__init__.py -> /home/will/metr4202_ws/src/install/turtlebot3_example/lib/python3.10/site-packages/turtlebot3_example/turtlebot3_relative_move
[0.622s] creating /home/will/metr4202_ws/src/install/turtlebot3_example/lib/python3.10/site-packages/turtlebot3_example/turtlebot3_absolute_move
[0.622s] copying /home/will/metr4202_ws/src/build/turtlebot3_example/build/lib/turtlebot3_example/turtlebot3_absolute_move/turtlebot3_absolute_move.py -> /home/will/metr4202_ws/src/install/turtlebot3_example/lib/python3.10/site-packages/turtlebot3_example/turtlebot3_absolute_move
[0.622s] copying /home/will/metr4202_ws/src/build/turtlebot3_example/build/lib/turtlebot3_example/turtlebot3_absolute_move/__init__.py -> /home/will/metr4202_ws/src/install/turtlebot3_example/lib/python3.10/site-packages/turtlebot3_example/turtlebot3_absolute_move
[0.622s] copying /home/will/metr4202_ws/src/build/turtlebot3_example/build/lib/turtlebot3_example/__init__.py -> /home/will/metr4202_ws/src/install/turtlebot3_example/lib/python3.10/site-packages/turtlebot3_example
[0.623s] byte-compiling /home/will/metr4202_ws/src/install/turtlebot3_example/lib/python3.10/site-packages/turtlebot3_example/turtlebot3_obstacle_detection/turtlebot3_obstacle_detection.py to turtlebot3_obstacle_detection.cpython-310.pyc
[0.623s] byte-compiling /home/will/metr4202_ws/src/install/turtlebot3_example/lib/python3.10/site-packages/turtlebot3_example/turtlebot3_obstacle_detection/__init__.py to __init__.cpython-310.pyc
[0.623s] byte-compiling /home/will/metr4202_ws/src/install/turtlebot3_example/lib/python3.10/site-packages/turtlebot3_example/turtlebot3_patrol/turtlebot3_patrol_client.py to turtlebot3_patrol_client.cpython-310.pyc
[0.624s] byte-compiling /home/will/metr4202_ws/src/install/turtlebot3_example/lib/python3.10/site-packages/turtlebot3_example/turtlebot3_patrol/turtlebot3_patrol_server.py to turtlebot3_patrol_server.cpython-310.pyc
[0.625s] byte-compiling /home/will/metr4202_ws/src/install/turtlebot3_example/lib/python3.10/site-packages/turtlebot3_example/turtlebot3_patrol/__init__.py to __init__.cpython-310.pyc
[0.625s] byte-compiling /home/will/metr4202_ws/src/install/turtlebot3_example/lib/python3.10/site-packages/turtlebot3_example/turtlebot3_interactive_marker/turtlebot3_interactive_marker.py to turtlebot3_interactive_marker.cpython-310.pyc
[0.625s] byte-compiling /home/will/metr4202_ws/src/install/turtlebot3_example/lib/python3.10/site-packages/turtlebot3_example/turtlebot3_interactive_marker/__init__.py to __init__.cpython-310.pyc
[0.626s] byte-compiling /home/will/metr4202_ws/src/install/turtlebot3_example/lib/python3.10/site-packages/turtlebot3_example/turtlebot3_relative_move/turtlebot3_relative_move.py to turtlebot3_relative_move.cpython-310.pyc
[0.627s] byte-compiling /home/will/metr4202_ws/src/install/turtlebot3_example/lib/python3.10/site-packages/turtlebot3_example/turtlebot3_relative_move/__init__.py to __init__.cpython-310.pyc
[0.627s] byte-compiling /home/will/metr4202_ws/src/install/turtlebot3_example/lib/python3.10/site-packages/turtlebot3_example/turtlebot3_absolute_move/turtlebot3_absolute_move.py to turtlebot3_absolute_move.cpython-310.pyc
[0.628s] byte-compiling /home/will/metr4202_ws/src/install/turtlebot3_example/lib/python3.10/site-packages/turtlebot3_example/turtlebot3_absolute_move/__init__.py to __init__.cpython-310.pyc
[0.628s] byte-compiling /home/will/metr4202_ws/src/install/turtlebot3_example/lib/python3.10/site-packages/turtlebot3_example/__init__.py to __init__.cpython-310.pyc
[0.628s] running install_data
[0.628s] creating /home/will/metr4202_ws/src/install/turtlebot3_example/share/ament_index
[0.628s] creating /home/will/metr4202_ws/src/install/turtlebot3_example/share/ament_index/resource_index
[0.628s] creating /home/will/metr4202_ws/src/install/turtlebot3_example/share/ament_index/resource_index/packages
[0.628s] copying resource/turtlebot3_example -> /home/will/metr4202_ws/src/install/turtlebot3_example/share/ament_index/resource_index/packages
[0.628s] copying package.xml -> /home/will/metr4202_ws/src/install/turtlebot3_example/share/turtlebot3_example
[0.629s] running install_egg_info
[0.630s] Copying ../../build/turtlebot3_example/turtlebot3_example.egg-info to /home/will/metr4202_ws/src/install/turtlebot3_example/lib/python3.10/site-packages/turtlebot3_example-2.3.3-py3.10.egg-info
[0.630s] running install_scripts
[0.644s] Installing turtlebot3_absolute_move script to /home/will/metr4202_ws/src/install/turtlebot3_example/lib/turtlebot3_example
[0.644s] Installing turtlebot3_interactive_marker script to /home/will/metr4202_ws/src/install/turtlebot3_example/lib/turtlebot3_example
[0.644s] Installing turtlebot3_obstacle_detection script to /home/will/metr4202_ws/src/install/turtlebot3_example/lib/turtlebot3_example
[0.644s] Installing turtlebot3_patrol_client script to /home/will/metr4202_ws/src/install/turtlebot3_example/lib/turtlebot3_example
[0.645s] Installing turtlebot3_patrol_server script to /home/will/metr4202_ws/src/install/turtlebot3_example/lib/turtlebot3_example
[0.645s] Installing turtlebot3_relative_move script to /home/will/metr4202_ws/src/install/turtlebot3_example/lib/turtlebot3_example
[0.645s] writing list of installed files to '/home/will/metr4202_ws/src/build/turtlebot3_example/install.log'
[0.664s] Invoked command in '/home/will/metr4202_ws/src/turtlebot3/turtlebot3_example' returned '0': AMENT_PREFIX_PATH=/home/will/metr4202_ws/src/install/turtlebot3_msgs:${AMENT_PREFIX_PATH} CMAKE_PREFIX_PATH=/home/will/metr4202_ws/src/install/turtlebot3_msgs:${CMAKE_PREFIX_PATH} LD_LIBRARY_PATH=/home/will/metr4202_ws/src/install/turtlebot3_msgs/lib:/home/will/metr4202_ws/install/turtlebot3_msgs/lib:/home/will/metr4202_ws/install/dynamixel_sdk_custom_interfaces/lib:/home/will/metr4202_ws/install/dynamixel_sdk/lib:/usr/lib/x86_64-linux-gnu/gazebo-11/plugins:/opt/ros/humble/opt/rviz_ogre_vendor/lib:/opt/ros/humble/lib/x86_64-linux-gnu:/opt/ros/humble/lib:/usr/lib/x86_64-linux-gnu/gazebo-11/plugins PYTHONPATH=/home/will/metr4202_ws/src/build/turtlebot3_example/prefix_override:/usr/lib/python3/dist-packages/colcon_core/task/python/colcon_distutils_commands:/home/will/metr4202_ws/src/install/turtlebot3_example/lib/python3.10/site-packages:/home/will/metr4202_ws/src/install/turtlebot3_msgs/local/lib/python3.10/dist-packages:${PYTHONPATH} /usr/bin/python3 -W ignore:setup.py install is deprecated -W ignore:easy_install command is deprecated setup.py egg_info --egg-base ../../build/turtlebot3_example build --build-base /home/will/metr4202_ws/src/build/turtlebot3_example/build install --record /home/will/metr4202_ws/src/build/turtlebot3_example/install.log --single-version-externally-managed install_data
